Log file open, 03/26/15 07:11:05
LogInit:Display: Running engine for game: Nivel1
LogInit: Version: 4.7.3-2479750+++depot+UE4-Releases+4.7
LogInit: API Version: 2455222
LogInit: Compiled (64-bit): Mar 15 2015 23:20:45
LogInit: Compiled with Visual C++: 18.00.21005.01
LogInit: Build Configuration: Development
LogInit: Branch Name: ++depot+UE4-Releases+4.7
LogInit: Command line:  /Temp/Autosaves/Game/Maps/UEDPCnivel1 -game -PIEVIACONSOLE -ResX=1280 -ResY=720  -Multiprocess 
LogInit: Base directory: C:/Program Files/Epic Games/4.7/Engine/Binaries/Win64/
LogInit: Rocket: 1
[2015.03.26-13.11.05:402][  0]LogTaskGraph: Started task graph with 3 named threads and 4 total threads.
[2015.03.26-13.11.05:471][  0]LogOnline:Warning: No default platform service specified for OnlineSubsystem
[2015.03.26-13.11.05:530][  0]LogInit: Presizing for 0 objects not considered by GC, pre-allocating 0 bytes.
[2015.03.26-13.11.05:550][  0]LogInit: Object subsystem initialized
[2015.03.26-13.11.05:554][  0]LogConsoleResponse:Warning: Skipping Unknown console variable: 'UIScaleRule = ShortestSide'
[2015.03.26-13.11.05:554][  0]LogConsoleResponse:Warning:   Found in ini file 'C:/Users/luis_luevano/Documents/GitHub/DeadlyNightmare/Nivel1/Saved/Config/Windows/Engine.ini', in section '[/Script/Engine.RendererSettings]'
[2015.03.26-13.11.05:554][  0]LogConsoleResponse:Warning: Skipping Unknown console variable: 'UIScaleCurve = (EditorCurveData=(Keys=),ExternalCurve=None)'
[2015.03.26-13.11.05:554][  0]LogConsoleResponse:Warning:   Found in ini file 'C:/Users/luis_luevano/Documents/GitHub/DeadlyNightmare/Nivel1/Saved/Config/Windows/Engine.ini', in section '[/Script/Engine.RendererSettings]'
[2015.03.26-13.11.05:554][  0]LogConsoleManager:Warning: Console variable 'r.MSAA.CompositingSampleCount' wasn't set (Priority ProjectSetting < Scalability)
[2015.03.26-13.11.05:555][  0]LogInit: Selected Device Profile: [Windows]
[2015.03.26-13.11.05:555][  0]LogInit: Applying CVar settings loaded from the selected device profile: [Windows]
[2015.03.26-13.11.05:574][  0]LogInit: Computer: 8133R5G12
[2015.03.26-13.11.05:574][  0]LogInit: User: LuisLuevano
[2015.03.26-13.11.05:574][  0]LogInit: CPU Page size=4096, Cores=2
[2015.03.26-13.11.05:574][  0]LogInit: High frequency timer resolution =2.435769 MHz
[2015.03.26-13.11.05:574][  0]LogMemory: Memory total: Physical=7.9GB (8GB approx) Virtual=131072.0GB
[2015.03.26-13.11.05:575][  0]LogMemory: Platform Memory Stats for Windows
[2015.03.26-13.11.05:575][  0]LogMemory: Process Physical Memory: 45.61 MB used, 45.61 MB peak
[2015.03.26-13.11.05:575][  0]LogMemory: Process Virtual Memory: 24.04 MB used, 24.04 MB peak
[2015.03.26-13.11.05:575][  0]LogMemory: Physical Memory: 3776.46 MB used, 8097.48 MB total
[2015.03.26-13.11.05:575][  0]LogMemory: Virtual Memory: 287.99 MB used, 134217728.00 MB total
[2015.03.26-13.11.05:615][  0]LogD3D11RHI: Found D3D11 adapter 0: Intel(R) HD Graphics Family (Feature Level 11_0)
[2015.03.26-13.11.05:615][  0]LogD3D11RHI: Adapter has 0MB of dedicated video memory, 0MB of dedicated system memory, and 1792MB of shared system memory, 2 output[s]
[2015.03.26-13.11.05:622][  0]LogD3D11RHI: Found D3D11 adapter 1: Microsoft Basic Render Driver (Feature Level 11_0)
[2015.03.26-13.11.05:623][  0]LogD3D11RHI: Adapter has 0MB of dedicated video memory, 0MB of dedicated system memory, and 256MB of shared system memory, 0 output[s]
[2015.03.26-13.11.05:623][  0]LogD3D11RHI: Chosen D3D11 Adapter Id = 0
[2015.03.26-13.11.05:630][  0]LogRHI: Texture pool is 627 MB (70% of 896 MB)
[2015.03.26-13.11.05:646][  0]LogD3D11RHI: Async texture creation enabled
[2015.03.26-13.11.05:749][  0]LogTextLocalizationManager: The requested culture ('en_US') has no localization data; parent culture's ('en') localization data will be used.
[2015.03.26-13.11.05:873][  0]LogTextLocalizationManager:Warning: Loading localization resources contain conflicting entries for (Namespace:UICommands, Key:Save_ToolTip):
Resource: (C:/Program Files/Epic Games/4.7/Engine/Content/Localization/Editor/en/Editor.locres) Hash: (-29098895) String: (Saves the current level to disk)
Resource: (C:/Program Files/Epic Games/4.7/Engine/Content/Localization/Engine/en/Engine.locres) Hash: (-1280300587) String: (Save selected data to vlog file)
[2015.03.26-13.11.05:873][  0]LogTextLocalizationManager:Warning: Loading localization resources contain conflicting entries for (Namespace:ContentBrowser, Key:ImportAssetToolTip):
Resource: (C:/Program Files/Epic Games/4.7/Engine/Content/Localization/Editor/en/Editor.locres) Hash: (-630476809) String: (Import to {0}...)
Resource: (C:/Program Files/Epic Games/4.7/Engine/Content/Localization/Editor/en/Editor.locres) Hash: (1271782899) String: (Imports an asset from file to this folder.)
[2015.03.26-13.11.06:023][  0]LogContentStreaming: Texture pool size is 200.000000MB
[2015.03.26-13.11.09:065][  0]LogTargetPlatformManager:Display: Building Assets For Windows
[2015.03.26-13.11.10:245][  0]LogTargetPlatformManager:Display: Building Assets For Windows
[2015.03.26-13.11.10:382][  0]LogDerivedDataCache:Display: Max Cache Size: 512 MB
[2015.03.26-13.11.10:483][  0]LogDerivedDataCache: Loaded boot cache 0.10s 39MB C:/Users/luis_luevano/AppData/Local/UnrealEngine/4.7/DerivedDataCache/Boot.ddc.
[2015.03.26-13.11.10:483][  0]LogDerivedDataCache:Display: Loaded Boot cache: C:/Users/luis_luevano/AppData/Local/UnrealEngine/4.7/DerivedDataCache/Boot.ddc
[2015.03.26-13.11.10:485][  0]LogDerivedDataCache: FDerivedDataBackendGraph:  Pak pak cache file ../../../../../../Users/luis_luevano/Documents/GitHub/DeadlyNightmare/Nivel1/DerivedDataCache/DDC.ddp not found, will not use a pak cache.
[2015.03.26-13.11.10:485][  0]LogDerivedDataCache: Unable to find inner node Pak for hierarchical cache Hierarchy.
[2015.03.26-13.11.10:775][  0]LogDerivedDataCache:Display: Pak cache opened for reading ../../../Engine/DerivedDataCache/Compressed.ddp.
[2015.03.26-13.11.10:797][  0]LogDerivedDataCache: Using Local data cache path C:/Users/luis_luevano/AppData/Local/UnrealEngine/Common/DerivedDataCache: Writable
[2015.03.26-13.11.11:903][  0]LogMeshUtilities: No automatic mesh reduction module available
[2015.03.26-13.11.11:903][  0]LogMeshUtilities: No automatic mesh merging module available
[2015.03.26-13.11.12:581][  0]LogInit: WinSock: version 1.1 (2.2), MaxSocks=32767, MaxUdp=65467
[2015.03.26-13.11.13:792][  0]LogWindowsMoviePlayer: Unable to load movie: ../../../../../../Users/luis_luevano/Documents/GitHub/DeadlyNightmare/Nivel1/Content/Movies/Default_Startup.mp4
[2015.03.26-13.11.14:159][  0]LogSourceControl: RunCommandInternalRaw: 'git version'
[2015.03.26-13.11.14:160][  0]LogSourceControl: RunCommandInternalRaw: ExecProcess ReturnCode=2 OutResults=''
[2015.03.26-13.11.14:256][  0]SourceControl: Info Source control is disabled
[2015.03.26-13.11.14:256][  0]SourceControl: Info Source control is disabled
[2015.03.26-13.11.14:256][  0]SourceControl: Info Source control is disabled
[2015.03.26-13.11.14:287][  0]SourceControl: Info Source control is disabled
[2015.03.26-13.11.14:568][  0]LogObj: 23970 objects as part of root set at end of initial load.
[2015.03.26-13.11.14:568][  0]LogUObjectAllocator: 4988192 out of 0 bytes used by permanent object pool.
[2015.03.26-13.11.14:725][  0]LogAutomationTest:Warning: ERR: Transient text cannot be serialized "Testing Transient serialization detection".
[2015.03.26-13.11.14:726][  0]LogEngine: Initializing Engine...
[2015.03.26-13.11.16:963][  0]LogInit: XAudio2 using 'Speakers / Headphones (Realtek High Definition Audio)' : 2 channels at 48 kHz using 32 bits per sample (channel mask 0x3)
[2015.03.26-13.11.16:985][  0]LogInit: FAudioDevice initialized.
[2015.03.26-13.11.16:994][  0]LogInit: Texture streaming: Enabled
[2015.03.26-13.11.17:164][  0]LogAnalytics: Creating configured Analytics provider AnalyticsET
[2015.03.26-13.11.17:164][  0]LogAnalytics: ET APIKey = Rocket.Release. APIServer = http://et2.epicgames.com/ET2/. AppVersion = 4.7.3-2479750+++depot+UE4-Releases+4.7
[2015.03.26-13.11.17:164][  0]LogAnalytics: ET APIKey = Rocket.Release. DataRouterUploadURL = https://datarouter-public-service-gamedev.ol.epicgames.net/datarouter/api/v1/public/data. AppVersion = 4.7.3-2479750+++depot+UE4-Releases+4.7
[2015.03.26-13.11.17:164][  0]LogAnalytics: SetUserId 339b3e1f42017b6e143357aa0b027c6c|c819e56b3def4af0b8bb6a36bcf6ac56|0326e593-47b4-43a0-a804-5e7238ab0795
[2015.03.26-13.11.17:164][  0]LogAnalytics: AnalyticsET::StartSession [Rocket.Release]
[2015.03.26-13.11.17:297][  0]LogNet: Browse: /Temp/Autosaves/Game/Maps/UEDPCnivel1?Name=Player
[2015.03.26-13.11.17:298][  0]LogLoad: LoadMap: /Temp/Autosaves/Game/Maps/UEDPCnivel1?Name=Player
[2015.03.26-13.11.17:381][  0]LogMemory: Platform Memory Stats for Windows
[2015.03.26-13.11.17:381][  0]LogMemory: Process Physical Memory: 300.98 MB used, 305.32 MB peak
[2015.03.26-13.11.17:381][  0]LogMemory: Process Virtual Memory: 273.91 MB used, 280.96 MB peak
[2015.03.26-13.11.17:381][  0]LogMemory: Physical Memory: 4074.97 MB used, 8097.48 MB total
[2015.03.26-13.11.17:381][  0]LogMemory: Virtual Memory: 722.35 MB used, 134217728.00 MB total
[2015.03.26-13.11.17:381][  0]LogMemory: 
[2015.03.26-13.11.17:381][  0]Allocator Stats for TBB: (not implemented)
[2015.03.26-13.11.18:686][  0]LogAnimation:Warning: UAnimMontage::PostLoad: The actual sequence length for montage FPP_Fire_Montage does not match the length stored in the asset, please resave the montage asset.
[2015.03.26-13.11.19:208][  0]BlueprintLog:Warning: Warning Blueprint MyGame has been migrated and requires re-saving to avoid import errors
[2015.03.26-13.11.19:216][  0]BlueprintLog:Warning: Warning Blueprint MyHUD has been migrated and requires re-saving to avoid import errors
[2015.03.26-13.11.19:220][  0]LogWorld: Game class is 'MyGame_C'
[2015.03.26-13.11.19:346][  0]LogAIModule: Creating AISystem for world nivel1
[2015.03.26-13.11.19:395][  0]LogWorld: Bringing World /Temp/Autosaves/Game/Maps/UEDPCnivel1.nivel1 up for play (max tick rate 0) at 2015.03.26-07.11.19
[2015.03.26-13.11.19:399][  0]LogWorld: Bringing up level for play took: 0.052286
[2015.03.26-13.11.19:405][  0]LogInit:Display: Game Engine Initialized.
[2015.03.26-13.11.19:713][  0]LogLoad: Full Startup: 17.75 seconds (BP compile: 0.46 seconds)
[2015.03.26-13.11.19:924][  2]LogRenderer:Warning: Reallocating scene render targets to support 640x360 (Frame:2).
[2015.03.26-13.11.20:607][ 17]LogBlueprintUserMessages: daño
[2015.03.26-13.11.20:626][ 18]LogBlueprintUserMessages: daño
[2015.03.26-13.11.20:641][ 19]LogBlueprintUserMessages: daño
[2015.03.26-13.11.20:657][ 20]LogBlueprintUserMessages: daño
[2015.03.26-13.11.20:674][ 21]LogBlueprintUserMessages: daño
[2015.03.26-13.11.20:691][ 22]LogBlueprintUserMessages: daño
[2015.03.26-13.11.20:707][ 23]LogBlueprintUserMessages: daño
[2015.03.26-13.11.20:725][ 24]LogBlueprintUserMessages: daño
[2015.03.26-13.11.20:740][ 25]LogBlueprintUserMessages: daño
[2015.03.26-13.11.20:757][ 26]LogBlueprintUserMessages: daño
[2015.03.26-13.11.20:772][ 27]LogBlueprintUserMessages: daño
[2015.03.26-13.11.20:788][ 28]LogBlueprintUserMessages: daño
[2015.03.26-13.11.20:804][ 29]LogBlueprintUserMessages: daño
[2015.03.26-13.11.20:820][ 30]LogBlueprintUserMessages: daño
[2015.03.26-13.11.20:845][ 31]LogBlueprintUserMessages: daño
[2015.03.26-13.11.20:873][ 32]LogBlueprintUserMessages: daño
[2015.03.26-13.11.20:893][ 33]LogBlueprintUserMessages: daño
[2015.03.26-13.11.21:780][ 34]LogBlueprintUserMessages: daño
[2015.03.26-13.11.21:782][ 35]LogBlueprintUserMessages: daño
[2015.03.26-13.11.21:801][ 36]LogBlueprintUserMessages: daño
[2015.03.26-13.11.21:819][ 37]LogBlueprintUserMessages: daño
[2015.03.26-13.11.21:836][ 38]LogBlueprintUserMessages: daño
[2015.03.26-13.11.21:852][ 39]LogBlueprintUserMessages: daño
[2015.03.26-13.11.21:868][ 40]LogBlueprintUserMessages: daño
[2015.03.26-13.11.21:884][ 41]LogBlueprintUserMessages: daño
[2015.03.26-13.11.21:901][ 42]LogBlueprintUserMessages: daño
[2015.03.26-13.11.21:917][ 43]LogBlueprintUserMessages: daño
[2015.03.26-13.11.21:936][ 44]LogBlueprintUserMessages: daño
[2015.03.26-13.11.21:948][ 45]LogBlueprintUserMessages: daño
[2015.03.26-13.11.21:966][ 46]LogBlueprintUserMessages: daño
[2015.03.26-13.11.21:983][ 47]LogBlueprintUserMessages: daño
[2015.03.26-13.11.21:999][ 48]LogBlueprintUserMessages: daño
[2015.03.26-13.11.22:015][ 49]LogBlueprintUserMessages: daño
[2015.03.26-13.11.22:032][ 50]LogBlueprintUserMessages: daño
[2015.03.26-13.11.22:047][ 51]LogBlueprintUserMessages: daño
[2015.03.26-13.11.22:063][ 52]LogBlueprintUserMessages: daño
[2015.03.26-13.11.22:079][ 53]LogBlueprintUserMessages: daño
[2015.03.26-13.11.22:094][ 54]LogBlueprintUserMessages: daño
[2015.03.26-13.11.22:111][ 55]LogBlueprintUserMessages: daño
[2015.03.26-13.11.22:127][ 56]LogBlueprintUserMessages: daño
[2015.03.26-13.11.22:146][ 57]LogBlueprintUserMessages: daño
[2015.03.26-13.11.22:159][ 58]LogBlueprintUserMessages: daño
[2015.03.26-13.11.22:176][ 59]LogBlueprintUserMessages: daño
[2015.03.26-13.11.22:193][ 60]LogBlueprintUserMessages: daño
[2015.03.26-13.11.22:209][ 61]LogBlueprintUserMessages: daño
[2015.03.26-13.11.22:226][ 62]LogBlueprintUserMessages: daño
[2015.03.26-13.11.22:242][ 63]LogBlueprintUserMessages: daño
[2015.03.26-13.11.22:257][ 64]LogBlueprintUserMessages: daño
[2015.03.26-13.11.22:275][ 65]LogBlueprintUserMessages: daño
[2015.03.26-13.11.22:289][ 66]LogBlueprintUserMessages: daño
[2015.03.26-13.11.22:305][ 67]LogBlueprintUserMessages: daño
[2015.03.26-13.11.22:322][ 68]LogBlueprintUserMessages: daño
[2015.03.26-13.11.22:338][ 69]LogBlueprintUserMessages: daño
[2015.03.26-13.11.22:355][ 70]LogBlueprintUserMessages: daño
[2015.03.26-13.11.22:370][ 71]LogBlueprintUserMessages: daño
[2015.03.26-13.11.22:387][ 72]LogBlueprintUserMessages: daño
[2015.03.26-13.11.22:401][ 73]LogBlueprintUserMessages: daño
[2015.03.26-13.11.22:419][ 74]LogBlueprintUserMessages: daño
[2015.03.26-13.11.22:434][ 75]LogBlueprintUserMessages: daño
[2015.03.26-13.11.22:451][ 76]LogBlueprintUserMessages: daño
[2015.03.26-13.11.22:466][ 77]LogBlueprintUserMessages: daño
[2015.03.26-13.11.22:483][ 78]LogBlueprintUserMessages: daño
[2015.03.26-13.11.22:498][ 79]LogBlueprintUserMessages: daño
[2015.03.26-13.11.22:514][ 80]LogBlueprintUserMessages: daño
[2015.03.26-13.11.22:531][ 81]LogBlueprintUserMessages: daño
[2015.03.26-13.11.22:554][ 82]LogBlueprintUserMessages: daño
[2015.03.26-13.11.22:563][ 83]LogBlueprintUserMessages: 90.0
[2015.03.26-13.11.22:566][ 83]LogBlueprintUserMessages: daño
[2015.03.26-13.11.22:582][ 84]LogBlueprintUserMessages: daño
[2015.03.26-13.11.22:597][ 85]LogBlueprintUserMessages: daño
[2015.03.26-13.11.22:615][ 86]LogBlueprintUserMessages: daño
[2015.03.26-13.11.22:633][ 87]LogBlueprintUserMessages: daño
[2015.03.26-13.11.22:646][ 88]LogBlueprintUserMessages: daño
[2015.03.26-13.11.22:661][ 89]LogBlueprintUserMessages: daño
[2015.03.26-13.11.22:677][ 90]LogBlueprintUserMessages: daño
[2015.03.26-13.11.22:697][ 91]LogBlueprintUserMessages: daño
[2015.03.26-13.11.22:712][ 92]LogBlueprintUserMessages: daño
[2015.03.26-13.11.22:727][ 93]LogBlueprintUserMessages: daño
[2015.03.26-13.11.22:745][ 94]LogBlueprintUserMessages: daño
[2015.03.26-13.11.22:761][ 95]LogBlueprintUserMessages: daño
[2015.03.26-13.11.22:775][ 96]LogBlueprintUserMessages: daño
[2015.03.26-13.11.22:789][ 97]LogBlueprintUserMessages: daño
[2015.03.26-13.11.22:807][ 98]LogBlueprintUserMessages: daño
[2015.03.26-13.11.22:823][ 99]LogBlueprintUserMessages: daño
[2015.03.26-13.11.22:839][100]LogBlueprintUserMessages: daño
[2015.03.26-13.11.22:855][101]LogBlueprintUserMessages: daño
[2015.03.26-13.11.22:873][102]LogBlueprintUserMessages: daño
[2015.03.26-13.11.22:889][103]LogBlueprintUserMessages: daño
[2015.03.26-13.11.22:906][104]LogBlueprintUserMessages: daño
[2015.03.26-13.11.22:919][105]LogBlueprintUserMessages: daño
[2015.03.26-13.11.22:936][106]LogBlueprintUserMessages: daño
[2015.03.26-13.11.22:952][107]LogBlueprintUserMessages: daño
[2015.03.26-13.11.22:968][108]LogBlueprintUserMessages: daño
[2015.03.26-13.11.22:983][109]LogBlueprintUserMessages: daño
[2015.03.26-13.11.22:998][110]LogBlueprintUserMessages: daño
[2015.03.26-13.11.23:014][111]LogBlueprintUserMessages: daño
[2015.03.26-13.11.23:031][112]LogBlueprintUserMessages: daño
[2015.03.26-13.11.23:048][113]LogBlueprintUserMessages: daño
[2015.03.26-13.11.23:064][114]LogBlueprintUserMessages: daño
[2015.03.26-13.11.23:080][115]LogBlueprintUserMessages: daño
[2015.03.26-13.11.23:096][116]LogBlueprintUserMessages: daño
[2015.03.26-13.11.23:111][117]LogBlueprintUserMessages: daño
[2015.03.26-13.11.23:127][118]LogBlueprintUserMessages: daño
[2015.03.26-13.11.23:143][119]LogBlueprintUserMessages: daño
[2015.03.26-13.11.23:160][120]LogBlueprintUserMessages: daño
[2015.03.26-13.11.23:177][121]LogBlueprintUserMessages: daño
[2015.03.26-13.11.23:197][122]LogBlueprintUserMessages: daño
[2015.03.26-13.11.23:212][123]LogBlueprintUserMessages: daño
[2015.03.26-13.11.23:230][124]LogBlueprintUserMessages: daño
[2015.03.26-13.11.23:245][125]LogBlueprintUserMessages: daño
[2015.03.26-13.11.23:262][126]LogBlueprintUserMessages: daño
[2015.03.26-13.11.23:278][127]LogBlueprintUserMessages: daño
[2015.03.26-13.11.23:296][128]LogBlueprintUserMessages: daño
[2015.03.26-13.11.23:310][129]LogBlueprintUserMessages: daño
[2015.03.26-13.11.23:326][130]LogBlueprintUserMessages: daño
[2015.03.26-13.11.23:341][131]LogBlueprintUserMessages: daño
[2015.03.26-13.11.23:358][132]LogBlueprintUserMessages: daño
[2015.03.26-13.11.23:375][133]LogBlueprintUserMessages: daño
[2015.03.26-13.11.23:389][134]LogBlueprintUserMessages: daño
[2015.03.26-13.11.23:406][135]LogBlueprintUserMessages: daño
[2015.03.26-13.11.23:423][136]LogBlueprintUserMessages: daño
[2015.03.26-13.11.23:438][137]LogBlueprintUserMessages: daño
[2015.03.26-13.11.23:454][138]LogBlueprintUserMessages: daño
[2015.03.26-13.11.23:472][139]LogBlueprintUserMessages: daño
[2015.03.26-13.11.23:489][140]LogBlueprintUserMessages: daño
[2015.03.26-13.11.23:504][141]LogBlueprintUserMessages: daño
[2015.03.26-13.11.23:519][142]LogBlueprintUserMessages: daño
[2015.03.26-13.11.23:536][143]LogBlueprintUserMessages: daño
[2015.03.26-13.11.23:552][144]LogBlueprintUserMessages: daño
[2015.03.26-13.11.23:568][145]LogBlueprintUserMessages: daño
[2015.03.26-13.11.23:585][146]LogBlueprintUserMessages: daño
[2015.03.26-13.11.23:600][147]LogBlueprintUserMessages: daño
[2015.03.26-13.11.23:616][148]LogBlueprintUserMessages: daño
[2015.03.26-13.11.23:633][149]LogBlueprintUserMessages: daño
[2015.03.26-13.11.23:649][150]LogBlueprintUserMessages: daño
[2015.03.26-13.11.23:666][151]LogBlueprintUserMessages: daño
[2015.03.26-13.11.23:682][152]LogBlueprintUserMessages: daño
[2015.03.26-13.11.23:699][153]LogBlueprintUserMessages: daño
[2015.03.26-13.11.23:714][154]LogBlueprintUserMessages: daño
[2015.03.26-13.11.23:729][155]LogBlueprintUserMessages: daño
[2015.03.26-13.11.23:784][156]LogBlueprintUserMessages: daño
[2015.03.26-13.11.23:801][157]LogBlueprintUserMessages: daño
[2015.03.26-13.11.23:817][158]LogBlueprintUserMessages: daño
[2015.03.26-13.11.24:254][185]LogBlueprintUserMessages: 90.0
[2015.03.26-13.11.25:094][236]LogBlueprintUserMessages: 80.0
[2015.03.26-13.11.25:713][274]LogBlueprintUserMessages: daño
[2015.03.26-13.11.25:730][275]LogBlueprintUserMessages: daño
[2015.03.26-13.11.25:746][276]LogBlueprintUserMessages: daño
[2015.03.26-13.11.25:761][277]LogBlueprintUserMessages: daño
[2015.03.26-13.11.25:777][278]LogBlueprintUserMessages: daño
[2015.03.26-13.11.25:795][279]LogBlueprintUserMessages: daño
[2015.03.26-13.11.25:810][280]LogBlueprintUserMessages: daño
[2015.03.26-13.11.25:826][281]LogBlueprintUserMessages: daño
[2015.03.26-13.11.25:840][282]LogBlueprintUserMessages: daño
[2015.03.26-13.11.25:857][283]LogBlueprintUserMessages: daño
[2015.03.26-13.11.25:873][284]LogBlueprintUserMessages: daño
[2015.03.26-13.11.25:892][285]LogBlueprintUserMessages: daño
[2015.03.26-13.11.25:906][286]LogBlueprintUserMessages: daño
[2015.03.26-13.11.25:923][287]LogBlueprintUserMessages: daño
[2015.03.26-13.11.25:938][288]LogBlueprintUserMessages: daño
[2015.03.26-13.11.25:955][289]LogBlueprintUserMessages: daño
[2015.03.26-13.11.25:972][290]LogBlueprintUserMessages: daño
[2015.03.26-13.11.25:987][291]LogBlueprintUserMessages: daño
[2015.03.26-13.11.26:003][292]LogBlueprintUserMessages: daño
[2015.03.26-13.11.26:018][293]LogBlueprintUserMessages: daño
[2015.03.26-13.11.26:038][294]LogBlueprintUserMessages: daño
[2015.03.26-13.11.26:051][295]LogBlueprintUserMessages: daño
[2015.03.26-13.11.26:067][296]LogBlueprintUserMessages: daño
[2015.03.26-13.11.26:084][297]LogBlueprintUserMessages: daño
[2015.03.26-13.11.26:099][298]LogBlueprintUserMessages: daño
[2015.03.26-13.11.26:115][299]LogBlueprintUserMessages: daño
[2015.03.26-13.11.26:131][300]LogBlueprintUserMessages: daño
[2015.03.26-13.11.26:149][301]LogBlueprintUserMessages: daño
[2015.03.26-13.11.26:164][302]LogBlueprintUserMessages: daño
[2015.03.26-13.11.26:181][303]LogBlueprintUserMessages: daño
[2015.03.26-13.11.26:198][304]LogBlueprintUserMessages: daño
[2015.03.26-13.11.26:214][305]LogBlueprintUserMessages: daño
[2015.03.26-13.11.26:228][306]LogBlueprintUserMessages: daño
[2015.03.26-13.11.26:246][307]LogBlueprintUserMessages: daño
[2015.03.26-13.11.27:165][364]LogBlueprintUserMessages: 80.0
[2015.03.26-13.11.30:168][550]LogBlueprintUserMessages: 70.0
[2015.03.26-13.11.30:586][576]LogBlueprintUserMessages: 60.0
[2015.03.26-13.11.34:259][803]LogBlueprintUserMessages: daño
[2015.03.26-13.11.34:276][804]LogBlueprintUserMessages: daño
[2015.03.26-13.11.34:292][805]LogBlueprintUserMessages: daño
[2015.03.26-13.11.34:309][806]LogBlueprintUserMessages: daño
[2015.03.26-13.11.34:323][807]LogBlueprintUserMessages: daño
[2015.03.26-13.11.34:340][808]LogBlueprintUserMessages: daño
[2015.03.26-13.11.34:356][809]LogBlueprintUserMessages: daño
[2015.03.26-13.11.34:373][810]LogBlueprintUserMessages: daño
[2015.03.26-13.11.34:388][811]LogBlueprintUserMessages: daño
[2015.03.26-13.11.34:403][812]LogBlueprintUserMessages: daño
[2015.03.26-13.11.34:419][813]LogBlueprintUserMessages: daño
[2015.03.26-13.11.34:435][814]LogBlueprintUserMessages: daño
[2015.03.26-13.11.34:451][815]LogBlueprintUserMessages: daño
[2015.03.26-13.11.34:468][816]LogBlueprintUserMessages: daño
[2015.03.26-13.11.34:485][817]LogBlueprintUserMessages: daño
[2015.03.26-13.11.34:501][818]LogBlueprintUserMessages: daño
[2015.03.26-13.11.34:518][819]LogBlueprintUserMessages: daño
[2015.03.26-13.11.34:536][820]LogBlueprintUserMessages: daño
[2015.03.26-13.11.34:550][821]LogBlueprintUserMessages: daño
[2015.03.26-13.11.34:567][822]LogBlueprintUserMessages: daño
[2015.03.26-13.11.34:584][823]LogBlueprintUserMessages: daño
[2015.03.26-13.11.34:601][824]LogBlueprintUserMessages: daño
[2015.03.26-13.11.34:617][825]LogBlueprintUserMessages: daño
[2015.03.26-13.11.34:634][826]LogBlueprintUserMessages: daño
[2015.03.26-13.11.34:648][827]LogBlueprintUserMessages: daño
[2015.03.26-13.11.34:667][828]LogBlueprintUserMessages: daño
[2015.03.26-13.11.34:682][829]LogBlueprintUserMessages: daño
[2015.03.26-13.11.34:696][830]LogBlueprintUserMessages: daño
[2015.03.26-13.11.34:716][831]LogBlueprintUserMessages: daño
[2015.03.26-13.11.34:728][832]LogBlueprintUserMessages: daño
[2015.03.26-13.11.34:748][833]LogBlueprintUserMessages: daño
[2015.03.26-13.11.34:760][834]LogBlueprintUserMessages: daño
[2015.03.26-13.11.34:777][835]LogBlueprintUserMessages: daño
[2015.03.26-13.11.34:794][836]LogBlueprintUserMessages: daño
[2015.03.26-13.11.34:809][837]LogBlueprintUserMessages: daño
[2015.03.26-13.11.34:826][838]LogBlueprintUserMessages: daño
[2015.03.26-13.11.34:842][839]LogBlueprintUserMessages: daño
[2015.03.26-13.11.34:859][840]LogBlueprintUserMessages: daño
[2015.03.26-13.11.34:875][841]LogBlueprintUserMessages: daño
[2015.03.26-13.11.34:890][842]LogBlueprintUserMessages: daño
[2015.03.26-13.11.34:907][843]LogBlueprintUserMessages: daño
[2015.03.26-13.11.34:923][844]LogBlueprintUserMessages: daño
[2015.03.26-13.11.34:941][845]LogBlueprintUserMessages: daño
[2015.03.26-13.11.34:954][846]LogBlueprintUserMessages: daño
[2015.03.26-13.11.34:973][847]LogBlueprintUserMessages: daño
[2015.03.26-13.11.34:989][848]LogBlueprintUserMessages: daño
[2015.03.26-13.11.35:004][849]LogBlueprintUserMessages: daño
[2015.03.26-13.11.35:020][850]LogBlueprintUserMessages: daño
[2015.03.26-13.11.35:034][851]LogBlueprintUserMessages: daño
[2015.03.26-13.11.35:050][852]LogBlueprintUserMessages: daño
[2015.03.26-13.11.35:067][853]LogBlueprintUserMessages: daño
[2015.03.26-13.11.35:085][854]LogBlueprintUserMessages: daño
[2015.03.26-13.11.35:100][855]LogBlueprintUserMessages: daño
[2015.03.26-13.11.35:118][856]LogBlueprintUserMessages: daño
[2015.03.26-13.11.35:134][857]LogBlueprintUserMessages: daño
[2015.03.26-13.11.35:149][858]LogBlueprintUserMessages: daño
[2015.03.26-13.11.35:165][859]LogBlueprintUserMessages: daño
[2015.03.26-13.11.35:181][860]LogBlueprintUserMessages: daño
[2015.03.26-13.11.35:198][861]LogBlueprintUserMessages: daño
[2015.03.26-13.11.35:217][862]LogBlueprintUserMessages: daño
[2015.03.26-13.11.35:230][863]LogBlueprintUserMessages: daño
[2015.03.26-13.11.35:249][864]LogBlueprintUserMessages: daño
[2015.03.26-13.11.35:264][865]LogBlueprintUserMessages: daño
[2015.03.26-13.11.35:280][866]LogBlueprintUserMessages: daño
[2015.03.26-13.11.35:295][867]LogBlueprintUserMessages: daño
[2015.03.26-13.11.35:312][868]LogBlueprintUserMessages: daño
[2015.03.26-13.11.35:328][869]LogBlueprintUserMessages: daño
[2015.03.26-13.11.35:342][870]LogBlueprintUserMessages: daño
[2015.03.26-13.11.35:358][871]LogBlueprintUserMessages: daño
[2015.03.26-13.11.35:374][872]LogBlueprintUserMessages: daño
[2015.03.26-13.11.35:391][873]LogBlueprintUserMessages: daño
[2015.03.26-13.11.35:407][874]LogBlueprintUserMessages: daño
[2015.03.26-13.11.35:423][875]LogBlueprintUserMessages: daño
[2015.03.26-13.11.35:439][876]LogBlueprintUserMessages: daño
[2015.03.26-13.11.35:455][877]LogBlueprintUserMessages: daño
[2015.03.26-13.11.35:471][878]LogBlueprintUserMessages: daño
[2015.03.26-13.11.35:487][879]LogBlueprintUserMessages: daño
[2015.03.26-13.11.35:503][880]LogBlueprintUserMessages: daño
[2015.03.26-13.11.35:520][881]LogBlueprintUserMessages: daño
[2015.03.26-13.11.35:538][882]LogBlueprintUserMessages: daño
[2015.03.26-13.11.35:558][883]LogBlueprintUserMessages: daño
[2015.03.26-13.11.35:571][884]LogBlueprintUserMessages: daño
[2015.03.26-13.11.35:587][885]LogBlueprintUserMessages: daño
[2015.03.26-13.11.35:602][886]LogBlueprintUserMessages: daño
[2015.03.26-13.11.35:619][887]LogBlueprintUserMessages: daño
[2015.03.26-13.11.35:635][888]LogBlueprintUserMessages: daño
[2015.03.26-13.11.35:650][889]LogBlueprintUserMessages: daño
[2015.03.26-13.11.35:666][890]LogBlueprintUserMessages: daño
[2015.03.26-13.11.35:687][891]LogBlueprintUserMessages: daño
[2015.03.26-13.11.35:700][892]LogBlueprintUserMessages: daño
[2015.03.26-13.11.35:715][893]LogBlueprintUserMessages: daño
[2015.03.26-13.11.35:732][894]LogBlueprintUserMessages: daño
[2015.03.26-13.11.35:747][895]LogBlueprintUserMessages: daño
[2015.03.26-13.11.35:763][896]LogBlueprintUserMessages: daño
[2015.03.26-13.11.35:781][897]LogBlueprintUserMessages: daño
[2015.03.26-13.11.35:795][898]LogBlueprintUserMessages: daño
[2015.03.26-13.11.35:812][899]LogBlueprintUserMessages: daño
[2015.03.26-13.11.35:826][900]LogBlueprintUserMessages: daño
[2015.03.26-13.11.35:846][901]LogBlueprintUserMessages: daño
[2015.03.26-13.11.35:859][902]LogBlueprintUserMessages: daño
[2015.03.26-13.11.35:875][903]LogBlueprintUserMessages: daño
[2015.03.26-13.11.35:892][904]LogBlueprintUserMessages: daño
[2015.03.26-13.11.35:908][905]LogBlueprintUserMessages: daño
[2015.03.26-13.11.35:923][906]LogBlueprintUserMessages: daño
[2015.03.26-13.11.35:940][907]LogBlueprintUserMessages: daño
[2015.03.26-13.11.35:956][908]LogBlueprintUserMessages: daño
[2015.03.26-13.11.35:971][909]LogBlueprintUserMessages: daño
[2015.03.26-13.11.35:988][910]LogBlueprintUserMessages: daño
[2015.03.26-13.11.36:004][911]LogBlueprintUserMessages: daño
[2015.03.26-13.11.36:021][912]LogBlueprintUserMessages: daño
[2015.03.26-13.11.36:037][913]LogBlueprintUserMessages: daño
[2015.03.26-13.11.36:052][914]LogBlueprintUserMessages: daño
[2015.03.26-13.11.36:068][915]LogBlueprintUserMessages: daño
[2015.03.26-13.11.36:084][916]LogBlueprintUserMessages: daño
[2015.03.26-13.11.36:101][917]LogBlueprintUserMessages: daño
[2015.03.26-13.11.36:117][918]LogBlueprintUserMessages: daño
[2015.03.26-13.11.36:136][919]LogBlueprintUserMessages: daño
[2015.03.26-13.11.36:150][920]LogBlueprintUserMessages: daño
[2015.03.26-13.11.36:169][921]LogBlueprintUserMessages: daño
[2015.03.26-13.11.36:185][922]LogBlueprintUserMessages: daño
[2015.03.26-13.11.36:199][923]LogBlueprintUserMessages: daño
[2015.03.26-13.11.36:217][924]LogBlueprintUserMessages: daño
[2015.03.26-13.11.36:232][925]LogBlueprintUserMessages: daño
[2015.03.26-13.11.36:250][926]LogBlueprintUserMessages: daño
[2015.03.26-13.11.36:263][927]LogBlueprintUserMessages: daño
[2015.03.26-13.11.36:280][928]LogBlueprintUserMessages: daño
[2015.03.26-13.11.36:297][929]LogBlueprintUserMessages: daño
[2015.03.26-13.11.36:315][930]LogBlueprintUserMessages: daño
[2015.03.26-13.11.36:329][931]LogBlueprintUserMessages: daño
[2015.03.26-13.11.36:344][932]LogBlueprintUserMessages: daño
[2015.03.26-13.11.36:360][933]LogBlueprintUserMessages: daño
[2015.03.26-13.11.36:376][934]LogBlueprintUserMessages: daño
[2015.03.26-13.11.36:392][935]LogBlueprintUserMessages: daño
[2015.03.26-13.11.36:408][936]LogBlueprintUserMessages: daño
[2015.03.26-13.11.36:424][937]LogBlueprintUserMessages: daño
[2015.03.26-13.11.36:440][938]LogBlueprintUserMessages: daño
[2015.03.26-13.11.36:456][939]LogBlueprintUserMessages: daño
[2015.03.26-13.11.36:473][940]LogBlueprintUserMessages: daño
[2015.03.26-13.11.36:491][941]LogBlueprintUserMessages: daño
[2015.03.26-13.11.36:506][942]LogBlueprintUserMessages: daño
[2015.03.26-13.11.36:522][943]LogBlueprintUserMessages: daño
[2015.03.26-13.11.36:538][944]LogBlueprintUserMessages: daño
[2015.03.26-13.11.36:554][945]LogBlueprintUserMessages: daño
[2015.03.26-13.11.36:570][946]LogBlueprintUserMessages: daño
[2015.03.26-13.11.36:588][947]LogBlueprintUserMessages: daño
[2015.03.26-13.11.36:602][948]LogBlueprintUserMessages: daño
[2015.03.26-13.11.36:619][949]LogBlueprintUserMessages: daño
[2015.03.26-13.11.36:634][950]LogBlueprintUserMessages: daño
[2015.03.26-13.11.36:650][951]LogBlueprintUserMessages: daño
[2015.03.26-13.11.36:666][952]LogBlueprintUserMessages: daño
[2015.03.26-13.11.36:683][953]LogBlueprintUserMessages: daño
[2015.03.26-13.11.36:699][954]LogBlueprintUserMessages: daño
[2015.03.26-13.11.36:716][955]LogBlueprintUserMessages: daño
[2015.03.26-13.11.36:731][956]LogBlueprintUserMessages: daño
[2015.03.26-13.11.36:751][957]LogBlueprintUserMessages: daño
[2015.03.26-13.11.36:764][958]LogBlueprintUserMessages: daño
[2015.03.26-13.11.36:781][959]LogBlueprintUserMessages: daño
[2015.03.26-13.11.36:795][960]LogBlueprintUserMessages: daño
[2015.03.26-13.11.36:811][961]LogBlueprintUserMessages: daño
[2015.03.26-13.11.36:829][962]LogBlueprintUserMessages: daño
[2015.03.26-13.11.36:844][963]LogBlueprintUserMessages: daño
[2015.03.26-13.11.36:861][964]LogBlueprintUserMessages: daño
[2015.03.26-13.11.36:878][965]LogBlueprintUserMessages: daño
[2015.03.26-13.11.36:895][966]LogBlueprintUserMessages: daño
[2015.03.26-13.11.36:909][967]LogBlueprintUserMessages: daño
[2015.03.26-13.11.36:925][968]LogBlueprintUserMessages: daño
[2015.03.26-13.11.36:942][969]LogBlueprintUserMessages: daño
[2015.03.26-13.11.36:958][970]LogBlueprintUserMessages: daño
[2015.03.26-13.11.36:974][971]LogBlueprintUserMessages: daño
[2015.03.26-13.11.36:989][972]LogBlueprintUserMessages: daño
[2015.03.26-13.11.37:006][973]LogBlueprintUserMessages: daño
[2015.03.26-13.11.37:021][974]LogBlueprintUserMessages: daño
[2015.03.26-13.11.37:039][975]LogBlueprintUserMessages: daño
[2015.03.26-13.11.37:053][976]LogBlueprintUserMessages: daño
[2015.03.26-13.11.37:070][977]LogBlueprintUserMessages: daño
[2015.03.26-13.11.37:086][978]LogBlueprintUserMessages: daño
[2015.03.26-13.11.37:102][979]LogBlueprintUserMessages: daño
[2015.03.26-13.11.37:118][980]LogBlueprintUserMessages: daño
[2015.03.26-13.11.37:135][981]LogBlueprintUserMessages: daño
[2015.03.26-13.11.37:151][982]LogBlueprintUserMessages: daño
[2015.03.26-13.11.37:167][983]LogBlueprintUserMessages: daño
[2015.03.26-13.11.37:183][984]LogBlueprintUserMessages: daño
[2015.03.26-13.11.37:199][985]LogBlueprintUserMessages: daño
[2015.03.26-13.11.37:217][986]LogBlueprintUserMessages: daño
[2015.03.26-13.11.37:235][987]LogBlueprintUserMessages: daño
[2015.03.26-13.11.37:249][988]LogBlueprintUserMessages: daño
[2015.03.26-13.11.37:264][989]LogBlueprintUserMessages: daño
[2015.03.26-13.11.37:279][990]LogBlueprintUserMessages: daño
[2015.03.26-13.11.37:295][991]LogBlueprintUserMessages: daño
[2015.03.26-13.11.37:311][992]LogBlueprintUserMessages: daño
[2015.03.26-13.11.37:329][993]LogBlueprintUserMessages: daño
[2015.03.26-13.11.37:345][994]LogBlueprintUserMessages: daño
[2015.03.26-13.11.37:360][995]LogBlueprintUserMessages: daño
[2015.03.26-13.11.37:376][996]LogBlueprintUserMessages: daño
[2015.03.26-13.11.37:392][997]LogBlueprintUserMessages: daño
[2015.03.26-13.11.37:409][998]LogBlueprintUserMessages: daño
[2015.03.26-13.11.37:424][999]LogBlueprintUserMessages: daño
[2015.03.26-13.11.37:441][  0]LogBlueprintUserMessages: daño
[2015.03.26-13.11.37:456][  1]LogBlueprintUserMessages: daño
[2015.03.26-13.11.37:474][  2]LogBlueprintUserMessages: daño
[2015.03.26-13.11.37:492][  3]LogBlueprintUserMessages: daño
[2015.03.26-13.11.37:506][  4]LogBlueprintUserMessages: daño
[2015.03.26-13.11.37:522][  5]LogBlueprintUserMessages: daño
[2015.03.26-13.11.37:538][  6]LogBlueprintUserMessages: daño
[2015.03.26-13.11.37:555][  7]LogBlueprintUserMessages: daño
[2015.03.26-13.11.37:570][  8]LogBlueprintUserMessages: daño
[2015.03.26-13.11.37:586][  9]LogBlueprintUserMessages: daño
[2015.03.26-13.11.37:602][ 10]LogBlueprintUserMessages: daño
[2015.03.26-13.11.37:618][ 11]LogBlueprintUserMessages: daño
[2015.03.26-13.11.37:634][ 12]LogBlueprintUserMessages: 70.0
[2015.03.26-13.11.37:635][ 12]LogBlueprintUserMessages: daño
[2015.03.26-13.11.37:651][ 13]LogBlueprintUserMessages: daño
[2015.03.26-13.11.37:666][ 14]LogBlueprintUserMessages: daño
[2015.03.26-13.11.37:683][ 15]LogBlueprintUserMessages: daño
[2015.03.26-13.11.37:699][ 16]LogBlueprintUserMessages: daño
[2015.03.26-13.11.37:717][ 17]LogBlueprintUserMessages: daño
[2015.03.26-13.11.37:731][ 18]LogBlueprintUserMessages: daño
[2015.03.26-13.11.37:748][ 19]LogBlueprintUserMessages: daño
[2015.03.26-13.11.37:764][ 20]LogBlueprintUserMessages: daño
[2015.03.26-13.11.37:780][ 21]LogBlueprintUserMessages: daño
[2015.03.26-13.11.37:796][ 22]LogBlueprintUserMessages: daño
[2015.03.26-13.11.37:812][ 23]LogBlueprintUserMessages: daño
[2015.03.26-13.11.37:832][ 24]LogBlueprintUserMessages: daño
[2015.03.26-13.11.37:845][ 25]LogBlueprintUserMessages: daño
[2015.03.26-13.11.37:860][ 26]LogBlueprintUserMessages: daño
[2015.03.26-13.11.37:879][ 27]LogBlueprintUserMessages: 60.0
[2015.03.26-13.11.37:880][ 27]LogBlueprintUserMessages: daño
[2015.03.26-13.11.37:894][ 28]LogBlueprintUserMessages: daño
[2015.03.26-13.11.37:908][ 29]LogBlueprintUserMessages: daño
[2015.03.26-13.11.37:924][ 30]LogBlueprintUserMessages: daño
[2015.03.26-13.11.37:941][ 31]LogBlueprintUserMessages: daño
[2015.03.26-13.11.37:957][ 32]LogBlueprintUserMessages: daño
[2015.03.26-13.11.37:973][ 33]LogBlueprintUserMessages: daño
[2015.03.26-13.11.37:990][ 34]LogBlueprintUserMessages: daño
[2015.03.26-13.11.38:005][ 35]LogBlueprintUserMessages: daño
[2015.03.26-13.11.38:021][ 36]LogBlueprintUserMessages: daño
[2015.03.26-13.11.38:038][ 37]LogBlueprintUserMessages: 50.0
[2015.03.26-13.11.38:038][ 37]LogBlueprintUserMessages: daño
[2015.03.26-13.11.38:053][ 38]LogBlueprintUserMessages: daño
[2015.03.26-13.11.38:069][ 39]LogBlueprintUserMessages: daño
[2015.03.26-13.11.38:086][ 40]LogBlueprintUserMessages: daño
[2015.03.26-13.11.38:102][ 41]LogBlueprintUserMessages: daño
[2015.03.26-13.11.38:118][ 42]LogBlueprintUserMessages: daño
[2015.03.26-13.11.38:135][ 43]LogBlueprintUserMessages: daño
[2015.03.26-13.11.38:150][ 44]LogBlueprintUserMessages: daño
[2015.03.26-13.11.38:167][ 45]LogBlueprintUserMessages: daño
[2015.03.26-13.11.38:183][ 46]LogBlueprintUserMessages: 40.0
[2015.03.26-13.11.38:183][ 46]LogBlueprintUserMessages: daño
[2015.03.26-13.11.38:199][ 47]LogBlueprintUserMessages: daño
[2015.03.26-13.11.38:218][ 48]LogBlueprintUserMessages: daño
[2015.03.26-13.11.38:232][ 49]LogBlueprintUserMessages: daño
[2015.03.26-13.11.38:249][ 50]LogBlueprintUserMessages: daño
[2015.03.26-13.11.38:264][ 51]LogBlueprintUserMessages: daño
[2015.03.26-13.11.38:281][ 52]LogBlueprintUserMessages: daño
[2015.03.26-13.11.38:297][ 53]LogBlueprintUserMessages: daño
[2015.03.26-13.11.38:312][ 54]LogBlueprintUserMessages: daño
[2015.03.26-13.11.38:328][ 55]LogBlueprintUserMessages: 30.0
[2015.03.26-13.11.38:328][ 55]LogBlueprintUserMessages: daño
[2015.03.26-13.11.38:344][ 56]LogBlueprintUserMessages: daño
[2015.03.26-13.11.38:361][ 57]LogBlueprintUserMessages: daño
[2015.03.26-13.11.38:378][ 58]LogBlueprintUserMessages: daño
[2015.03.26-13.11.38:393][ 59]LogBlueprintUserMessages: daño
[2015.03.26-13.11.38:409][ 60]LogBlueprintUserMessages: daño
[2015.03.26-13.11.38:425][ 61]LogBlueprintUserMessages: daño
[2015.03.26-13.11.38:441][ 62]LogBlueprintUserMessages: 20.0
[2015.03.26-13.11.38:442][ 62]LogBlueprintUserMessages: daño
[2015.03.26-13.11.38:457][ 63]LogBlueprintUserMessages: daño
[2015.03.26-13.11.38:474][ 64]LogBlueprintUserMessages: daño
[2015.03.26-13.11.38:491][ 65]LogBlueprintUserMessages: daño
[2015.03.26-13.11.38:505][ 66]LogBlueprintUserMessages: daño
[2015.03.26-13.11.38:521][ 67]LogBlueprintUserMessages: daño
[2015.03.26-13.11.38:538][ 68]LogBlueprintUserMessages: daño
[2015.03.26-13.11.38:555][ 69]LogBlueprintUserMessages: daño
[2015.03.26-13.11.38:570][ 70]LogBlueprintUserMessages: daño
[2015.03.26-13.11.38:587][ 71]LogBlueprintUserMessages: 10.0
[2015.03.26-13.11.38:588][ 71]LogBlueprintUserMessages: daño
[2015.03.26-13.11.38:603][ 72]LogBlueprintUserMessages: daño
[2015.03.26-13.11.38:618][ 73]LogBlueprintUserMessages: daño
[2015.03.26-13.11.38:634][ 74]LogBlueprintUserMessages: daño
[2015.03.26-13.11.38:650][ 75]LogBlueprintUserMessages: daño
[2015.03.26-13.11.38:667][ 76]LogBlueprintUserMessages: daño
[2015.03.26-13.11.38:683][ 77]LogBlueprintUserMessages: daño
[2015.03.26-13.11.38:700][ 78]LogBlueprintUserMessages: daño
[2015.03.26-13.11.38:716][ 79]LogBlueprintUserMessages: daño
[2015.03.26-13.11.38:734][ 80]LogBlueprintUserMessages: 0.0
[2015.03.26-13.11.41:522][253]LogBlueprintUserMessages: 50.0
[2015.03.26-13.11.41:572][256]LogBlueprintUserMessages: 40.0
[2015.03.26-13.11.53:759][  0]LogEngine: All Windows Closed
[2015.03.26-13.11.53:759][  0]LogWindows: FPlatformMisc::RequestExit(0)
[2015.03.26-13.11.53:811][  1]LogExit: Preparing to exit.
[2015.03.26-13.11.53:901][  1]LogParticles: Destroying 0 GPU particle simulations for FXSystem 0x00000058EF33D260
[2015.03.26-13.11.53:901][  1]LogExit: Game engine shut down
[2015.03.26-13.11.53:963][  1]LogExit: Object subsystem successfully closed.
[2015.03.26-13.11.54:021][  1]LogModuleManager: Shutting down and abandoning module AndroidDeviceDetection (106)
[2015.03.26-13.11.54:791][  1]LogModuleManager: Shutting down and abandoning module AutomationWorker (105)
[2015.03.26-13.11.54:791][  1]LogModuleManager: Shutting down and abandoning module CharacterAI (104)
[2015.03.26-13.11.54:791][  1]LogModuleManager: Shutting down and abandoning module AITestSuite (103)
[2015.03.26-13.11.54:791][  1]LogModuleManager: Shutting down and abandoning module GameplayDebugger (102)
[2015.03.26-13.11.54:791][  1]LogModuleManager: Shutting down and abandoning module AIModule (101)
[2015.03.26-13.11.54:791][  1]LogModuleManager: Shutting down and abandoning module GameLiveStreaming (100)
[2015.03.26-13.11.54:791][  1]LogModuleManager: Shutting down and abandoning module StreamingPauseRendering (99)
[2015.03.26-13.11.54:791][  1]LogModuleManager: Shutting down and abandoning module HTTP (98)
[2015.03.26-13.11.54:791][  1]LogModuleManager: Shutting down and abandoning module AnalyticsET (97)
[2015.03.26-13.11.54:791][  1]LogModuleManager: Shutting down and abandoning module Analytics (96)
[2015.03.26-13.11.54:791][  1]LogModuleManager: Shutting down and abandoning module ProfilerService (95)
[2015.03.26-13.11.54:975][  1]LogModuleManager: Shutting down and abandoning module TaskGraph (94)
[2015.03.26-13.11.54:975][  1]LogModuleManager: Shutting down and abandoning module SlateRemote (93)
[2015.03.26-13.11.54:975][  1]LogModuleManager: Shutting down and abandoning module CustomMeshComponent (92)
[2015.03.26-13.11.54:975][  1]LogModuleManager: Shutting down and abandoning module CableComponent (91)
[2015.03.26-13.11.54:975][  1]LogModuleManager: Shutting down and abandoning module DesktopPlatform (90)
[2015.03.26-13.11.54:975][  1]LogModuleManager: Shutting down and abandoning module DirectoryWatcher (89)
[2015.03.26-13.11.54:975][  1]LogModuleManager: Shutting down and abandoning module HotReload (88)
[2015.03.26-13.11.54:975][  1]LogModuleManager: Shutting down and abandoning module VisualStudioSourceCodeAccess (87)
[2015.03.26-13.11.54:975][  1]LogModuleManager: Shutting down and abandoning module UObjectPlugin (86)
[2015.03.26-13.11.54:975][  1]LogModuleManager: Shutting down and abandoning module SubversionSourceControl (85)
[2015.03.26-13.11.54:975][  1]LogModuleManager: Shutting down and abandoning module GitSourceControl (84)
[2015.03.26-13.11.54:975][  1]LogModuleManager: Shutting down and abandoning module SourceControl (83)
[2015.03.26-13.11.54:975][  1]LogModuleManager: Shutting down and abandoning module PerforceSourceControl (82)
[2015.03.26-13.11.54:975][  1]LogModuleManager: Shutting down and abandoning module BlankPlugin (81)
[2015.03.26-13.11.54:975][  1]LogModuleManager: Shutting down and abandoning module ScriptPlugin (80)
[2015.03.26-13.11.54:975][  1]LogModuleManager: Shutting down and abandoning module UdpMessaging (79)
[2015.03.26-13.11.54:975][  1]LogModuleManager: Shutting down and abandoning module Paper2D (78)
[2015.03.26-13.11.54:975][  1]LogModuleManager: Shutting down and abandoning module WindowsMoviePlayer (77)
[2015.03.26-13.11.54:978][  1]LogModuleManager: Shutting down and abandoning module Media (76)
[2015.03.26-13.11.54:978][  1]LogModuleManager: Shutting down and abandoning module WmfMedia (75)
[2015.03.26-13.11.54:986][  1]LogModuleManager: Shutting down and abandoning module OnlineBlueprintSupport (74)
[2015.03.26-13.11.54:986][  1]LogModuleManager: Shutting down and abandoning module PropertyEditor (73)
[2015.03.26-13.11.54:986][  1]LogModuleManager: Shutting down and abandoning module BehaviorTreeEditor (72)
[2015.03.26-13.11.54:986][  1]LogModuleManager: Shutting down and abandoning module FunctionalTesting (71)
[2015.03.26-13.11.54:986][  1]LogModuleManager: Shutting down and abandoning module CollisionAnalyzer (70)
[2015.03.26-13.11.54:986][  1]LogModuleManager: Shutting down and abandoning module WorkspaceMenuStructure (69)
[2015.03.26-13.11.54:986][  1]LogModuleManager: Shutting down and abandoning module MessageLog (68)
[2015.03.26-13.11.54:986][  1]LogModuleManager: Shutting down and abandoning module Sequencer (67)
[2015.03.26-13.11.54:986][  1]LogModuleManager: Shutting down and abandoning module AssetTools (66)
[2015.03.26-13.11.54:986][  1]LogModuleManager: Shutting down and abandoning module UMGEditor (65)
[2015.03.26-13.11.54:986][  1]LogModuleManager: Shutting down and abandoning module UMG (64)
[2015.03.26-13.11.54:986][  1]LogModuleManager: Shutting down and abandoning module Slate (63)
[2015.03.26-13.11.54:986][  1]LogModuleManager: Shutting down and abandoning module EditorStyle (62)
[2015.03.26-13.11.54:993][  1]LogModuleManager: Shutting down and abandoning module SessionServices (61)
[2015.03.26-13.11.54:993][  1]LogModuleManager: Shutting down and abandoning module SourceCodeAccess (60)
[2015.03.26-13.11.54:993][  1]LogModuleManager: Shutting down and abandoning module HeadMountedDisplay (59)
[2015.03.26-13.11.54:993][  1]LogModuleManager: Shutting down and abandoning module XAudio2 (58)
[2015.03.26-13.11.54:993][  1]LogModuleManager: Shutting down and abandoning module Networking (56)
[2015.03.26-13.11.54:993][  1]LogModuleManager: Shutting down and abandoning module Core (55)
[2015.03.26-13.11.54:993][  1]LogModuleManager: Shutting down and abandoning module KismetCompiler (54)
[2015.03.26-13.11.54:993][  1]LogModuleManager: Shutting down and abandoning module PhysXFormats (53)
[2015.03.26-13.11.54:993][  1]LogModuleManager: Shutting down and abandoning module MeshUtilities (52)
[2015.03.26-13.11.54:993][  1]LogModuleManager: Shutting down and abandoning module DerivedDataCache (51)
[2015.03.26-13.11.55:242][  1]LogDerivedDataCache: Shutdown
[2015.03.26-13.11.55:242][  1]LogModuleManager: Shutting down and abandoning module ShaderFormatOpenGL (50)
[2015.03.26-13.11.55:242][  1]LogModuleManager: Shutting down and abandoning module ShaderFormatD3D (49)
[2015.03.26-13.11.55:242][  1]LogModuleManager: Shutting down and abandoning module MetalShaderFormat (48)
[2015.03.26-13.11.55:242][  1]LogModuleManager: Shutting down and abandoning module TextureFormatUncompressed (47)
[2015.03.26-13.11.55:242][  1]LogModuleManager: Shutting down and abandoning module TextureFormatPVR (46)
[2015.03.26-13.11.55:242][  1]LogModuleManager: Shutting down and abandoning module TextureFormatIntelISPCTexComp (45)
[2015.03.26-13.11.55:242][  1]LogModuleManager: Shutting down and abandoning module TextureFormatDXT (44)
[2015.03.26-13.11.55:242][  1]LogModuleManager: Shutting down and abandoning module ImageWrapper (43)
[2015.03.26-13.11.55:242][  1]LogModuleManager: Shutting down and abandoning module TextureFormatASTC (42)
[2015.03.26-13.11.55:242][  1]LogModuleManager: Shutting down and abandoning module TextureFormatAndroid (41)
[2015.03.26-13.11.55:242][  1]LogModuleManager: Shutting down and abandoning module AudioFormatOpus (40)
[2015.03.26-13.11.55:242][  1]LogModuleManager: Shutting down and abandoning module AudioFormatOgg (39)
[2015.03.26-13.11.55:242][  1]LogModuleManager: Shutting down and abandoning module AudioFormatADPCM (38)
[2015.03.26-13.11.55:242][  1]LogModuleManager: Shutting down and abandoning module LinuxTargetPlatform (37)
[2015.03.26-13.11.55:242][  1]LogModuleManager: Shutting down and abandoning module LinuxServerTargetPlatform (36)
[2015.03.26-13.11.55:242][  1]LogModuleManager: Shutting down and abandoning module LinuxNoEditorTargetPlatform (35)
[2015.03.26-13.11.55:242][  1]LogModuleManager: Shutting down and abandoning module Messaging (34)
[2015.03.26-13.11.55:242][  1]LogModuleManager: Shutting down and abandoning module IOSTargetPlatform (33)
[2015.03.26-13.11.55:242][  1]LogModuleManager: Shutting down and abandoning module HTML5TargetPlatform (32)
[2015.03.26-13.11.55:242][  1]LogModuleManager: Shutting down and abandoning module Android_PVRTCTargetPlatform (31)
[2015.03.26-13.11.55:242][  1]LogModuleManager: Shutting down and abandoning module Android_ETC2TargetPlatform (30)
[2015.03.26-13.11.55:242][  1]LogModuleManager: Shutting down and abandoning module Android_ETC1TargetPlatform (29)
[2015.03.26-13.11.55:242][  1]LogModuleManager: Shutting down and abandoning module Android_ES31TargetPlatform (28)
[2015.03.26-13.11.55:242][  1]LogModuleManager: Shutting down and abandoning module Android_DXTTargetPlatform (27)
[2015.03.26-13.11.55:242][  1]LogModuleManager: Shutting down and abandoning module Android_ATCTargetPlatform (26)
[2015.03.26-13.11.55:242][  1]LogModuleManager: Shutting down and abandoning module AndroidTargetPlatform (25)
[2015.03.26-13.11.55:242][  1]LogModuleManager: Shutting down and abandoning module WindowsTargetPlatform (24)
[2015.03.26-13.11.55:242][  1]LogModuleManager: Shutting down and abandoning module WindowsServerTargetPlatform (23)
[2015.03.26-13.11.55:242][  1]LogModuleManager: Shutting down and abandoning module WindowsNoEditorTargetPlatform (22)
[2015.03.26-13.11.55:242][  1]LogModuleManager: Shutting down and abandoning module WindowsClientTargetPlatform (21)
[2015.03.26-13.11.55:243][  1]LogModuleManager: Shutting down and abandoning module TargetPlatform (20)
[2015.03.26-13.11.55:243][  1]LogModuleManager: Shutting down and abandoning module InputCore (19)
[2015.03.26-13.11.55:243][  1]LogModuleManager: Shutting down and abandoning module Settings (18)
[2015.03.26-13.11.55:243][  1]LogModuleManager: Shutting down and abandoning module OnlineSubsystem (16)
[2015.03.26-13.11.55:243][  1]LogModuleManager: Shutting down and abandoning module OculusRift (15)
[2015.03.26-13.11.55:243][  1]LogModuleManager: Shutting down and abandoning module ExampleDeviceProfileSelector (14)
[2015.03.26-13.11.55:243][  1]LogModuleManager: Shutting down and abandoning module TextureCompressor (13)
[2015.03.26-13.11.55:243][  1]LogModuleManager: Shutting down and abandoning module ShaderCore (12)
[2015.03.26-13.11.55:243][  1]LogModuleManager: Shutting down and abandoning module Landscape (11)
[2015.03.26-13.11.55:243][  1]LogModuleManager: Shutting down and abandoning module SlateRHIRenderer (10)
[2015.03.26-13.11.55:244][  1]LogModuleManager: Shutting down and abandoning module OpenGLDrv (9)
[2015.03.26-13.11.55:244][  1]LogModuleManager: Shutting down and abandoning module D3D11RHI (8)
[2015.03.26-13.11.55:244][  1]LogModuleManager: Shutting down and abandoning module Renderer (7)
[2015.03.26-13.11.55:244][  1]LogModuleManager: Shutting down and abandoning module Engine (6)
[2015.03.26-13.11.55:244][  1]LogModuleManager: Shutting down and abandoning module CoreUObject (5)
[2015.03.26-13.11.55:244][  1]LogModuleManager: Shutting down and abandoning module NetworkFile (4)
[2015.03.26-13.11.55:244][  1]LogModuleManager: Shutting down and abandoning module StreamingFile (3)
[2015.03.26-13.11.55:244][  1]LogModuleManager: Shutting down and abandoning module SandboxFile (2)
[2015.03.26-13.11.55:244][  1]LogModuleManager: Shutting down and abandoning module PakFile (1)
[2015.03.26-13.11.55:245][  1]LogExit: Exiting.
[2015.03.26-13.11.55:246][  1]Log file closed, 03/26/15 07:11:55
