Log file open, 03/16/15 14:17:17
LogInit:Display: Running engine for game: Nivel1
LogInit: Version: 4.6.1-2386410+++depot+UE4-Releases+4.6
LogInit: API Version: 2369412
LogInit: Compiled (64-bit): Dec 11 2014 21:31:39
LogInit: Compiled with Visual C++: 18.00.21005.01
LogInit: Build Configuration: Development
LogInit: Branch Name: ++depot+UE4-Releases+4.6
LogInit: Command line: 
LogInit: Base directory: C:/Program Files/Epic Games/4.6/Engine/Binaries/Win64/
LogInit: Rocket: 1
[2015.03.16-20.17.17:550][  0]LogTaskGraph: Started task graph with 3 named threads and 6 total threads.
[2015.03.16-20.17.17:607][  0]LogOnline:Warning: No default platform service specified for OnlineSubsystem
[2015.03.16-20.17.17:642][  0]LogInit: Presizing for 0 objects not considered by GC, pre-allocating 0 bytes.
[2015.03.16-20.17.17:652][  0]LogInit: Object subsystem initialized
[2015.03.16-20.17.17:655][  0]LogConsoleResponse:Warning: Skipping Unknown console variable: 'UIScaleRule = ShortestSide'
[2015.03.16-20.17.17:655][  0]LogConsoleResponse:Warning:   Found in ini file 'C:/Users/Alex/Box Sync/nivel1Juego/Nivel1/Nivel1/Saved/Config/Windows/Engine.ini', in section '[/Script/Engine.RendererSettings]'
[2015.03.16-20.17.17:655][  0]LogConsoleResponse:Warning: Skipping Unknown console variable: 'UIScaleCurve = (EditorCurveData=(Keys=),ExternalCurve=None)'
[2015.03.16-20.17.17:655][  0]LogConsoleResponse:Warning:   Found in ini file 'C:/Users/Alex/Box Sync/nivel1Juego/Nivel1/Nivel1/Saved/Config/Windows/Engine.ini', in section '[/Script/Engine.RendererSettings]'
[2015.03.16-20.17.17:655][  0]LogConsoleManager:Warning: Console variable 'r.MSAA.CompositingSampleCount' wasn't set (Priority ProjectSetting < Scalability)
[2015.03.16-20.17.17:655][  0]LogInit: Selected Device Profile: [Windows]
[2015.03.16-20.17.17:655][  0]LogInit: Applying CVar settings loaded from the selected device profile: [Windows]
[2015.03.16-20.17.17:678][  0]LogInit: Computer: ALEX-PC
[2015.03.16-20.17.17:678][  0]LogInit: User: Alex
[2015.03.16-20.17.17:678][  0]LogInit: CPU Page size=4096, Cores=4
[2015.03.16-20.17.17:678][  0]LogInit: High frequency timer resolution =2.143632 MHz
[2015.03.16-20.17.17:679][  0]LogMemory: Memory total: Physical=7.9GB (8GB approx) Virtual=8192.0GB
[2015.03.16-20.17.17:679][  0]LogMemory: Platform Memory Stats for Windows
[2015.03.16-20.17.17:679][  0]LogMemory: Process Physical Memory: 51.34 MB used, 51.34 MB peak
[2015.03.16-20.17.17:679][  0]LogMemory: Process Virtual Memory: 26.71 MB used, 26.71 MB peak
[2015.03.16-20.17.17:679][  0]LogMemory: Physical Memory: 4540.57 MB used, 8086.17 MB total
[2015.03.16-20.17.17:679][  0]LogMemory: Virtual Memory: 267.02 MB used, 8388608.00 MB total
[2015.03.16-20.17.17:740][  0]LogD3D11RHI: Found D3D11 adapter 0: NVIDIA GeForce GT 540M (Feature Level 11_0)
[2015.03.16-20.17.17:740][  0]LogD3D11RHI: Adapter has 1998MB of dedicated video memory, 0MB of dedicated system memory, and 2047MB of shared system memory, 1 output[s]
[2015.03.16-20.17.17:740][  0]LogD3D11RHI: Chosen D3D11 Adapter Id = 0
[2015.03.16-20.17.17:749][  0]LogRHI: Texture pool is 1361 MB (70% of 1945 MB)
[2015.03.16-20.17.17:770][  0]LogD3D11RHI: Async texture creation enabled
[2015.03.16-20.17.17:852][  0]LogTextLocalizationManager: The requested culture ('es_MX') has no localization data; parent culture's ('es') localization data will be used.
[2015.03.16-20.17.17:986][  0]LogContentStreaming: Texture pool size is 0.000000MB
[2015.03.16-20.17.25:366][  0]LogTargetPlatformManager:Display: Building Assets For Windows
[2015.03.16-20.17.26:043][  0]LogTargetPlatformManager:Display: Building Assets For Windows
[2015.03.16-20.17.26:130][  0]LogDerivedDataCache:Display: Max Cache Size: 512 MB
[2015.03.16-20.17.26:179][  0]LogDerivedDataCache: Loaded boot cache 0.05s 45MB C:/Users/Alex/AppData/Local/UnrealEngine/4.6/DerivedDataCache/Boot.ddc.
[2015.03.16-20.17.26:179][  0]LogDerivedDataCache:Display: Loaded Boot cache: C:/Users/Alex/AppData/Local/UnrealEngine/4.6/DerivedDataCache/Boot.ddc
[2015.03.16-20.17.26:179][  0]LogDerivedDataCache: FDerivedDataBackendGraph:  Pak pak cache file ../../../../../../Users/Alex/Box Sync/nivel1Juego/Nivel1/Nivel1/DerivedDataCache/DDC.ddp not found, will not use a pak cache.
[2015.03.16-20.17.26:179][  0]LogDerivedDataCache: Unable to find inner node Pak for hierarchical cache Hierarchy.
[2015.03.16-20.17.26:265][  0]LogDerivedDataCache:Display: Pak cache opened for reading ../../../Engine/DerivedDataCache/DDC.ddp.
[2015.03.16-20.17.26:277][  0]LogDerivedDataCache: Using Local data cache path C:/Users/Alex/AppData/Local/UnrealEngine/Common/DerivedDataCache: Writable
[2015.03.16-20.17.26:453][  0]LogCollisionProfile:Warning: Profile (UI) - Custom Channel Name = 'Weapon' hasn't been found
[2015.03.16-20.17.26:649][  0]LogMeshUtilities: No automatic mesh reduction module available
[2015.03.16-20.17.26:649][  0]LogMeshUtilities: No automatic mesh merging module available
[2015.03.16-20.17.27:277][  0]LogInit: WinSock: version 1.1 (2.2), MaxSocks=32767, MaxUdp=65467
[2015.03.16-20.17.27:387][  0]LogSlate:Warning: Failed to load font data from '../../../Engine/Content/Slate/Fonts/Roboto-Italic.ttf'
[2015.03.16-20.17.28:557][  0]UdpMessaging: Initializing bridge on interface 0.0.0.0:0 to multicast group 230.0.0.1:6666.
[2015.03.16-20.17.28:804][  0]LogDirectoryWatcher:Warning: Failed to begin reading directory changes for C:/Users/Alex/Box Sync/nivel1Juego/Nivel1/Nivel1/Binaries/Win64. Error: 0
[2015.03.16-20.17.29:048][  0]SourceControl: Información El control de código fuente está desactivado
[2015.03.16-20.17.29:049][  0]SourceControl: Información El control de código fuente está desactivado
[2015.03.16-20.17.29:063][  0]SourceControl: Información El control de código fuente está desactivado
[2015.03.16-20.17.29:280][  0]LogObj: 23754 objects as part of root set at end of initial load.
[2015.03.16-20.17.29:280][  0]LogUObjectAllocator: 5168136 out of 0 bytes used by permanent object pool.
[2015.03.16-20.17.29:355][  0]LogEngine: Initializing Engine...
[2015.03.16-20.17.29:552][  0]LogInit: XAudio2 using 'Altavoces (Realtek High Definition Audio)' : 2 channels at 48 kHz using 32 bits per sample (channel mask 0x3)
[2015.03.16-20.17.29:598][  0]LogInit: FAudioDevice initialized.
[2015.03.16-20.17.29:633][  0]LogAIModule: Creating AISystem for world NewWorld
[2015.03.16-20.17.29:661][  0]LogDerivedDataCache: Saved boot cache 0.03s 45MB C:/Users/Alex/AppData/Local/UnrealEngine/4.6/DerivedDataCache/Boot.ddc.
[2015.03.16-20.17.29:667][  0]LogInit: Texture streaming: Enabled
[2015.03.16-20.17.29:719][  0]LogAnalytics: Creating configured Analytics provider AnalyticsET
[2015.03.16-20.17.29:719][  0]LogAnalytics: ET APIKey = Rocket.Release. APIServer = http://et2.epicgames.com/ET2/. AppVersion = 4.6.1-2386410+++depot+UE4-Releases+4.6
[2015.03.16-20.17.29:722][  0]LogAnalytics: SetUserId 5051fe08844b1b8658fde11713484238
[2015.03.16-20.17.29:722][  0]LogAnalytics: AnalyticsET::StartSession [Rocket.Release]
[2015.03.16-20.17.29:749][  0]LogInit: Transaction tracking system initialized
[2015.03.16-20.17.29:927][  0]BlueprintLog: New page: Cargar el editor
[2015.03.16-20.17.29:971][  0]LogAssetRegistry: FAssetRegistry took 0.0100 seconds to start up
[2015.03.16-20.17.29:972][  0]LogDirectoryWatcher:Warning: Failed to begin reading directory changes for ../../../Engine/Plugins/Experimental/CharacterAI/Content/. Error: 0
[2015.03.16-20.17.30:750][  0]LogTargetPlatformManager:Display: Building Assets For Windows
[2015.03.16-20.17.31:277][  0]LogTargetPlatformManager:Display: Building Assets For Windows
[2015.03.16-20.17.31:677][  0]LogConsoleResponse:Display: 
[2015.03.16-20.17.31:737][  0]LogLinker:Warning: Asset '../../../Engine/Content/Functions/Engine_MaterialFunctions03/Procedurals/ComputeFilterWidth.uasset' has been saved with empty engine version. The asset will be loaded but may be incompatible.
[2015.03.16-20.17.32:042][  0]SourceControl: Información El control de código fuente está desactivado
[2015.03.16-20.17.32:042][  0]Cmd: MAP LOAD FILE="../../../../../../Users/Alex/Box Sync/nivel1Juego/Nivel1/Nivel1/Content/Maps/Example_Map.umap" TEMPLATE=0 SHOWPROGRESS=1
[2015.03.16-20.17.32:053][  0]LightingResults: New page: Diseñar la iluminación
[2015.03.16-20.17.32:070][  0]MapCheck: New page: Revisión del mapa
[2015.03.16-20.17.32:070][  0]LightingResults: New page: Diseñar la iluminación
[2015.03.16-20.17.32:077][  0]LogParticles: Destroying 0 GPU particle simulations for FXSystem 0x000000001D0C6AC0
[2015.03.16-20.17.33:040][  0]LogEditorServer: Finished looking for orphan Actors (0.000 secs)
[2015.03.16-20.17.33:041][  0]LogAIModule: Creating AISystem for world Example_Map
[2015.03.16-20.17.33:057][  0]Cmd: MAP CHECKDEP
[2015.03.16-20.17.33:057][  0]MapCheck: New page: Example_Map - 16/03/2015 08:17:33
[2015.03.16-20.17.33:198][  0]MapCheck: Información Map check complete: 0 Error(s), 0 Warning(s), took 141.491ms to complete.
[2015.03.16-20.17.33:198][  0]LogFileHelpers: Loading map 'Example_Map' took 1.156
[2015.03.16-20.17.33:449][  0]LogCollectionManager: Loaded 0 collections in 0.001711 seconds
[2015.03.16-20.17.33:971][  0]LogCrashTracker: Crashtracker disabled due to settings.
[2015.03.16-20.17.34:004][  0]LogUObjectGlobals:Warning: Error al encontrar el objeto 'Class Ninguno.'
[2015.03.16-20.17.34:055][  0]LogLoad: Full Startup: 18.97 seconds (BP compile: 0.06 seconds)
[2015.03.16-20.17.34:398][  0]LogContentBrowser:Verbose: The content browser source was changed by the sources view to '/Game/Blueprints'
[2015.03.16-20.17.34:599][  0]LogRenderer:Warning: Reallocating scene render targets to support 496x608.
[2015.03.16-20.17.35:666][  3]LogAssetRegistry: Asset discovery search completed in 5.7056 seconds
[2015.03.16-20.18.32:067][360]LogContentBrowser:Verbose: The content browser source was changed by the sources view to '/Game/Maps'
[2015.03.16-20.18.37:922][410]Cmd: MAP LOAD FILE="../../../../../../Users/Alex/Box Sync/nivel1Juego/Nivel1/Nivel1/Content/Maps/nivel1.umap" TEMPLATE=0 SHOWPROGRESS=1
[2015.03.16-20.18.37:922][410]LightingResults: New page: Diseñar la iluminación
[2015.03.16-20.18.37:968][410]LoadErrors: New page: Cargando mapa: nivel1.umap
[2015.03.16-20.18.37:968][410]MapCheck: New page: Revisión del mapa
[2015.03.16-20.18.37:969][410]LightingResults: New page: Diseñar la iluminación
[2015.03.16-20.18.37:985][410]LogParticles: Destroying 0 GPU particle simulations for FXSystem 0x000000001A4E23E0
[2015.03.16-20.18.38:008][410]LogEditorServer: Finished looking for orphan Actors (0.000 secs)
[2015.03.16-20.18.38:034][410]LogAIModule: Creating AISystem for world nivel1
[2015.03.16-20.18.38:212][410]Cmd: MAP CHECKDEP
[2015.03.16-20.18.38:212][410]MapCheck: New page: nivel1 - 16/03/2015 08:18:38
[2015.03.16-20.18.38:411][410]MapCheck: Información Map check complete: 0 Error(s), 0 Warning(s), took 198.601ms to complete.
[2015.03.16-20.18.38:413][410]LogFileHelpers: Loading map 'nivel1' took 0.493
[2015.03.16-20.19.05:497][465]LogContentBrowser:Verbose: The content browser source was changed by the sources view to '/Game/Character'
[2015.03.16-20.19.11:629][726]LogSkeletalMesh: InitArticulated: Bodies already created (/Engine/Transient.DebugSkelMeshComponent_0) - call TermArticulated first.
[2015.03.16-20.19.12:475][726]LogContentBrowser:Verbose: The majority of assets in the view are of type: AnimSequence
[2015.03.16-20.19.12:606][726]LogRenderer:Warning: Reallocating scene render targets to support 528x608.
[2015.03.16-20.20.22:621][314]LogSkeletalMesh: InitArticulated: Bodies already created (/Engine/Transient.DebugSkelMeshComponent_2) - call TermArticulated first.
[2015.03.16-20.20.22:699][314]LogContentBrowser:Verbose: The majority of assets in the view are of type: AnimSequence
[2015.03.16-20.20.55:791][864]LogBlendSpaceBase:Warning: Parameter invalid
[2015.03.16-20.21.42:809][982]LogRenderer:Warning: Reallocating scene render targets to support 696x608.
[2015.03.16-20.23.00:494][485]LogBlendSpaceBase:Warning: Parameter invalid
[2015.03.16-20.23.42:681][392]LogSkeletalMesh: InitArticulated: Bodies already created (/Engine/Transient.DebugSkelMeshComponent_4) - call TermArticulated first.
[2015.03.16-20.23.42:980][392]LogContentBrowser:Verbose: The majority of assets in the view are of type: AnimSequence
[2015.03.16-20.24.42:069][ 75]LogActorComponent: UnregisterComponent: (/Engine/Transient.CharacterMovementComponent_0) Not registered. Aborting.
[2015.03.16-20.24.42:069][ 75]LogActorComponent: UnregisterComponent: (/Engine/Transient.ProjectileMovementComponent_0) Not registered. Aborting.
[2015.03.16-20.24.42:069][ 75]LogActorComponent: UnregisterComponent: (/Engine/Transient.CharacterMovementComponent_1) Not registered. Aborting.
[2015.03.16-20.24.42:083][ 75]LogParticles: Destroying 0 GPU particle simulations for FXSystem 0x000000001AF9E520
[2015.03.16-20.24.42:083][ 75]LogParticles: Destroying 0 GPU particle simulations for FXSystem 0x00000000262F5DA0
[2015.03.16-20.24.42:083][ 75]LogParticles: Destroying 0 GPU particle simulations for FXSystem 0x000000002C944720
[2015.03.16-20.24.42:083][ 75]LogParticles: Destroying 0 GPU particle simulations for FXSystem 0x0000000024DC1260
[2015.03.16-20.24.42:084][ 75]LogParticles: Destroying 0 GPU particle simulations for FXSystem 0x0000000026611580
[2015.03.16-20.24.42:084][ 75]LogParticles: Destroying 0 GPU particle simulations for FXSystem 0x000000001C3E7D80
[2015.03.16-20.24.42:084][ 75]LogParticles: Destroying 0 GPU particle simulations for FXSystem 0x000000001A2D65C0
[2015.03.16-20.24.47:402][298]LogContentBrowser:Verbose: The content browser source was changed by the sources view to '/Game/Blueprints'
[2015.03.16-20.24.50:793][499]LogContentBrowser:Verbose: The content browser source was changed by the sources view to '/Game/Character'
[2015.03.16-20.25.01:423][107]BlueprintLog: New page: Volver a compilar automáticamente la reproducción en el editor (PIE) anterior
[2015.03.16-20.25.01:423][107]LogPlayLevel: [PIE] Compiling nivel1 before PIE...
[2015.03.16-20.25.01:718][107]LogActorComponent: UnregisterComponent: (/Engine/Transient.CharacterMovementComponent_2) Not registered. Aborting.
[2015.03.16-20.25.01:718][107]LogActorComponent: UnregisterComponent: (/Engine/Transient.ProjectileMovementComponent_1) Not registered. Aborting.
[2015.03.16-20.25.01:718][107]LogActorComponent: UnregisterComponent: (/Engine/Transient.CharacterMovementComponent_3) Not registered. Aborting.
[2015.03.16-20.25.01:732][107]LogPlayLevel: PIE:  Blueprint regeneration took 309 ms (1 blueprints)
[2015.03.16-20.25.01:733][107]PIE: New page: Sesión PIE (reproducción en el editor): nivel1 (16/03/2015 08:25:01)
[2015.03.16-20.25.01:786][107]LogPlayLevel: PIE: StaticDuplicateObject took: (0.039453s)
[2015.03.16-20.25.01:787][107]LogPlayLevel: PIE: World Init took: (0.000759s)
[2015.03.16-20.25.01:787][107]LogPlayLevel: PIE: Created PIE world by copying editor world from /Game/Maps/nivel1.nivel1 to /Game/Maps/UEDPIE_0_nivel1.nivel1 (0.054049s)
[2015.03.16-20.25.02:617][107]LogAnimation:Warning: UAnimMontage::PostLoad: The actual sequence length for montage FPP_Fire_Montage does not match the length stored in the asset, please resave the montage asset.
[2015.03.16-20.25.02:640][107]BlueprintLog:Warning: Aviso El Blueprint MyHUD se ha migrado y necesita volver a guardarse para evitar errores de importación
[2015.03.16-20.25.02:642][107]BlueprintLog:Warning: Aviso El Blueprint MyGame se ha migrado y necesita volver a guardarse para evitar errores de importación
[2015.03.16-20.25.02:649][107]LogWorld: Game class is 'MyGame_C'
[2015.03.16-20.25.02:652][107]LogAIModule: Creating AISystem for world nivel1
[2015.03.16-20.25.02:658][107]LogWorld:Warning: *** WARNING - PATHS MAY NOT BE VALID ***
[2015.03.16-20.25.02:658][107]LogWorld: Bringing World /Game/Maps/UEDPIE_0_nivel1.nivel1 up for play (max tick rate 60) at 2015.03.16-14.25.02
[2015.03.16-20.25.02:830][107]LogWorld: Bringing up level for play took: 0.178269
[2015.03.16-20.25.02:943][107]PIE: Información Tiempo de inicio de la reproducción en el editor para  /Game/Maps/UEDPIE_0_nivel1 1.217
[2015.03.16-20.25.03:295][108]LogCharacterMovement:Warning: GetSimulationTimeStep() - Max iterations 8 hit while remaining time 0.074531 > MaxSimulationTimeStep (0.050) for 'MyCharacter_C_0'
[2015.03.16-20.25.11:416][589]LogBlueprintUserMessages: 90.0
[2015.03.16-20.25.11:583][599]LogBlueprintUserMessages: 80.0
[2015.03.16-20.25.11:734][608]LogBlueprintUserMessages: 70.0
[2015.03.16-20.25.11:899][618]LogBlueprintUserMessages: 60.0
[2015.03.16-20.25.12:051][627]LogBlueprintUserMessages: 50.0
[2015.03.16-20.25.12:217][637]LogBlueprintUserMessages: 40.0
[2015.03.16-20.25.12:385][647]LogBlueprintUserMessages: 30.0
[2015.03.16-20.25.12:550][657]LogBlueprintUserMessages: 20.0
[2015.03.16-20.25.12:701][666]LogBlueprintUserMessages: 10.0
[2015.03.16-20.25.12:851][675]LogBlueprintUserMessages: 0.0
[2015.03.16-20.25.13:384][707]LogBlueprintUserMessages: 90.0
[2015.03.16-20.25.13:400][708]LogBlueprintUserMessages: 80.0
[2015.03.16-20.25.13:566][718]LogBlueprintUserMessages: 70.0
[2015.03.16-20.25.14:480][772]LogBlueprintUserMessages: 60.0
[2015.03.16-20.25.14:630][781]LogBlueprintUserMessages: 50.0
[2015.03.16-20.25.14:631][781]LogBlueprintUserMessages: 40.0
[2015.03.16-20.25.14:647][782]LogBlueprintUserMessages: 30.0
[2015.03.16-20.25.14:665][783]LogBlueprintUserMessages: 20.0
[2015.03.16-20.25.14:698][785]LogBlueprintUserMessages: 10.0
[2015.03.16-20.25.14:784][790]LogBlueprintUserMessages: 0.0
[2015.03.16-20.25.17:549][956]LogBlueprintUserMessages: 90.0
[2015.03.16-20.25.17:666][963]LogBlueprintUserMessages: 80.0
[2015.03.16-20.25.17:799][971]LogBlueprintUserMessages: 70.0
[2015.03.16-20.25.17:852][974]LogBlueprintUserMessages: 60.0
[2015.03.16-20.25.18:021][984]LogBlueprintUserMessages: 50.0
[2015.03.16-20.25.18:173][993]LogBlueprintUserMessages: 40.0
[2015.03.16-20.25.18:340][  3]LogBlueprintUserMessages: 30.0
[2015.03.16-20.25.18:507][ 13]LogBlueprintUserMessages: 20.0
[2015.03.16-20.25.18:675][ 23]LogBlueprintUserMessages: 10.0
[2015.03.16-20.25.18:859][ 34]LogBlueprintUserMessages: 0.0
[2015.03.16-20.25.20:691][144]LogBlueprintUserMessages: 90.0
[2015.03.16-20.25.20:842][153]LogBlueprintUserMessages: 80.0
[2015.03.16-20.25.20:924][158]LogBlueprintUserMessages: 70.0
[2015.03.16-20.25.21:074][167]LogBlueprintUserMessages: 60.0
[2015.03.16-20.25.21:124][170]LogBlueprintUserMessages: 50.0
[2015.03.16-20.25.21:309][181]LogBlueprintUserMessages: 40.0
[2015.03.16-20.25.21:325][182]LogBlueprintUserMessages: 30.0
[2015.03.16-20.25.21:409][187]LogBlueprintUserMessages: 20.0
[2015.03.16-20.25.21:526][194]LogBlueprintUserMessages: 10.0
[2015.03.16-20.25.21:560][196]LogBlueprintUserMessages: 0.0
[2015.03.16-20.25.29:041][636]LogParticles: Destroying 0 GPU particle simulations for FXSystem 0x000000001C3E67A0
[2015.03.16-20.25.35:927][ 15]LogSkeletalMesh: InitArticulated: Bodies already created (/Engine/Transient.DebugSkelMeshComponent_7) - call TermArticulated first.
[2015.03.16-20.25.38:198][ 97]LogContentBrowser:Verbose: The majority of assets in the view are of type: AnimSequence
[2015.03.16-20.25.38:260][ 98]LogRenderer:Warning: Reallocating scene render targets to support 696x624.
[2015.03.16-20.25.49:785][631]LogSkeletalMesh: InitArticulated: Bodies already created (/Engine/Transient.DebugSkelMeshComponent_9) - call TermArticulated first.
[2015.03.16-20.34.07:861][ 87]LogContentBrowser:Verbose: The content browser source was changed by the sources view to '/Game/Blueprints'
[2015.03.16-20.34.09:884][168]LogPropertyNode:Warning: UI Min (0.001) >= UI Max () for Ranged Numeric
[2015.03.16-20.34.09:949][168]LogPropertyNode:Warning: UI Min (0.001) >= UI Max () for Ranged Numeric
[2015.03.16-20.34.10:079][168]LogPropertyNode:Warning: UI Min (0.001) >= UI Max () for Ranged Numeric
[2015.03.16-20.34.10:080][168]LogPropertyNode:Warning: UI Min (0.001) >= UI Max () for Ranged Numeric
[2015.03.16-20.34.10:128][168]LogPropertyNode:Warning: UI Min (0.001) >= UI Max () for Ranged Numeric
[2015.03.16-20.34.10:129][168]LogPropertyNode:Warning: UI Min (0.001) >= UI Max () for Ranged Numeric
[2015.03.16-20.34.28:708][142]LogPropertyNode:Warning: UI Min (0.001) >= UI Max () for Ranged Numeric
[2015.03.16-20.34.28:709][142]LogPropertyNode:Warning: UI Min (0.001) >= UI Max () for Ranged Numeric
[2015.03.16-20.34.28:738][142]LogActorComponent: UnregisterComponent: (/Engine/Transient.CharacterMovementComponent_4) Not registered. Aborting.
[2015.03.16-20.34.28:738][142]LogActorComponent: UnregisterComponent: (/Engine/Transient.ProjectileMovementComponent_2) Not registered. Aborting.
[2015.03.16-20.34.28:738][142]LogActorComponent: UnregisterComponent: (/Engine/Transient.CharacterMovementComponent_5) Not registered. Aborting.
[2015.03.16-20.34.28:738][142]LogActorComponent: UnregisterComponent: (/Engine/Transient.CharacterMovementComponent_6) Not registered. Aborting.
[2015.03.16-20.34.39:095][639]LogPropertyNode:Warning: UI Min (0.001) >= UI Max () for Ranged Numeric
[2015.03.16-20.34.39:096][639]LogPropertyNode:Warning: UI Min (0.001) >= UI Max () for Ranged Numeric
[2015.03.16-20.34.39:130][639]LogActorComponent: UnregisterComponent: (/Engine/Transient.CharacterMovementComponent_7) Not registered. Aborting.
[2015.03.16-20.34.45:026][912]LogPropertyNode:Warning: UI Min (0.001) >= UI Max () for Ranged Numeric
[2015.03.16-20.34.45:027][912]LogPropertyNode:Warning: UI Min (0.001) >= UI Max () for Ranged Numeric
[2015.03.16-20.34.45:059][912]LogActorComponent: UnregisterComponent: (/Engine/Transient.CharacterMovementComponent_8) Not registered. Aborting.
[2015.03.16-20.34.47:000][994]LogPropertyNode:Warning: UI Min (0.001) >= UI Max () for Ranged Numeric
[2015.03.16-20.34.47:002][994]LogPropertyNode:Warning: UI Min (0.001) >= UI Max () for Ranged Numeric
[2015.03.16-20.34.47:034][994]LogActorComponent: UnregisterComponent: (/Engine/Transient.CharacterMovementComponent_9) Not registered. Aborting.
[2015.03.16-20.34.50:679][161]LogPropertyNode:Warning: UI Min (0.001) >= UI Max () for Ranged Numeric
[2015.03.16-20.34.50:680][161]LogPropertyNode:Warning: UI Min (0.001) >= UI Max () for Ranged Numeric
[2015.03.16-20.34.50:713][161]LogActorComponent: UnregisterComponent: (/Engine/Transient.CharacterMovementComponent_10) Not registered. Aborting.
[2015.03.16-20.35.01:028][659]LogPropertyNode:Warning: UI Min (0.001) >= UI Max () for Ranged Numeric
[2015.03.16-20.35.01:029][659]LogPropertyNode:Warning: UI Min (0.001) >= UI Max () for Ranged Numeric
[2015.03.16-20.35.01:061][659]LogActorComponent: UnregisterComponent: (/Engine/Transient.CharacterMovementComponent_11) Not registered. Aborting.
[2015.03.16-20.35.05:835][882]LogPropertyNode:Warning: UI Min (0.001) >= UI Max () for Ranged Numeric
[2015.03.16-20.35.05:836][882]LogPropertyNode:Warning: UI Min (0.001) >= UI Max () for Ranged Numeric
[2015.03.16-20.35.05:868][882]LogActorComponent: UnregisterComponent: (/Engine/Transient.CharacterMovementComponent_12) Not registered. Aborting.
[2015.03.16-20.35.05:873][882]BlueprintLog: New page: Compilar dino
[2015.03.16-20.35.05:912][882]LogPropertyNode:Warning: UI Min (0.001) >= UI Max () for Ranged Numeric
[2015.03.16-20.35.05:913][882]LogPropertyNode:Warning: UI Min (0.001) >= UI Max () for Ranged Numeric
[2015.03.16-20.35.06:037][882]LogParticles: Destroying 0 GPU particle simulations for FXSystem 0x0000000026611580
[2015.03.16-20.35.06:038][882]LogParticles: Destroying 0 GPU particle simulations for FXSystem 0x0000000029EA28E0
[2015.03.16-20.35.06:104][882]LogPropertyNode:Warning: UI Min (0.001) >= UI Max () for Ranged Numeric
[2015.03.16-20.35.06:106][882]LogPropertyNode:Warning: UI Min (0.001) >= UI Max () for Ranged Numeric
[2015.03.16-20.35.06:237][882]Cmd: OBJ SAVEPACKAGE PACKAGE="/Game/Blueprints/dino" FILE="../../../../../../Users/Alex/Box Sync/nivel1Juego/Nivel1/Nivel1/Content/Blueprints/dino.uasset" SILENT=true
[2015.03.16-20.35.06:627][882]LogSavePackage: Save=240.942001ms
[2015.03.16-20.35.06:627][882]LogSavePackage: Moving '../../../../../../Users/Alex/Box Sync/nivel1Juego/Nivel1/Nivel1/Saved/dinoC47A9C614D4A461744E79B810A7D7083.tmp' to '../../../../../../Users/Alex/Box Sync/nivel1Juego/Nivel1/Nivel1/Content/Blueprints/dino.uasset'
[2015.03.16-20.35.06:638][882]BlueprintEditorCompileResults: Información [1071.52] Compile of dino successful! [in 753 ms]
[2015.03.16-20.36.24:677][243]BlueprintLog: New page: Compilar AnimBluDino
[2015.03.16-20.36.24:689][243]LogBlueprint:Warning: [compiler] Aviso  idle a Movimiento  will never be taken, please connect something to  Can Enter Transition 
[2015.03.16-20.36.24:741][243]LogActorComponent: UnregisterComponent: (/Engine/Transient.CharacterMovementComponent_13) Not registered. Aborting.
[2015.03.16-20.36.24:891][243]Cmd: OBJ SAVEPACKAGE PACKAGE="/Game/Character/AnimBluDino" FILE="../../../../../../Users/Alex/Box Sync/nivel1Juego/Nivel1/Nivel1/Content/Character/AnimBluDino.uasset" SILENT=true
[2015.03.16-20.36.25:187][243]LogSavePackage: Save=247.014877ms
[2015.03.16-20.36.25:187][243]LogSavePackage: Moving '../../../../../../Users/Alex/Box Sync/nivel1Juego/Nivel1/Nivel1/Saved/AnimBluDino81EBB84045F46B043135959B9CBEF292.tmp' to '../../../../../../Users/Alex/Box Sync/nivel1Juego/Nivel1/Nivel1/Content/Character/AnimBluDino.uasset'
[2015.03.16-20.36.25:202][243]LogBlueprint:Warning: [compiler] Aviso [1150.08] Compile of AnimBluDino successful, but with 1 Warning(s) [in 519 ms]
[2015.03.16-20.36.25:202][243]BlueprintEditorCompileResults: Información  Result  was visible but ignored
[2015.03.16-20.36.25:202][243]BlueprintEditorCompileResults:Warning: Aviso  idle a Movimiento  will never be taken, please connect something to  Can Enter Transition 
[2015.03.16-20.36.25:202][243]BlueprintEditorCompileResults:Warning: Aviso [1150.08] Compile of AnimBluDino successful, but with 1 Warning(s) [in 519 ms]
[2015.03.16-20.36.30:838][485]BlueprintLog: New page: Compilar AnimBluDino
[2015.03.16-20.36.30:849][485]LogBlueprint:Warning: [compiler] Aviso  idle a Movimiento  will never be taken, please connect something to  Can Enter Transition 
[2015.03.16-20.36.30:967][485]LogBlueprint:Warning: [compiler] Aviso [1155.85] Compile of AnimBluDino successful, but with 1 Warning(s) [in 124 ms]
[2015.03.16-20.36.30:967][485]BlueprintEditorCompileResults: Información  Result  was visible but ignored
[2015.03.16-20.36.30:967][485]BlueprintEditorCompileResults:Warning: Aviso  idle a Movimiento  will never be taken, please connect something to  Can Enter Transition 
[2015.03.16-20.36.30:967][485]BlueprintEditorCompileResults:Warning: Aviso [1155.85] Compile of AnimBluDino successful, but with 1 Warning(s) [in 124 ms]
[2015.03.16-20.37.10:543][ 60]BlueprintLog: New page: Compilar AnimBluDino
[2015.03.16-20.37.10:730][ 60]Cmd: OBJ SAVEPACKAGE PACKAGE="/Game/Character/AnimBluDino" FILE="../../../../../../Users/Alex/Box Sync/nivel1Juego/Nivel1/Nivel1/Content/Character/AnimBluDino.uasset" SILENT=true
[2015.03.16-20.37.11:036][ 60]LogSavePackage: Save=256.669525ms
[2015.03.16-20.37.11:036][ 60]LogSavePackage: Moving '../../../../../../Users/Alex/Box Sync/nivel1Juego/Nivel1/Nivel1/Saved/AnimBluDinoD603A01844A16199518FFDAFB2F32BA9.tmp' to '../../../../../../Users/Alex/Box Sync/nivel1Juego/Nivel1/Nivel1/Content/Character/AnimBluDino.uasset'
[2015.03.16-20.37.11:057][ 60]BlueprintEditorCompileResults: Información  Result  was visible but ignored
[2015.03.16-20.37.11:057][ 60]BlueprintEditorCompileResults: Información [1195.94] Compile of AnimBluDino successful! [in 508 ms]
[2015.03.16-20.38.00:793][149]LogContentBrowser:Verbose: The majority of assets in the view are of type: AnimSequence
[2015.03.16-20.38.54:524][419]BlueprintLog: New page: Compilar AnimBluDino
[2015.03.16-20.38.54:614][419]LogParticles: Destroying 0 GPU particle simulations for FXSystem 0x0000000023A2F6A0
[2015.03.16-20.38.54:615][419]LogParticles: Destroying 0 GPU particle simulations for FXSystem 0x0000000033166480
[2015.03.16-20.38.54:615][419]LogParticles: Destroying 0 GPU particle simulations for FXSystem 0x0000000020CFA8E0
[2015.03.16-20.38.54:616][419]LogParticles: Destroying 0 GPU particle simulations for FXSystem 0x0000000026A66F20
[2015.03.16-20.38.54:719][419]Cmd: OBJ SAVEPACKAGE PACKAGE="/Game/Character/AnimBluDino" FILE="../../../../../../Users/Alex/Box Sync/nivel1Juego/Nivel1/Nivel1/Content/Character/AnimBluDino.uasset" SILENT=true
[2015.03.16-20.38.55:028][419]LogSavePackage: Save=257.552124ms
[2015.03.16-20.38.55:028][419]LogSavePackage: Moving '../../../../../../Users/Alex/Box Sync/nivel1Juego/Nivel1/Nivel1/Saved/AnimBluDinoB802AC2043266110CB2A3FBA9EB02A3F.tmp' to '../../../../../../Users/Alex/Box Sync/nivel1Juego/Nivel1/Nivel1/Content/Character/AnimBluDino.uasset'
[2015.03.16-20.38.55:036][419]BlueprintEditorCompileResults: Información [1299.91] Compile of AnimBluDino successful! [in 506 ms]
[2015.03.16-20.38.56:685][486]Cmd: OBJ SAVEPACKAGE PACKAGE="/Game/Character/AnimBluDino" FILE="../../../../../../Users/Alex/Box Sync/nivel1Juego/Nivel1/Nivel1/Content/Character/AnimBluDino.uasset" SILENT=true
[2015.03.16-20.38.56:743][486]LogSavePackage: Save=12.650959ms
[2015.03.16-20.38.56:743][486]LogSavePackage: Moving '../../../../../../Users/Alex/Box Sync/nivel1Juego/Nivel1/Nivel1/Saved/AnimBluDinoF684A4AF43CA8F4E1D296B9CF5BA0AF7.tmp' to '../../../../../../Users/Alex/Box Sync/nivel1Juego/Nivel1/Nivel1/Content/Character/AnimBluDino.uasset'
[2015.03.16-20.39.04:991][799]LogSavePackage: Save=402.721161ms
[2015.03.16-20.39.04:991][799]LogSavePackage: Moving '../../../../../../Users/Alex/Box Sync/nivel1Juego/Nivel1/Nivel1/Saved/nivel1_Auto1491D001345A4EFE1F0F0FAA2AE87496A.tmp' to '../../../../../../Users/Alex/Box Sync/nivel1Juego/Nivel1/Nivel1/Saved/Autosaves/Game/Maps/nivel1_Auto1.umap'
[2015.03.16-20.39.04:999][799]LogFileHelpers: Editor autosave (incl. sublevels) for '/Game/Maps/nivel1' took 0.541
[2015.03.16-20.39.04:999][799]LogFileHelpers: Editor autosave (incl. sublevels) for all levels took 0.541
[2015.03.16-20.39.06:241][846]LogContentBrowser:Verbose: The majority of assets in the view are of type: AnimSequence
[2015.03.16-20.39.16:074][228]LogContentBrowser:Verbose: The majority of assets in the view are of type: AnimSequence
[2015.03.16-20.39.24:344][584]LogPropertyNode:Warning: UI Min (0.001) >= UI Max () for Ranged Numeric
[2015.03.16-20.39.24:349][584]LogPropertyNode:Warning: UI Min (0.001) >= UI Max () for Ranged Numeric
[2015.03.16-20.39.24:435][584]LogPropertyNode:Warning: UI Min (0.001) >= UI Max () for Ranged Numeric
[2015.03.16-20.39.24:436][584]LogPropertyNode:Warning: UI Min (0.001) >= UI Max () for Ranged Numeric
[2015.03.16-20.39.35:781][182]LogPropertyNode:Warning: UI Min (0.001) >= UI Max () for Ranged Numeric
[2015.03.16-20.44.17:962][189]LogContentBrowser:Verbose: The content browser source was changed by the sources view to '/Game/Character'
[2015.03.16-20.44.19:794][271]LogSkeletalMesh: InitArticulated: Bodies already created (/Engine/Transient.DebugSkelMeshComponent_17) - call TermArticulated first.
[2015.03.16-20.47.26:164][782]Cmd: OBJ SAVEPACKAGE PACKAGE="/Game/Character/AnimBluDino" FILE="../../../../../../Users/Alex/Box Sync/nivel1Juego/Nivel1/Nivel1/Content/Character/AnimBluDino.uasset" SILENT=true
[2015.03.16-20.47.26:399][782]LogSavePackage: Save=193.003738ms
[2015.03.16-20.47.26:399][782]LogSavePackage: Moving '../../../../../../Users/Alex/Box Sync/nivel1Juego/Nivel1/Nivel1/Saved/AnimBluDinoA06D29B84D16B9E951664D93EC926DAD.tmp' to '../../../../../../Users/Alex/Box Sync/nivel1Juego/Nivel1/Nivel1/Content/Character/AnimBluDino.uasset'
[2015.03.16-20.47.26:872][805]BlueprintLog: New page: Compilar AnimBluDino
[2015.03.16-20.47.26:974][805]LogActorComponent: UnregisterComponent: (/Engine/Transient.CharacterMovementComponent_14) Not registered. Aborting.
[2015.03.16-20.47.26:974][805]LogActorComponent: UnregisterComponent: (/Engine/Transient.ProjectileMovementComponent_3) Not registered. Aborting.
[2015.03.16-20.47.26:974][805]LogActorComponent: UnregisterComponent: (/Engine/Transient.CharacterMovementComponent_15) Not registered. Aborting.
[2015.03.16-20.47.26:974][805]LogActorComponent: UnregisterComponent: (/Engine/Transient.CharacterMovementComponent_16) Not registered. Aborting.
[2015.03.16-20.47.26:992][805]LogParticles: Destroying 0 GPU particle simulations for FXSystem 0x000000001C9A63E0
[2015.03.16-20.47.26:993][805]LogParticles: Destroying 0 GPU particle simulations for FXSystem 0x0000000038046840
[2015.03.16-20.47.26:993][805]LogParticles: Destroying 0 GPU particle simulations for FXSystem 0x0000000032CD5EE0
[2015.03.16-20.47.26:994][805]LogParticles: Destroying 0 GPU particle simulations for FXSystem 0x00000000321847C0
[2015.03.16-20.47.26:994][805]LogParticles: Destroying 0 GPU particle simulations for FXSystem 0x0000000038046160
[2015.03.16-20.47.27:008][805]BlueprintEditorCompileResults: Información [1811.87] Compile of AnimBluDino successful! [in 132 ms]
[2015.03.16-20.47.46:864][414]LogPropertyNode:Warning: UI Min (0.001) >= UI Max () for Ranged Numeric
[2015.03.16-20.47.59:438][924]LogContentBrowser:Verbose: The content browser source was changed by the sources view to '/Game/Character'
[2015.03.16-20.48.09:507][504]LogSkeletalMesh: InitArticulated: Bodies already created (/Engine/Transient.DebugSkelMeshComponent_19) - call TermArticulated first.
[2015.03.16-20.48.09:640][504]LogContentBrowser:Verbose: The majority of assets in the view are of type: AnimSequence
[2015.03.16-20.48.42:059][175]LogRenderer:Warning: Reallocating scene render targets to support 768x624.
[2015.03.16-20.49.05:897][554]LogParticles: Destroying 0 GPU particle simulations for FXSystem 0x0000000026A67F60
[2015.03.16-20.49.05:897][554]LogParticles: Destroying 0 GPU particle simulations for FXSystem 0x000000003349E660
[2015.03.16-20.49.05:897][554]LogParticles: Destroying 0 GPU particle simulations for FXSystem 0x0000000033F94F40
[2015.03.16-20.49.05:900][554]LogFileHelpers: Editor autosave (incl. sublevels) for '/Game/Maps/nivel1' took 0.027
[2015.03.16-20.49.05:936][554]OBJ SavePackage: Generating thumbnails for [1] asset(s) in package [/Game/Character/montageDino] ([1] browsable assets)...
[2015.03.16-20.49.05:975][554]OBJ SavePackage:     Rendered thumbnail for [AnimMontage /Game/Character/montageDino.montageDino]
[2015.03.16-20.49.05:975][554]OBJ SavePackage: Finished generating thumbnails for package [/Game/Character/montageDino]
[2015.03.16-20.49.06:217][554]LogSavePackage: Save=237.765625ms
[2015.03.16-20.49.06:217][554]LogSavePackage: Moving '../../../../../../Users/Alex/Box Sync/nivel1Juego/Nivel1/Nivel1/Saved/montageDino_Auto2D2DAA44E40916CC7FF5BA7A3D8E98E78.tmp' to '../../../../../../Users/Alex/Box Sync/nivel1Juego/Nivel1/Nivel1/Saved/Autosaves/Game/Character/montageDino_Auto2.uasset'
[2015.03.16-20.49.06:222][554]LogFileHelpers: Auto-saving content packages took 0.322
[2015.03.16-20.52.58:806][458]LogAnimation:Warning: JumpToSectionName None bEndOfSection: 0 failed for Montage montageDino
[2015.03.16-20.59.15:911][247]LogFileHelpers: Editor autosave (incl. sublevels) for '/Game/Maps/nivel1' took 0.025
[2015.03.16-20.59.15:956][247]OBJ SavePackage: Generating thumbnails for [1] asset(s) in package [/Game/Character/montageDino] ([1] browsable assets)...
[2015.03.16-20.59.15:993][247]OBJ SavePackage:     Rendered thumbnail for [AnimMontage /Game/Character/montageDino.montageDino]
[2015.03.16-20.59.15:993][247]OBJ SavePackage: Finished generating thumbnails for package [/Game/Character/montageDino]
[2015.03.16-20.59.16:228][247]LogSavePackage: Save=231.702087ms
[2015.03.16-20.59.16:228][247]LogSavePackage: Moving '../../../../../../Users/Alex/Box Sync/nivel1Juego/Nivel1/Nivel1/Saved/montageDino_Auto3EF9633F14CB8D95E337A1C888EE73FE7.tmp' to '../../../../../../Users/Alex/Box Sync/nivel1Juego/Nivel1/Nivel1/Saved/Autosaves/Game/Character/montageDino_Auto3.uasset'
[2015.03.16-20.59.16:235][247]LogFileHelpers: Auto-saving content packages took 0.324
[2015.03.16-21.01.21:418][  6]LogRenderer:Warning: Reallocating scene render targets to support 896x624.
[2015.03.16-21.01.23:953][108]LogRenderer:Warning: Reallocating scene render targets to support 1064x624.
[2015.03.16-21.03.34:563][672]Cmd: OBJ SAVEPACKAGE PACKAGE="/Game/Character/dinoAnim_Skeleton" FILE="../../../../../../Users/Alex/Box Sync/nivel1Juego/Nivel1/Nivel1/Content/Character/dinoAnim_Skeleton.uasset" SILENT=true
[2015.03.16-21.03.34:655][672]LogSavePackage: Save=3.639151ms
[2015.03.16-21.03.34:655][672]LogSavePackage: Moving '../../../../../../Users/Alex/Box Sync/nivel1Juego/Nivel1/Nivel1/Saved/dinoAnim_Skeleton31D9D3A24103619522A8D3A4CB55A1F4.tmp' to '../../../../../../Users/Alex/Box Sync/nivel1Juego/Nivel1/Nivel1/Content/Character/dinoAnim_Skeleton.uasset'
[2015.03.16-21.04.34:953][224]Cmd: OBJ SAVEPACKAGE PACKAGE="/Game/Character/montageDino" FILE="../../../../../../Users/Alex/Box Sync/nivel1Juego/Nivel1/Nivel1/Content/Character/montageDino.uasset" SILENT=true
[2015.03.16-21.04.35:217][224]LogSavePackage: Save=257.943542ms
[2015.03.16-21.04.35:217][224]LogSavePackage: Moving '../../../../../../Users/Alex/Box Sync/nivel1Juego/Nivel1/Nivel1/Saved/montageDino5E0803504F73E182DAE7908580A2C948.tmp' to '../../../../../../Users/Alex/Box Sync/nivel1Juego/Nivel1/Nivel1/Content/Character/montageDino.uasset'
[2015.03.16-21.04.42:404][440]LogSkeletalMesh: InitArticulated: Bodies already created (/Engine/Transient.DebugSkelMeshComponent_25) - call TermArticulated first.
[2015.03.16-21.08.26:442][562]BlueprintLog: New page: Compilar AnimBluDino
[2015.03.16-21.08.26:544][562]LogParticles: Destroying 0 GPU particle simulations for FXSystem 0x0000000023A2EDE0
[2015.03.16-21.08.26:545][562]LogParticles: Destroying 0 GPU particle simulations for FXSystem 0x000000002116E2A0
[2015.03.16-21.08.26:561][562]LogParticles: Destroying 0 GPU particle simulations for FXSystem 0x00000000358E4D60
[2015.03.16-21.08.26:627][562]Cmd: OBJ SAVEPACKAGE PACKAGE="/Game/Character/AnimBluDino" FILE="../../../../../../Users/Alex/Box Sync/nivel1Juego/Nivel1/Nivel1/Content/Character/AnimBluDino.uasset" SILENT=true
[2015.03.16-21.08.26:888][562]LogSavePackage: Save=201.502411ms
[2015.03.16-21.08.26:888][562]LogSavePackage: Moving '../../../../../../Users/Alex/Box Sync/nivel1Juego/Nivel1/Nivel1/Saved/AnimBluDino5DBFB4EA483BC79EB594A09A7A29FEC7.tmp' to '../../../../../../Users/Alex/Box Sync/nivel1Juego/Nivel1/Nivel1/Content/Character/AnimBluDino.uasset'
[2015.03.16-21.08.26:896][562]BlueprintEditorCompileResults: Información [3071.72] Compile of AnimBluDino successful! [in 446 ms]
[2015.03.16-21.09.25:782][ 69]BlueprintLog: New page: Volver a compilar automáticamente la reproducción en el editor (PIE) anterior
[2015.03.16-21.09.25:786][ 69]LogPlayLevel: [PIE] Compiling Tutorial_BP_MacroLib before PIE...
[2015.03.16-21.09.25:852][ 69]LogPlayLevel: [PIE] Compiling nivel1 before PIE...
[2015.03.16-21.09.25:935][ 69]LogParticles: Destroying 0 GPU particle simulations for FXSystem 0x0000000032E21F80
[2015.03.16-21.09.25:935][ 69]LogParticles: Destroying 0 GPU particle simulations for FXSystem 0x0000000033F960C0
[2015.03.16-21.09.25:935][ 69]LogParticles: Destroying 0 GPU particle simulations for FXSystem 0x0000000038399F80
[2015.03.16-21.09.25:936][ 69]LogParticles: Destroying 0 GPU particle simulations for FXSystem 0x0000000034D18CC0
[2015.03.16-21.09.25:936][ 69]LogParticles: Destroying 0 GPU particle simulations for FXSystem 0x00000000331671A0
[2015.03.16-21.09.25:939][ 69]LogPlayLevel: PIE:  Blueprint regeneration took 156 ms (2 blueprints)
[2015.03.16-21.09.25:939][ 69]PIE: New page: Sesión PIE (reproducción en el editor): nivel1 (16/03/2015 09:09:25)
[2015.03.16-21.09.25:961][ 69]LogPlayLevel: PIE: StaticDuplicateObject took: (0.022276s)
[2015.03.16-21.09.25:962][ 69]LogPlayLevel: PIE: World Init took: (0.000796s)
[2015.03.16-21.09.25:962][ 69]LogPlayLevel: PIE: Created PIE world by copying editor world from /Game/Maps/nivel1.nivel1 to /Game/Maps/UEDPIE_0_nivel1.nivel1 (0.023332s)
[2015.03.16-21.09.25:996][ 69]LogWorld: Game class is 'MyGame_C'
[2015.03.16-21.09.25:999][ 69]LogAIModule: Creating AISystem for world nivel1
[2015.03.16-21.09.26:005][ 69]LogWorld:Warning: *** WARNING - PATHS MAY NOT BE VALID ***
[2015.03.16-21.09.26:005][ 69]LogWorld: Bringing World /Game/Maps/UEDPIE_0_nivel1.nivel1 up for play (max tick rate 60) at 2015.03.16-15.09.26
[2015.03.16-21.09.26:007][ 69]LogWorld: Bringing up level for play took: 0.008537
[2015.03.16-21.09.26:009][ 69]PIE: Información Tiempo de inicio de la reproducción en el editor para  /Game/Maps/UEDPIE_0_nivel1 0.205
[2015.03.16-21.09.31:593][399]LogBlueprintUserMessages: 90.0
[2015.03.16-21.09.31:793][411]LogBlueprintUserMessages: 80.0
[2015.03.16-21.09.31:945][420]LogBlueprintUserMessages: 70.0
[2015.03.16-21.09.32:112][430]LogBlueprintUserMessages: 60.0
[2015.03.16-21.09.32:245][438]LogBlueprintUserMessages: 50.0
[2015.03.16-21.09.32:512][454]LogBlueprintUserMessages: 40.0
[2015.03.16-21.09.32:714][466]LogBlueprintUserMessages: 30.0
[2015.03.16-21.09.33:286][500]LogBlueprintUserMessages: 20.0
[2015.03.16-21.09.33:488][512]LogBlueprintUserMessages: 10.0
[2015.03.16-21.09.33:671][523]LogBlueprintUserMessages: 0.0
[2015.03.16-21.09.35:108][609]LogBlueprintUserMessages: 90.0
[2015.03.16-21.09.35:226][616]LogBlueprintUserMessages: 80.0
[2015.03.16-21.09.35:258][618]LogBlueprintUserMessages: 70.0
[2015.03.16-21.09.35:375][625]LogBlueprintUserMessages: 60.0
[2015.03.16-21.09.35:492][632]LogBlueprintUserMessages: 50.0
[2015.03.16-21.09.35:643][641]LogBlueprintUserMessages: 40.0
[2015.03.16-21.09.35:660][642]LogBlueprintUserMessages: 30.0
[2015.03.16-21.09.35:677][643]LogBlueprintUserMessages: 20.0
[2015.03.16-21.09.35:745][647]LogBlueprintUserMessages: 10.0
[2015.03.16-21.09.35:878][655]LogBlueprintUserMessages: 0.0
[2015.03.16-21.09.38:100][788]LogBlueprintUserMessages: 90.0
[2015.03.16-21.09.38:250][797]LogBlueprintUserMessages: 80.0
[2015.03.16-21.09.38:368][804]LogBlueprintUserMessages: 70.0
[2015.03.16-21.09.38:483][811]LogBlueprintUserMessages: 60.0
[2015.03.16-21.09.38:601][818]LogBlueprintUserMessages: 50.0
[2015.03.16-21.09.38:751][827]LogBlueprintUserMessages: 40.0
[2015.03.16-21.09.38:918][837]LogBlueprintUserMessages: 30.0
[2015.03.16-21.09.39:085][847]LogBlueprintUserMessages: 20.0
[2015.03.16-21.09.39:269][858]LogBlueprintUserMessages: 10.0
[2015.03.16-21.09.39:436][868]LogBlueprintUserMessages: 0.0
[2015.03.16-21.09.40:928][957]LogBlueprintUserMessages: 90.0
[2015.03.16-21.09.41:046][964]LogBlueprintUserMessages: 80.0
[2015.03.16-21.09.41:145][970]LogBlueprintUserMessages: 70.0
[2015.03.16-21.09.41:162][971]LogBlueprintUserMessages: 60.0
[2015.03.16-21.09.41:196][973]LogBlueprintUserMessages: 50.0
[2015.03.16-21.09.41:279][978]LogBlueprintUserMessages: 40.0
[2015.03.16-21.09.41:296][979]LogBlueprintUserMessages: 30.0
[2015.03.16-21.09.41:897][ 15]LogBlueprintUserMessages: 20.0
[2015.03.16-21.09.42:064][ 25]LogBlueprintUserMessages: 10.0
[2015.03.16-21.09.42:248][ 36]LogBlueprintUserMessages: 0.0
[2015.03.16-21.10.05:897][450]LogParticles: Destroying 0 GPU particle simulations for FXSystem 0x000000003502F560
[2015.03.16-21.10.16:647][ 21]LogSavePackage: Save=417.840363ms
[2015.03.16-21.10.16:647][ 21]LogSavePackage: Moving '../../../../../../Users/Alex/Box Sync/nivel1Juego/Nivel1/Nivel1/Saved/nivel1_Auto4FCA189A043E2FA8B8561CFA5C3543385.tmp' to '../../../../../../Users/Alex/Box Sync/nivel1Juego/Nivel1/Nivel1/Saved/Autosaves/Game/Maps/nivel1_Auto4.umap'
[2015.03.16-21.10.16:661][ 21]LogFileHelpers: Editor autosave (incl. sublevels) for '/Game/Maps/nivel1' took 0.584
[2015.03.16-21.10.16:661][ 21]LogFileHelpers: Editor autosave (incl. sublevels) for all levels took 0.584
[2015.03.16-21.20.19:891][105]Cmd: OBJ SAVEPACKAGE PACKAGE="/Game/Maps/nivel1" FILE="../../../../../../Users/Alex/Box Sync/nivel1Juego/Nivel1/Nivel1/Content/Maps/nivel1.umap" SILENT=true AUTOSAVING=false KEEPDIRTY=false
[2015.03.16-21.20.20:405][105]LogSavePackage: Save=413.868622ms
[2015.03.16-21.20.20:405][105]LogSavePackage: Moving '../../../../../../Users/Alex/Box Sync/nivel1Juego/Nivel1/Nivel1/Saved/nivel1FF4C629444B0142575AC0AB208245BFC.tmp' to '../../../../../../Users/Alex/Box Sync/nivel1Juego/Nivel1/Nivel1/Content/Maps/nivel1.umap'
[2015.03.16-21.20.20:481][105]LogFileHelpers: Saving map 'nivel1' took 0.896
[2015.03.16-21.20.22:569][175]Cmd: QUIT_EDITOR
[2015.03.16-21.20.23:154][175]LogExit: Preparing to exit.
[2015.03.16-21.20.23:937][175]LogExit: Editor shut down
[2015.03.16-21.20.23:937][175]LogExit: Transaction tracking system shut down
[2015.03.16-21.20.23:938][175]LogParticles: Destroying 0 GPU particle simulations for FXSystem 0x000000001473BA60
[2015.03.16-21.20.23:938][175]LogParticles: Destroying 0 GPU particle simulations for FXSystem 0x0000000014738540
[2015.03.16-21.20.23:938][175]LogParticles: Destroying 0 GPU particle simulations for FXSystem 0x000000001473BBA0
[2015.03.16-21.20.23:939][175]LogParticles: Destroying 0 GPU particle simulations for FXSystem 0x000000001856CEA0
[2015.03.16-21.20.23:939][175]LogParticles: Destroying 0 GPU particle simulations for FXSystem 0x000000001FA507C0
[2015.03.16-21.20.23:939][175]LogParticles: Destroying 0 GPU particle simulations for FXSystem 0x00000000164009A0
[2015.03.16-21.20.23:942][175]LogParticles: Destroying 0 GPU particle simulations for FXSystem 0x000000001CF05940
[2015.03.16-21.20.23:942][175]LogParticles: Destroying 0 GPU particle simulations for FXSystem 0x00000000164C1800
[2015.03.16-21.20.24:017][175]LogExit: Object subsystem successfully closed.
[2015.03.16-21.20.24:114][175]LogModuleManager: Shutting down and abandoning module AndroidDeviceDetection (172)
[2015.03.16-21.20.24:114][175]LogModuleManager: Shutting down and abandoning module CrashTracker (171)
[2015.03.16-21.20.24:114][175]LogModuleManager: Shutting down and abandoning module SuperSearch (170)
[2015.03.16-21.20.24:114][175]LogModuleManager: Shutting down and abandoning module SceneOutliner (169)
[2015.03.16-21.20.24:115][175]LogModuleManager: Shutting down and abandoning module EditorWidgets (168)
[2015.03.16-21.20.24:115][175]LogModuleManager: Shutting down and abandoning module CollectionManager (167)
[2015.03.16-21.20.24:124][175]LogModuleManager: Shutting down and abandoning module StatsViewer (166)
[2015.03.16-21.20.24:124][175]LogModuleManager: Shutting down and abandoning module FoliageEdit (165)
[2015.03.16-21.20.24:124][175]LogModuleManager: Shutting down and abandoning module LandscapeEditor (164)
[2015.03.16-21.20.24:124][175]LogModuleManager: Shutting down and abandoning module MeshPaint (163)
[2015.03.16-21.20.24:124][175]LogModuleManager: Shutting down and abandoning module ActorPickerMode (162)
[2015.03.16-21.20.24:124][175]LogModuleManager: Shutting down and abandoning module GeometryMode (161)
[2015.03.16-21.20.24:124][175]LogModuleManager: Shutting down and abandoning module TextureAlignMode (160)
[2015.03.16-21.20.24:124][175]LogModuleManager: Shutting down and abandoning module BspMode (159)
[2015.03.16-21.20.24:124][175]LogModuleManager: Shutting down and abandoning module PlacementMode (158)
[2015.03.16-21.20.24:124][175]LogModuleManager: Shutting down and abandoning module AutomationWorker (157)
[2015.03.16-21.20.24:124][175]LogModuleManager: Shutting down and abandoning module CharacterAI (156)
[2015.03.16-21.20.24:124][175]LogModuleManager: Shutting down and abandoning module GameProjectGeneration (155)
[2015.03.16-21.20.24:124][175]LogModuleManager: Shutting down and abandoning module IntroTutorials (154)
[2015.03.16-21.20.24:124][175]LogModuleManager: Shutting down and abandoning module EditorLiveStreaming (153)
[2015.03.16-21.20.24:124][175]LogModuleManager: Shutting down and abandoning module HardwareTargeting (152)
[2015.03.16-21.20.24:124][175]LogModuleManager: Shutting down and abandoning module DeviceProfileEditor (151)
[2015.03.16-21.20.24:124][175]LogModuleManager: Shutting down and abandoning module UndoHistory (150)
[2015.03.16-21.20.24:124][175]LogModuleManager: Shutting down and abandoning module GameplayTagsEditor (149)
[2015.03.16-21.20.24:124][175]LogModuleManager: Shutting down and abandoning module UserFeedback (148)
[2015.03.16-21.20.24:124][175]LogModuleManager: Shutting down and abandoning module XmlParser (147)
[2015.03.16-21.20.24:124][175]LogModuleManager: Shutting down and abandoning module Blutility (146)
[2015.03.16-21.20.24:124][175]LogModuleManager: Shutting down and abandoning module IOSPlatformEditor (145)
[2015.03.16-21.20.24:124][175]LogModuleManager: Shutting down and abandoning module IOSRuntimeSettings (144)
[2015.03.16-21.20.24:124][175]LogModuleManager: Shutting down and abandoning module AndroidPlatformEditor (143)
[2015.03.16-21.20.24:124][175]LogModuleManager: Shutting down and abandoning module AndroidRuntimeSettings (142)
[2015.03.16-21.20.24:124][175]LogModuleManager: Shutting down and abandoning module ProjectTargetPlatformEditor (141)
[2015.03.16-21.20.24:125][175]LogModuleManager: Shutting down and abandoning module ProjectSettingsViewer (140)
[2015.03.16-21.20.24:125][175]LogModuleManager: Shutting down and abandoning module InputBindingEditor (139)
[2015.03.16-21.20.24:125][175]LogModuleManager: Shutting down and abandoning module EditorSettingsViewer (138)
[2015.03.16-21.20.24:125][175]LogModuleManager: Shutting down and abandoning module SettingsEditor (137)
[2015.03.16-21.20.24:125][175]LogModuleManager: Shutting down and abandoning module ProjectLauncher (136)
[2015.03.16-21.20.24:125][175]LogModuleManager: Shutting down and abandoning module SessionFrontend (135)
[2015.03.16-21.20.24:125][175]LogModuleManager: Shutting down and abandoning module ProfilerClient (134)
[2015.03.16-21.20.24:125][175]LogModuleManager: Shutting down and abandoning module TargetDeviceServices (133)
[2015.03.16-21.20.24:125][175]LogModuleManager: Shutting down and abandoning module DeviceManager (132)
[2015.03.16-21.20.24:125][175]LogModuleManager: Shutting down and abandoning module AutomationController (131)
[2015.03.16-21.20.24:125][175]LogModuleManager: Shutting down and abandoning module AutomationWindow (130)
[2015.03.16-21.20.24:125][175]LogModuleManager: Shutting down and abandoning module Layers (129)
[2015.03.16-21.20.24:125][175]LogModuleManager: Shutting down and abandoning module ComponentVisualizers (128)
[2015.03.16-21.20.24:125][175]LogModuleManager: Shutting down and abandoning module DetailCustomizations (127)
[2015.03.16-21.20.24:125][175]LogModuleManager: Shutting down and abandoning module PackagesDialog (126)
[2015.03.16-21.20.24:125][175]LogModuleManager: Shutting down and abandoning module AssetRegistry (125)
[2015.03.16-21.20.24:181][175]LogModuleManager: Shutting down and abandoning module Persona (124)
[2015.03.16-21.20.24:181][175]LogModuleManager: Shutting down and abandoning module Kismet (123)
[2015.03.16-21.20.24:181][175]LogModuleManager: Shutting down and abandoning module GraphEditor (122)
[2015.03.16-21.20.24:181][175]LogModuleManager: Shutting down and abandoning module ClassViewer (121)
[2015.03.16-21.20.24:181][175]LogModuleManager: Shutting down and abandoning module Toolbox (120)
[2015.03.16-21.20.24:181][175]LogModuleManager: Shutting down and abandoning module ModuleUI (119)
[2015.03.16-21.20.24:181][175]LogModuleManager: Shutting down and abandoning module MovieSceneTools (118)
[2015.03.16-21.20.24:181][175]LogModuleManager: Shutting down and abandoning module OutputLog (117)
[2015.03.16-21.20.24:181][175]LogModuleManager: Shutting down and abandoning module GammaUI (116)
[2015.03.16-21.20.24:181][175]LogModuleManager: Shutting down and abandoning module Documentation (115)
[2015.03.16-21.20.24:181][175]LogModuleManager: Shutting down and abandoning module GameLiveStreaming (114)
[2015.03.16-21.20.24:181][175]LogModuleManager: Shutting down and abandoning module StreamingPauseRendering (113)
[2015.03.16-21.20.24:181][175]LogModuleManager: Shutting down and abandoning module HTTP (112)
[2015.03.16-21.20.24:181][175]LogModuleManager: Shutting down and abandoning module AnalyticsET (111)
[2015.03.16-21.20.24:181][175]LogModuleManager: Shutting down and abandoning module Analytics (110)
[2015.03.16-21.20.24:181][175]LogModuleManager: Shutting down and abandoning module AITestSuite (109)
[2015.03.16-21.20.24:181][175]LogModuleManager: Shutting down and abandoning module AIModule (108)
[2015.03.16-21.20.24:182][175]LogModuleManager: Shutting down and abandoning module ProfilerService (107)
[2015.03.16-21.20.24:286][175]LogModuleManager: Shutting down and abandoning module TaskGraph (106)
[2015.03.16-21.20.24:286][175]LogModuleManager: Shutting down and abandoning module GameplayDebugger (105)
[2015.03.16-21.20.24:286][175]LogModuleManager: Shutting down and abandoning module SlateRemote (104)
[2015.03.16-21.20.24:286][175]LogModuleManager: Shutting down and abandoning module ScriptEditorPlugin (103)
[2015.03.16-21.20.24:286][175]LogModuleManager: Shutting down and abandoning module CustomMeshComponent (102)
[2015.03.16-21.20.24:286][175]LogModuleManager: Shutting down and abandoning module CableComponent (101)
[2015.03.16-21.20.24:286][175]LogModuleManager: Shutting down and abandoning module MessagingDebugger (100)
[2015.03.16-21.20.24:286][175]LogModuleManager: Shutting down and abandoning module MediaPlayerEditor (99)
[2015.03.16-21.20.24:286][175]LogModuleManager: Shutting down and abandoning module SpeedTreeImporter (98)
[2015.03.16-21.20.24:286][175]LogModuleManager: Shutting down and abandoning module PluginsEditor (97)
[2015.03.16-21.20.24:286][175]LogModuleManager: Shutting down and abandoning module EpicSurvey (96)
[2015.03.16-21.20.24:286][175]LogModuleManager: Shutting down and abandoning module DesktopPlatform (95)
[2015.03.16-21.20.24:286][175]LogModuleManager: Shutting down and abandoning module VisualStudioSourceCodeAccess (94)
[2015.03.16-21.20.24:286][175]LogModuleManager: Shutting down and abandoning module UObjectPlugin (93)
[2015.03.16-21.20.24:286][175]LogModuleManager: Shutting down and abandoning module SubversionSourceControl (92)
[2015.03.16-21.20.24:286][175]LogModuleManager: Shutting down and abandoning module SourceControl (91)
[2015.03.16-21.20.24:286][175]LogModuleManager: Shutting down and abandoning module PerforceSourceControl (90)
[2015.03.16-21.20.24:286][175]LogModuleManager: Shutting down and abandoning module BlankPlugin (89)
[2015.03.16-21.20.24:286][175]LogModuleManager: Shutting down and abandoning module SlateReflector (88)
[2015.03.16-21.20.24:286][175]LogModuleManager: Shutting down and abandoning module DirectoryWatcher (87)
[2015.03.16-21.20.24:287][175]LogModuleManager: Shutting down and abandoning module HotReload (86)
[2015.03.16-21.20.24:287][175]LogModuleManager: Shutting down and abandoning module MainFrame (85)
[2015.03.16-21.20.24:287][175]LogModuleManager: Shutting down and abandoning module LevelEditor (84)
[2015.03.16-21.20.24:288][175]LogModuleManager: Shutting down and abandoning module ViewportSnapping (83)
[2015.03.16-21.20.24:288][175]LogModuleManager: Shutting down and abandoning module SmartSnapping (82)
[2015.03.16-21.20.24:288][175]LogModuleManager: Shutting down and abandoning module PaperTiledImporter (81)
[2015.03.16-21.20.24:288][175]LogModuleManager: Shutting down and abandoning module PaperJsonImporter (80)
[2015.03.16-21.20.24:288][175]LogModuleManager: Shutting down and abandoning module ContentBrowser (79)
[2015.03.16-21.20.24:288][175]LogModuleManager: Shutting down and abandoning module Paper2DEditor (78)
[2015.03.16-21.20.24:288][175]LogModuleManager: Shutting down and abandoning module ScriptPlugin (77)
[2015.03.16-21.20.24:288][175]LogModuleManager: Shutting down and abandoning module UdpMessaging (76)
[2015.03.16-21.20.24:389][175]LogModuleManager: Shutting down and abandoning module Paper2D (75)
[2015.03.16-21.20.24:389][175]LogModuleManager: Shutting down and abandoning module UE4Game (74)
[2015.03.16-21.20.24:389][175]LogModuleManager: Shutting down and abandoning module WindowsMoviePlayer (73)
[2015.03.16-21.20.24:393][175]LogModuleManager: Shutting down and abandoning module Media (72)
[2015.03.16-21.20.24:393][175]LogModuleManager: Shutting down and abandoning module WmfMedia (71)
[2015.03.16-21.20.24:393][175]LogModuleManager: Shutting down and abandoning module OnlineBlueprintSupport (70)
[2015.03.16-21.20.24:393][175]LogModuleManager: Shutting down and abandoning module PropertyEditor (69)
[2015.03.16-21.20.24:393][175]LogModuleManager: Shutting down and abandoning module BehaviorTreeEditor (68)
[2015.03.16-21.20.24:393][175]LogModuleManager: Shutting down and abandoning module FunctionalTesting (67)
[2015.03.16-21.20.24:393][175]LogModuleManager: Shutting down and abandoning module CollisionAnalyzer (66)
[2015.03.16-21.20.24:393][175]LogModuleManager: Shutting down and abandoning module WorkspaceMenuStructure (65)
[2015.03.16-21.20.24:393][175]LogModuleManager: Shutting down and abandoning module MessageLog (64)
[2015.03.16-21.20.24:393][175]LogModuleManager: Shutting down and abandoning module Sequencer (63)
[2015.03.16-21.20.24:393][175]LogModuleManager: Shutting down and abandoning module AssetTools (62)
[2015.03.16-21.20.24:393][175]LogModuleManager: Shutting down and abandoning module UMGEditor (61)
[2015.03.16-21.20.24:393][175]LogModuleManager: Shutting down and abandoning module UMG (60)
[2015.03.16-21.20.24:393][175]LogModuleManager: Shutting down and abandoning module Slate (59)
[2015.03.16-21.20.24:393][175]LogModuleManager: Shutting down and abandoning module EditorStyle (58)
[2015.03.16-21.20.24:401][175]LogModuleManager: Shutting down and abandoning module SessionServices (57)
[2015.03.16-21.20.24:401][175]LogModuleManager: Shutting down and abandoning module SourceCodeAccess (56)
[2015.03.16-21.20.24:401][175]LogModuleManager: Shutting down and abandoning module HeadMountedDisplay (55)
[2015.03.16-21.20.24:401][175]LogModuleManager: Shutting down and abandoning module XAudio2 (54)
[2015.03.16-21.20.24:401][175]LogModuleManager: Shutting down and abandoning module Networking (52)
[2015.03.16-21.20.24:401][175]LogModuleManager: Shutting down and abandoning module Core (51)
[2015.03.16-21.20.24:401][175]LogModuleManager: Shutting down and abandoning module KismetCompiler (50)
[2015.03.16-21.20.24:401][175]LogModuleManager: Shutting down and abandoning module PhysXFormats (49)
[2015.03.16-21.20.24:401][175]LogModuleManager: Shutting down and abandoning module MeshUtilities (48)
[2015.03.16-21.20.24:401][175]LogModuleManager: Shutting down and abandoning module DerivedDataCache (47)
[2015.03.16-21.20.24:499][175]LogDerivedDataCache: Shutdown
[2015.03.16-21.20.24:499][175]LogModuleManager: Shutting down and abandoning module ShaderFormatOpenGL (46)
[2015.03.16-21.20.24:499][175]LogModuleManager: Shutting down and abandoning module ShaderFormatD3D (45)
[2015.03.16-21.20.24:499][175]LogModuleManager: Shutting down and abandoning module MetalShaderFormat (44)
[2015.03.16-21.20.24:499][175]LogModuleManager: Shutting down and abandoning module TextureFormatUncompressed (43)
[2015.03.16-21.20.24:499][175]LogModuleManager: Shutting down and abandoning module TextureFormatPVR (42)
[2015.03.16-21.20.24:499][175]LogModuleManager: Shutting down and abandoning module TextureFormatDXT (41)
[2015.03.16-21.20.24:499][175]LogModuleManager: Shutting down and abandoning module TextureFormatAndroid (40)
[2015.03.16-21.20.24:499][175]LogModuleManager: Shutting down and abandoning module AudioFormatOpus (39)
[2015.03.16-21.20.24:499][175]LogModuleManager: Shutting down and abandoning module AudioFormatOgg (38)
[2015.03.16-21.20.24:499][175]LogModuleManager: Shutting down and abandoning module AudioFormatADPCM (37)
[2015.03.16-21.20.24:499][175]LogModuleManager: Shutting down and abandoning module LinuxTargetPlatform (36)
[2015.03.16-21.20.24:499][175]LogModuleManager: Shutting down and abandoning module LinuxServerTargetPlatform (35)
[2015.03.16-21.20.24:499][175]LogModuleManager: Shutting down and abandoning module LinuxNoEditorTargetPlatform (34)
[2015.03.16-21.20.24:499][175]LogModuleManager: Shutting down and abandoning module Messaging (33)
[2015.03.16-21.20.24:499][175]LogModuleManager: Shutting down and abandoning module IOSTargetPlatform (32)
[2015.03.16-21.20.24:499][175]LogModuleManager: Shutting down and abandoning module Android_PVRTCTargetPlatform (31)
[2015.03.16-21.20.24:499][175]LogModuleManager: Shutting down and abandoning module Android_ETC2TargetPlatform (30)
[2015.03.16-21.20.24:499][175]LogModuleManager: Shutting down and abandoning module Android_ETC1TargetPlatform (29)
[2015.03.16-21.20.24:499][175]LogModuleManager: Shutting down and abandoning module Android_DXTTargetPlatform (28)
[2015.03.16-21.20.24:499][175]LogModuleManager: Shutting down and abandoning module Android_ATCTargetPlatform (27)
[2015.03.16-21.20.24:499][175]LogModuleManager: Shutting down and abandoning module AndroidTargetPlatform (26)
[2015.03.16-21.20.24:499][175]LogModuleManager: Shutting down and abandoning module WindowsTargetPlatform (25)
[2015.03.16-21.20.24:499][175]LogModuleManager: Shutting down and abandoning module WindowsServerTargetPlatform (24)
[2015.03.16-21.20.24:499][175]LogModuleManager: Shutting down and abandoning module WindowsNoEditorTargetPlatform (23)
[2015.03.16-21.20.24:499][175]LogModuleManager: Shutting down and abandoning module WindowsClientTargetPlatform (22)
[2015.03.16-21.20.24:500][175]LogModuleManager: Shutting down and abandoning module TargetPlatform (21)
[2015.03.16-21.20.24:500][175]LogModuleManager: Shutting down and abandoning module InputCore (20)
[2015.03.16-21.20.24:500][175]LogModuleManager: Shutting down and abandoning module Settings (19)
[2015.03.16-21.20.24:500][175]LogModuleManager: Shutting down and abandoning module ImageWrapper (18)
[2015.03.16-21.20.24:500][175]LogModuleManager: Shutting down and abandoning module OculusRift (15)
[2015.03.16-21.20.24:500][175]LogModuleManager: Shutting down and abandoning module ExampleDeviceProfileSelector (14)
[2015.03.16-21.20.24:500][175]LogModuleManager: Shutting down and abandoning module TextureCompressor (13)
[2015.03.16-21.20.24:500][175]LogModuleManager: Shutting down and abandoning module ShaderCore (12)
[2015.03.16-21.20.24:500][175]LogModuleManager: Shutting down and abandoning module Landscape (11)
[2015.03.16-21.20.24:500][175]LogModuleManager: Shutting down and abandoning module SlateRHIRenderer (10)
[2015.03.16-21.20.24:502][175]LogModuleManager: Shutting down and abandoning module OpenGLDrv (9)
[2015.03.16-21.20.24:502][175]LogModuleManager: Shutting down and abandoning module D3D11RHI (8)
[2015.03.16-21.20.24:502][175]LogModuleManager: Shutting down and abandoning module Renderer (7)
[2015.03.16-21.20.24:502][175]LogModuleManager: Shutting down and abandoning module Engine (6)
[2015.03.16-21.20.24:502][175]LogModuleManager: Shutting down and abandoning module CoreUObject (5)
[2015.03.16-21.20.24:502][175]LogModuleManager: Shutting down and abandoning module NetworkFile (4)
[2015.03.16-21.20.24:502][175]LogModuleManager: Shutting down and abandoning module StreamingFile (3)
[2015.03.16-21.20.24:502][175]LogModuleManager: Shutting down and abandoning module SandboxFile (2)
[2015.03.16-21.20.24:502][175]LogModuleManager: Shutting down and abandoning module PakFile (1)
[2015.03.16-21.20.24:503][175]LogExit: Exiting.
[2015.03.16-21.20.24:512][175]Log file closed, 03/16/15 15:20:24
