"C:/Users/Alex/Box Sync/nivel1Juego/Nivel1/Nivel1/Nivel1.uproject" 1
"../../../Engine/Plugins/2D/Paper2D/Paper2D.uplugin" 2
"../../../Engine/Plugins/Developer/BlankPlugin/BlankPlugin.uplugin" 3
"../../../Engine/Plugins/Developer/PerforceSourceControl/PerforceSourceControl.uplugin" 4
"../../../Engine/Plugins/Developer/SubversionSourceControl/SubversionSourceControl.uplugin" 5
"../../../Engine/Plugins/Developer/UObjectPlugin/UObjectPlugin.uplugin" 6
"../../../Engine/Plugins/Developer/VisualStudioSourceCodeAccess/VisualStudioSourceCodeAccess.uplugin" 7
"../../../Engine/Plugins/Developer/XCodeSourceCodeAccess/XCodeSourceCodeAccess.uplugin" 8
"../../../Engine/Plugins/Editor/EpicSurvey/EpicSurvey.uplugin" 9
"../../../Engine/Plugins/Editor/MacGraphicsSwitching/MacGraphicsSwitching.uplugin" 10
"../../../Engine/Plugins/Editor/PluginsEditor/PluginsEditor.uplugin" 11
"../../../Engine/Plugins/Editor/SpeedTreeImporter/SpeedTreeImporter.uplugin" 12
"../../../Engine/Plugins/Experimental/BlueprintStats/BlueprintStats.uplugin" 13
"../../../Engine/Plugins/Experimental/CharacterAI/CharacterAI.uplugin" 14
"../../../Engine/Plugins/Experimental/CodeView/CodeView.uplugin" 15
"../../../Engine/Plugins/Experimental/LiveEditor/LiveEditor.uplugin" 16
"../../../Engine/Plugins/Experimental/Phya/Phya.uplugin" 17
"../../../Engine/Plugins/Experimental/SteamVR/SteamVR.uplugin" 18
"../../../Engine/Plugins/Media/AvfMedia/AvfMedia.uplugin" 19
"../../../Engine/Plugins/Media/MediaPlayerEditor/MediaPlayerEditor.uplugin" 20
"../../../Engine/Plugins/Media/WmfMedia/WmfMedia.uplugin" 21
"../../../Engine/Plugins/Messaging/MessagingDebugger/MessagingDebugger.uplugin" 22
"../../../Engine/Plugins/Messaging/ShmMessaging/ShmMessaging.uplugin" 23
"../../../Engine/Plugins/Messaging/UdpMessaging/UdpMessaging.uplugin" 24
"../../../Engine/Plugins/Runtime/Advertising/IOSTapJoy/IOSTapJoy.uplugin" 25
"../../../Engine/Plugins/Runtime/Analytics/AnalyticsBlueprintLibrary/AnalyticsBlueprintLibrary.uplugin" 26
"../../../Engine/Plugins/Runtime/Analytics/Apsalar/IOSApsalar/IOSApsalar.uplugin" 27
"../../../Engine/Plugins/Runtime/Analytics/FileLogging/FileLogging.uplugin" 28
"../../../Engine/Plugins/Runtime/AndroidDeviceProfileSelector/AndroidDeviceProfileSelector.uplugin" 29
"../../../Engine/Plugins/Runtime/AppleMoviePlayer/AppleMoviePlayer.uplugin" 30
"../../../Engine/Plugins/Runtime/CableComponent/CableComponent.uplugin" 31
"../../../Engine/Plugins/Runtime/CustomMeshComponent/CustomMeshComponent.uplugin" 32
"../../../Engine/Plugins/Runtime/ExampleDeviceProfileSelector/ExampleDeviceProfileSelector.uplugin" 33
"../../../Engine/Plugins/Runtime/IOSDeviceProfileSelector/IOSDeviceProfileSelector.uplugin" 34
"../../../Engine/Plugins/Runtime/LiveEditorListenServer/LiveEditorListenServer.uplugin" 35
"../../../Engine/Plugins/Runtime/OculusRift/OculusRift.uplugin" 36
"../../../Engine/Plugins/Runtime/SoundMod/SoundMod.uplugin" 37
"../../../Engine/Plugins/Runtime/SoundVisualizations/SoundVisualizations.uplugin" 38
"../../../Engine/Plugins/Runtime/TwitchLiveStreaming/TwitchLiveStreaming.uplugin" 39
"../../../Engine/Plugins/Runtime/WindowsDeviceProfileSelector/WindowsDeviceProfileSelector.uplugin" 40
"../../../Engine/Plugins/Runtime/WindowsMoviePlayer/WindowsMoviePlayer.uplugin" 41
"../../../Engine/Plugins/ScriptGeneratorPlugin/ScriptGeneratorPlugin.uplugin" 42
"../../../Engine/Plugins/ScriptPlugin/ScriptPlugin.uplugin" 43
"../../../Engine/Plugins/Slate/SlateRemote/SlateRemote.uplugin" 44
"..\..\..\Engine\Content\Internationalization\icudt53l\cnvalias.icu" 45
"..\..\..\Engine\Content\Internationalization\icudt53l\en_US_POSIX.res" 46
"..\..\..\Engine\Content\Internationalization\icudt53l\pool.res" 47
"..\..\..\Engine\Content\Internationalization\icudt53l\en_US.res" 48
"..\..\..\Engine\Content\Internationalization\icudt53l\en.res" 49
"..\..\..\Engine\Content\Internationalization\icudt53l\root.res" 50
"..\..\..\Engine\Content\Internationalization\icudt53l\coll\ucadata.icu" 51
"..\..\..\Engine\Content\Internationalization\icudt53l\nfc.nrm" 52
"..\..\..\Engine\Content\Internationalization\icudt53l\coll\en_US_POSIX.res" 53
"..\..\..\Engine\Content\Internationalization\icudt53l\coll\en_US.res" 54
"..\..\..\Engine\Content\Internationalization\icudt53l\coll\en.res" 55
"..\..\..\Engine\Content\Internationalization\icudt53l\coll\root.res" 56
"..\..\..\Engine\Content\Internationalization\icudt53l\numberingSystems.res" 57
"..\..\..\Engine\Content\Internationalization\icudt53l\curr\supplementalData.res" 58
"..\..\..\Engine\Content\Internationalization\icudt53l\curr\pool.res" 59
"..\..\..\Engine\Content\Internationalization\icudt53l\curr\en.res" 60
"..\..\..\Engine\Content\Internationalization\icudt53l\curr\root.res" 61
"..\..\..\Engine\Content\Internationalization\icudt53l\es_MX.res" 62
"..\..\..\Engine\Content\Internationalization\icudt53l\es_419.res" 63
"..\..\..\Engine\Content\Internationalization\icudt53l\es.res" 64
"..\..\..\Engine\Content\Internationalization\icudt53l\plurals.res" 65
"..\..\..\Engine\Content\Internationalization\icudt53l\windowsZones.res" 66
"..\..\..\Engine\Content\Internationalization\icudt53l\zoneinfo64.res" 67
"..\..\..\Engine\Content\Internationalization\icudt53l\keyTypeData.res" 68
"..\..\..\Engine\Content\Internationalization\icudt53l\timezoneTypes.res" 69
"..\..\..\Engine\Content\Internationalization\icudt53l\supplementalData.res" 70
"..\..\..\Engine\Content\Internationalization\icudt53l\likelySubtags.res" 71
"..\..\..\Engine\Content\Internationalization\icudt53l\coll\es.res" 72
"..\..\..\Engine\Content\Internationalization\icudt53l\curr\es_MX.res" 73
"..\..\..\Engine\Content\Internationalization\icudt53l\curr\es.res" 74
"../../../Engine/Config/Base.ini" 75
"../../../Engine/Config/BaseEngine.ini" 76
"../../../../../../Users/Alex/Box Sync/nivel1Juego/Nivel1/Nivel1/Config/DefaultEngine.ini" 77
"../../../Engine/Config/Windows/WindowsEngine.ini" 78
"C:/Users/Alex/Box Sync/nivel1Juego/Nivel1/Nivel1/Saved/Config/Windows/Engine.ini" 79
"../../../../../../Users/Alex/Box Sync/nivel1Juego/Nivel1/Nivel1/Saved/Config/CleanSourceConfigs/Engine.ini" 80
"../../../Engine/Config/BaseGame.ini" 81
"../../../../../../Users/Alex/Box Sync/nivel1Juego/Nivel1/Nivel1/Config/DefaultGame.ini" 82
"C:/Users/Alex/Box Sync/nivel1Juego/Nivel1/Nivel1/Saved/Config/Windows/Game.ini" 83
"../../../../../../Users/Alex/Box Sync/nivel1Juego/Nivel1/Nivel1/Saved/Config/CleanSourceConfigs/Game.ini" 84
"../../../Engine/Config/BaseInput.ini" 85
"../../../../../../Users/Alex/Box Sync/nivel1Juego/Nivel1/Nivel1/Config/DefaultInput.ini" 86
"C:/Users/Alex/Box Sync/nivel1Juego/Nivel1/Nivel1/Saved/Config/Windows/Input.ini" 87
"../../../../../../Users/Alex/Box Sync/nivel1Juego/Nivel1/Nivel1/Saved/Config/CleanSourceConfigs/Input.ini" 88
"../../../Engine/Config/BaseEditor.ini" 89
"../../../../../../Users/Alex/Box Sync/nivel1Juego/Nivel1/Nivel1/Config/DefaultEditor.ini" 90
"C:/Users/Alex/Box Sync/nivel1Juego/Nivel1/Nivel1/Saved/Config/Windows/Editor.ini" 91
"../../../../../../Users/Alex/Box Sync/nivel1Juego/Nivel1/Nivel1/Saved/Config/CleanSourceConfigs/Editor.ini" 92
"../../../Engine/Config/BaseEditorLayout.ini" 93
"C:/Users/Alex/Box Sync/nivel1Juego/Nivel1/Nivel1/Saved/Config/Windows/EditorLayout.ini" 94
"../../../../../../Users/Alex/Box Sync/nivel1Juego/Nivel1/Nivel1/Saved/Config/CleanSourceConfigs/EditorLayout.ini" 95
"../../../Engine/Config/BaseEditorUserSettings.ini" 96
"C:/Users/Alex/Box Sync/nivel1Juego/Nivel1/Nivel1/Saved/Config/Windows/EditorUserSettings.ini" 97
"../../../../../../Users/Alex/Box Sync/nivel1Juego/Nivel1/Nivel1/Saved/Config/CleanSourceConfigs/EditorUserSettings.ini" 98
"../../../Engine/Config/BaseEditorKeyBindings.ini" 99
"C:/Users/Alex/Box Sync/nivel1Juego/Nivel1/Nivel1/Saved/Config/Windows/EditorKeyBindings.ini" 100
"../../../../../../Users/Alex/Box Sync/nivel1Juego/Nivel1/Nivel1/Saved/Config/CleanSourceConfigs/EditorKeyBindings.ini" 101
"../../../Engine/Config/BaseCompat.ini" 102
"C:/Users/Alex/Box Sync/nivel1Juego/Nivel1/Nivel1/Saved/Config/Windows/Compat.ini" 103
"../../../../../../Users/Alex/Box Sync/nivel1Juego/Nivel1/Nivel1/Saved/Config/CleanSourceConfigs/Compat.ini" 104
"../../../Engine/Config/BaseLightmass.ini" 105
"C:/Users/Alex/Box Sync/nivel1Juego/Nivel1/Nivel1/Saved/Config/Windows/Lightmass.ini" 106
"../../../../../../Users/Alex/Box Sync/nivel1Juego/Nivel1/Nivel1/Saved/Config/CleanSourceConfigs/Lightmass.ini" 107
"../../../Engine/Config/BaseScalability.ini" 108
"C:/Users/Alex/Box Sync/nivel1Juego/Nivel1/Nivel1/Saved/Config/Windows/Scalability.ini" 109
"../../../../../../Users/Alex/Box Sync/nivel1Juego/Nivel1/Nivel1/Saved/Config/CleanSourceConfigs/Scalability.ini" 110
"C:/Users/Alex/Box Sync/nivel1Juego/Nivel1/Nivel1/Saved/Config/Windows/GameUserSettings.ini" 111
"../../../../../../Users/Alex/Box Sync/nivel1Juego/Nivel1/Nivel1/Saved/Config/CleanSourceConfigs/GameUserSettings.ini" 112
"../../../Engine/Config/BaseDeviceProfiles.ini" 113
"C:/Users/Alex/Box Sync/nivel1Juego/Nivel1/Nivel1/Saved/Config/Windows/DeviceProfiles.ini" 114
"../../../../../../Users/Alex/Box Sync/nivel1Juego/Nivel1/Nivel1/Saved/Config/CleanSourceConfigs/DeviceProfiles.ini" 115
"../../../Engine/Config/ConsoleVariables.ini" 116
"..\..\..\Engine\Content\Internationalization\icudt53l\es_ES.res" 117
"..\..\..\Engine\Content\Internationalization\icudt53l\ja.res" 118
"..\..\..\Engine\Content\Internationalization\icudt53l\coll\ja.res" 119
"..\..\..\Engine\Content\Internationalization\icudt53l\curr\ja.res" 120
"..\..\..\Engine\Content\Internationalization\icudt53l\ja_JP.res" 121
"..\..\..\Engine\Content\Internationalization\icudt53l\ko.res" 122
"..\..\..\Engine\Content\Internationalization\icudt53l\coll\ko.res" 123
"..\..\..\Engine\Content\Internationalization\icudt53l\curr\ko.res" 124
"..\..\..\Engine\Content\Internationalization\icudt53l\ko_KR.res" 125
"..\..\..\Engine\Content\Internationalization\icudt53l\pt_BR.res" 126
"..\..\..\Engine\Content\Internationalization\icudt53l\pt.res" 127
"..\..\..\Engine\Content\Internationalization\icudt53l\coll\pt.res" 128
"..\..\..\Engine\Content\Internationalization\icudt53l\curr\pt.res" 129
"..\..\..\Engine\Content\Internationalization\icudt53l\zh_CN.res" 130
"..\..\..\Engine\Content\Internationalization\icudt53l\zh_Hans_CN.res" 131
"..\..\..\Engine\Content\Internationalization\icudt53l\zh_Hans.res" 132
"..\..\..\Engine\Content\Internationalization\icudt53l\zh.res" 133
"..\..\..\Engine\Content\Internationalization\icudt53l\coll\zh_CN.res" 134
"..\..\..\Engine\Content\Internationalization\icudt53l\coll\zh_Hans_CN.res" 135
"..\..\..\Engine\Content\Internationalization\icudt53l\coll\zh_Hans.res" 136
"..\..\..\Engine\Content\Internationalization\icudt53l\coll\zh.res" 137
"..\..\..\Engine\Content\Internationalization\icudt53l\curr\zh_CN.res" 138
"..\..\..\Engine\Content\Internationalization\icudt53l\curr\zh_Hans_CN.res" 139
"..\..\..\Engine\Content\Internationalization\icudt53l\curr\zh_Hans.res" 140
"..\..\..\Engine\Content\Internationalization\icudt53l\curr\zh.res" 141
"C:/Program Files/Epic Games/4.6/Engine/Content/Localization/Editor/es/Editor.locres" 142
"C:/Program Files/Epic Games/4.6/Engine/Content/Localization/EditorTutorials/es/EditorTutorials.locres" 143
"C:/Program Files/Epic Games/4.6/Engine/Content/Localization/Engine/es/Engine.locres" 144
"../../../Engine/Content/Slate/Fonts/Roboto-Regular.ttf" 145
"../../../Engine/Content/Slate/Fonts/Roboto-Bold.ttf" 146
"../../../Engine/Content/Slate/Fonts/Roboto-Light.ttf" 147
"../../../Engine/Content/Slate/Fonts/DroidSansMono.ttf" 148
"C:/Program Files/Epic Games/4.6/Engine/Binaries/Win64/../../../Engine/Shaders/ParticleSpriteVertexFactory.usf" 149
"C:/Program Files/Epic Games/4.6/Engine/Binaries/Win64/../../../Engine/Shaders/VertexFactoryCommon.usf" 150
"C:/Program Files/Epic Games/4.6/Engine/Binaries/Win64/../../../Engine/Shaders/Common.usf" 151
"C:/Program Files/Epic Games/4.6/Engine/Binaries/Win64/../../../Engine/Shaders/ShaderVersion.usf" 152
"C:/Program Files/Epic Games/4.6/Engine/Binaries/Win64/../../../Engine/Shaders/Definitions.usf" 153
"C:/Program Files/Epic Games/4.6/Engine/Binaries/Win64/../../../Engine/Shaders/Random.usf" 154
"C:/Program Files/Epic Games/4.6/Engine/Binaries/Win64/../../../Engine/Shaders/ParticleVertexFactoryCommon.usf" 155
"C:/Program Files/Epic Games/4.6/Engine/Binaries/Win64/../../../Engine/Shaders/ParticleGPUSpriteVertexFactory.usf" 156
"C:/Program Files/Epic Games/4.6/Engine/Binaries/Win64/../../../Engine/Shaders/ParticleBeamTrailVertexFactory.usf" 157
"C:/Program Files/Epic Games/4.6/Engine/Binaries/Win64/../../../Engine/Shaders/VectorFieldVisualizationVertexFactory.usf" 158
"C:/Program Files/Epic Games/4.6/Engine/Binaries/Win64/../../../Engine/Shaders/LocalVertexFactory.usf" 159
"C:/Program Files/Epic Games/4.6/Engine/Binaries/Win64/../../../Engine/Shaders/LocalVertexFactoryCommon.usf" 160
"C:/Program Files/Epic Games/4.6/Engine/Binaries/Win64/../../../Engine/Shaders/MeshParticleVertexFactory.usf" 161
"C:/Program Files/Epic Games/4.6/Engine/Binaries/Win64/../../../Engine/Shaders/GpuSkinVertexFactory.usf" 162
"C:/Program Files/Epic Games/4.6/Engine/Binaries/Win64/../../../Engine/Shaders/GpuSkinCacheCommon.usf" 163
"C:/Program Files/Epic Games/4.6/Engine/Binaries/Win64/../../../Engine/Shaders/LandscapeVertexFactory.usf" 164
"C:/Program Files/Epic Games/4.6/Engine/Binaries/Win64/../../../Engine/Shaders/SlateElementPixelShader.usf" 165
"C:/Program Files/Epic Games/4.6/Engine/Binaries/Win64/../../../Engine/Shaders/MaterialTemplate.usf" 166
"C:/Program Files/Epic Games/4.6/Engine/Binaries/Win64/../../../Engine/Shaders/DepthOfFieldCommon.usf" 167
"C:/Program Files/Epic Games/4.6/Engine/Binaries/Win64/../../../Engine/Shaders/SpeedTreeCommon.usf" 168
"C:/Program Files/Epic Games/4.6/Engine/Binaries/Win64/../../../Engine/Shaders/AtmosphereCommon.usf" 169
"C:/Program Files/Epic Games/4.6/Engine/Binaries/Win64/../../../Engine/Shaders/PostProcessCommon.usf" 170
"C:/Program Files/Epic Games/4.6/Engine/Binaries/Win64/../../../Engine/Shaders/DeferredShadingCommon.usf" 171
"C:/Program Files/Epic Games/4.6/Engine/Binaries/Win64/../../../Engine/Shaders/LightAccumulator.usf" 172
"C:/Program Files/Epic Games/4.6/Engine/Binaries/Win64/../../../Engine/Shaders/SlateVertexShader.usf" 173
"C:/Program Files/Epic Games/4.6/Engine/Binaries/Win64/../../../Engine/Shaders/OneColorShader.usf" 174
"C:/Program Files/Epic Games/4.6/Engine/Binaries/Win64/../../../Engine/Shaders/ResolveVertexShader.usf" 175
"C:/Program Files/Epic Games/4.6/Engine/Binaries/Win64/../../../Engine/Shaders/ResolvePixelShader.usf" 176
"C:/Program Files/Epic Games/4.6/Engine/Binaries/Win64/../../../Engine/Shaders/VisualizeTexture.usf" 177
"C:/Program Files/Epic Games/4.6/Engine/Binaries/Win64/../../../Engine/Shaders/ScreenSpaceReflections.usf" 178
"C:/Program Files/Epic Games/4.6/Engine/Binaries/Win64/../../../Engine/Shaders/BRDF.usf" 179
"C:/Program Files/Epic Games/4.6/Engine/Binaries/Win64/../../../Engine/Shaders/MonteCarlo.usf" 180
"C:/Program Files/Epic Games/4.6/Engine/Binaries/Win64/../../../Engine/Shaders/FilterVertexShader.usf" 181
"C:/Program Files/Epic Games/4.6/Engine/Binaries/Win64/../../../Engine/Shaders/FilterPixelShader.usf" 182
"C:/Program Files/Epic Games/4.6/Engine/Binaries/Win64/../../../Engine/Shaders/PostProcessVisualizeHDR.usf" 183
"C:/Program Files/Epic Games/4.6/Engine/Binaries/Win64/../../../Engine/Shaders/PostProcessHistogramCommon.usf" 184
"C:/Program Files/Epic Games/4.6/Engine/Binaries/Win64/../../../Engine/Shaders/TonemapCommon.usf" 185
"C:/Program Files/Epic Games/4.6/Engine/Binaries/Win64/../../../Engine/Shaders/MiniFontCommon.usf" 186
"C:/Program Files/Epic Games/4.6/Engine/Binaries/Win64/../../../Engine/Shaders/PostProcessVisualizeBuffer.usf" 187
"C:/Program Files/Epic Games/4.6/Engine/Binaries/Win64/../../../Engine/Shaders/PostProcessUpscale.usf" 188
"C:/Program Files/Epic Games/4.6/Engine/Binaries/Win64/../../../Engine/Shaders/PostProcessTonemap.usf" 189
"C:/Program Files/Epic Games/4.6/Engine/Binaries/Win64/../../../Engine/Shaders/PostProcessTestImage.usf" 190
"C:/Program Files/Epic Games/4.6/Engine/Binaries/Win64/../../../Engine/Shaders/PostProcessTemporalAA.usf" 191
"C:/Program Files/Epic Games/4.6/Engine/Binaries/Win64/../../../Engine/Shaders/PostProcessTemporalCommon.usf" 192
"C:/Program Files/Epic Games/4.6/Engine/Binaries/Win64/../../../Engine/Shaders/PostProcessSubsurface.usf" 193
"C:/Program Files/Epic Games/4.6/Engine/Binaries/Win64/../../../Engine/Shaders/SeparableSSS.usf" 194
"C:/Program Files/Epic Games/4.6/Engine/Binaries/Win64/../../../Engine/Shaders/PostProcessSelectionOutline.usf" 195
"C:/Program Files/Epic Games/4.6/Engine/Binaries/Win64/../../../Engine/Shaders/PostProcessSceneColorFringe.usf" 196
"C:/Program Files/Epic Games/4.6/Engine/Binaries/Win64/../../../Engine/Shaders/PostProcessNoiseBlur.usf" 197
"C:/Program Files/Epic Games/4.6/Engine/Binaries/Win64/../../../Engine/Shaders/PostProcessMotionBlur.usf" 198
"C:/Program Files/Epic Games/4.6/Engine/Binaries/Win64/../../../Engine/Shaders/MorpheusInclude.usf" 199
"C:/Program Files/Epic Games/4.6/Engine/Binaries/Win64/../../../Engine/Shaders/PostProcessMobile.usf" 200
"C:/Program Files/Epic Games/4.6/Engine/Binaries/Win64/../../../Engine/Shaders/PostProcessMaterialShaders.usf" 201
"C:/Program Files/Epic Games/4.6/Engine/Binaries/Win64/../../../Engine/Shaders/PostProcessLensFlares.usf" 202
"C:/Program Files/Epic Games/4.6/Engine/Binaries/Win64/../../../Engine/Shaders/PostProcessLensBlur.usf" 203
"C:/Program Files/Epic Games/4.6/Engine/Binaries/Win64/../../../Engine/Shaders/PostProcessBloom.usf" 204
"C:/Program Files/Epic Games/4.6/Engine/Binaries/Win64/../../../Engine/Shaders/PostProcessHMD.usf" 205
"C:/Program Files/Epic Games/4.6/Engine/Binaries/Win64/../../../Engine/Shaders/PostProcessHistogramReduce.usf" 206
"C:/Program Files/Epic Games/4.6/Engine/Binaries/Win64/../../../Engine/Shaders/PostProcessHistogram.usf" 207
"C:/Program Files/Epic Games/4.6/Engine/Binaries/Win64/../../../Engine/Shaders/PostProcessGBufferHints.usf" 208
"C:/Program Files/Epic Games/4.6/Engine/Binaries/Win64/../../../Engine/Shaders/PostProcessEyeAdaptation.usf" 209
"C:/Program Files/Epic Games/4.6/Engine/Binaries/Win64/../../../Engine/Shaders/PostProcessDownsample.usf" 210
"C:/Program Files/Epic Games/4.6/Engine/Binaries/Win64/../../../Engine/Shaders/PostProcessDOF.usf" 211
"C:/Program Files/Epic Games/4.6/Engine/Binaries/Win64/../../../Engine/Shaders/PostProcessCompositeEditorPrimitives.usf" 212
"C:/Program Files/Epic Games/4.6/Engine/Binaries/Win64/../../../Engine/Shaders/PostProcessCombineLUTs.usf" 213
"C:/Program Files/Epic Games/4.6/Engine/Binaries/Win64/../../../Engine/Shaders/PostProcessBusyWait.usf" 214
"C:/Program Files/Epic Games/4.6/Engine/Binaries/Win64/../../../Engine/Shaders/PostProcessBokehDOF.usf" 215
"C:/Program Files/Epic Games/4.6/Engine/Binaries/Win64/../../../Engine/Shaders/FXAAShader.usf" 216
"C:/Program Files/Epic Games/4.6/Engine/Binaries/Win64/../../../Engine/Shaders/Fxaa3_11.usf" 217
"C:/Program Files/Epic Games/4.6/Engine/Binaries/Win64/../../../Engine/Shaders/PostProcessPassThrough.usf" 218
"C:/Program Files/Epic Games/4.6/Engine/Binaries/Win64/../../../Engine/Shaders/PostProcessLpvIndirect.usf" 219
"C:/Program Files/Epic Games/4.6/Engine/Binaries/Win64/../../../Engine/Shaders/DeferredLightingCommon.usf" 220
"C:/Program Files/Epic Games/4.6/Engine/Binaries/Win64/../../../Engine/Shaders/DynamicLightingCommon.usf" 221
"C:/Program Files/Epic Games/4.6/Engine/Binaries/Win64/../../../Engine/Shaders/IESLightProfilesCommon.usf" 222
"C:/Program Files/Epic Games/4.6/Engine/Binaries/Win64/../../../Engine/Shaders/LPVFinalPass.usf" 223
"C:/Program Files/Epic Games/4.6/Engine/Binaries/Win64/../../../Engine/Shaders/LPVCommon.usf" 224
"C:/Program Files/Epic Games/4.6/Engine/Binaries/Win64/../../../Engine/Shaders/DeferredDecal.usf" 225
"C:/Program Files/Epic Games/4.6/Engine/Binaries/Win64/../../../Engine/Shaders/PostProcessAmbientOcclusion.usf" 226
"C:/Program Files/Epic Games/4.6/Engine/Binaries/Win64/../../../Engine/Shaders/PostProcessAmbient.usf" 227
"C:/Program Files/Epic Games/4.6/Engine/Binaries/Win64/../../../Engine/Shaders/CubemapCommon.usf" 228
"C:/Program Files/Epic Games/4.6/Engine/Binaries/Win64/../../../Engine/Shaders/VelocityShader.usf" 229
"C:/Program Files/Epic Games/4.6/Engine/Binaries/Win64/../../../Engine/Shaders/Tessellation.usf" 230
"C:/Program Files/Epic Games/4.6/Engine/Binaries/Win64/../../../Engine/Shaders/FlatTessellation.usf" 231
"C:/Program Files/Epic Games/4.6/Engine/Binaries/Win64/../../../Engine/Shaders/PNTriangles.usf" 232
"C:/Program Files/Epic Games/4.6/Engine/Binaries/Win64/../../../Engine/Shaders/TranslucentLightingShaders.usf" 233
"C:/Program Files/Epic Games/4.6/Engine/Binaries/Win64/../../../Engine/Shaders/SHCommon.usf" 234
"C:/Program Files/Epic Games/4.6/Engine/Binaries/Win64/../../../Engine/Shaders/ShadowProjectionCommon.usf" 235
"C:/Program Files/Epic Games/4.6/Engine/Binaries/Win64/../../../Engine/Shaders/TranslucentLightInjectionShaders.usf" 236
"C:/Program Files/Epic Games/4.6/Engine/Binaries/Win64/../../../Engine/Shaders/LightFunctionCommon.usf" 237
"C:/Program Files/Epic Games/4.6/Engine/Binaries/Win64/../../../Engine/Shaders/TranslucentShadowDepthShaders.usf" 238
"C:/Program Files/Epic Games/4.6/Engine/Binaries/Win64/../../../Engine/Shaders/ShadowDepthCommon.usf" 239
"C:/Program Files/Epic Games/4.6/Engine/Binaries/Win64/../../../Engine/Shaders/TiledDeferredLightShaders.usf" 240
"C:/Program Files/Epic Games/4.6/Engine/Binaries/Win64/../../../Engine/Shaders/ShadowProjectionPixelShader.usf" 241
"C:/Program Files/Epic Games/4.6/Engine/Binaries/Win64/../../../Engine/Shaders/ShadowFilteringCommon.usf" 242
"C:/Program Files/Epic Games/4.6/Engine/Binaries/Win64/../../../Engine/Shaders/ShadowProjectionVertexShader.usf" 243
"C:/Program Files/Epic Games/4.6/Engine/Binaries/Win64/../../../Engine/Shaders/ShadowDepthPixelShader.usf" 244
"C:/Program Files/Epic Games/4.6/Engine/Binaries/Win64/../../../Engine/Shaders/LPVWriteVplCommon.usf" 245
"C:/Program Files/Epic Games/4.6/Engine/Binaries/Win64/../../../Engine/Shaders/LPVWriteCommon.usf" 246
"C:/Program Files/Epic Games/4.6/Engine/Binaries/Win64/../../../Engine/Shaders/ShadowDepthVertexShader.usf" 247
"C:/Program Files/Epic Games/4.6/Engine/Binaries/Win64/../../../Engine/Shaders/ShaderComplexityApplyPixelShader.usf" 248
"C:/Program Files/Epic Games/4.6/Engine/Binaries/Win64/../../../Engine/Shaders/ShaderComplexityApplyVertexShader.usf" 249
"C:/Program Files/Epic Games/4.6/Engine/Binaries/Win64/../../../Engine/Shaders/ShaderComplexityAccumulatePixelShader.usf" 250
"C:/Program Files/Epic Games/4.6/Engine/Binaries/Win64/../../../Engine/Shaders/HZBOcclusion.usf" 251
"C:/Program Files/Epic Games/4.6/Engine/Binaries/Win64/../../../Engine/Shaders/OcclusionQueryVertexShader.usf" 252
"C:/Program Files/Epic Games/4.6/Engine/Binaries/Win64/../../../Engine/Shaders/HitProxyPixelShader.usf" 253
"C:/Program Files/Epic Games/4.6/Engine/Binaries/Win64/../../../Engine/Shaders/HitProxyVertexShader.usf" 254
"C:/Program Files/Epic Games/4.6/Engine/Binaries/Win64/../../../Engine/Shaders/ReflectionEnvironmentShaders.usf" 255
"C:/Program Files/Epic Games/4.6/Engine/Binaries/Win64/../../../Engine/Shaders/ReflectionEnvironmentShared.usf" 256
"C:/Program Files/Epic Games/4.6/Engine/Binaries/Win64/../../../Engine/Shaders/SkyLightingShared.usf" 257
"C:/Program Files/Epic Games/4.6/Engine/Binaries/Win64/../../../Engine/Shaders/ReflectionEnvironmentComputeShaders.usf" 258
"C:/Program Files/Epic Games/4.6/Engine/Binaries/Win64/../../../Engine/Shaders/LightShaftShader.usf" 259
"C:/Program Files/Epic Games/4.6/Engine/Binaries/Win64/../../../Engine/Shaders/StationaryLightOverlapShaders.usf" 260
"C:/Program Files/Epic Games/4.6/Engine/Binaries/Win64/../../../Engine/Shaders/DeferredLightPixelShaders.usf" 261
"C:/Program Files/Epic Games/4.6/Engine/Binaries/Win64/../../../Engine/Shaders/DeferredLightVertexShaders.usf" 262
"C:/Program Files/Epic Games/4.6/Engine/Binaries/Win64/../../../Engine/Shaders/LPVVisualise.usf" 263
"C:/Program Files/Epic Games/4.6/Engine/Binaries/Win64/../../../Engine/Shaders/LPVGeometryVolumeCommon.usf" 264
"C:/Program Files/Epic Games/4.6/Engine/Binaries/Win64/../../../Engine/Shaders/LPVDirectLightInject.usf" 265
"C:/Program Files/Epic Games/4.6/Engine/Binaries/Win64/../../../Engine/Shaders/LPVPropagate.usf" 266
"C:/Program Files/Epic Games/4.6/Engine/Binaries/Win64/../../../Engine/Shaders/LPVBuildGeometryVolume.usf" 267
"C:/Program Files/Epic Games/4.6/Engine/Binaries/Win64/../../../Engine/Shaders/LPVInject_AccumulateVplLists.usf" 268
"C:/Program Files/Epic Games/4.6/Engine/Binaries/Win64/../../../Engine/Shaders/LPVInject_GenerateVplLists.usf" 269
"C:/Program Files/Epic Games/4.6/Engine/Binaries/Win64/../../../Engine/Shaders/LPVClearLists.usf" 270
"C:/Program Files/Epic Games/4.6/Engine/Binaries/Win64/../../../Engine/Shaders/LPVClear.usf" 271
"C:/Program Files/Epic Games/4.6/Engine/Binaries/Win64/../../../Engine/Shaders/LightMapDensityShader.usf" 272
"C:/Program Files/Epic Games/4.6/Engine/Binaries/Win64/../../../Engine/Shaders/LightFunctionPixelShader.usf" 273
"C:/Program Files/Epic Games/4.6/Engine/Binaries/Win64/../../../Engine/Shaders/LightFunctionVertexShader.usf" 274
"C:/Program Files/Epic Games/4.6/Engine/Binaries/Win64/../../../Engine/Shaders/HdrCustomResolveShaders.usf" 275
"C:/Program Files/Epic Games/4.6/Engine/Binaries/Win64/../../../Engine/Shaders/GPUBenchmark.usf" 276
"C:/Program Files/Epic Games/4.6/Engine/Binaries/Win64/../../../Engine/Shaders/GammaCorrection.usf" 277
"C:/Program Files/Epic Games/4.6/Engine/Binaries/Win64/../../../Engine/Shaders/BasePassForForwardShadingPixelShader.usf" 278
"C:/Program Files/Epic Games/4.6/Engine/Binaries/Win64/../../../Engine/Shaders/BasePassForForwardShadingCommon.usf" 279
"C:/Program Files/Epic Games/4.6/Engine/Binaries/Win64/../../../Engine/Shaders/LightmapCommon.usf" 280
"C:/Program Files/Epic Games/4.6/Engine/Binaries/Win64/../../../Engine/Shaders/BasePassForForwardShadingVertexShader.usf" 281
"C:/Program Files/Epic Games/4.6/Engine/Binaries/Win64/../../../Engine/Shaders/HeightFogCommon.usf" 282
"C:/Program Files/Epic Games/4.6/Engine/Binaries/Win64/../../../Engine/Shaders/HeightFogPixelShader.usf" 283
"C:/Program Files/Epic Games/4.6/Engine/Binaries/Win64/../../../Engine/Shaders/HeightFogVertexShader.usf" 284
"C:/Program Files/Epic Games/4.6/Engine/Binaries/Win64/../../../Engine/Shaders/DistortAccumulatePS.usf" 285
"C:/Program Files/Epic Games/4.6/Engine/Binaries/Win64/../../../Engine/Shaders/DistortAccumulateVS.usf" 286
"C:/Program Files/Epic Games/4.6/Engine/Binaries/Win64/../../../Engine/Shaders/DistortApplyScreenPS.usf" 287
"C:/Program Files/Epic Games/4.6/Engine/Binaries/Win64/../../../Engine/Shaders/SkyLighting.usf" 288
"C:/Program Files/Epic Games/4.6/Engine/Binaries/Win64/../../../Engine/Shaders/DistanceFieldSurfaceCacheLighting.usf" 289
"C:/Program Files/Epic Games/4.6/Engine/Binaries/Win64/../../../Engine/Shaders/DistanceFieldLightingShared.usf" 290
"C:/Program Files/Epic Games/4.6/Engine/Binaries/Win64/../../../Engine/Shaders/DistanceFieldAOShared.usf" 291
"C:/Program Files/Epic Games/4.6/Engine/Binaries/Win64/../../../Engine/Shaders/DistanceFieldSurfaceCacheLightingCompute.usf" 292
"C:/Program Files/Epic Games/4.6/Engine/Binaries/Win64/../../../Engine/Shaders/DistanceFieldShadowing.usf" 293
"C:/Program Files/Epic Games/4.6/Engine/Binaries/Win64/../../../Engine/Shaders/DepthOnlyPixelShader.usf" 294
"C:/Program Files/Epic Games/4.6/Engine/Binaries/Win64/../../../Engine/Shaders/DepthOnlyVertexShader.usf" 295
"C:/Program Files/Epic Games/4.6/Engine/Binaries/Win64/../../../Engine/Shaders/PositionOnlyDepthVertexShader.usf" 296
"C:/Program Files/Epic Games/4.6/Engine/Binaries/Win64/../../../Engine/Shaders/DownsampleDepthPixelShader.usf" 297
"C:/Program Files/Epic Games/4.6/Engine/Binaries/Win64/../../../Engine/Shaders/BasePassPixelShader.usf" 298
"C:/Program Files/Epic Games/4.6/Engine/Binaries/Win64/../../../Engine/Shaders/BasePassCommon.usf" 299
"C:/Program Files/Epic Games/4.6/Engine/Binaries/Win64/../../../Engine/Shaders/BasePassVertexShader.usf" 300
"C:/Program Files/Epic Games/4.6/Engine/Binaries/Win64/../../../Engine/Shaders/BasePassVertexCommon.usf" 301
"C:/Program Files/Epic Games/4.6/Engine/Binaries/Win64/../../../Engine/Shaders/BasePassTessellationShaders.usf" 302
"C:/Program Files/Epic Games/4.6/Engine/Binaries/Win64/../../../Engine/Shaders/AtmospherePrecompute.usf" 303
"C:/Program Files/Epic Games/4.6/Engine/Binaries/Win64/../../../Engine/Shaders/AtmospherePrecomputeCommon.usf" 304
"C:/Program Files/Epic Games/4.6/Engine/Binaries/Win64/../../../Engine/Shaders/AtmospherePrecomputeInscatter.usf" 305
"C:/Program Files/Epic Games/4.6/Engine/Binaries/Win64/../../../Engine/Shaders/AtmosphericFogShader.usf" 306
"C:/Program Files/Epic Games/4.6/Engine/Binaries/Win64/../../../Engine/Shaders/ParticleSortKeyGen.usf" 307
"C:/Program Files/Epic Games/4.6/Engine/Binaries/Win64/../../../Engine/Shaders/ParticleBoundsShader.usf" 308
"C:/Program Files/Epic Games/4.6/Engine/Binaries/Win64/../../../Engine/Shaders/ParticleSimVisualizeShader.usf" 309
"C:/Program Files/Epic Games/4.6/Engine/Binaries/Win64/../../../Engine/Shaders/ParticleInjectionShader.usf" 310
"C:/Program Files/Epic Games/4.6/Engine/Binaries/Win64/../../../Engine/Shaders/ParticleSimulationShader.usf" 311
"C:/Program Files/Epic Games/4.6/Engine/Binaries/Win64/../../../Engine/Shaders/ParticleCurveInjectionShader.usf" 312
"C:/Program Files/Epic Games/4.6/Engine/Binaries/Win64/../../../Engine/Shaders/VectorFieldCompositeShaders.usf" 313
"C:/Program Files/Epic Games/4.6/Engine/Binaries/Win64/../../../Engine/Shaders/UpdateTextureShaders.usf" 314
"C:/Program Files/Epic Games/4.6/Engine/Binaries/Win64/../../../Engine/Shaders/SimpleElementColorChannelMaskPixelShader.usf" 315
"C:/Program Files/Epic Games/4.6/Engine/Binaries/Win64/../../../Engine/Shaders/SimpleElementHitProxyPixelShader.usf" 316
"C:/Program Files/Epic Games/4.6/Engine/Binaries/Win64/../../../Engine/Shaders/SimpleElementPixelShader.usf" 317
"C:/Program Files/Epic Games/4.6/Engine/Binaries/Win64/../../../Engine/Shaders/ColorUtils.usf" 318
"C:/Program Files/Epic Games/4.6/Engine/Binaries/Win64/../../../Engine/Shaders/SimpleElementVertexShader.usf" 319
"C:/Program Files/Epic Games/4.6/Engine/Binaries/Win64/../../../Engine/Shaders/ScreenVertexShader.usf" 320
"C:/Program Files/Epic Games/4.6/Engine/Binaries/Win64/../../../Engine/Shaders/ScreenPixelShader.usf" 321
"C:/Program Files/Epic Games/4.6/Engine/Binaries/Win64/../../../Engine/Shaders/RadixSortShaders.usf" 322
"C:/Program Files/Epic Games/4.6/Engine/Binaries/Win64/../../../Engine/Shaders/GpuSkinCacheComputeShader.usf" 323
"C:/Program Files/Epic Games/4.6/Engine/Binaries/Win64/../../../Engine/Shaders/NullPixelShader.usf" 324
"C:/Program Files/Epic Games/4.6/Engine/Binaries/Win64/../../../Engine/Shaders/ClearReplacementShaders.usf" 325
"C:/Program Files/Epic Games/4.6/Engine/Binaries/Win64/../../../Engine/Shaders/SimpleElementTexture2DPreviewPixelShader.usf" 326
"C:/Program Files/Epic Games/4.6/Engine/Binaries/Win64/../../../Engine/Shaders/SimpleElementNormalMapPixelShader.usf" 327
"C:/Program Files/Epic Games/4.6/Engine/Binaries/Win64/../../../Engine/Shaders/meshpaintdilatepixelshader.usf" 328
"C:/Program Files/Epic Games/4.6/Engine/Binaries/Win64/../../../Engine/Shaders/meshpaintdilatevertexshader.usf" 329
"C:/Program Files/Epic Games/4.6/Engine/Binaries/Win64/../../../Engine/Shaders/MeshPaintPixelShader.usf" 330
"C:/Program Files/Epic Games/4.6/Engine/Binaries/Win64/../../../Engine/Shaders/MeshPaintVertexShader.usf" 331
"../../../Engine/Config/Android/AndroidEngine.ini" 332
"../../../Engine/Config/IOS/IOSEngine.ini" 333
"../../../Engine/Config/Linux/LinuxEngine.ini" 334
"C:/Users/Alex/AppData/Local/UnrealEngine/4.6/DerivedDataCache/Boot.ddc" 335
"../../../Engine/DerivedDataCache/DDC.ddp" 336
"../../../Engine/Content/EditorResources/S_Actor.uasset" 337
"../../../Engine/Content/EditorLandscapeResources/DataLayer.uasset" 338
"../../../Engine/Content/Maps/Templates/Thumbnails/Default.uasset" 339
"../../../Engine/Content/EditorMaterials/ParticleSystems/PSysThumbnail_NoImage.uasset" 340
"../../../Engine/Content/EditorMaterials/ParticleSystems/PSysThumbnail_OOD.uasset" 341
"../../../Engine/Content/EngineDamageTypes/DmgTypeBP_Environmental.uasset" 342
"../../../Engine/Content/EngineMeshes/Sphere.uasset" 343
"../../../Engine/Content/EngineFonts/RobotoDistanceField.uasset" 344
"../../../Engine/Content/EngineMaterials/DefaultTextMaterialOpaque.uasset" 345
"../../../Engine/Content/Functions/Engine_MaterialFunctions01/Shading/PowerToRoughness.uasset" 346
"../../../Engine/Content/Functions/Engine_MaterialFunctions01/Shading/ConvertFromDiffSpec.uasset" 347
"../../../Engine/Content/EngineMaterials/WorldGridMaterial.uasset" 348
"../../../Engine/Content/Functions/Engine_MaterialFunctions01/Opacity/CameraDepthFade.uasset" 349
"../../../Engine/Content/EngineMaterials/T_Default_Material_Grid_M.uasset" 350
"../../../Engine/Content/EngineMaterials/T_Default_Material_Grid_N.uasset" 351
"../../../Engine/Content/EngineMaterials/DefaultDeferredDecalMaterial.uasset" 352
"../../../Engine/Content/EngineMaterials/DefaultDiffuse.uasset" 353
"../../../Engine/Content/EngineMaterials/DefaultLightFunctionMaterial.uasset" 354
"../../../Engine/Content/EngineMaterials/DefaultPostProcessMaterial.uasset" 355
"../../../Engine/Content/Functions/Engine_MaterialFunctions02/Utility/BreakOutFloat2Components.uasset" 356
"../../../Engine/Content/EditorResources/S_Trigger.uasset" 357
"../../../Engine/Content/EngineResources/WhiteSquareTexture.uasset" 358
"../../../Engine/Content/EngineResources/GradientTexture0.uasset" 359
"../../../Engine/Content/EngineResources/Black.uasset" 360
"../../../Engine/Content/EditorMaterials/MatineeGroups/MAT_Groups_Float.uasset" 361
"../../../Engine/Content/EditorMaterials/MatineeGroups/MAT_Groups_Director.uasset" 362
"../../../Engine/Content/EditorMaterials/MatineeGroups/MAT_Groups_Event.uasset" 363
"../../../Engine/Content/EditorMaterials/MatineeGroups/MAT_Groups_Anim.uasset" 364
"../../../Engine/Content/EditorMaterials/MatineeGroups/MAT_Groups_Fade.uasset" 365
"../../../Engine/Content/EditorMaterials/MatineeGroups/MAT_Groups_Move.uasset" 366
"../../../Engine/Content/EditorMaterials/MatineeGroups/MAT_Groups_Slomo.uasset" 367
"../../../Engine/Content/EditorMaterials/MatineeGroups/MAT_ColorTrack.uasset" 368
"../../../Engine/Content/EditorMaterials/MAT_Groups_Toggle.uasset" 369
"../../../Engine/Content/EditorMaterials/MatineeGroups/MAT_Groups_AudioMaster.uasset" 370
"../../../Engine/Content/EditorMaterials/MatineeGroups/MAT_Groups_Sound.uasset" 371
"../../../Engine/Content/EditorMaterials/MatineeGroups/MAT_Groups_Vector.uasset" 372
"../../../Engine/Content/EditorMaterials/MAT_Groups_Visibility.uasset" 373
"../../../Engine/Content/EngineResources/DefaultTexture.uasset" 374
"../../../Engine/Content/EngineResources/DefaultTextureCube.uasset" 375
"../../../Engine/Content/EngineSounds/Master.uasset" 376
"../../../Engine/Content/EngineSounds/Music.uasset" 377
"../../../Engine/Content/EngineSounds/SFX.uasset" 378
"../../../Engine/Content/EngineSounds/Normal_Attack.uasset" 379
"../../../Engine/Content/EngineSounds/Special_Attack_PSM.uasset" 380
"../../../Engine/Content/EngineSounds/Duck_Normal_Attack_MixMod.uasset" 381
"../../../Engine/Content/EngineSounds/Voice.uasset" 382
"../../../Engine/Content/EngineMeshes/Cylinder.uasset" 383
"../../../Engine/Content/EngineMaterials/DefaultMaterial.uasset" 384
"../../../Engine/Content/EngineTireTypes/DefaultTireType.uasset" 385
"../../../Engine/Content/Editor/Slate/Fonts/DroidSansMono.ttf" 386
"../../../Engine/Content/Editor/Slate/Fonts/Roboto-BoldCondensed.ttf" 387
"../../../Engine/Content/Editor/Slate/Fonts/Roboto-Black.ttf" 388
"../../../Engine/Content/Editor/Slate/Fonts/Roboto-BoldCondensedItalic.ttf" 389
"../../../Engine/Content/Editor/Slate/Fonts/Roboto-Italic.ttf" 390
"../../../Engine/Content/EngineFonts/Roboto.uasset" 391
"../../../Engine/Content/EngineMaterials/Widget3DPassThrough_Translucent.uasset" 392
"../../../Engine/Content/EngineMaterials/Widget3DPassThrough.uasset" 393
"../../../Engine/Content/EngineMaterials/Widget3DPassThrough_Translucent_OneSided.uasset" 394
"../../../Engine/Content/EngineMaterials/Widget3DPassThrough_Opaque.uasset" 395
"../../../Engine/Content/EngineMaterials/Widget3DPassThrough_Opaque_OneSided.uasset" 396
"../../../Engine/Plugins/2D/Paper2D/Content/MaskedUnlitSpriteMaterial.uasset" 397
"../../../Engine/Plugins/2D/Paper2D/Content/DefaultSpriteMaterial.uasset" 398
"../../../Engine/Plugins/2D/Paper2D/Content/DummySpriteTexture.uasset" 399
"../../../Engine/Plugins/2D/Paper2D/Content/OpaqueUnlitSpriteMaterial.uasset" 400
"../../../Engine/Plugins/2D/Paper2D/Content/DefaultPaperTerrainMaterial.uasset" 401
"../../../Engine/Plugins/2D/Paper2D/Content/DummySprite.uasset" 402
"C:/Users/Alex/AppData/Local/UnrealEngine/4.6/Saved/Config/Windows/SourceControlSettings.ini" 403
"../../../../../../Users/Alex/Box Sync/nivel1Juego/Nivel1/Nivel1/Saved/Config/CleanSourceConfigs/SourceControlSettings.ini" 404
"C:/Users/Alex/Box Sync/nivel1Juego/Nivel1/Nivel1/Saved/Config/Windows/SourceControlSettings.ini" 405
"../../../Engine/Content/EngineMaterials/RemoveSurfaceMaterial.uasset" 406
"../../../Engine/Content/EngineDebugMaterials/DebugMeshMaterial.uasset" 407
"../../../Engine/Content/EngineMaterials/M_InvalidLightmapSettings.uasset" 408
"../../../Engine/Content/EngineMaterials/InvalidLightmapSettings.uasset" 409
"../../../Engine/Content/EditorMaterials/GizmoMaterial.uasset" 410
"../../../Engine/Content/EngineMaterials/Good64x64TilingNoiseHighFreq.uasset" 411
"../../../Engine/Content/EngineMaterials/DefaultBokeh.uasset" 412
"../../../Engine/Content/EngineMaterials/PreintegratedSkinBRDF.uasset" 413
"../../../Engine/Content/EngineMaterials/MiniFont.uasset" 414
"../../../Engine/Content/EngineMaterials/WeightMapPlaceholderTexture.uasset" 415
"../../../Engine/Content/EngineMaterials/DefaultWhiteGrid.uasset" 416
"../../../Engine/Content/EngineMaterials/DefaultPhysicalMaterial.uasset" 417
"../../../Engine/Content/EngineFonts/RobotoTiny.uasset" 418
"../../../../../../Users/Alex/Box Sync/nivel1Juego/Nivel1/Nivel1/Intermediate/CachedAssetRegistry.bin" 419
"../../../../../../Users/Alex/Box Sync/nivel1Juego/Nivel1/Nivel1/Content/Maps/nivel1.umap" 420
"../../../Engine/Content/MobileResources/HUD/VirtualJoystick_Thumb.uasset" 421
"../../../Engine/Content/MobileResources/HUD/VirtualJoystick_Background.uasset" 422
"../../../Engine/Content/MobileResources/HUD/T_Castle_ThumbstickOutter.uasset" 423
"../../../Engine/Content/MobileResources/HUD/T_Castle_ThumbstickInner.uasset" 424
"../../../Engine/Content/MobileResources/HUD/MobileHUDDirectionStick.uasset" 425
"../../../Engine/Content/MobileResources/HUD/MobileHUDDirectionPad3.uasset" 426
"../../../Engine/Content/MobileResources/HUD/MobileHUDDirectionPad2.uasset" 427
"../../../Engine/Content/MobileResources/HUD/MobileHUDDirectionPad.uasset" 428
"../../../Engine/Content/MobileResources/HUD/MobileHUDButtonFire.uasset" 429
"../../../Engine/Content/MobileResources/HUD/MobileHUDButton3.uasset" 430
"../../../Engine/Content/MobileResources/HUD/MobileHUDButton2_on.uasset" 431
"../../../Engine/Content/MobileResources/HUD/MobileHUDButton2_off.uasset" 432
"../../../Engine/Content/MobileResources/HUD/MobileHUDButton1_on.uasset" 433
"../../../Engine/Content/MobileResources/HUD/MobileHUDButton1_off.uasset" 434
"../../../Engine/Content/MobileResources/HUD/LeftVirtualJoystickOnly.uasset" 435
"../../../Engine/Content/MobileResources/HUD/DefaultVirtualJoysticks.uasset" 436
"../../../Engine/Content/MobileResources/HUD/AnalogHat.uasset" 437
"../../../Engine/Content/MobileResources/T_MobileMenu2.uasset" 438
"../../../Engine/Content/MobileResources/T_MobileControls_texture.uasset" 439
"../../../../../../Users/Alex/Box Sync/nivel1Juego/Nivel1/Nivel1/Content/Blueprints/MyGame.uasset" 440
"../../../../../../Users/Alex/Box Sync/nivel1Juego/Nivel1/Nivel1/Content/Blueprints/MyCharacter.uasset" 441
"../../../../../../Users/Alex/Box Sync/nivel1Juego/Nivel1/Nivel1/Content/Character/HeroFPP_AnimBlueprint.uasset" 442
"../../../../../../Users/Alex/Box Sync/nivel1Juego/Nivel1/Nivel1/Content/Animations/FPP_Idle.uasset" 443
"../../../../../../Users/Alex/Box Sync/nivel1Juego/Nivel1/Nivel1/Content/Character/HeroFPP_Skeleton.uasset" 444
"../../../../../../Users/Alex/Box Sync/nivel1Juego/Nivel1/Nivel1/Content/Animations/FPP_JumpEnd.uasset" 445
"../../../../../../Users/Alex/Box Sync/nivel1Juego/Nivel1/Nivel1/Content/Animations/FPP_JumpLoop.uasset" 446
"../../../../../../Users/Alex/Box Sync/nivel1Juego/Nivel1/Nivel1/Content/Animations/FPP_JumpStart.uasset" 447
"../../../../../../Users/Alex/Box Sync/nivel1Juego/Nivel1/Nivel1/Content/Animations/FPP_Run.uasset" 448
"../../../../../../Users/Alex/Box Sync/nivel1Juego/Nivel1/Nivel1/Content/Animations/FPP_Fire_Montage.uasset" 449
"../../../../../../Users/Alex/Box Sync/nivel1Juego/Nivel1/Nivel1/Content/Animations/FPP_Fire.uasset" 450
"../../../../../../Users/Alex/Box Sync/nivel1Juego/Nivel1/Nivel1/Content/Blueprints/MyProjectile.uasset" 451
"../../../../../../Users/Alex/Box Sync/nivel1Juego/Nivel1/Nivel1/Content/Character/SM_Projectile.uasset" 452
"../../../Engine/Content/TemplateResources/MI_Template_BaseOrange.uasset" 453
"../../../Engine/Content/TemplateResources/M_Template_Master.uasset" 454
"../../../../../../Users/Alex/Box Sync/nivel1Juego/Nivel1/Nivel1/Content/Blueprints/Other.uasset" 455
"../../../../../../Users/Alex/Box Sync/nivel1Juego/Nivel1/Nivel1/Content/Character/Monster_Uv.uasset" 456
"../../../../../../Users/Alex/Box Sync/nivel1Juego/Nivel1/Nivel1/Content/Character/initialShadingGroup1.uasset" 457
"../../../../../../Users/Alex/Box Sync/nivel1Juego/Nivel1/Nivel1/Content/Character/PequenoFur2.uasset" 458
"../../../../../../Users/Alex/Box Sync/nivel1Juego/Nivel1/Nivel1/Content/Character/Monster_Uv_PhysicsAsset.uasset" 459
"../../../../../../Users/Alex/Box Sync/nivel1Juego/Nivel1/Nivel1/Content/Character/Monster_Uv_Skeleton.uasset" 460
"../../../../../../Users/Alex/Box Sync/nivel1Juego/Nivel1/Nivel1/Content/Audio/Template1rst_WeaponFire02.uasset" 461
"../../../../../../Users/Alex/Box Sync/nivel1Juego/Nivel1/Nivel1/Content/Character/HeroFPP.uasset" 462
"../../../Engine/Content/TemplateResources/MI_Template_BaseBlue.uasset" 463
"../../../../../../Users/Alex/Box Sync/nivel1Juego/Nivel1/Nivel1/Content/Blueprints/MyHUD.uasset" 464
"../../../../../../Users/Alex/Box Sync/nivel1Juego/Nivel1/Nivel1/Content/Textures/crosshair.uasset" 465
"C:/Users/Alex/AppData/Local/UnrealEngine/Common/DerivedDataCache/2/4/9/TEXTURE_75F87CE100B546AAB8A1C4132AF9DB17_BC5_6E30DD7E47468DA3FAA50D945D053E69___7D8B52C519FF71DD686BE3245752DEAC578E96A7.udd" 466
"C:/Users/Alex/AppData/Local/UnrealEngine/Common/DerivedDataCache/0/7/8/TEXTURE_75F87CE100B546AAB8A1C4132AF9DB17_BC5_6E30DD7E47468DA3FAA50D945D053E69___486DE3CAE28C61B59CF8B17E08A9A43BBC8E85AC.udd" 467
"C:/Users/Alex/AppData/Local/UnrealEngine/Common/DerivedDataCache/9/7/0/TEXTURE_75F87CE100B546AAB8A1C4132AF9DB17_BC5_6E30DD7E47468DA3FAA50D945D053E69___81EFB9BD513FE72D5AA45175FCCB6233A8053AE7.udd" 468
"C:/Users/Alex/AppData/Local/UnrealEngine/Common/DerivedDataCache/0/1/9/TEXTURE_75F87CE100B546AAB8A1C4132AF9DB17_BC5_6E30DD7E47468DA3FAA50D945D053E69___259A56FD90A9CC5EA02ADBEE149664CE966702AD.udd" 469
"C:/Users/Alex/AppData/Local/UnrealEngine/Common/DerivedDataCache/2/1/6/TEXTURE_75F87CE100B546AAB8A1C4132AF9DB17_BC5_6E30DD7E47468DA3FAA50D945D053E69___A3F39B7E6A40AADBB9CE8C0BF08C6CA7A1FFBE2B.udd" 470
"C:/Users/Alex/AppData/Local/UnrealEngine/Common/DerivedDataCache/2/9/8/TEXTURE_75F87CE100B546AAB8A1C4132AF9DB17_AUTODXT_711E4A25404E364CCD2EF7821FCAA__AB00C62DBBD25FEE48E4BA7DAFF82B97FEF7EB1A.udd" 471
"C:/Users/Alex/AppData/Local/UnrealEngine/Common/DerivedDataCache/6/9/8/PHYSX_$7B1F0627AE$2DABEB$2D4206$2D8D78$2DE16BEB5DDC7E$7D_PHYSXPC_890E85634807A__A3FFDCBCF7180C8E6B3D896ED9DC846D4E78D3C5.udd" 472
"C:/Users/Alex/AppData/Local/UnrealEngine/Common/DerivedDataCache/1/1/2/MATSM_E2C1E89EE9AE4F3CA7B8E0F2C49B34EB_PCD3D_SM5_2__BC5N_DEV_SL_NODBUF7F9FDC1B__52812C87F4C7A668EC99ECD9E2AE1B6AEA50EAF6.udd" 473
"C:/Users/Alex/AppData/Local/UnrealEngine/Common/DerivedDataCache/8/4/0/MATSM_E2C1E89EE9AE4F3CA7B8E0F2C49B34EB_PCD3D_SM4_2__BC5N_DEV_SL_NODBUF7F9FDC1B__4B664C740CA31F83A3C1469046D12AB81F14DF79.udd" 474
"C:/Users/Alex/AppData/Local/UnrealEngine/Common/DerivedDataCache/3/2/3/AUDIO_0002_0000_OGG_0001_E5ED6A9142512078DB7A78BD9FE6DA0C.udd" 475
"../../../Engine/Content/Maps/Entry.umap" 476
"../../../Engine/Content/EngineMaterials/DefaultNormal.uasset" 477
"../../../../../../Users/Alex/Box Sync/nivel1Juego/Nivel1/Nivel1/Content/Maps/Example_Map.umap" 478
"../../../Engine/Content/EngineSky/BP_Sky_Sphere.uasset" 479
"../../../Engine/Content/EditorBlueprintResources/StandardMacros.uasset" 480
"../../../Engine/Content/EngineSky/C_Sky_Cloud_Color.uasset" 481
"../../../Engine/Content/EngineSky/C_Sky_Horizon_Color.uasset" 482
"../../../Engine/Content/EngineSky/C_Sky_Zenith_Color.uasset" 483
"../../../Engine/Content/EngineSky/M_Sky_Panning_Clouds2.uasset" 484
"../../../Engine/Content/EngineSky/T_Sky_Blue.uasset" 485
"../../../Engine/Content/EngineSky/T_Sky_Clouds_M.uasset" 486
"../../../Engine/Content/EngineSky/T_Sky_Stars.uasset" 487
"../../../Engine/Content/EngineSky/SM_SkySphere.uasset" 488
"../../../Engine/Content/TemplateResources/MI_Template_BaseGray.uasset" 489
"../../../Engine/Content/TemplateResources/MI_Template_BaseGray_02.uasset" 490
"../../../Engine/Content/TemplateResources/MI_Template_BaseGray_03_Metal.uasset" 491
"../../../Engine/Content/MapTemplates/Bokeh_5Sides.uasset" 492
"../../../Engine/Content/MapTemplates/T_ScreenDirt02_w.uasset" 493
"../../../../../../Users/Alex/Box Sync/nivel1Juego/Nivel1/Nivel1/Content/Meshes/TemplateCube_Rounded.uasset" 494
"../../../../../../Users/Alex/Box Sync/nivel1Juego/Nivel1/Nivel1/Content/Textures/TemplateCube_Rounded.uasset" 495
"C:/Users/Alex/AppData/Local/UnrealEngine/Common/DerivedDataCache/4/3/2/TEXTURE_75F87CE100B546AAB8A1C4132AF9DB17_AUTODXT_05A69EC34CC88EBE6B6DFCA82C841__18E3C245577B2201CA81704D93FA23002DED2FD1.udd" 496
"C:/Users/Alex/AppData/Local/UnrealEngine/Common/DerivedDataCache/1/1/6/TEXTURE_75F87CE100B546AAB8A1C4132AF9DB17_AUTODXT_05A69EC34CC88EBE6B6DFCA82C841__A9B0424C5D47F63D76BF1FF6FC5D42C36CDD7446.udd" 497
"C:/Users/Alex/AppData/Local/UnrealEngine/Common/DerivedDataCache/5/8/6/TEXTURE_75F87CE100B546AAB8A1C4132AF9DB17_AUTODXT_1B4B776F44E5B6017DA03A8AAE4E7__9EA691C107539196D0580EE368469AA33D85FC28.udd" 498
"C:/Users/Alex/AppData/Local/UnrealEngine/Common/DerivedDataCache/0/3/2/TEXTURE_75F87CE100B546AAB8A1C4132AF9DB17_AUTODXT_05A69EC34CC88EBE6B6DFCA82C841__4F2BEB09FE3DA13B154874A4C475DA523FF160D1.udd" 499
"C:/Users/Alex/AppData/Local/UnrealEngine/Common/DerivedDataCache/5/8/9/TEXTURE_75F87CE100B546AAB8A1C4132AF9DB17_AUTODXT_FF70F7EF4F85AF3C1F27B5B194446__32A6388D688856C1376461481B31B0735D286E8F.udd" 500
"C:/Users/Alex/AppData/Local/UnrealEngine/Common/DerivedDataCache/9/2/3/TEXTURE_75F87CE100B546AAB8A1C4132AF9DB17_DXT1_6C3C6A4A42E7FC4A5D972490DEC023DD__29B0E9473617FA117E8B84AFCD8F817C5A332E16.udd" 501
"C:/Users/Alex/AppData/Local/UnrealEngine/Common/DerivedDataCache/2/9/3/TEXTURE_75F87CE100B546AAB8A1C4132AF9DB17_DXT1_131D791B45E306C9E03904A261DED5BB__0951AFE2ABFAE1565FDFAB143E4E09BB71830385.udd" 502
"C:/Users/Alex/AppData/Local/UnrealEngine/Common/DerivedDataCache/6/1/8/TEXTURE_75F87CE100B546AAB8A1C4132AF9DB17_DXT1_6C3C6A4A42E7FC4A5D972490DEC023DD__929198ED83C290565F812E425C541BC91573EDE8.udd" 503
"C:/Users/Alex/AppData/Local/UnrealEngine/Common/DerivedDataCache/8/4/0/TEXTURE_75F87CE100B546AAB8A1C4132AF9DB17_AUTODXT_05A69EC34CC88EBE6B6DFCA82C841__A60D29F931E75C70E1154EBA67B0773DA2852242.udd" 504
"C:/Users/Alex/AppData/Local/UnrealEngine/Common/DerivedDataCache/3/9/4/TEXTURE_75F87CE100B546AAB8A1C4132AF9DB17_BGRA8_2D9A4D5840929F61F23D66BA175A9BE__0556367B16CF524F85DF10DA2CEEC28D1B377A8B.udd" 505
"C:/Users/Alex/AppData/Local/UnrealEngine/Common/DerivedDataCache/5/7/0/TEXTURE_75F87CE100B546AAB8A1C4132AF9DB17_BGRA8_2D9A4D5840929F61F23D66BA175A9BE__43A0038041F0BA68F0A48E632C60BCEFD1E3F640.udd" 506
"C:/Users/Alex/AppData/Local/UnrealEngine/Common/DerivedDataCache/5/8/1/TEXTURE_75F87CE100B546AAB8A1C4132AF9DB17_AUTODXT_05A69EC34CC88EBE6B6DFCA82C841__74DF67369636D1438845126BAD81AF4C2FACB2D5.udd" 507
"C:/Users/Alex/AppData/Local/UnrealEngine/Common/DerivedDataCache/6/2/6/TEXTURE_75F87CE100B546AAB8A1C4132AF9DB17_DXT1_6C3C6A4A42E7FC4A5D972490DEC023DD__2542B1B9E762311C97977C0795AAF741593B6DEB.udd" 508
"C:/Users/Alex/AppData/Local/UnrealEngine/Common/DerivedDataCache/6/3/9/TEXTURE_75F87CE100B546AAB8A1C4132AF9DB17_BGRA8_CE5C0A234CDF1C0604CB7596B71BF5C__CF019703EDC5B0BC1CA8CD99F8A887C350AC424A.udd" 509
"C:/Users/Alex/AppData/Local/UnrealEngine/Common/DerivedDataCache/9/7/9/TEXTURE_75F87CE100B546AAB8A1C4132AF9DB17_DXT1_6C3C6A4A42E7FC4A5D972490DEC023DD__B6FCDC6AE784DE3A06D7DE525BFF32940BE66AE4.udd" 510
"C:/Users/Alex/AppData/Local/UnrealEngine/Common/DerivedDataCache/9/3/3/TEXTURE_75F87CE100B546AAB8A1C4132AF9DB17_BGRA8_8ED175FF42875C31EA4052B6B2E7626__0CE55EC1A511A819B1DD19410DB7080754353456.udd" 511
"C:/Users/Alex/AppData/Local/UnrealEngine/Common/DerivedDataCache/9/1/7/TEXTURE_75F87CE100B546AAB8A1C4132AF9DB17_DXT1_6C3C6A4A42E7FC4A5D972490DEC023DD__C94D33DEFFC6DA1EAE13A218D0C8E63B80E3BFB2.udd" 512
"C:/Users/Alex/AppData/Local/UnrealEngine/Common/DerivedDataCache/7/8/9/TEXTURE_75F87CE100B546AAB8A1C4132AF9DB17_BGRA8_2D9A4D5840929F61F23D66BA175A9BE__6F36D543FC316162CA99AED9A2846C947FDAD9E1.udd" 513
"C:/Users/Alex/AppData/Local/UnrealEngine/Common/DerivedDataCache/1/4/7/TEXTURE_75F87CE100B546AAB8A1C4132AF9DB17_BGRA8_2D9A4D5840929F61F23D66BA175A9BE__38D9D79D4BB1EA3A159DC5D03F21C8CFE4A48F76.udd" 514
"C:/Users/Alex/AppData/Local/UnrealEngine/Common/DerivedDataCache/8/5/2/TEXTURE_75F87CE100B546AAB8A1C4132AF9DB17_BGRA8_2D9A4D5840929F61F23D66BA175A9BE__965A1F0F7E22617EEF835FD89CB7CAC4EB2C2748.udd" 515
"C:/Users/Alex/AppData/Local/UnrealEngine/Common/DerivedDataCache/5/1/9/STATICMESH_46A8778361B442A9523C54440EA1E9D_0DB5412B27AB480F844CC7F0BE5ABAFF_4E__1177E310D4BBABA252D7165D6839E5D3A972B5CE.udd" 516
"C:/Users/Alex/AppData/Local/UnrealEngine/Common/DerivedDataCache/0/7/1/PHYSX_$7B1F0627AE$2DABEB$2D4206$2D8D78$2DE16BEB5DDC7E$7D_PHYSXPC_FBA8BAEF49FB8__95F7AEFF48EEA1E3F2F82DBB7649ED7559985089.udd" 517
"C:/Users/Alex/AppData/Local/UnrealEngine/Common/DerivedDataCache/2/4/6/PHYSX_$7B1F0627AE$2DABEB$2D4206$2D8D78$2DE16BEB5DDC7E$7D_PHYSXPC_2787DACC4482583CCD6021953359C87C__1_0_13073_0.udd" 518
"C:/Users/Alex/AppData/Local/UnrealEngine/Common/DerivedDataCache/6/4/6/PHYSX_$7B1F0627AE$2DABEB$2D4206$2D8D78$2DE16BEB5DDC7E$7D_PHYSXPC_3909226F488C63E1AF4931A2F2BBCED5__1_0_13073_0.udd" 519
"C:/Users/Alex/AppData/Local/UnrealEngine/Common/DerivedDataCache/8/0/1/PHYSX_$7B1F0627AE$2DABEB$2D4206$2D8D78$2DE16BEB5DDC7E$7D_PHYSXPC_D31F7A74472E3F2492EDBC900F42C1C0__1_0_13073_0.udd" 520
"C:/Users/Alex/AppData/Local/UnrealEngine/Common/DerivedDataCache/7/3/6/PHYSX_$7B1F0627AE$2DABEB$2D4206$2D8D78$2DE16BEB5DDC7E$7D_PHYSXPC_A1D4E7C4435B91CECCA770AE848BB8FC__1_0_13073_0.udd" 521
"C:/Users/Alex/AppData/Local/UnrealEngine/Common/DerivedDataCache/9/2/9/PHYSX_$7B1F0627AE$2DABEB$2D4206$2D8D78$2DE16BEB5DDC7E$7D_PHYSXPC_5C647EA14C11E52FE3104FBDCAD11811__1_0_13073_0.udd" 522
"C:/Users/Alex/AppData/Local/UnrealEngine/Common/DerivedDataCache/0/4/8/PHYSX_$7B1F0627AE$2DABEB$2D4206$2D8D78$2DE16BEB5DDC7E$7D_PHYSXPC_64B69D6843703A12177D2E9CF95DE4F1__1_0_13073_0.udd" 523
"C:/Users/Alex/AppData/Local/UnrealEngine/Common/DerivedDataCache/7/8/3/PHYSX_$7B1F0627AE$2DABEB$2D4206$2D8D78$2DE16BEB5DDC7E$7D_PHYSXPC_E391FCFF46482D0E2F563BA24ADDE4A6__1_0_13073_0.udd" 524
"C:/Users/Alex/AppData/Local/UnrealEngine/Common/DerivedDataCache/5/6/0/REFL_FULL_0C6693969CB849AE9F4120FF5812F4D2_0861F81143998C138E2F5EB0CAFDFD87.udd" 525
"../../../../../../Users/Alex/Box Sync/nivel1Juego/Nivel1/Nivel1/Saved/Autosaves/Game/Maps/UEDPCnivel1.umap" 526
"../../../../../../Users/Alex/Box Sync/nivel1Juego/Nivel1/Nivel1/Content/Blueprints/dino.uasset" 527
"../../../../../../Users/Alex/Box Sync/nivel1Juego/Nivel1/Nivel1/Content/Character/AnimBluDino.uasset" 528
"../../../../../../Users/Alex/Box Sync/nivel1Juego/Nivel1/Nivel1/Content/Character/dinoAnim_Anim_idle.uasset" 529
"../../../../../../Users/Alex/Box Sync/nivel1Juego/Nivel1/Nivel1/Content/Character/dinoAnim_Skeleton.uasset" 530
"../../../../../../Users/Alex/Box Sync/nivel1Juego/Nivel1/Nivel1/Content/Character/Material__color2.uasset" 531
"../../../../../../Users/Alex/Box Sync/nivel1Juego/Nivel1/Nivel1/Content/Character/color2.uasset" 532
"../../../../../../Users/Alex/Box Sync/nivel1Juego/Nivel1/Nivel1/Content/Character/normalScale.uasset" 533
"../../../../../../Users/Alex/Box Sync/nivel1Juego/Nivel1/Nivel1/Content/Character/dinoAnim.uasset" 534
"../../../../../../Users/Alex/Box Sync/nivel1Juego/Nivel1/Nivel1/Content/Character/dinoAnim_PhysicsAsset.uasset" 535
"../../../../../../Users/Alex/Box Sync/nivel1Juego/Nivel1/Nivel1/Content/StarterContent/Materials/stool2Mat.uasset" 536
"../../../../../../Users/Alex/Box Sync/nivel1Juego/Nivel1/Nivel1/Content/StarterContent/Props/10991709_1590870704460027_9045179116562253848_o_Mat.uasset" 537
"../../../../../../Users/Alex/Box Sync/nivel1Juego/Nivel1/Nivel1/Content/StarterContent/Props/10991709_1590870704460027_9045179116562253848_o.uasset" 538
"../../../../../../Users/Alex/Box Sync/nivel1Juego/Nivel1/Nivel1/Content/StarterContent/Textures/T_Brick_Clay_New_Mat.uasset" 539
"../../../../../../Users/Alex/Box Sync/nivel1Juego/Nivel1/Nivel1/Content/StarterContent/Textures/T_Brick_Clay_New_D.uasset" 540
"../../../../../../Users/Alex/Box Sync/nivel1Juego/Nivel1/Nivel1/Content/StarterContent/Textures/T_Brick_Clay_New_N.uasset" 541
"../../../../../../Users/Alex/Box Sync/nivel1Juego/Nivel1/Nivel1/Content/StarterContent/Textures/T_Concrete_Tiles_Mat.uasset" 542
"../../../../../../Users/Alex/Box Sync/nivel1Juego/Nivel1/Nivel1/Content/StarterContent/Textures/T_Concrete_Tiles_D.uasset" 543
"../../../../../../Users/Alex/Box Sync/nivel1Juego/Nivel1/Nivel1/Content/StarterContent/Textures/T_Concrete_Tiles_N.uasset" 544
"../../../../../../Users/Alex/Box Sync/nivel1Juego/Nivel1/Nivel1/Content/StarterContent/Textures/T_Metal_Copper_Mat.uasset" 545
"../../../../../../Users/Alex/Box Sync/nivel1Juego/Nivel1/Nivel1/Content/StarterContent/Textures/T_Metal_Copper_D.uasset" 546
"../../../../../../Users/Alex/Box Sync/nivel1Juego/Nivel1/Nivel1/Content/StarterContent/Textures/T_Metal_Gold_Mat.uasset" 547
"../../../../../../Users/Alex/Box Sync/nivel1Juego/Nivel1/Nivel1/Content/StarterContent/Textures/T_Metal_Gold_D.uasset" 548
"../../../../../../Users/Alex/Box Sync/nivel1Juego/Nivel1/Nivel1/Content/StarterContent/Textures/T_Metal_Gold_N.uasset" 549
"../../../../../../Users/Alex/Box Sync/nivel1Juego/Nivel1/Nivel1/Content/StarterContent/Textures/T_Metal_Steel_Mat.uasset" 550
"../../../../../../Users/Alex/Box Sync/nivel1Juego/Nivel1/Nivel1/Content/StarterContent/Textures/T_Metal_Steel_D.uasset" 551
"../../../../../../Users/Alex/Box Sync/nivel1Juego/Nivel1/Nivel1/Content/StarterContent/Textures/T_Metal_Steel_N.uasset" 552
"../../../../../../Users/Alex/Box Sync/nivel1Juego/Nivel1/Nivel1/Content/StarterContent/Textures/T_Wood_Oak_Mat.uasset" 553
"../../../../../../Users/Alex/Box Sync/nivel1Juego/Nivel1/Nivel1/Content/StarterContent/Textures/T_Wood_Oak_D.uasset" 554
"../../../../../../Users/Alex/Box Sync/nivel1Juego/Nivel1/Nivel1/Content/StarterContent/Textures/T_Wood_Oak_N.uasset" 555
"../../../../../../Users/Alex/Box Sync/nivel1Juego/Nivel1/Nivel1/Content/Textures/10974335_1590870707793360_2338942496958066588_o_Mat.uasset" 556
"../../../../../../Users/Alex/Box Sync/nivel1Juego/Nivel1/Nivel1/Content/Textures/10974335_1590870707793360_2338942496958066588_o.uasset" 557
"../../../../../../Users/Alex/Box Sync/nivel1Juego/Nivel1/Nivel1/Content/Textures/10991709_1590870704460027_9045179116562253848_o_Mat.uasset" 558
"../../../../../../Users/Alex/Box Sync/nivel1Juego/Nivel1/Nivel1/Content/Textures/10991709_1590870704460027_9045179116562253848_o.uasset" 559
"../../../../../../Users/Alex/Box Sync/nivel1Juego/Nivel1/Nivel1/Content/Character/grande2.uasset" 560
"../../../../../../Users/Alex/Box Sync/nivel1Juego/Nivel1/Nivel1/Content/Meshes/props/AVION.uasset" 561
"../../../../../../Users/Alex/Box Sync/nivel1Juego/Nivel1/Nivel1/Content/StarterContent/Materials/AusterMat.uasset" 562
"../../../../../../Users/Alex/Box Sync/nivel1Juego/Nivel1/Nivel1/Content/Meshes/props/BANCO.uasset" 563
"../../../../../../Users/Alex/Box Sync/nivel1Juego/Nivel1/Nivel1/Content/Meshes/props/BED.uasset" 564
"../../../../../../Users/Alex/Box Sync/nivel1Juego/Nivel1/Nivel1/Content/StarterContent/Materials/Materials_bed/Bed__1_Cube3Mat.uasset" 565
"../../../../../../Users/Alex/Box Sync/nivel1Juego/Nivel1/Nivel1/Content/StarterContent/Materials/Materials_bed/Bed__1_Cube_12Mat.uasset" 566
"../../../../../../Users/Alex/Box Sync/nivel1Juego/Nivel1/Nivel1/Content/StarterContent/Materials/Materials_bed/Bed__1_Cube_22Mat.uasset" 567
"../../../../../../Users/Alex/Box Sync/nivel1Juego/Nivel1/Nivel1/Content/StarterContent/Materials/Materials_bed/Bed__1_Cube_32Mat.uasset" 568
"../../../../../../Users/Alex/Box Sync/nivel1Juego/Nivel1/Nivel1/Content/StarterContent/Materials/Materials_bed/Bed___Cube2Mat.uasset" 569
"../../../../../../Users/Alex/Box Sync/nivel1Juego/Nivel1/Nivel1/Content/StarterContent/Materials/Materials_bed/Bed___Cube_11Mat.uasset" 570
"../../../../../../Users/Alex/Box Sync/nivel1Juego/Nivel1/Nivel1/Content/StarterContent/Materials/Materials_bed/Bed___Cube_21Mat.uasset" 571
"../../../../../../Users/Alex/Box Sync/nivel1Juego/Nivel1/Nivel1/Content/StarterContent/Materials/Materials_bed/Bed___Cube_3Mat.uasset" 572
"../../../../../../Users/Alex/Box Sync/nivel1Juego/Nivel1/Nivel1/Content/StarterContent/Materials/Materials_bed/Bed_lath_Cube1Mat.uasset" 573
"../../../../../../Users/Alex/Box Sync/nivel1Juego/Nivel1/Nivel1/Content/StarterContent/Materials/Materials_bed/Bed_lath_Cube_1Mat.uasset" 574
"../../../../../../Users/Alex/Box Sync/nivel1Juego/Nivel1/Nivel1/Content/StarterContent/Materials/Materials_bed/Bed_lath_Cube_23Mat.uasset" 575
"../../../../../../Users/Alex/Box Sync/nivel1Juego/Nivel1/Nivel1/Content/StarterContent/Materials/Materials_bed/Bed_lath_Cube_31Mat.uasset" 576
"../../../../../../Users/Alex/Box Sync/nivel1Juego/Nivel1/Nivel1/Content/StarterContent/Materials/Materials_bed/Bed_lath_Cube_4Mat.uasset" 577
"../../../../../../Users/Alex/Box Sync/nivel1Juego/Nivel1/Nivel1/Content/StarterContent/Materials/Materials_bed/Bed_lath_Cube_5Mat.uasset" 578
"../../../../../../Users/Alex/Box Sync/nivel1Juego/Nivel1/Nivel1/Content/StarterContent/Materials/Materials_bed/Bed_lath_Cube_6Mat.uasset" 579
"../../../../../../Users/Alex/Box Sync/nivel1Juego/Nivel1/Nivel1/Content/StarterContent/Materials/Materials_bed/Bed_lath_Cube_7Mat.uasset" 580
"../../../../../../Users/Alex/Box Sync/nivel1Juego/Nivel1/Nivel1/Content/StarterContent/Materials/Materials_bed/Bed_mattressMat.uasset" 581
"../../../../../../Users/Alex/Box Sync/nivel1Juego/Nivel1/Nivel1/Content/StarterContent/Materials/Materials_bed/Bed_Side_Cube_2Mat.uasset" 582
"../../../../../../Users/Alex/Box Sync/nivel1Juego/Nivel1/Nivel1/Content/StarterContent/Materials/Materials_bed/Bed_Side_CubeMat.uasset" 583
"../../../../../../Users/Alex/Box Sync/nivel1Juego/Nivel1/Nivel1/Content/Meshes/props/LEGO_DELGAD0.uasset" 584
"../../../../../../Users/Alex/Box Sync/nivel1Juego/Nivel1/Nivel1/Content/StarterContent/Materials/Box124Mat.uasset" 585
"../../../../../../Users/Alex/Box Sync/nivel1Juego/Nivel1/Nivel1/Content/Meshes/props/LEGO_GORDO.uasset" 586
"../../../../../../Users/Alex/Box Sync/nivel1Juego/Nivel1/Nivel1/Content/StarterContent/Materials/Box117Mat.uasset" 587
"../../../../../../Users/Alex/Box Sync/nivel1Juego/Nivel1/Nivel1/Content/Meshes/props/LEGO_VUELTA.uasset" 588
"../../../../../../Users/Alex/Box Sync/nivel1Juego/Nivel1/Nivel1/Content/StarterContent/Materials/Box108Mat.uasset" 589
"../../../../../../Users/Alex/Box Sync/nivel1Juego/Nivel1/Nivel1/Content/Meshes/props/MESA.uasset" 590
"../../../../../../Users/Alex/Box Sync/nivel1Juego/Nivel1/Nivel1/Content/StarterContent/Materials/deskWornMat.uasset" 591
"../../../../../../Users/Alex/Box Sync/nivel1Juego/Nivel1/Nivel1/Content/Meshes/props/PELOTA.uasset" 592
"../../../../../../Users/Alex/Box Sync/nivel1Juego/Nivel1/Nivel1/Content/StarterContent/Materials/pSphere1Mat.uasset" 593
"../../../../../../Users/Alex/Box Sync/nivel1Juego/Nivel1/Nivel1/Content/StarterContent/Props/SM_Door.uasset" 594
"../../../../../../Users/Alex/Box Sync/nivel1Juego/Nivel1/Nivel1/Content/StarterContent/Materials/M_Glass.uasset" 595
"../../../../../../Users/Alex/Box Sync/nivel1Juego/Nivel1/Nivel1/Content/StarterContent/Props/Materials/M_Door.uasset" 596
"../../../../../../Users/Alex/Box Sync/nivel1Juego/Nivel1/Nivel1/Content/StarterContent/Textures/T_Door_M.uasset" 597
"../../../../../../Users/Alex/Box Sync/nivel1Juego/Nivel1/Nivel1/Content/StarterContent/Textures/T_Door_N.uasset" 598
"../../../../../../Users/Alex/Box Sync/nivel1Juego/Nivel1/Nivel1/Content/Textures/mis_obj_shooting01_dif_SD.uasset" 599
"../../../../../../Users/Alex/Box Sync/nivel1Juego/Nivel1/Nivel1/Content/Textures/mis_obj_shooting02_dif_SD.uasset" 600
"../../../../../../Users/Alex/Box Sync/nivel1Juego/Nivel1/Nivel1/Content/Textures/mis_obj_shooting_SD.uasset" 601
"../../../../../../Users/Alex/Box Sync/nivel1Juego/Nivel1/Nivel1/Content/StarterContent/Materials/mat1.uasset" 602
"../../../../../../Users/Alex/Box Sync/nivel1Juego/Nivel1/Nivel1/Content/StarterContent/Materials/mat2.uasset" 603
"../../../../../../Users/Alex/Box Sync/nivel1Juego/Nivel1/Nivel1/Content/StarterContent/Materials/mat3.uasset" 604
"C:/Users/Alex/AppData/Local/UnrealEngine/Common/DerivedDataCache/2/0/0/TEXTURE_75F87CE100B546AAB8A1C4132AF9DB17_AUTODXT_1891240B4806D498DA3739BD7C646__8C3798B696BB42CD3E1441B19B83E90CB32151DD.udd" 605
"C:/Users/Alex/AppData/Local/UnrealEngine/Common/DerivedDataCache/6/5/5/TEXTURE_75F87CE100B546AAB8A1C4132AF9DB17_AUTODXT_2B8E54F9411B1712BC8790AC62854__E8AA01117478494C7A0A6DFA3E315AFD3BC31767.udd" 606
"C:/Users/Alex/AppData/Local/UnrealEngine/Common/DerivedDataCache/0/8/1/TEXTURE_75F87CE100B546AAB8A1C4132AF9DB17_AUTODXT_2B8E54F9411B1712BC8790AC62854__491B5E02AC415D430B87F3732D8F8301598F821D.udd" 607
"C:/Users/Alex/AppData/Local/UnrealEngine/Common/DerivedDataCache/4/2/2/TEXTURE_75F87CE100B546AAB8A1C4132AF9DB17_AUTODXT_1891240B4806D498DA3739BD7C646__C7EC6B8FCEE3EEED9F960C55D64153230F323FA2.udd" 608
"C:/Users/Alex/AppData/Local/UnrealEngine/Common/DerivedDataCache/9/9/3/TEXTURE_75F87CE100B546AAB8A1C4132AF9DB17_AUTODXT_2B8E54F9411B1712BC8790AC62854__ADF130EE6ABB0AE7C67D59D9C48A89627029D1E2.udd" 609
"C:/Users/Alex/AppData/Local/UnrealEngine/Common/DerivedDataCache/7/1/8/TEXTURE_75F87CE100B546AAB8A1C4132AF9DB17_AUTODXT_1891240B4806D498DA3739BD7C646__A02A433EB984A99C8B3598F378221DAFE41D05E4.udd" 610
"C:/Users/Alex/AppData/Local/UnrealEngine/Common/DerivedDataCache/8/1/2/TEXTURE_75F87CE100B546AAB8A1C4132AF9DB17_AUTODXT_2B8E54F9411B1712BC8790AC62854__469E98910B093F9C7B2373D41E1F05D5E78FBAEF.udd" 611
"C:/Users/Alex/AppData/Local/UnrealEngine/Common/DerivedDataCache/4/2/4/TEXTURE_75F87CE100B546AAB8A1C4132AF9DB17_AUTODXT_1891240B4806D498DA3739BD7C646__0083C2780B07FB08E86C913BFCBA9EE7150326A2.udd" 612
"C:/Users/Alex/AppData/Local/UnrealEngine/Common/DerivedDataCache/9/9/9/TEXTURE_75F87CE100B546AAB8A1C4132AF9DB17_AUTODXT_2B8E54F9411B1712BC8790AC62854__0CC8C52FC25C380E628307302DA7ABC122847125.udd" 613
"C:/Users/Alex/AppData/Local/UnrealEngine/Common/DerivedDataCache/2/7/8/TEXTURE_75F87CE100B546AAB8A1C4132AF9DB17_AUTODXT_1891240B4806D498DA3739BD7C646__8A482CFD636E388F7FF1D7FAF9688A312B537BB6.udd" 614
"C:/Users/Alex/AppData/Local/UnrealEngine/Common/DerivedDataCache/3/9/6/TEXTURE_75F87CE100B546AAB8A1C4132AF9DB17_BGRA8_53DB65CBEC489F10E6CD2FA988A78B0__2AE9C0AEA5E90B247F333123525F7DE1A85E11D8.udd" 615
"C:/Users/Alex/AppData/Local/UnrealEngine/Common/DerivedDataCache/7/6/4/MATSM_E2C1E89EE9AE4F3CA7B8E0F2C49B34EB_PCD3D_SM5_2__BC5N_DEV_SL_NODBUF279588E7__A3C3543E2286D14906FFA83CFBD72C11257DC088.udd" 616
"C:/Users/Alex/AppData/Local/UnrealEngine/Common/DerivedDataCache/5/0/1/MATSM_E2C1E89EE9AE4F3CA7B8E0F2C49B34EB_PCD3D_SM4_2__BC5N_DEV_SL_NODBUF279588E7__201787F0215ABDEB96B131F32088E72EA95C3893.udd" 617
"C:/Users/Alex/AppData/Local/UnrealEngine/Common/DerivedDataCache/6/3/3/TEXTURE_75F87CE100B546AAB8A1C4132AF9DB17_BGRA8_D8578CC93A454816C5F8549B8221381__1EF4E0C6F63A980E75DE13DDAA942BF1205FB145.udd" 618
"C:/Users/Alex/AppData/Local/UnrealEngine/Common/DerivedDataCache/9/3/3/TEXTURE_75F87CE100B546AAB8A1C4132AF9DB17_BGRA8_25EE22F6204E3DE32ACE91AF2A8AC35__F11CBC14E1343E3A5231E08F2E152C9A5C1A31C7.udd" 619
"C:/Users/Alex/AppData/Local/UnrealEngine/Common/DerivedDataCache/7/8/0/TEXTURE_75F87CE100B546AAB8A1C4132AF9DB17_AUTODXT_56F4D680C04687FE2F507CA7C3C5B__B771DA318D37F4A50B44F8517DA9FC8E9C08CA4C.udd" 620
"C:/Users/Alex/AppData/Local/UnrealEngine/Common/DerivedDataCache/1/0/6/TEXTURE_75F87CE100B546AAB8A1C4132AF9DB17_AUTODXT_90BC55FBA44AFF42779B87A68B19A__73FB07DA03CA01BC74612C69E0680CF7DA3014B8.udd" 621
"C:/Users/Alex/AppData/Local/UnrealEngine/Common/DerivedDataCache/0/5/9/TEXTURE_75F87CE100B546AAB8A1C4132AF9DB17_AUTODXT_35BAF4754682E9644CA844955325B__83814AA958F9797783051A288664583008956CD2.udd" 622
"C:/Users/Alex/AppData/Local/UnrealEngine/Common/DerivedDataCache/9/2/7/TEXTURE_75F87CE100B546AAB8A1C4132AF9DB17_AUTODXT_0A6F13DF45BA24CEBD6CD1B435821__AFE580D59FF2199EF533973613821B9125203B50.udd" 623
"C:/Users/Alex/AppData/Local/UnrealEngine/Common/DerivedDataCache/8/3/4/TEXTURE_75F87CE100B546AAB8A1C4132AF9DB17_AUTODXT_83C34EB84E8E37FF7B7B64A9CD3FD__211521CA1CCFC71B2465D2146AD01ACD0B207768.udd" 624
"C:/Users/Alex/AppData/Local/UnrealEngine/Common/DerivedDataCache/3/4/1/TEXTURE_75F87CE100B546AAB8A1C4132AF9DB17_AUTODXT_35BAF4754682E9644CA844955325B__717E61DC586A184DD9B4927904E2197BAB71C5E2.udd" 625
"C:/Users/Alex/AppData/Local/UnrealEngine/Common/DerivedDataCache/8/3/4/TEXTURE_75F87CE100B546AAB8A1C4132AF9DB17_AUTODXT_83C34EB84E8E37FF7B7B64A9CD3FD__E22F6D806C653CD0BC6013D3833AC7C86824659F.udd" 626
"C:/Users/Alex/AppData/Local/UnrealEngine/Common/DerivedDataCache/8/6/3/TEXTURE_75F87CE100B546AAB8A1C4132AF9DB17_AUTODXT_35BAF4754682E9644CA844955325B__56634A48A506DF96A828C680BADCF8E4CE70FF58.udd" 627
"C:/Users/Alex/AppData/Local/UnrealEngine/Common/DerivedDataCache/2/7/0/TEXTURE_75F87CE100B546AAB8A1C4132AF9DB17_AUTODXT_83C34EB84E8E37FF7B7B64A9CD3FD__E530BC8B24887E9D6300AEDD38E9C9168B7A25AF.udd" 628
"C:/Users/Alex/AppData/Local/UnrealEngine/Common/DerivedDataCache/2/0/5/TEXTURE_75F87CE100B546AAB8A1C4132AF9DB17_AUTODXT_35BAF4754682E9644CA844955325B__991843720140551F71F91756B99D39DE854A7439.udd" 629
"C:/Users/Alex/AppData/Local/UnrealEngine/Common/DerivedDataCache/2/7/0/TEXTURE_75F87CE100B546AAB8A1C4132AF9DB17_AUTODXT_83C34EB84E8E37FF7B7B64A9CD3FD__0737DB55C44362728DEB157BF10438B86E0302DD.udd" 630
"C:/Users/Alex/AppData/Local/UnrealEngine/Common/DerivedDataCache/3/9/8/TEXTURE_75F87CE100B546AAB8A1C4132AF9DB17_DXT1_0841D57E402C0BFCB3A24194D7C58C7C__BD427BE3E57FB11584E141F8E41A0ACBEF8B6AFC.udd" 631
"C:/Users/Alex/AppData/Local/UnrealEngine/Common/DerivedDataCache/6/3/1/TEXTURE_75F87CE100B546AAB8A1C4132AF9DB17_AUTODXT_35BAF4754682E9644CA844955325B__05ECD1C4DD9C5399C600D42AF501718631632F9F.udd" 632
"C:/Users/Alex/AppData/Local/UnrealEngine/Common/DerivedDataCache/2/5/3/TEXTURE_75F87CE100B546AAB8A1C4132AF9DB17_DXT1_0841D57E402C0BFCB3A24194D7C58C7C__8E7AA1715A2C1FBE20C80F1CDA071A77EAFA7EB0.udd" 633
"C:/Users/Alex/AppData/Local/UnrealEngine/Common/DerivedDataCache/4/7/0/TEXTURE_75F87CE100B546AAB8A1C4132AF9DB17_AUTODXT_83C34EB84E8E37FF7B7B64A9CD3FD__A184C67FA5C8FC8168F5B01C962F6D40C005B9F4.udd" 634
"C:/Users/Alex/AppData/Local/UnrealEngine/Common/DerivedDataCache/5/0/5/TEXTURE_75F87CE100B546AAB8A1C4132AF9DB17_DXT1_F12544834A561629A0383DA819AB7A3E__1A9893DB9BECCDA49CCD6D567BA480BC6F27937A.udd" 635
"C:/Users/Alex/AppData/Local/UnrealEngine/Common/DerivedDataCache/0/6/5/TEXTURE_75F87CE100B546AAB8A1C4132AF9DB17_DXT1_CF9422B540D4DF2C335E02AFF5773FDA__29798E5F3720A600F6AB438F3596B26DC782BF32.udd" 636
"C:/Users/Alex/AppData/Local/UnrealEngine/Common/DerivedDataCache/3/0/6/TEXTURE_75F87CE100B546AAB8A1C4132AF9DB17_DXT1_F12544834A561629A0383DA819AB7A3E__D8B9AE14C8AB6B1D82E26349FC8011EBC2369EF1.udd" 637
"C:/Users/Alex/AppData/Local/UnrealEngine/Common/DerivedDataCache/7/4/8/TEXTURE_75F87CE100B546AAB8A1C4132AF9DB17_BGRA8_1227DF7743EB99530863D1BCCC41417__DE4B12106461EF26991E2CAD0B2B87574C7374CE.udd" 638
"C:/Users/Alex/AppData/Local/UnrealEngine/Common/DerivedDataCache/6/3/2/TEXTURE_75F87CE100B546AAB8A1C4132AF9DB17_BGRA8_1227DF7743EB99530863D1BCCC41417__5DD43AB43C79C3C951B470A69D126F27AC1197A4.udd" 639
"C:/Users/Alex/AppData/Local/UnrealEngine/Common/DerivedDataCache/0/7/6/TEXTURE_75F87CE100B546AAB8A1C4132AF9DB17_DXT1_0841D57E402C0BFCB3A24194D7C58C7C__33381F3ABF160B2E0A054B1BAB06BF7B82A5FB40.udd" 640
"C:/Users/Alex/AppData/Local/UnrealEngine/Common/DerivedDataCache/6/3/7/TEXTURE_75F87CE100B546AAB8A1C4132AF9DB17_DXT1_F12544834A561629A0383DA819AB7A3E__ACAB41F5F4F996DAD897E2569AA48E412CE4F983.udd" 641
"C:/Users/Alex/AppData/Local/UnrealEngine/Common/DerivedDataCache/7/4/8/TEXTURE_75F87CE100B546AAB8A1C4132AF9DB17_DXT1_0841D57E402C0BFCB3A24194D7C58C7C__368F49F7835EBD65B7CF3B6A3BB9A3227D76820B.udd" 642
"C:/Users/Alex/AppData/Local/UnrealEngine/Common/DerivedDataCache/8/5/1/TEXTURE_75F87CE100B546AAB8A1C4132AF9DB17_DXT1_F12544834A561629A0383DA819AB7A3E__48E7C83AB4417B57C5E74238A8FBE6A8948AC51A.udd" 643
"C:/Users/Alex/AppData/Local/UnrealEngine/Common/DerivedDataCache/1/7/1/TEXTURE_75F87CE100B546AAB8A1C4132AF9DB17_DXT1_0841D57E402C0BFCB3A24194D7C58C7C__E18C53D5336C8D7742D8F91265F9B7AECADB48CD.udd" 644
"C:/Users/Alex/AppData/Local/UnrealEngine/Common/DerivedDataCache/3/3/3/TEXTURE_75F87CE100B546AAB8A1C4132AF9DB17_DXT1_F12544834A561629A0383DA819AB7A3E__981D2E42E5EDAD361A4D3091CDB7262A739FA604.udd" 645
"C:/Users/Alex/AppData/Local/UnrealEngine/Common/DerivedDataCache/5/5/5/TEXTURE_75F87CE100B546AAB8A1C4132AF9DB17_BGRA8_0A17D225457B4A977BA26CB6B22414B__A6CE206DD341633FCA74E8F089CE23E05B00C260.udd" 646
"C:/Users/Alex/AppData/Local/UnrealEngine/Common/DerivedDataCache/1/4/7/TEXTURE_75F87CE100B546AAB8A1C4132AF9DB17_BGRA8_0A17D225457B4A977BA26CB6B22414B__2745CEE48FE794BB6EDC18C453A2D335778861B4.udd" 647
"C:/Users/Alex/AppData/Local/UnrealEngine/Common/DerivedDataCache/5/8/9/TEXTURE_75F87CE100B546AAB8A1C4132AF9DB17_BGRA8_B2CAA88543AD39FD7B79968D50754D4__13FFAE178DC7EA7317377C4A1E7154F4F9C1950E.udd" 648
"C:/Users/Alex/AppData/Local/UnrealEngine/Common/DerivedDataCache/6/6/2/TEXTURE_75F87CE100B546AAB8A1C4132AF9DB17_BGRA8_1227DF7743EB99530863D1BCCC41417__18565D656D4D2F1939ADEB71ECABEB7D8F3724B0.udd" 649
"C:/Users/Alex/AppData/Local/UnrealEngine/Common/DerivedDataCache/4/0/0/TEXTURE_75F87CE100B546AAB8A1C4132AF9DB17_BGRA8_1227DF7743EB99530863D1BCCC41417__352863B340300109758CB910F4500C802FAD4CBB.udd" 650
"C:/Users/Alex/AppData/Local/UnrealEngine/Common/DerivedDataCache/8/8/7/TEXTURE_75F87CE100B546AAB8A1C4132AF9DB17_BGRA8_1227DF7743EB99530863D1BCCC41417__571C89148D0D7A7515C041AACA4FDFEBF19D04DC.udd" 651
"C:/Users/Alex/AppData/Local/UnrealEngine/Common/DerivedDataCache/2/5/7/TEXTURE_75F87CE100B546AAB8A1C4132AF9DB17_BGRA8_0A17D225457B4A977BA26CB6B22414B__00BF459495C2C92CC84649ABA6595DD72BF6D544.udd" 652
"C:/Users/Alex/AppData/Local/UnrealEngine/Common/DerivedDataCache/9/6/0/TEXTURE_75F87CE100B546AAB8A1C4132AF9DB17_BGRA8_0A17D225457B4A977BA26CB6B22414B__52F50996C93F8F2481D47CAAF8B927DB433805B7.udd" 653
"C:/Users/Alex/AppData/Local/UnrealEngine/Common/DerivedDataCache/5/8/2/TEXTURE_75F87CE100B546AAB8A1C4132AF9DB17_BGRA8_0A17D225457B4A977BA26CB6B22414B__89AB63EEA369C0B990982EC4AEA1A606EDCC3C93.udd" 654
"C:/Users/Alex/AppData/Local/UnrealEngine/Common/DerivedDataCache/3/3/2/STATICMESH_46A8778361B442A9523C54440EA1E9D_0DB5412B27AB480F844CC7F0BE5ABAFF_ED__1DD4BCB1977FA1B277E10BE6A913CE9072AB6354.udd" 655
"C:/Users/Alex/AppData/Local/UnrealEngine/Common/DerivedDataCache/7/0/9/PHYSX_$7B1F0627AE$2DABEB$2D4206$2D8D78$2DE16BEB5DDC7E$7D_PHYSXPC_0D5DC29146A8E__17F300118DE3C7F7BF86994DCEBC705D341DF53D.udd" 656
"C:/Users/Alex/AppData/Local/UnrealEngine/Common/DerivedDataCache/1/5/6/PHYSX_$7B1F0627AE$2DABEB$2D4206$2D8D78$2DE16BEB5DDC7E$7D_PHYSXPC_241CEC2B4F3F892C559578A50248C032__1_0_13073_0.udd" 657
"C:/Users/Alex/AppData/Local/UnrealEngine/Common/DerivedDataCache/9/1/2/PHYSX_$7B1F0627AE$2DABEB$2D4206$2D8D78$2DE16BEB5DDC7E$7D_PHYSXPC_A5028C194BB54E130C1663869AD59352__1_0_13073_0.udd" 658
"C:/Users/Alex/AppData/Local/UnrealEngine/Common/DerivedDataCache/3/6/8/PHYSX_$7B1F0627AE$2DABEB$2D4206$2D8D78$2DE16BEB5DDC7E$7D_PHYSXPC_C4DE649F450E0687A025B69A5524E320__1_0_13073_0.udd" 659
"C:/Users/Alex/AppData/Local/UnrealEngine/Common/DerivedDataCache/3/2/0/MATSM_E2C1E89EE9AE4F3CA7B8E0F2C49B34EB_PCD3D_SM5_2__BC5N_DEV_SL_NODBUFF91B2B03__D4B1416A8388E015737D0A4F25D31DCA36F26EA5.udd" 660
"C:/Users/Alex/AppData/Local/UnrealEngine/Common/DerivedDataCache/2/8/9/MATSM_E2C1E89EE9AE4F3CA7B8E0F2C49B34EB_PCD3D_SM4_2__BC5N_DEV_SL_NODBUFF91B2B03__06F6A5721803384E4D8C1C0B299D94C53BB5C8CD.udd" 661
"C:/Users/Alex/AppData/Local/UnrealEngine/Common/DerivedDataCache/0/8/8/MATSM_E2C1E89EE9AE4F3CA7B8E0F2C49B34EB_PCD3D_SM5_2__BC5N_DEV_SL_NODBUF082CD435__52FBAFB2936C41894E7C18AEE16B08480A09DC49.udd" 662
"C:/Users/Alex/AppData/Local/UnrealEngine/Common/DerivedDataCache/2/2/1/MATSM_E2C1E89EE9AE4F3CA7B8E0F2C49B34EB_PCD3D_SM4_2__BC5N_DEV_SL_NODBUF082CD435__DAE0A89762E4C599A2A7EA886F27E1CE463E4AFC.udd" 663
"C:/Users/Alex/AppData/Local/UnrealEngine/Common/DerivedDataCache/3/2/6/MATSM_E2C1E89EE9AE4F3CA7B8E0F2C49B34EB_PCD3D_SM5_2__BC5N_DEV_SL_NODBUF383FA946__AD285EBEEE5188D81CA2565C75CE853CF22F82E4.udd" 664
"C:/Users/Alex/AppData/Local/UnrealEngine/Common/DerivedDataCache/8/7/2/MATSM_E2C1E89EE9AE4F3CA7B8E0F2C49B34EB_PCD3D_SM4_2__BC5N_DEV_SL_NODBUF383FA946__D68F86C945FDDB58CAFC6566A8E575D22D39E255.udd" 665
"C:/Users/Alex/AppData/Local/UnrealEngine/Common/DerivedDataCache/5/6/7/MATSM_E2C1E89EE9AE4F3CA7B8E0F2C49B34EB_PCD3D_SM5_2__BC5N_DEV_SL_NODBUF612D621D__FD1B57C3C5E8A2144DAFABB89D7FEBFFD12899A7.udd" 666
"C:/Users/Alex/AppData/Local/UnrealEngine/Common/DerivedDataCache/8/9/1/MATSM_E2C1E89EE9AE4F3CA7B8E0F2C49B34EB_PCD3D_SM4_2__BC5N_DEV_SL_NODBUF612D621D__BF085E3FC8367FCC7BA18B3BA16F7450FF365AF8.udd" 667
"C:/Users/Alex/AppData/Local/UnrealEngine/Common/DerivedDataCache/9/1/1/MATSM_E2C1E89EE9AE4F3CA7B8E0F2C49B34EB_PCD3D_SM5_2__BC5N_DEV_SL_NODBUF5C6EFAF2__E7B7EE8AA5540CC3C01ED616271A849371ACD428.udd" 668
"C:/Users/Alex/AppData/Local/UnrealEngine/Common/DerivedDataCache/2/3/4/MATSM_E2C1E89EE9AE4F3CA7B8E0F2C49B34EB_PCD3D_SM4_2__BC5N_DEV_SL_NODBUF5C6EFAF2__04EC48678469BC3751BD887652FA41382708B9D0.udd" 669
"C:/Users/Alex/AppData/Local/UnrealEngine/Common/DerivedDataCache/2/6/5/MATSM_E2C1E89EE9AE4F3CA7B8E0F2C49B34EB_PCD3D_SM5_2__BC5N_DEV_SL_NODBUF23EF9DF5__C7DEDE27E52DEE3C298B22114186357586A29823.udd" 670
"C:/Users/Alex/AppData/Local/UnrealEngine/Common/DerivedDataCache/2/0/5/MATSM_E2C1E89EE9AE4F3CA7B8E0F2C49B34EB_PCD3D_SM4_2__BC5N_DEV_SL_NODBUF23EF9DF5__E769AA4C2143F86CA4365EE08F64FA0257542296.udd" 671
"C:/Users/Alex/AppData/Local/UnrealEngine/Common/DerivedDataCache/7/8/0/MATSM_E2C1E89EE9AE4F3CA7B8E0F2C49B34EB_PCD3D_SM5_2__BC5N_DEV_SL_NODBUF82F16721__8E0155BF07818A8E341399FAF796EB922B15C5A8.udd" 672
"C:/Users/Alex/AppData/Local/UnrealEngine/Common/DerivedDataCache/2/7/8/MATSM_E2C1E89EE9AE4F3CA7B8E0F2C49B34EB_PCD3D_SM4_2__BC5N_DEV_SL_NODBUF82F16721__305CA12E84F260E27A3288322609FDAD1FC8A11E.udd" 673
"C:/Users/Alex/AppData/Local/UnrealEngine/Common/DerivedDataCache/1/9/9/MATSM_E2C1E89EE9AE4F3CA7B8E0F2C49B34EB_PCD3D_SM5_2__BC5N_DEV_SL_NODBUF8B87CEB2__AB86C9B773AF4A9B2F5DA727BDE8B41EECD370B0.udd" 674
"C:/Users/Alex/AppData/Local/UnrealEngine/Common/DerivedDataCache/2/2/8/MATSM_E2C1E89EE9AE4F3CA7B8E0F2C49B34EB_PCD3D_SM4_2__BC5N_DEV_SL_NODBUF8B87CEB2__11BF74968899504DF4D8ED8212EFFDAC7D646A1B.udd" 675
"C:/Users/Alex/AppData/Local/UnrealEngine/Common/DerivedDataCache/8/9/0/MATSM_E2C1E89EE9AE4F3CA7B8E0F2C49B34EB_PCD3D_SM5_2__BC5N_DEV_SL_NODBUFA58C6CB8__22B21294C781D1113587D6188A1FA35E8873879A.udd" 676
"C:/Users/Alex/AppData/Local/UnrealEngine/Common/DerivedDataCache/5/8/7/MATSM_E2C1E89EE9AE4F3CA7B8E0F2C49B34EB_PCD3D_SM4_2__BC5N_DEV_SL_NODBUFA58C6CB8__B5766FD5D7942DD3FE65DA27A8E2E6DFE2AF173A.udd" 677
"C:/Users/Alex/AppData/Local/UnrealEngine/Common/DerivedDataCache/8/6/7/MATSM_E2C1E89EE9AE4F3CA7B8E0F2C49B34EB_PCD3D_SM5_2__BC5N_DEV_SL_NODBUFDC533918__CD3297672AEC388A375AA0DE85F2B255BCB80B67.udd" 678
"C:/Users/Alex/AppData/Local/UnrealEngine/Common/DerivedDataCache/1/6/6/MATSM_E2C1E89EE9AE4F3CA7B8E0F2C49B34EB_PCD3D_SM4_2__BC5N_DEV_SL_NODBUFDC533918__E91382D65838B3DDAE253533D4C7389A5F327F5A.udd" 679
"C:/Users/Alex/AppData/Local/UnrealEngine/Common/DerivedDataCache/9/0/6/MATSM_E2C1E89EE9AE4F3CA7B8E0F2C49B34EB_PCD3D_SM5_2__BC5N_DEV_SL_NODBUFC7EF82EC__A82C63FBF91C232516EA8E6AE517B5660D76412F.udd" 680
"C:/Users/Alex/AppData/Local/UnrealEngine/Common/DerivedDataCache/6/1/8/MATSM_E2C1E89EE9AE4F3CA7B8E0F2C49B34EB_PCD3D_SM4_2__BC5N_DEV_SL_NODBUFC7EF82EC__5B64C895ACF537E676816885923E284B9532F931.udd" 681
"C:/Users/Alex/AppData/Local/UnrealEngine/Common/DerivedDataCache/2/5/5/MATSM_E2C1E89EE9AE4F3CA7B8E0F2C49B34EB_PCD3D_SM5_2__BC5N_DEV_SL_NODBUF935BD583__73A63DF79DB094356C35170CD8BDFFCBC04B7E68.udd" 682
"C:/Users/Alex/AppData/Local/UnrealEngine/Common/DerivedDataCache/0/4/2/MATSM_E2C1E89EE9AE4F3CA7B8E0F2C49B34EB_PCD3D_SM4_2__BC5N_DEV_SL_NODBUF935BD583__D5B7262568A083263A942D00A693EB22BE7F27A0.udd" 683
"C:/Users/Alex/AppData/Local/UnrealEngine/Common/DerivedDataCache/9/3/1/STATICMESH_46A8778361B442A9523C54440EA1E9D_0DB5412B27AB480F844CC7F0BE5ABAFF_D0__E05DE495FDFA17803FC1403EEEC6A80C6B9CFBF7.udd" 684
"C:/Users/Alex/AppData/Local/UnrealEngine/Common/DerivedDataCache/9/3/9/PHYSX_$7B1F0627AE$2DABEB$2D4206$2D8D78$2DE16BEB5DDC7E$7D_PHYSXPC_84474F51BC485__F746BF54D8C7810989E69FE1E774595A0CB81ECC.udd" 685
"C:/Users/Alex/AppData/Local/UnrealEngine/Common/DerivedDataCache/3/9/7/STATICMESH_46A8778361B442A9523C54440EA1E9D_0DB5412B27AB480F844CC7F0BE5ABAFF_C1__0786AF2F10467E56253694B09AD5F0C4825A7194.udd" 686
"C:/Users/Alex/AppData/Local/UnrealEngine/Common/DerivedDataCache/5/1/8/PHYSX_$7B1F0627AE$2DABEB$2D4206$2D8D78$2DE16BEB5DDC7E$7D_PHYSXPC_F0D28D1FD44EB__5B8F27C15EC10BEDA3DE1C41C14DCC18280FC3D1.udd" 687
"C:/Users/Alex/AppData/Local/UnrealEngine/Common/DerivedDataCache/0/1/3/MATSM_E2C1E89EE9AE4F3CA7B8E0F2C49B34EB_PCD3D_SM5_2__BC5N_DEV_SL_NODBUFA44FB3CE__AE671BDC8BF01A320C82400C88B6B0853B334DAA.udd" 688
"C:/Users/Alex/AppData/Local/UnrealEngine/Common/DerivedDataCache/4/3/0/MATSM_E2C1E89EE9AE4F3CA7B8E0F2C49B34EB_PCD3D_SM4_2__BC5N_DEV_SL_NODBUFA44FB3CE__2AA0ECA5769C0CCD9ECD0B7456D392CF5B66F717.udd" 689
"C:/Users/Alex/AppData/Local/UnrealEngine/Common/DerivedDataCache/0/7/4/MATSM_E2C1E89EE9AE4F3CA7B8E0F2C49B34EB_PCD3D_SM5_2__BC5N_DEV_SL_NODBUFFD203B27__74E3C635B28CA1720DFC6C34D0471D56EA7A0EC8.udd" 690
"C:/Users/Alex/AppData/Local/UnrealEngine/Common/DerivedDataCache/9/9/8/MATSM_E2C1E89EE9AE4F3CA7B8E0F2C49B34EB_PCD3D_SM4_2__BC5N_DEV_SL_NODBUFFD203B27__C6B176606C80C334AA05DBCDE6E1A2615B5A52DC.udd" 691
"C:/Users/Alex/AppData/Local/UnrealEngine/Common/DerivedDataCache/4/1/5/MATSM_E2C1E89EE9AE4F3CA7B8E0F2C49B34EB_PCD3D_SM5_2__BC5N_DEV_SL_NODBUFF7DA6E24__5908D10C0A7053F0A001355F4D0F3783E9028C84.udd" 692
"C:/Users/Alex/AppData/Local/UnrealEngine/Common/DerivedDataCache/4/0/2/MATSM_E2C1E89EE9AE4F3CA7B8E0F2C49B34EB_PCD3D_SM4_2__BC5N_DEV_SL_NODBUFF7DA6E24__0C92BEC4FB24FAAF5DA1122657F30039B7E4D6CE.udd" 693
"C:/Users/Alex/AppData/Local/UnrealEngine/Common/DerivedDataCache/5/1/8/MATSM_E2C1E89EE9AE4F3CA7B8E0F2C49B34EB_PCD3D_SM5_2__BC5N_DEV_SL_NODBUF076C10FE__D59EC8B50AADC7E4A454346373FA90A7B95CCD58.udd" 694
"C:/Users/Alex/AppData/Local/UnrealEngine/Common/DerivedDataCache/1/3/3/MATSM_E2C1E89EE9AE4F3CA7B8E0F2C49B34EB_PCD3D_SM4_2__BC5N_DEV_SL_NODBUF076C10FE__1AA2DF599419F1CCF523600C241A6E5E1C18D7F3.udd" 695
"C:/Users/Alex/AppData/Local/UnrealEngine/Common/DerivedDataCache/4/8/9/MATSM_E2C1E89EE9AE4F3CA7B8E0F2C49B34EB_PCD3D_SM5_2__BC5N_DEV_SL_NODBUFDE53239D__A8D87F349CDDF3E25CAA379B2EA8F5CFF3DEB016.udd" 696
"C:/Users/Alex/AppData/Local/UnrealEngine/Common/DerivedDataCache/2/1/4/MATSM_E2C1E89EE9AE4F3CA7B8E0F2C49B34EB_PCD3D_SM4_2__BC5N_DEV_SL_NODBUFDE53239D__1845BCACC90EBF854BF3B6A195284669E1CF5F48.udd" 697
"C:/Users/Alex/AppData/Local/UnrealEngine/Common/DerivedDataCache/6/2/4/MATSM_E2C1E89EE9AE4F3CA7B8E0F2C49B34EB_PCD3D_SM5_2__BC5N_DEV_SL_NODBUFF403BC65__D7AC709156FC5130B74F4BAF42A5419CF478F747.udd" 698
"C:/Users/Alex/AppData/Local/UnrealEngine/Common/DerivedDataCache/6/9/2/MATSM_E2C1E89EE9AE4F3CA7B8E0F2C49B34EB_PCD3D_SM4_2__BC5N_DEV_SL_NODBUFF403BC65__19560553C4B72F58525B837ABAE1EED0FF2D9AC5.udd" 699
"C:/Users/Alex/AppData/Local/UnrealEngine/Common/DerivedDataCache/8/0/9/MATSM_E2C1E89EE9AE4F3CA7B8E0F2C49B34EB_PCD3D_SM5_2__BC5N_DEV_SL_NODBUFFA2A9FED__0E0A6EE7A449C6D32715B20D1687D6548068E2D4.udd" 700
"C:/Users/Alex/AppData/Local/UnrealEngine/Common/DerivedDataCache/2/7/0/MATSM_E2C1E89EE9AE4F3CA7B8E0F2C49B34EB_PCD3D_SM4_2__BC5N_DEV_SL_NODBUFFA2A9FED__6C8D7C3890B5AC928152FF97E5B3985318A1DC0E.udd" 701
"C:/Users/Alex/AppData/Local/UnrealEngine/Common/DerivedDataCache/2/4/8/MATSM_E2C1E89EE9AE4F3CA7B8E0F2C49B34EB_PCD3D_SM5_2__BC5N_DEV_SL_NODBUF98F4C0BC__EBB4EFA6750B9E9CEA1AEDB5B636D37FF58388EC.udd" 702
"C:/Users/Alex/AppData/Local/UnrealEngine/Common/DerivedDataCache/4/3/4/MATSM_E2C1E89EE9AE4F3CA7B8E0F2C49B34EB_PCD3D_SM4_2__BC5N_DEV_SL_NODBUF98F4C0BC__1E9A115209032FD5BCD506BD7B25A331D0756685.udd" 703
"C:/Users/Alex/AppData/Local/UnrealEngine/Common/DerivedDataCache/3/6/7/MATSM_E2C1E89EE9AE4F3CA7B8E0F2C49B34EB_PCD3D_SM5_2__BC5N_DEV_SL_NODBUF4E8B4F36__E901A26FD6E887D3FF47623A27E9828CB87B3AA9.udd" 704
"C:/Users/Alex/AppData/Local/UnrealEngine/Common/DerivedDataCache/6/5/0/MATSM_E2C1E89EE9AE4F3CA7B8E0F2C49B34EB_PCD3D_SM4_2__BC5N_DEV_SL_NODBUF4E8B4F36__16100DAFD06E4D02E75B902A89045CCAB21CB294.udd" 705
"C:/Users/Alex/AppData/Local/UnrealEngine/Common/DerivedDataCache/3/1/2/MATSM_E2C1E89EE9AE4F3CA7B8E0F2C49B34EB_PCD3D_SM5_2__BC5N_DEV_SL_NODBUF6F74B32E__81EAE5E1361B06ECBC3C96953BD98F0211C02AF9.udd" 706
"C:/Users/Alex/AppData/Local/UnrealEngine/Common/DerivedDataCache/1/8/3/MATSM_E2C1E89EE9AE4F3CA7B8E0F2C49B34EB_PCD3D_SM4_2__BC5N_DEV_SL_NODBUF6F74B32E__87FBA236837AA654D9336B64A9DD1F248050ADA5.udd" 707
"C:/Users/Alex/AppData/Local/UnrealEngine/Common/DerivedDataCache/9/7/2/MATSM_E2C1E89EE9AE4F3CA7B8E0F2C49B34EB_PCD3D_SM5_2__BC5N_DEV_SL_NODBUFCD750074__8E2D2F0CEE76EFD65D7A1E6C99D027CACA896E66.udd" 708
"C:/Users/Alex/AppData/Local/UnrealEngine/Common/DerivedDataCache/5/9/2/MATSM_E2C1E89EE9AE4F3CA7B8E0F2C49B34EB_PCD3D_SM4_2__BC5N_DEV_SL_NODBUFCD750074__44E539DF3ABD7415F1F56BD72750FCFFAB6C5FEE.udd" 709
"C:/Users/Alex/AppData/Local/UnrealEngine/Common/DerivedDataCache/8/0/9/MATSM_E2C1E89EE9AE4F3CA7B8E0F2C49B34EB_PCD3D_SM5_2__BC5N_DEV_SL_NODBUFD5169F65__D0DD15A80F4E7174A1C4F0B1C6AFDDF4DC01B683.udd" 710
"C:/Users/Alex/AppData/Local/UnrealEngine/Common/DerivedDataCache/1/4/4/MATSM_E2C1E89EE9AE4F3CA7B8E0F2C49B34EB_PCD3D_SM4_2__BC5N_DEV_SL_NODBUFD5169F65__E002FF66D2AFB9F2F9D1A1F133F55F76C8627536.udd" 711
"C:/Users/Alex/AppData/Local/UnrealEngine/Common/DerivedDataCache/0/6/1/MATSM_E2C1E89EE9AE4F3CA7B8E0F2C49B34EB_PCD3D_SM5_2__BC5N_DEV_SL_NODBUFFD4BC6C9__1A294A05FFC67787A6F356B6C5B869C6D00B002F.udd" 712
"C:/Users/Alex/AppData/Local/UnrealEngine/Common/DerivedDataCache/2/0/5/MATSM_E2C1E89EE9AE4F3CA7B8E0F2C49B34EB_PCD3D_SM4_2__BC5N_DEV_SL_NODBUFFD4BC6C9__6AC9CC0C8C2F14200A8DD1F6D674C42CD1D5B9F1.udd" 713
"C:/Users/Alex/AppData/Local/UnrealEngine/Common/DerivedDataCache/7/5/2/MATSM_E2C1E89EE9AE4F3CA7B8E0F2C49B34EB_PCD3D_SM5_2__BC5N_DEV_SL_NODBUF16EC61B1__D5CF2CAAB162C8FF698459D374F0A6D51C972648.udd" 714
"C:/Users/Alex/AppData/Local/UnrealEngine/Common/DerivedDataCache/5/2/2/MATSM_E2C1E89EE9AE4F3CA7B8E0F2C49B34EB_PCD3D_SM4_2__BC5N_DEV_SL_NODBUF16EC61B1__CC4C5D6B72296ADA828E65B676D9D0D2CAB9D373.udd" 715
"C:/Users/Alex/AppData/Local/UnrealEngine/Common/DerivedDataCache/3/7/7/MATSM_E2C1E89EE9AE4F3CA7B8E0F2C49B34EB_PCD3D_SM5_2__BC5N_DEV_SL_NODBUF18EA2AE1__C90C5E91E0D0603DAF417528E54EC3E16C533CC3.udd" 716
"C:/Users/Alex/AppData/Local/UnrealEngine/Common/DerivedDataCache/1/8/7/MATSM_E2C1E89EE9AE4F3CA7B8E0F2C49B34EB_PCD3D_SM4_2__BC5N_DEV_SL_NODBUF18EA2AE1__F153B0899158F6E5AE2A86CBB512274F50DB9788.udd" 717
"C:/Users/Alex/AppData/Local/UnrealEngine/Common/DerivedDataCache/8/6/1/MATSM_E2C1E89EE9AE4F3CA7B8E0F2C49B34EB_PCD3D_SM5_2__BC5N_DEV_SL_NODBUF2D351AB5__B7B59654F8594D33425456F04D56DAEBE1B055CE.udd" 718
"C:/Users/Alex/AppData/Local/UnrealEngine/Common/DerivedDataCache/0/5/1/MATSM_E2C1E89EE9AE4F3CA7B8E0F2C49B34EB_PCD3D_SM4_2__BC5N_DEV_SL_NODBUF2D351AB5__811AA7FE4309FC5ECFFA792DE6AB01BA8D9F1452.udd" 719
"C:/Users/Alex/AppData/Local/UnrealEngine/Common/DerivedDataCache/3/5/3/MATSM_E2C1E89EE9AE4F3CA7B8E0F2C49B34EB_PCD3D_SM5_2__BC5N_DEV_SL_NODBUF3B8CD25C__5AF82FB7FE47C2F4B94B5530500BBF8D0E360A31.udd" 720
"C:/Users/Alex/AppData/Local/UnrealEngine/Common/DerivedDataCache/7/2/0/MATSM_E2C1E89EE9AE4F3CA7B8E0F2C49B34EB_PCD3D_SM4_2__BC5N_DEV_SL_NODBUF3B8CD25C__6EFA285228EC58707EA79540227F7D71C753DA25.udd" 721
"C:/Users/Alex/AppData/Local/UnrealEngine/Common/DerivedDataCache/0/9/9/STATICMESH_46A8778361B442A9523C54440EA1E9D_0DB5412B27AB480F844CC7F0BE5ABAFF_F1__BE974D0A2D7B120036EBC5F327AAF5027BD9B148.udd" 722
"C:/Users/Alex/AppData/Local/UnrealEngine/Common/DerivedDataCache/1/9/3/PHYSX_$7B1F0627AE$2DABEB$2D4206$2D8D78$2DE16BEB5DDC7E$7D_PHYSXPC_5EAE42F890476__6A9169ACF137EC70AF7FE21284F57F700EF936BC.udd" 723
"C:/Users/Alex/AppData/Local/UnrealEngine/Common/DerivedDataCache/6/1/6/MATSM_E2C1E89EE9AE4F3CA7B8E0F2C49B34EB_PCD3D_SM5_2__BC5N_DEV_SL_NODBUFDBBDAA6D__576D017F4988CD64D84E394CA4768766497F238B.udd" 724
"C:/Users/Alex/AppData/Local/UnrealEngine/Common/DerivedDataCache/9/1/5/MATSM_E2C1E89EE9AE4F3CA7B8E0F2C49B34EB_PCD3D_SM4_2__BC5N_DEV_SL_NODBUFDBBDAA6D__7A792FC8D081E2AFB52FA181DF69A7BDD61C0D93.udd" 725
"C:/Users/Alex/AppData/Local/UnrealEngine/Common/DerivedDataCache/7/8/9/STATICMESH_46A8778361B442A9523C54440EA1E9D_0DB5412B27AB480F844CC7F0BE5ABAFF_B6__CA45EA3B6143355A59A00309B48F65B35E03C9E6.udd" 726
"C:/Users/Alex/AppData/Local/UnrealEngine/Common/DerivedDataCache/5/9/6/PHYSX_$7B1F0627AE$2DABEB$2D4206$2D8D78$2DE16BEB5DDC7E$7D_PHYSXPC_6AFC28C3DF456__19DC3512F23FEE10D5E092FA3DFB462562C90070.udd" 727
"C:/Users/Alex/AppData/Local/UnrealEngine/Common/DerivedDataCache/2/7/4/MATSM_E2C1E89EE9AE4F3CA7B8E0F2C49B34EB_PCD3D_SM5_2__BC5N_DEV_SL_NODBUF04A29FE3__C6E7E1BEDC85210D7E9D9C0C7AC14CEFF114A9AF.udd" 728
"C:/Users/Alex/AppData/Local/UnrealEngine/Common/DerivedDataCache/6/2/6/MATSM_E2C1E89EE9AE4F3CA7B8E0F2C49B34EB_PCD3D_SM4_2__BC5N_DEV_SL_NODBUF04A29FE3__11090A9C4D4DC251DAF4B2CBF8777C7533F461D8.udd" 729
"C:/Users/Alex/AppData/Local/UnrealEngine/Common/DerivedDataCache/0/2/1/STATICMESH_46A8778361B442A9523C54440EA1E9D_0DB5412B27AB480F844CC7F0BE5ABAFF_E0__5F7EBB995D773A04A321F55352C7006BA3E7A8CE.udd" 730
"C:/Users/Alex/AppData/Local/UnrealEngine/Common/DerivedDataCache/3/4/0/PHYSX_$7B1F0627AE$2DABEB$2D4206$2D8D78$2DE16BEB5DDC7E$7D_PHYSXPC_248C395CBF4F0__2D47EFADD45BA584A4D95A50541A3F6755F80857.udd" 731
"C:/Users/Alex/AppData/Local/UnrealEngine/Common/DerivedDataCache/9/0/3/MATSM_E2C1E89EE9AE4F3CA7B8E0F2C49B34EB_PCD3D_SM5_2__BC5N_DEV_SL_NODBUF3B90BE45__ADD6811979F7E10DFDA9712C6BB280CEF195B8F6.udd" 732
"C:/Users/Alex/AppData/Local/UnrealEngine/Common/DerivedDataCache/5/7/1/MATSM_E2C1E89EE9AE4F3CA7B8E0F2C49B34EB_PCD3D_SM4_2__BC5N_DEV_SL_NODBUF3B90BE45__0BACFA29BD4B54C443D936E6B6BAB61E172E155D.udd" 733
"C:/Users/Alex/AppData/Local/UnrealEngine/Common/DerivedDataCache/7/9/7/MATSM_E2C1E89EE9AE4F3CA7B8E0F2C49B34EB_PCD3D_SM5_2__BC5N_DEV_SL_NODBUF926662E6__7D872869ECC9133FFEF577F209062BA3B155457B.udd" 734
"C:/Users/Alex/AppData/Local/UnrealEngine/Common/DerivedDataCache/0/7/5/MATSM_E2C1E89EE9AE4F3CA7B8E0F2C49B34EB_PCD3D_SM4_2__BC5N_DEV_SL_NODBUF926662E6__00BA8AF9929EDE6071224E79BDB768ADC84C57ED.udd" 735
"C:/Users/Alex/AppData/Local/UnrealEngine/Common/DerivedDataCache/2/6/4/STATICMESH_46A8778361B442A9523C54440EA1E9D_0DB5412B27AB480F844CC7F0BE5ABAFF_7C__F6438D65C9B36326A8998494870B281F25BF7183.udd" 736
"C:/Users/Alex/AppData/Local/UnrealEngine/Common/DerivedDataCache/4/2/8/PHYSX_$7B1F0627AE$2DABEB$2D4206$2D8D78$2DE16BEB5DDC7E$7D_PHYSXPC_10C3EB47B94CC__2B85DE948C290F8B12240098BD53FF9317E31005.udd" 737
"C:/Users/Alex/AppData/Local/UnrealEngine/Common/DerivedDataCache/4/4/2/MATSM_E2C1E89EE9AE4F3CA7B8E0F2C49B34EB_PCD3D_SM5_2__BC5N_DEV_SL_NODBUF0E54C427__2E324F4B1D8465CE86B0B7575965D097FFE98BC0.udd" 738
"C:/Users/Alex/AppData/Local/UnrealEngine/Common/DerivedDataCache/3/9/1/MATSM_E2C1E89EE9AE4F3CA7B8E0F2C49B34EB_PCD3D_SM4_2__BC5N_DEV_SL_NODBUF0E54C427__7B7D9A05DA224A584C29F44D365288F0C447E053.udd" 739
"C:/Users/Alex/AppData/Local/UnrealEngine/Common/DerivedDataCache/5/1/1/STATICMESH_46A8778361B442A9523C54440EA1E9D_0DB5412B27AB480F844CC7F0BE5ABAFF_90__3C69BE5F473DF6AED26246A400094B1D68C16818.udd" 740
"C:/Users/Alex/AppData/Local/UnrealEngine/Common/DerivedDataCache/3/4/9/PHYSX_$7B1F0627AE$2DABEB$2D4206$2D8D78$2DE16BEB5DDC7E$7D_PHYSXPC_478C4F193945E__C79ECBFF66BBACDE68511C6AC34682305CD5E723.udd" 741
"C:/Users/Alex/AppData/Local/UnrealEngine/Common/DerivedDataCache/7/0/2/MATSM_E2C1E89EE9AE4F3CA7B8E0F2C49B34EB_PCD3D_SM5_2__BC5N_DEV_SL_NODBUF2AB17C03__65DBBB4EF29828206AA76160F355C4D8E17E947D.udd" 742
"C:/Users/Alex/AppData/Local/UnrealEngine/Common/DerivedDataCache/3/0/0/MATSM_E2C1E89EE9AE4F3CA7B8E0F2C49B34EB_PCD3D_SM4_2__BC5N_DEV_SL_NODBUF2AB17C03__473EA64EC0A2BDE8234704F5FCA4D5388CF5B581.udd" 743
"C:/Users/Alex/AppData/Local/UnrealEngine/Common/DerivedDataCache/7/5/1/STATICMESH_46A8778361B442A9523C54440EA1E9D_0DB5412B27AB480F844CC7F0BE5ABAFF_9F__0E03949A5572DB9952E839ED2FD281B484B51E63.udd" 744
"C:/Users/Alex/AppData/Local/UnrealEngine/Common/DerivedDataCache/7/9/3/PHYSX_$7B1F0627AE$2DABEB$2D4206$2D8D78$2DE16BEB5DDC7E$7D_PHYSXPC_2EB1FA10474ED__6AE803533BD57E168CAA46062AAA5C630A424962.udd" 745
"C:/Users/Alex/AppData/Local/UnrealEngine/Common/DerivedDataCache/0/9/4/MATSM_E2C1E89EE9AE4F3CA7B8E0F2C49B34EB_PCD3D_SM5_2__BC5N_DEV_SL_NODBUF1790353C__EDED2D772D3CC71D9749A3C2D75D80480049E41B.udd" 746
"C:/Users/Alex/AppData/Local/UnrealEngine/Common/DerivedDataCache/4/2/9/MATSM_E2C1E89EE9AE4F3CA7B8E0F2C49B34EB_PCD3D_SM4_2__BC5N_DEV_SL_NODBUF1790353C__A9C11C762B9D498D319DE9B7604008C3C5C845C9.udd" 747
"C:/Users/Alex/AppData/Local/UnrealEngine/Common/DerivedDataCache/7/1/9/MATSM_E2C1E89EE9AE4F3CA7B8E0F2C49B34EB_PCD3D_SM5_2__BC5N_DEV_SL_NODBUF5495EFCF__FC220370F9FB5AE46BD5FA7E46366F0B2D4E37B7.udd" 748
"C:/Users/Alex/AppData/Local/UnrealEngine/Common/DerivedDataCache/0/0/3/MATSM_E2C1E89EE9AE4F3CA7B8E0F2C49B34EB_PCD3D_SM4_2__BC5N_DEV_SL_NODBUF5495EFCF__300B56176A0BDD4BD0ABB0D0694103D2751216F3.udd" 749
"C:/Users/Alex/AppData/Local/UnrealEngine/Common/DerivedDataCache/0/5/8/MATSM_E2C1E89EE9AE4F3CA7B8E0F2C49B34EB_PCD3D_SM5_2__BC5N_DEV_SL_NODBUF0DDF994E__D744E425B3B8A7FCBA5DB75A74947218B85B56D3.udd" 750
"C:/Users/Alex/AppData/Local/UnrealEngine/Common/DerivedDataCache/6/2/0/MATSM_E2C1E89EE9AE4F3CA7B8E0F2C49B34EB_PCD3D_SM4_2__BC5N_DEV_SL_NODBUF0DDF994E__EA17290D5BFBE2BDB6D52708F590B9B1A0E4905A.udd" 751
"C:/Users/Alex/AppData/Local/UnrealEngine/Common/DerivedDataCache/9/9/5/STATICMESH_46A8778361B442A9523C54440EA1E9D_0DB5412B27AB480F844CC7F0BE5ABAFF_56__86903B855CEB86EE1178421C1BA01C779EB7F782.udd" 752
"C:/Users/Alex/AppData/Local/UnrealEngine/Common/DerivedDataCache/0/5/4/PHYSX_$7B1F0627AE$2DABEB$2D4206$2D8D78$2DE16BEB5DDC7E$7D_PHYSXPC_68E726E6424E0__B6F27F19F2EB5E120392E1FAE5D2C9005FD5927A.udd" 753
"C:/Users/Alex/AppData/Local/UnrealEngine/Common/DerivedDataCache/3/8/8/PHYSX_$7B1F0627AE$2DABEB$2D4206$2D8D78$2DE16BEB5DDC7E$7D_PHYSXPC_8183800C432F2ECFE29BDC8637F58D16__1_0_13073_0.udd" 754
"C:/Users/Alex/AppData/Local/UnrealEngine/Common/DerivedDataCache/5/2/3/PHYSX_$7B1F0627AE$2DABEB$2D4206$2D8D78$2DE16BEB5DDC7E$7D_PHYSXPC_D75B346C40F6C64035A989AE4A7E0EDB__1_0_13073_0.udd" 755
"C:/Users/Alex/AppData/Local/UnrealEngine/Common/DerivedDataCache/9/5/7/PHYSX_$7B1F0627AE$2DABEB$2D4206$2D8D78$2DE16BEB5DDC7E$7D_PHYSXPC_4AFACDDA45D03AF1639A67AA25AC318F__1_0_13073_0.udd" 756
"C:/Users/Alex/AppData/Local/UnrealEngine/Common/DerivedDataCache/5/0/4/PHYSX_$7B1F0627AE$2DABEB$2D4206$2D8D78$2DE16BEB5DDC7E$7D_PHYSXPC_53168EF140387968E8B11BBA6D623313__1_0_13073_0.udd" 757
