Log file open, 03/24/15 12:06:19
LogInit:Display: Running engine for game: MyProject
LogInit: Version: 4.6.1-2386410+++depot+UE4-Releases+4.6
LogInit: API Version: 2369412
LogInit: Compiled (64-bit): Dec 11 2014 21:31:39
LogInit: Compiled with Visual C++: 18.00.21005.01
LogInit: Build Configuration: Development
LogInit: Branch Name: ++depot+UE4-Releases+4.6
LogInit: Command line:  
LogInit: Base directory: C:/Program Files/Epic Games/4.6/Engine/Binaries/Win64/
LogInit: Rocket: 1
[2015.03.24-18.06.19:338][  0]LogTaskGraph: Started task graph with 3 named threads and 4 total threads.
[2015.03.24-18.06.19:431][  0]LogOnline:Warning: No default platform service specified for OnlineSubsystem
[2015.03.24-18.06.19:609][  0]LogInit: Presizing for 0 objects not considered by GC, pre-allocating 0 bytes.
[2015.03.24-18.06.19:627][  0]LogInit: Object subsystem initialized
[2015.03.24-18.06.19:632][  0]LogConsoleResponse:Warning: Skipping Unknown console variable: 'UIScaleRule = ShortestSide'
[2015.03.24-18.06.19:632][  0]LogConsoleResponse:Warning:   Found in ini file 'C:/Users/Miryam/Documents/Unreal Projects/MyProject/Saved/Config/Windows/Engine.ini', in section '[/Script/Engine.RendererSettings]'
[2015.03.24-18.06.19:632][  0]LogConsoleResponse:Warning: Skipping Unknown console variable: 'UIScaleCurve = (EditorCurveData=(Keys=),ExternalCurve=None)'
[2015.03.24-18.06.19:632][  0]LogConsoleResponse:Warning:   Found in ini file 'C:/Users/Miryam/Documents/Unreal Projects/MyProject/Saved/Config/Windows/Engine.ini', in section '[/Script/Engine.RendererSettings]'
[2015.03.24-18.06.19:633][  0]LogConsoleManager:Warning: Console variable 'r.MSAA.CompositingSampleCount' wasn't set (Priority ProjectSetting < Scalability)
[2015.03.24-18.06.19:634][  0]LogInit: Selected Device Profile: [Windows]
[2015.03.24-18.06.19:634][  0]LogInit: Applying CVar settings loaded from the selected device profile: [Windows]
[2015.03.24-18.06.19:983][  0]LogInit: Computer: MIEL
[2015.03.24-18.06.19:983][  0]LogInit: User: MieL
[2015.03.24-18.06.19:983][  0]LogInit: CPU Page size=4096, Cores=2
[2015.03.24-18.06.19:983][  0]LogInit: High frequency timer resolution =1.656323 MHz
[2015.03.24-18.06.19:984][  0]LogMemory: Memory total: Physical=5.9GB (6GB approx) Virtual=131072.0GB
[2015.03.24-18.06.19:984][  0]LogMemory: Platform Memory Stats for Windows
[2015.03.24-18.06.19:984][  0]LogMemory: Process Physical Memory: 47.93 MB used, 47.93 MB peak
[2015.03.24-18.06.19:984][  0]LogMemory: Process Virtual Memory: 23.95 MB used, 23.95 MB peak
[2015.03.24-18.06.19:984][  0]LogMemory: Physical Memory: 2729.25 MB used, 6024.27 MB total
[2015.03.24-18.06.19:984][  0]LogMemory: Virtual Memory: 270.13 MB used, 134217728.00 MB total
[2015.03.24-18.06.20:135][  0]LogD3D11RHI: Found D3D11 adapter 0: Intel(R) HD Graphics Family (Feature Level 11_0)
[2015.03.24-18.06.20:135][  0]LogD3D11RHI: Adapter has 32MB of dedicated video memory, 0MB of dedicated system memory, and 1760MB of shared system memory, 1 output[s]
[2015.03.24-18.06.20:137][  0]LogD3D11RHI: Found D3D11 adapter 1: Microsoft Basic Render Driver (Feature Level 11_0)
[2015.03.24-18.06.20:137][  0]LogD3D11RHI: Adapter has 0MB of dedicated video memory, 0MB of dedicated system memory, and 256MB of shared system memory, 0 output[s]
[2015.03.24-18.06.20:138][  0]LogD3D11RHI: Chosen D3D11 Adapter Id = 0
[2015.03.24-18.06.20:145][  0]LogRHI: Texture pool is 638 MB (70% of 912 MB)
[2015.03.24-18.06.20:155][  0]LogD3D11RHI: Async texture creation enabled
[2015.03.24-18.06.20:467][  0]LogTextLocalizationManager: The requested culture ('es_MX') has no localization data; parent culture's ('es') localization data will be used.
[2015.03.24-18.06.20:666][  0]LogContentStreaming: Texture pool size is 0.000000MB
[2015.03.24-18.06.32:204][  0]LogTargetPlatformManager:Display: Building Assets For Windows
[2015.03.24-18.06.33:563][  0]LogTargetPlatformManager:Display: Building Assets For Windows
[2015.03.24-18.06.33:714][  0]LogDerivedDataCache:Display: Max Cache Size: 512 MB
[2015.03.24-18.06.35:536][  0]LogDerivedDataCache: Loaded boot cache 1.82s 39MB C:/Users/Miryam/AppData/Local/UnrealEngine/4.6/DerivedDataCache/Boot.ddc.
[2015.03.24-18.06.35:537][  0]LogDerivedDataCache:Display: Loaded Boot cache: C:/Users/Miryam/AppData/Local/UnrealEngine/4.6/DerivedDataCache/Boot.ddc
[2015.03.24-18.06.35:537][  0]LogDerivedDataCache: FDerivedDataBackendGraph:  Pak pak cache file ../../../../../../Users/Miryam/Documents/Unreal Projects/MyProject/DerivedDataCache/DDC.ddp not found, will not use a pak cache.
[2015.03.24-18.06.35:537][  0]LogDerivedDataCache: Unable to find inner node Pak for hierarchical cache Hierarchy.
[2015.03.24-18.06.35:822][  0]LogDerivedDataCache:Display: Pak cache opened for reading ../../../Engine/DerivedDataCache/DDC.ddp.
[2015.03.24-18.06.35:839][  0]LogDerivedDataCache: Using Local data cache path C:/Users/Miryam/AppData/Local/UnrealEngine/Common/DerivedDataCache: Writable
[2015.03.24-18.06.36:537][  0]LogCollisionProfile:Warning: Profile (UI) - Custom Channel Name = 'Weapon' hasn't been found
[2015.03.24-18.06.37:107][  0]LogMeshUtilities: No automatic mesh reduction module available
[2015.03.24-18.06.37:107][  0]LogMeshUtilities: No automatic mesh merging module available
[2015.03.24-18.06.38:092][  0]LogInit: WinSock: version 1.1 (2.2), MaxSocks=32767, MaxUdp=65467
[2015.03.24-18.06.38:309][  0]LogSlate:Warning: Failed to load font data from '../../../Engine/Content/Slate/Fonts/Roboto-Italic.ttf'
[2015.03.24-18.06.41:044][  0]UdpMessaging: Initializing bridge on interface 0.0.0.0:0 to multicast group 230.0.0.1:6666.
[2015.03.24-18.06.41:624][  0]LogDirectoryWatcher:Warning: Failed to begin reading directory changes for C:/Users/Miryam/Documents/Unreal Projects/MyProject/Binaries/Win64. Error: 0
[2015.03.24-18.06.42:048][  0]SourceControl: Información El control de código fuente está desactivado
[2015.03.24-18.06.42:048][  0]SourceControl: Información El control de código fuente está desactivado
[2015.03.24-18.06.42:075][  0]SourceControl: Información El control de código fuente está desactivado
[2015.03.24-18.06.42:601][  0]LogObj: 23754 objects as part of root set at end of initial load.
[2015.03.24-18.06.42:601][  0]LogUObjectAllocator: 5168128 out of 0 bytes used by permanent object pool.
[2015.03.24-18.06.42:750][  0]LogEngine: Initializing Engine...
[2015.03.24-18.06.43:027][  0]LogInit: XAudio2 using 'Altavoces (Realtek High Definition Audio)' : 2 channels at 48 kHz using 32 bits per sample (channel mask 0x3)
[2015.03.24-18.06.43:046][  0]LogInit: FAudioDevice initialized.
[2015.03.24-18.06.43:126][  0]LogAIModule: Creating AISystem for world NewWorld
[2015.03.24-18.06.43:158][  0]LogDerivedDataCache: Saved boot cache 0.03s 39MB C:/Users/Miryam/AppData/Local/UnrealEngine/4.6/DerivedDataCache/Boot.ddc.
[2015.03.24-18.06.43:163][  0]LogInit: Texture streaming: Enabled
[2015.03.24-18.06.43:267][  0]LogAnalytics: Creating configured Analytics provider AnalyticsET
[2015.03.24-18.06.43:267][  0]LogAnalytics: ET APIKey = Rocket.Release. APIServer = http://et2.epicgames.com/ET2/. AppVersion = 4.6.1-2386410+++depot+UE4-Releases+4.6
[2015.03.24-18.06.43:269][  0]LogAnalytics: SetUserId cc2da9029b1435b39fd32981c4d04f44
[2015.03.24-18.06.43:269][  0]LogAnalytics: AnalyticsET::StartSession [Rocket.Release]
[2015.03.24-18.06.43:395][  0]LogInit: Transaction tracking system initialized
[2015.03.24-18.06.43:851][  0]BlueprintLog: New page: Cargar el editor
[2015.03.24-18.06.43:966][  0]LogAssetRegistry: FAssetRegistry took 0.0114 seconds to start up
[2015.03.24-18.06.43:967][  0]LogDirectoryWatcher:Warning: Failed to begin reading directory changes for ../../../Engine/Plugins/Experimental/CharacterAI/Content/. Error: 0
[2015.03.24-18.06.45:811][  0]LogTargetPlatformManager:Display: Building Assets For Windows
[2015.03.24-18.06.46:920][  0]LogTargetPlatformManager:Display: Building Assets For Windows
[2015.03.24-18.06.47:724][  0]LogConsoleResponse:Display: 
[2015.03.24-18.06.47:833][  0]LogLinker:Warning: Asset '../../../Engine/Content/Functions/Engine_MaterialFunctions03/Procedurals/ComputeFilterWidth.uasset' has been saved with empty engine version. The asset will be loaded but may be incompatible.
[2015.03.24-18.06.48:532][  0]SourceControl: Información El control de código fuente está desactivado
[2015.03.24-18.06.48:532][  0]Cmd: MAP LOAD FILE="../../../../../../Users/Miryam/Documents/Unreal Projects/MyProject/Content/Maps/Example_Map.umap" TEMPLATE=0 SHOWPROGRESS=1
[2015.03.24-18.06.48:647][  0]LightingResults: New page: Diseñar la iluminación
[2015.03.24-18.06.48:730][  0]MapCheck: New page: Revisión del mapa
[2015.03.24-18.06.48:730][  0]LightingResults: New page: Diseñar la iluminación
[2015.03.24-18.06.48:787][  0]LogParticles: Destroying 0 GPU particle simulations for FXSystem 0x0000009E41D4EAC0
[2015.03.24-18.06.53:867][  0]LogEditorServer: Finished looking for orphan Actors (0.000 secs)
[2015.03.24-18.06.53:868][  0]LogAIModule: Creating AISystem for world Example_Map
[2015.03.24-18.06.53:871][  0]Cmd: MAP CHECKDEP
[2015.03.24-18.06.53:871][  0]MapCheck: New page: Example_Map - 24/03/2015 06:06:53
[2015.03.24-18.06.54:242][  0]MapCheck: Información Map check complete: 0 Error(s), 0 Warning(s), took 371.188ms to complete.
[2015.03.24-18.06.54:242][  0]LogFileHelpers: Loading map 'Example_Map' took 5.710
[2015.03.24-18.06.54:500][  0]LogCollectionManager: Loaded 0 collections in 0.006261 seconds
[2015.03.24-18.06.54:837][  0]LogCrashTracker: Crashtracker disabled due to settings.
[2015.03.24-18.06.54:848][  0]LogUObjectGlobals:Warning: Error al encontrar el objeto 'Class Ninguno.'
[2015.03.24-18.06.54:883][  0]LogLoad: Full Startup: 41.38 seconds (BP compile: 0.11 seconds)
[2015.03.24-18.06.55:240][  0]LogContentBrowser:Verbose: The content browser source was changed by the sources view to '/Game/Blueprints/Assets'
[2015.03.24-18.06.55:756][  2]LogRenderer:Warning: Reallocating scene render targets to support 760x568.
[2015.03.24-18.06.58:245][  8]LogAssetRegistry: Asset discovery search completed in 14.2908 seconds
[2015.03.24-18.07.09:079][111]LogContentBrowser:Verbose: The content browser source was changed by the sources view to '/Game/MainMenu'
[2015.03.24-18.16.56:993][702]LogFileHelpers: Editor autosave (incl. sublevels) for '/Game/Maps/Example_Map' took 0.087
[2015.03.24-18.16.57:086][702]OBJ SavePackage: Generating thumbnails for [0] asset(s) in package [/Game/MainMenu/LevelMenu] ([1] browsable assets)...
[2015.03.24-18.16.57:105][702]OBJ SavePackage: Finished generating thumbnails for package [/Game/MainMenu/LevelMenu]
[2015.03.24-18.16.57:262][702]LogSavePackage: Save=74.431740ms
[2015.03.24-18.16.57:263][702]LogSavePackage: Moving '../../../../../../Users/Miryam/Documents/Unreal Projects/MyProject/Saved/LevelMenu_Auto17F30D26942A4D1758321A6B96536E323.tmp' to '../../../../../../Users/Miryam/Documents/Unreal Projects/MyProject/Saved/Autosaves/Game/MainMenu/LevelMenu_Auto1.uasset'
[2015.03.24-18.16.57:283][702]LogFileHelpers: Auto-saving content packages took 0.288
[2015.03.24-18.18.39:278][423]BlueprintLog: New page: Compilar LevelMenu
[2015.03.24-18.18.39:415][423]BlueprintEditorCompileResults: Información [0745.91] Compile of LevelMenu successful! [in 128 ms]
[2015.03.24-18.18.40:067][439]Cmd: OBJ SAVEPACKAGE PACKAGE="/Game/MainMenu/LevelMenu" FILE="../../../../../../Users/Miryam/Documents/Unreal Projects/MyProject/Content/MainMenu/LevelMenu.uasset" SILENT=true
[2015.03.24-18.18.40:138][439]LogSavePackage: Save=14.525549ms
[2015.03.24-18.18.40:138][439]LogSavePackage: Moving '../../../../../../Users/Miryam/Documents/Unreal Projects/MyProject/Saved/LevelMenu64C483A04003A33CA720FC8D959BF35E.tmp' to '../../../../../../Users/Miryam/Documents/Unreal Projects/MyProject/Content/MainMenu/LevelMenu.uasset'
[2015.03.24-18.31.36:289][348]LogRenderer:Warning: Reallocating scene render targets to support 944x584.
[2015.03.24-18.32.37:711][320]LogSlate:Warning: Prevented a slow task dialog from being summoned while a context menu was open
[2015.03.24-18.32.41:694][439]BlueprintLog: New page: Compilar MM_GameMode
[2015.03.24-18.32.41:801][439]LogParticles: Destroying 0 GPU particle simulations for FXSystem 0x0000009E426CAD40
[2015.03.24-18.32.41:802][439]LogParticles: Destroying 0 GPU particle simulations for FXSystem 0x0000009E4416D3A0
[2015.03.24-18.32.41:802][439]LogParticles: Destroying 0 GPU particle simulations for FXSystem 0x0000009E426CADE0
[2015.03.24-18.32.41:803][439]LogParticles: Destroying 0 GPU particle simulations for FXSystem 0x0000009E43FA7A60
[2015.03.24-18.32.41:803][439]LogParticles: Destroying 0 GPU particle simulations for FXSystem 0x0000009E4D796980
[2015.03.24-18.32.41:804][439]LogParticles: Destroying 0 GPU particle simulations for FXSystem 0x0000009E38E2EA20
[2015.03.24-18.32.41:804][439]LogParticles: Destroying 0 GPU particle simulations for FXSystem 0x0000009E48774A40
[2015.03.24-18.32.41:805][439]LogParticles: Destroying 0 GPU particle simulations for FXSystem 0x0000009E4416FA60
[2015.03.24-18.32.41:805][439]LogParticles: Destroying 0 GPU particle simulations for FXSystem 0x0000009E4C46B1A0
[2015.03.24-18.32.41:829][439]BlueprintEditorCompileResults: Información [1588.33] Compile of MM_GameMode successful! [in 133 ms]
[2015.03.24-18.32.42:619][460]Cmd: OBJ SAVEPACKAGE PACKAGE="/Game/MainMenu/MM_GameMode" FILE="../../../../../../Users/Miryam/Documents/Unreal Projects/MyProject/Content/MainMenu/MM_GameMode.uasset" SILENT=true
[2015.03.24-18.32.42:686][460]LogSavePackage: Save=12.498770ms
[2015.03.24-18.32.42:686][460]LogSavePackage: Moving '../../../../../../Users/Miryam/Documents/Unreal Projects/MyProject/Saved/MM_GameMode51676BBA436E6C7C987477BA9D368921.tmp' to '../../../../../../Users/Miryam/Documents/Unreal Projects/MyProject/Content/MainMenu/MM_GameMode.uasset'
[2015.03.24-18.33.39:360][258]LogSlate:Warning: Prevented a slow task dialog from being summoned while a context menu was open
[2015.03.24-18.34.10:178][847]LogAnimation:Warning: UAnimMontage::PostLoad: The actual sequence length for montage FPP_Fire_Montage does not match the length stored in the asset, please resave the montage asset.
[2015.03.24-18.34.10:412][847]BlueprintLog:Warning: Aviso El Blueprint MyHUD se ha migrado y necesita volver a guardarse para evitar errores de importación
[2015.03.24-18.34.10:416][847]BlueprintLog:Warning: Aviso El Blueprint MyGame se ha migrado y necesita volver a guardarse para evitar errores de importación
[2015.03.24-18.38.15:158][970]LogContentBrowser:Verbose: The content browser source was changed by the sources view to '/Game/Blueprints'
[2015.03.24-18.38.18:807][ 31]LogPropertyNode:Warning: UI Min (0.001) >= UI Max () for Ranged Numeric
[2015.03.24-18.38.18:815][ 31]LogPropertyNode:Warning: UI Min (0.001) >= UI Max () for Ranged Numeric
[2015.03.24-18.38.18:954][ 31]LogPropertyNode:Warning: UI Min (0.001) >= UI Max () for Ranged Numeric
[2015.03.24-18.38.18:956][ 31]LogPropertyNode:Warning: UI Min (0.001) >= UI Max () for Ranged Numeric
[2015.03.24-18.42.48:563][483]LogActorComponent: UnregisterComponent: (/Engine/Transient.ProjectileMovementComponent_0) Not registered. Aborting.
[2015.03.24-18.42.48:563][483]LogActorComponent: UnregisterComponent: (/Engine/Transient.CharacterMovementComponent_0) Not registered. Aborting.
[2015.03.24-18.42.48:732][483]LogParticles: Destroying 0 GPU particle simulations for FXSystem 0x0000009E38E2CC20
[2015.03.24-18.42.48:734][483]LogParticles: Destroying 0 GPU particle simulations for FXSystem 0x0000009E341E14E0
[2015.03.24-18.42.48:736][483]LogParticles: Destroying 0 GPU particle simulations for FXSystem 0x0000009E48774FE0
[2015.03.24-18.42.48:738][483]LogParticles: Destroying 0 GPU particle simulations for FXSystem 0x0000009E4E77F740
[2015.03.24-18.42.48:769][483]LogFileHelpers: Editor autosave (incl. sublevels) for '/Game/Maps/Example_Map' took 0.206
[2015.03.24-18.44.43:446][843]LogPropertyNode:Warning: UI Min (0.001) >= UI Max () for Ranged Numeric
[2015.03.24-18.44.43:489][843]LogPropertyNode:Warning: UI Min (0.001) >= UI Max () for Ranged Numeric
[2015.03.24-18.44.43:657][843]LogPropertyNode:Warning: UI Min (0.001) >= UI Max () for Ranged Numeric
[2015.03.24-18.44.43:658][843]LogPropertyNode:Warning: UI Min (0.001) >= UI Max () for Ranged Numeric
[2015.03.24-18.50.58:782][288]BlueprintLog: New page: Volver a compilar automáticamente la reproducción en el editor (PIE) anterior
[2015.03.24-18.50.58:790][288]LogPlayLevel: [PIE] Compiling Tutorial_BP_MacroLib before PIE...
[2015.03.24-18.50.59:057][288]LogActorComponent: UnregisterComponent: (/Engine/Transient.ProjectileMovementComponent_1) Not registered. Aborting.
[2015.03.24-18.50.59:057][288]LogActorComponent: UnregisterComponent: (/Engine/Transient.CharacterMovementComponent_1) Not registered. Aborting.
[2015.03.24-18.50.59:126][288]LogPlayLevel: PIE:  Blueprint regeneration took 343 ms (1 blueprints)
[2015.03.24-18.50.59:126][288]PIE: New page: Sesión PIE (reproducción en el editor): Example_Map (24/03/2015 06:50:59)
[2015.03.24-18.50.59:537][288]LogPlayLevel: PIE: StaticDuplicateObject took: (0.410745s)
[2015.03.24-18.50.59:539][288]LogPlayLevel: PIE: World Init took: (0.002167s)
[2015.03.24-18.50.59:540][288]LogPlayLevel: PIE: Created PIE world by copying editor world from /Game/Maps/Example_Map.Example_Map to /Game/Maps/UEDPIE_0_Example_Map.Example_Map (0.413566s)
[2015.03.24-18.50.59:649][288]LogWorld: Game class is 'MyGame_C'
[2015.03.24-18.50.59:653][288]LogAIModule: Creating AISystem for world Example_Map
[2015.03.24-18.50.59:980][288]LogWorld: Bringing World /Game/Maps/UEDPIE_0_Example_Map.Example_Map up for play (max tick rate 0) at 2015.03.24-12.50.59
[2015.03.24-18.51.00:009][288]LogWorld: Bringing up level for play took: 0.355378
[2015.03.24-18.51.00:080][288]PIE: Información Tiempo de inicio de la reproducción en el editor para  /Game/Maps/UEDPIE_0_Example_Map 0.725
[2015.03.24-18.51.17:351][872]LogParticles: Destroying 0 GPU particle simulations for FXSystem 0x0000009E54C554E0
[2015.03.24-18.51.31:813][166]Cmd: QUIT_EDITOR
[2015.03.24-18.51.33:987][166]LogExit: Preparing to exit.
[2015.03.24-18.51.35:775][166]LogExit: Editor shut down
[2015.03.24-18.51.35:775][166]LogExit: Transaction tracking system shut down
[2015.03.24-18.51.35:777][166]LogParticles: Destroying 0 GPU particle simulations for FXSystem 0x0000009E3787A480
[2015.03.24-18.51.35:778][166]LogParticles: Destroying 0 GPU particle simulations for FXSystem 0x0000009E384A6020
[2015.03.24-18.51.35:778][166]LogParticles: Destroying 0 GPU particle simulations for FXSystem 0x0000009E38101B20
[2015.03.24-18.51.39:886][166]LogParticles: Destroying 0 GPU particle simulations for FXSystem 0x0000009E39D14860
[2015.03.24-18.51.39:886][166]LogExit: Object subsystem successfully closed.
[2015.03.24-18.51.43:578][166]LogModuleManager: Shutting down and abandoning module ExternalImagePicker (174)
[2015.03.24-18.51.43:578][166]LogModuleManager: Shutting down and abandoning module SequencerWidgets (173)
[2015.03.24-18.51.43:578][166]LogModuleManager: Shutting down and abandoning module AndroidDeviceDetection (172)
[2015.03.24-18.51.43:578][166]LogModuleManager: Shutting down and abandoning module CrashTracker (171)
[2015.03.24-18.51.43:578][166]LogModuleManager: Shutting down and abandoning module SuperSearch (170)
[2015.03.24-18.51.43:578][166]LogModuleManager: Shutting down and abandoning module SceneOutliner (169)
[2015.03.24-18.51.43:578][166]LogModuleManager: Shutting down and abandoning module EditorWidgets (168)
[2015.03.24-18.51.43:578][166]LogModuleManager: Shutting down and abandoning module CollectionManager (167)
[2015.03.24-18.51.43:631][166]LogModuleManager: Shutting down and abandoning module StatsViewer (166)
[2015.03.24-18.51.43:815][166]LogModuleManager: Shutting down and abandoning module FoliageEdit (165)
[2015.03.24-18.51.43:877][166]LogModuleManager: Shutting down and abandoning module LandscapeEditor (164)
[2015.03.24-18.51.43:951][166]LogModuleManager: Shutting down and abandoning module MeshPaint (163)
[2015.03.24-18.51.44:003][166]LogModuleManager: Shutting down and abandoning module ActorPickerMode (162)
[2015.03.24-18.51.44:003][166]LogModuleManager: Shutting down and abandoning module GeometryMode (161)
[2015.03.24-18.51.44:004][166]LogModuleManager: Shutting down and abandoning module TextureAlignMode (160)
[2015.03.24-18.51.44:004][166]LogModuleManager: Shutting down and abandoning module BspMode (159)
[2015.03.24-18.51.44:004][166]LogModuleManager: Shutting down and abandoning module PlacementMode (158)
[2015.03.24-18.51.44:004][166]LogModuleManager: Shutting down and abandoning module AutomationWorker (157)
[2015.03.24-18.51.44:004][166]LogModuleManager: Shutting down and abandoning module CharacterAI (156)
[2015.03.24-18.51.44:004][166]LogModuleManager: Shutting down and abandoning module GameProjectGeneration (155)
[2015.03.24-18.51.44:087][166]LogModuleManager: Shutting down and abandoning module IntroTutorials (154)
[2015.03.24-18.51.44:203][166]LogModuleManager: Shutting down and abandoning module EditorLiveStreaming (153)
[2015.03.24-18.51.44:203][166]LogModuleManager: Shutting down and abandoning module HardwareTargeting (152)
[2015.03.24-18.51.44:203][166]LogModuleManager: Shutting down and abandoning module DeviceProfileEditor (151)
[2015.03.24-18.51.44:203][166]LogModuleManager: Shutting down and abandoning module UndoHistory (150)
[2015.03.24-18.51.44:228][166]LogModuleManager: Shutting down and abandoning module GameplayTagsEditor (149)
[2015.03.24-18.51.44:228][166]LogModuleManager: Shutting down and abandoning module UserFeedback (148)
[2015.03.24-18.51.44:228][166]LogModuleManager: Shutting down and abandoning module XmlParser (147)
[2015.03.24-18.51.44:263][166]LogModuleManager: Shutting down and abandoning module Blutility (146)
[2015.03.24-18.51.44:264][166]LogModuleManager: Shutting down and abandoning module IOSPlatformEditor (145)
[2015.03.24-18.51.44:264][166]LogModuleManager: Shutting down and abandoning module IOSRuntimeSettings (144)
[2015.03.24-18.51.44:264][166]LogModuleManager: Shutting down and abandoning module AndroidPlatformEditor (143)
[2015.03.24-18.51.44:272][166]LogModuleManager: Shutting down and abandoning module AndroidRuntimeSettings (142)
[2015.03.24-18.51.44:272][166]LogModuleManager: Shutting down and abandoning module ProjectTargetPlatformEditor (141)
[2015.03.24-18.51.44:348][166]LogModuleManager: Shutting down and abandoning module ProjectSettingsViewer (140)
[2015.03.24-18.51.44:348][166]LogModuleManager: Shutting down and abandoning module InputBindingEditor (139)
[2015.03.24-18.51.44:421][166]LogModuleManager: Shutting down and abandoning module EditorSettingsViewer (138)
[2015.03.24-18.51.44:421][166]LogModuleManager: Shutting down and abandoning module SettingsEditor (137)
[2015.03.24-18.51.44:421][166]LogModuleManager: Shutting down and abandoning module ProjectLauncher (136)
[2015.03.24-18.51.44:490][166]LogModuleManager: Shutting down and abandoning module SessionFrontend (135)
[2015.03.24-18.51.44:514][166]LogModuleManager: Shutting down and abandoning module ProfilerClient (134)
[2015.03.24-18.51.44:542][166]LogModuleManager: Shutting down and abandoning module TargetDeviceServices (133)
[2015.03.24-18.51.44:582][166]LogModuleManager: Shutting down and abandoning module DeviceManager (132)
[2015.03.24-18.51.44:639][166]LogModuleManager: Shutting down and abandoning module AutomationController (131)
[2015.03.24-18.51.44:662][166]LogModuleManager: Shutting down and abandoning module AutomationWindow (130)
[2015.03.24-18.51.44:669][166]LogModuleManager: Shutting down and abandoning module Layers (129)
[2015.03.24-18.51.44:777][166]LogModuleManager: Shutting down and abandoning module ComponentVisualizers (128)
[2015.03.24-18.51.44:777][166]LogModuleManager: Shutting down and abandoning module DetailCustomizations (127)
[2015.03.24-18.51.44:777][166]LogModuleManager: Shutting down and abandoning module PackagesDialog (126)
[2015.03.24-18.51.44:814][166]LogModuleManager: Shutting down and abandoning module AssetRegistry (125)
[2015.03.24-18.51.47:131][166]LogModuleManager: Shutting down and abandoning module Persona (124)
[2015.03.24-18.51.47:275][166]LogModuleManager: Shutting down and abandoning module Kismet (123)
[2015.03.24-18.51.47:330][166]LogModuleManager: Shutting down and abandoning module GraphEditor (122)
[2015.03.24-18.51.47:330][166]LogModuleManager: Shutting down and abandoning module ClassViewer (121)
[2015.03.24-18.51.47:330][166]LogModuleManager: Shutting down and abandoning module Toolbox (120)
[2015.03.24-18.51.47:330][166]LogModuleManager: Shutting down and abandoning module ModuleUI (119)
[2015.03.24-18.51.47:356][166]LogModuleManager: Shutting down and abandoning module MovieSceneTools (118)
[2015.03.24-18.51.47:435][166]LogModuleManager: Shutting down and abandoning module OutputLog (117)
[2015.03.24-18.51.47:436][166]LogModuleManager: Shutting down and abandoning module GammaUI (116)
[2015.03.24-18.51.47:479][166]LogModuleManager: Shutting down and abandoning module Documentation (115)
[2015.03.24-18.51.47:479][166]LogModuleManager: Shutting down and abandoning module GameLiveStreaming (114)
[2015.03.24-18.51.47:494][166]LogModuleManager: Shutting down and abandoning module StreamingPauseRendering (113)
[2015.03.24-18.51.47:494][166]LogModuleManager: Shutting down and abandoning module HTTP (112)
[2015.03.24-18.51.47:494][166]LogModuleManager: Shutting down and abandoning module AnalyticsET (111)
[2015.03.24-18.51.47:494][166]LogModuleManager: Shutting down and abandoning module Analytics (110)
[2015.03.24-18.51.47:494][166]LogModuleManager: Shutting down and abandoning module AITestSuite (109)
[2015.03.24-18.51.47:536][166]LogModuleManager: Shutting down and abandoning module AIModule (108)
[2015.03.24-18.51.47:630][166]LogModuleManager: Shutting down and abandoning module ProfilerService (107)
[2015.03.24-18.51.47:873][166]LogModuleManager: Shutting down and abandoning module TaskGraph (106)
[2015.03.24-18.51.47:925][166]LogModuleManager: Shutting down and abandoning module GameplayDebugger (105)
[2015.03.24-18.51.47:934][166]LogModuleManager: Shutting down and abandoning module SlateRemote (104)
[2015.03.24-18.51.47:934][166]LogModuleManager: Shutting down and abandoning module ScriptEditorPlugin (103)
[2015.03.24-18.51.47:934][166]LogModuleManager: Shutting down and abandoning module CustomMeshComponent (102)
[2015.03.24-18.51.47:934][166]LogModuleManager: Shutting down and abandoning module CableComponent (101)
[2015.03.24-18.51.47:934][166]LogModuleManager: Shutting down and abandoning module MessagingDebugger (100)
[2015.03.24-18.51.48:095][166]LogModuleManager: Shutting down and abandoning module MediaPlayerEditor (99)
[2015.03.24-18.51.48:247][166]LogModuleManager: Shutting down and abandoning module SpeedTreeImporter (98)
[2015.03.24-18.51.48:247][166]LogModuleManager: Shutting down and abandoning module PluginsEditor (97)
[2015.03.24-18.51.48:247][166]LogModuleManager: Shutting down and abandoning module EpicSurvey (96)
[2015.03.24-18.51.48:247][166]LogModuleManager: Shutting down and abandoning module DesktopPlatform (95)
[2015.03.24-18.51.48:389][166]LogModuleManager: Shutting down and abandoning module VisualStudioSourceCodeAccess (94)
[2015.03.24-18.51.48:483][166]LogModuleManager: Shutting down and abandoning module UObjectPlugin (93)
[2015.03.24-18.51.48:484][166]LogModuleManager: Shutting down and abandoning module SubversionSourceControl (92)
[2015.03.24-18.51.48:805][166]LogModuleManager: Shutting down and abandoning module SourceControl (91)
[2015.03.24-18.51.48:805][166]LogModuleManager: Shutting down and abandoning module PerforceSourceControl (90)
[2015.03.24-18.51.49:425][166]LogModuleManager: Shutting down and abandoning module BlankPlugin (89)
[2015.03.24-18.51.49:425][166]LogModuleManager: Shutting down and abandoning module SlateReflector (88)
[2015.03.24-18.51.49:437][166]LogModuleManager: Shutting down and abandoning module DirectoryWatcher (87)
[2015.03.24-18.51.49:437][166]LogModuleManager: Shutting down and abandoning module HotReload (86)
[2015.03.24-18.51.49:437][166]LogModuleManager: Shutting down and abandoning module MainFrame (85)
[2015.03.24-18.51.49:437][166]LogModuleManager: Shutting down and abandoning module LevelEditor (84)
[2015.03.24-18.51.49:490][166]LogModuleManager: Shutting down and abandoning module ViewportSnapping (83)
[2015.03.24-18.51.49:490][166]LogModuleManager: Shutting down and abandoning module SmartSnapping (82)
[2015.03.24-18.51.49:490][166]LogModuleManager: Shutting down and abandoning module PaperTiledImporter (81)
[2015.03.24-18.51.49:490][166]LogModuleManager: Shutting down and abandoning module PaperJsonImporter (80)
[2015.03.24-18.51.49:490][166]LogModuleManager: Shutting down and abandoning module ContentBrowser (79)
[2015.03.24-18.51.49:490][166]LogModuleManager: Shutting down and abandoning module Paper2DEditor (78)
[2015.03.24-18.51.49:662][166]LogModuleManager: Shutting down and abandoning module ScriptPlugin (77)
[2015.03.24-18.51.49:741][166]LogModuleManager: Shutting down and abandoning module UdpMessaging (76)
[2015.03.24-18.51.49:842][166]LogModuleManager: Shutting down and abandoning module Paper2D (75)
[2015.03.24-18.51.50:383][166]LogModuleManager: Shutting down and abandoning module UE4Game (74)
[2015.03.24-18.51.50:383][166]LogModuleManager: Shutting down and abandoning module WindowsMoviePlayer (73)
[2015.03.24-18.51.50:467][166]LogModuleManager: Shutting down and abandoning module Media (72)
[2015.03.24-18.51.50:467][166]LogModuleManager: Shutting down and abandoning module WmfMedia (71)
[2015.03.24-18.51.50:507][166]LogModuleManager: Shutting down and abandoning module OnlineBlueprintSupport (70)
[2015.03.24-18.51.50:507][166]LogModuleManager: Shutting down and abandoning module PropertyEditor (69)
[2015.03.24-18.51.50:507][166]LogModuleManager: Shutting down and abandoning module BehaviorTreeEditor (68)
[2015.03.24-18.51.50:703][166]LogModuleManager: Shutting down and abandoning module FunctionalTesting (67)
[2015.03.24-18.51.50:733][166]LogModuleManager: Shutting down and abandoning module CollisionAnalyzer (66)
[2015.03.24-18.51.50:766][166]LogModuleManager: Shutting down and abandoning module WorkspaceMenuStructure (65)
[2015.03.24-18.51.50:766][166]LogModuleManager: Shutting down and abandoning module MessageLog (64)
[2015.03.24-18.51.50:766][166]LogModuleManager: Shutting down and abandoning module Sequencer (63)
[2015.03.24-18.51.50:766][166]LogModuleManager: Shutting down and abandoning module AssetTools (62)
[2015.03.24-18.51.50:947][166]LogModuleManager: Shutting down and abandoning module UMGEditor (61)
[2015.03.24-18.51.50:947][166]LogModuleManager: Shutting down and abandoning module UMG (60)
[2015.03.24-18.51.50:947][166]LogModuleManager: Shutting down and abandoning module Slate (59)
[2015.03.24-18.51.50:947][166]LogModuleManager: Shutting down and abandoning module EditorStyle (58)
[2015.03.24-18.51.50:960][166]LogModuleManager: Shutting down and abandoning module SessionServices (57)
[2015.03.24-18.51.50:960][166]LogModuleManager: Shutting down and abandoning module SourceCodeAccess (56)
[2015.03.24-18.51.50:960][166]LogModuleManager: Shutting down and abandoning module HeadMountedDisplay (55)
[2015.03.24-18.51.50:960][166]LogModuleManager: Shutting down and abandoning module XAudio2 (54)
[2015.03.24-18.51.50:960][166]LogModuleManager: Shutting down and abandoning module Networking (52)
[2015.03.24-18.51.50:960][166]LogModuleManager: Shutting down and abandoning module Core (51)
[2015.03.24-18.51.50:960][166]LogModuleManager: Shutting down and abandoning module KismetCompiler (50)
[2015.03.24-18.51.50:960][166]LogModuleManager: Shutting down and abandoning module PhysXFormats (49)
[2015.03.24-18.51.50:960][166]LogModuleManager: Shutting down and abandoning module MeshUtilities (48)
[2015.03.24-18.51.51:140][166]LogModuleManager: Shutting down and abandoning module DerivedDataCache (47)
[2015.03.24-18.51.51:167][166]LogDerivedDataCache: Shutdown
[2015.03.24-18.51.51:167][166]LogModuleManager: Shutting down and abandoning module ShaderFormatOpenGL (46)
[2015.03.24-18.51.51:188][166]LogModuleManager: Shutting down and abandoning module ShaderFormatD3D (45)
[2015.03.24-18.51.51:269][166]LogModuleManager: Shutting down and abandoning module MetalShaderFormat (44)
[2015.03.24-18.51.51:492][166]LogModuleManager: Shutting down and abandoning module TextureFormatUncompressed (43)
[2015.03.24-18.51.51:492][166]LogModuleManager: Shutting down and abandoning module TextureFormatPVR (42)
[2015.03.24-18.51.51:538][166]LogModuleManager: Shutting down and abandoning module TextureFormatDXT (41)
[2015.03.24-18.51.51:575][166]LogModuleManager: Shutting down and abandoning module TextureFormatAndroid (40)
[2015.03.24-18.51.51:575][166]LogModuleManager: Shutting down and abandoning module AudioFormatOpus (39)
[2015.03.24-18.51.51:604][166]LogModuleManager: Shutting down and abandoning module AudioFormatOgg (38)
[2015.03.24-18.51.51:604][166]LogModuleManager: Shutting down and abandoning module AudioFormatADPCM (37)
[2015.03.24-18.51.51:604][166]LogModuleManager: Shutting down and abandoning module LinuxTargetPlatform (36)
[2015.03.24-18.51.51:604][166]LogModuleManager: Shutting down and abandoning module LinuxServerTargetPlatform (35)
[2015.03.24-18.51.51:604][166]LogModuleManager: Shutting down and abandoning module LinuxNoEditorTargetPlatform (34)
[2015.03.24-18.51.51:605][166]LogModuleManager: Shutting down and abandoning module Messaging (33)
[2015.03.24-18.51.51:605][166]LogModuleManager: Shutting down and abandoning module IOSTargetPlatform (32)
[2015.03.24-18.51.51:605][166]LogModuleManager: Shutting down and abandoning module Android_PVRTCTargetPlatform (31)
[2015.03.24-18.51.51:605][166]LogModuleManager: Shutting down and abandoning module Android_ETC2TargetPlatform (30)
[2015.03.24-18.51.51:605][166]LogModuleManager: Shutting down and abandoning module Android_ETC1TargetPlatform (29)
[2015.03.24-18.51.51:605][166]LogModuleManager: Shutting down and abandoning module Android_DXTTargetPlatform (28)
[2015.03.24-18.51.51:605][166]LogModuleManager: Shutting down and abandoning module Android_ATCTargetPlatform (27)
[2015.03.24-18.51.51:605][166]LogModuleManager: Shutting down and abandoning module AndroidTargetPlatform (26)
[2015.03.24-18.51.51:605][166]LogModuleManager: Shutting down and abandoning module WindowsTargetPlatform (25)
[2015.03.24-18.51.51:605][166]LogModuleManager: Shutting down and abandoning module WindowsServerTargetPlatform (24)
[2015.03.24-18.51.51:605][166]LogModuleManager: Shutting down and abandoning module WindowsNoEditorTargetPlatform (23)
[2015.03.24-18.51.51:605][166]LogModuleManager: Shutting down and abandoning module WindowsClientTargetPlatform (22)
[2015.03.24-18.51.51:605][166]LogModuleManager: Shutting down and abandoning module TargetPlatform (21)
[2015.03.24-18.51.51:605][166]LogModuleManager: Shutting down and abandoning module InputCore (20)
[2015.03.24-18.51.51:605][166]LogModuleManager: Shutting down and abandoning module Settings (19)
[2015.03.24-18.51.51:605][166]LogModuleManager: Shutting down and abandoning module ImageWrapper (18)
[2015.03.24-18.51.51:605][166]LogModuleManager: Shutting down and abandoning module OculusRift (15)
[2015.03.24-18.51.51:622][166]LogModuleManager: Shutting down and abandoning module ExampleDeviceProfileSelector (14)
[2015.03.24-18.51.51:622][166]LogModuleManager: Shutting down and abandoning module TextureCompressor (13)
[2015.03.24-18.51.51:710][166]LogModuleManager: Shutting down and abandoning module ShaderCore (12)
[2015.03.24-18.51.51:710][166]LogModuleManager: Shutting down and abandoning module Landscape (11)
[2015.03.24-18.51.51:710][166]LogModuleManager: Shutting down and abandoning module SlateRHIRenderer (10)
[2015.03.24-18.51.51:788][166]LogModuleManager: Shutting down and abandoning module OpenGLDrv (9)
[2015.03.24-18.51.51:788][166]LogModuleManager: Shutting down and abandoning module D3D11RHI (8)
[2015.03.24-18.51.51:788][166]LogModuleManager: Shutting down and abandoning module Renderer (7)
[2015.03.24-18.51.51:788][166]LogModuleManager: Shutting down and abandoning module Engine (6)
[2015.03.24-18.51.51:788][166]LogModuleManager: Shutting down and abandoning module CoreUObject (5)
[2015.03.24-18.51.51:788][166]LogModuleManager: Shutting down and abandoning module NetworkFile (4)
[2015.03.24-18.51.51:857][166]LogModuleManager: Shutting down and abandoning module StreamingFile (3)
[2015.03.24-18.51.51:984][166]LogModuleManager: Shutting down and abandoning module SandboxFile (2)
[2015.03.24-18.51.52:027][166]LogModuleManager: Shutting down and abandoning module PakFile (1)
[2015.03.24-18.51.52:098][166]LogExit: Exiting.
[2015.03.24-18.51.52:106][166]Log file closed, 03/24/15 12:51:52
