Log file open, 03/24/15 02:37:10
LogInit:Display: Running engine for game: MyProject
LogInit: Version: 4.6.1-2386410+++depot+UE4-Releases+4.6
LogInit: API Version: 2369412
LogInit: Compiled (64-bit): Dec 11 2014 21:31:39
LogInit: Compiled with Visual C++: 18.00.21005.01
LogInit: Build Configuration: Development
LogInit: Branch Name: ++depot+UE4-Releases+4.6
LogInit: Command line:  
LogInit: Base directory: C:/Program Files/Epic Games/4.6/Engine/Binaries/Win64/
LogInit: Rocket: 1
[2015.03.24-08.37.10:824][  0]LogTaskGraph: Started task graph with 3 named threads and 4 total threads.
[2015.03.24-08.37.10:884][  0]LogOnline:Warning: No default platform service specified for OnlineSubsystem
[2015.03.24-08.37.11:141][  0]LogInit: Presizing for 0 objects not considered by GC, pre-allocating 0 bytes.
[2015.03.24-08.37.11:155][  0]LogInit: Object subsystem initialized
[2015.03.24-08.37.11:159][  0]LogConsoleResponse:Warning: Skipping Unknown console variable: 'UIScaleRule = ShortestSide'
[2015.03.24-08.37.11:159][  0]LogConsoleResponse:Warning:   Found in ini file 'C:/Users/Miryam/Documents/Unreal Projects/MyProject/Saved/Config/Windows/Engine.ini', in section '[/Script/Engine.RendererSettings]'
[2015.03.24-08.37.11:159][  0]LogConsoleResponse:Warning: Skipping Unknown console variable: 'UIScaleCurve = (EditorCurveData=(Keys=),ExternalCurve=None)'
[2015.03.24-08.37.11:159][  0]LogConsoleResponse:Warning:   Found in ini file 'C:/Users/Miryam/Documents/Unreal Projects/MyProject/Saved/Config/Windows/Engine.ini', in section '[/Script/Engine.RendererSettings]'
[2015.03.24-08.37.11:159][  0]LogConsoleManager:Warning: Console variable 'r.MSAA.CompositingSampleCount' wasn't set (Priority ProjectSetting < Scalability)
[2015.03.24-08.37.11:160][  0]LogInit: Selected Device Profile: [Windows]
[2015.03.24-08.37.11:160][  0]LogInit: Applying CVar settings loaded from the selected device profile: [Windows]
[2015.03.24-08.37.11:226][  0]LogInit: Computer: MIEL
[2015.03.24-08.37.11:226][  0]LogInit: User: MieL
[2015.03.24-08.37.11:226][  0]LogInit: CPU Page size=4096, Cores=2
[2015.03.24-08.37.11:226][  0]LogInit: High frequency timer resolution =1.656323 MHz
[2015.03.24-08.37.11:227][  0]LogMemory: Memory total: Physical=5.9GB (6GB approx) Virtual=131072.0GB
[2015.03.24-08.37.11:227][  0]LogMemory: Platform Memory Stats for Windows
[2015.03.24-08.37.11:227][  0]LogMemory: Process Physical Memory: 47.93 MB used, 47.93 MB peak
[2015.03.24-08.37.11:227][  0]LogMemory: Process Virtual Memory: 24.02 MB used, 24.02 MB peak
[2015.03.24-08.37.11:227][  0]LogMemory: Physical Memory: 2816.97 MB used, 6024.27 MB total
[2015.03.24-08.37.11:227][  0]LogMemory: Virtual Memory: 270.13 MB used, 134217728.00 MB total
[2015.03.24-08.37.11:260][  0]LogD3D11RHI: Found D3D11 adapter 0: Intel(R) HD Graphics Family (Feature Level 11_0)
[2015.03.24-08.37.11:260][  0]LogD3D11RHI: Adapter has 32MB of dedicated video memory, 0MB of dedicated system memory, and 1760MB of shared system memory, 1 output[s]
[2015.03.24-08.37.11:263][  0]LogD3D11RHI: Found D3D11 adapter 1: Microsoft Basic Render Driver (Feature Level 11_0)
[2015.03.24-08.37.11:263][  0]LogD3D11RHI: Adapter has 0MB of dedicated video memory, 0MB of dedicated system memory, and 256MB of shared system memory, 0 output[s]
[2015.03.24-08.37.11:263][  0]LogD3D11RHI: Chosen D3D11 Adapter Id = 0
[2015.03.24-08.37.11:272][  0]LogRHI: Texture pool is 638 MB (70% of 912 MB)
[2015.03.24-08.37.11:284][  0]LogD3D11RHI: Async texture creation enabled
[2015.03.24-08.37.11:995][  0]LogTextLocalizationManager: The requested culture ('es_MX') has no localization data; parent culture's ('es') localization data will be used.
[2015.03.24-08.37.12:241][  0]LogContentStreaming: Texture pool size is 0.000000MB
[2015.03.24-08.37.26:854][  0]LogTargetPlatformManager:Display: Building Assets For Windows
[2015.03.24-08.37.29:041][  0]LogTargetPlatformManager:Display: Building Assets For Windows
[2015.03.24-08.37.29:231][  0]LogDerivedDataCache:Display: Max Cache Size: 512 MB
[2015.03.24-08.37.29:813][  0]LogDerivedDataCache: Loaded boot cache 0.57s 39MB C:/Users/Miryam/AppData/Local/UnrealEngine/4.6/DerivedDataCache/Boot.ddc.
[2015.03.24-08.37.29:813][  0]LogDerivedDataCache:Display: Loaded Boot cache: C:/Users/Miryam/AppData/Local/UnrealEngine/4.6/DerivedDataCache/Boot.ddc
[2015.03.24-08.37.29:815][  0]LogDerivedDataCache: FDerivedDataBackendGraph:  Pak pak cache file ../../../../../../Users/Miryam/Documents/Unreal Projects/MyProject/DerivedDataCache/DDC.ddp not found, will not use a pak cache.
[2015.03.24-08.37.29:815][  0]LogDerivedDataCache: Unable to find inner node Pak for hierarchical cache Hierarchy.
[2015.03.24-08.37.29:978][  0]LogDerivedDataCache:Display: Pak cache opened for reading ../../../Engine/DerivedDataCache/DDC.ddp.
[2015.03.24-08.37.29:992][  0]LogDerivedDataCache: Using Local data cache path C:/Users/Miryam/AppData/Local/UnrealEngine/Common/DerivedDataCache: Writable
[2015.03.24-08.37.32:766][  0]LogCollisionProfile:Warning: Profile (UI) - Custom Channel Name = 'Weapon' hasn't been found
[2015.03.24-08.37.33:117][  0]LogMeshUtilities: No automatic mesh reduction module available
[2015.03.24-08.37.33:117][  0]LogMeshUtilities: No automatic mesh merging module available
[2015.03.24-08.37.34:193][  0]LogInit: WinSock: version 1.1 (2.2), MaxSocks=32767, MaxUdp=65467
[2015.03.24-08.37.34:700][  0]LogSlate:Warning: Failed to load font data from '../../../Engine/Content/Slate/Fonts/Roboto-Italic.ttf'
[2015.03.24-08.37.54:501][  0]UdpMessaging: Initializing bridge on interface 0.0.0.0:0 to multicast group 230.0.0.1:6666.
[2015.03.24-08.37.55:870][  0]LogDirectoryWatcher:Warning: Failed to begin reading directory changes for C:/Users/Miryam/Documents/Unreal Projects/MyProject/Binaries/Win64. Error: 0
[2015.03.24-08.37.56:523][  0]SourceControl: Información El control de código fuente está desactivado
[2015.03.24-08.37.56:523][  0]SourceControl: Información El control de código fuente está desactivado
[2015.03.24-08.37.56:579][  0]SourceControl: Información El control de código fuente está desactivado
[2015.03.24-08.37.57:908][  0]LogObj: 23754 objects as part of root set at end of initial load.
[2015.03.24-08.37.57:908][  0]LogUObjectAllocator: 5168128 out of 0 bytes used by permanent object pool.
[2015.03.24-08.37.58:187][  0]LogEngine: Initializing Engine...
[2015.03.24-08.37.58:458][  0]LogInit: XAudio2 using 'Altavoces (Realtek High Definition Audio)' : 2 channels at 48 kHz using 32 bits per sample (channel mask 0x3)
[2015.03.24-08.37.58:474][  0]LogInit: FAudioDevice initialized.
[2015.03.24-08.37.58:586][  0]LogAIModule: Creating AISystem for world NewWorld
[2015.03.24-08.37.58:621][  0]LogDerivedDataCache: Saved boot cache 0.03s 39MB C:/Users/Miryam/AppData/Local/UnrealEngine/4.6/DerivedDataCache/Boot.ddc.
[2015.03.24-08.37.58:730][  0]LogInit: Texture streaming: Enabled
[2015.03.24-08.37.58:922][  0]LogAnalytics: Creating configured Analytics provider AnalyticsET
[2015.03.24-08.37.58:922][  0]LogAnalytics: ET APIKey = Rocket.Release. APIServer = http://et2.epicgames.com/ET2/. AppVersion = 4.6.1-2386410+++depot+UE4-Releases+4.6
[2015.03.24-08.37.58:924][  0]LogAnalytics: SetUserId cc2da9029b1435b39fd32981c4d04f44
[2015.03.24-08.37.58:924][  0]LogAnalytics: AnalyticsET::StartSession [Rocket.Release]
[2015.03.24-08.37.59:042][  0]LogInit: Transaction tracking system initialized
[2015.03.24-08.37.59:687][  0]BlueprintLog: New page: Cargar el editor
[2015.03.24-08.38.00:010][  0]LogAssetRegistry: FAssetRegistry took 0.0109 seconds to start up
[2015.03.24-08.38.00:011][  0]LogDirectoryWatcher:Warning: Failed to begin reading directory changes for ../../../Engine/Plugins/Experimental/CharacterAI/Content/. Error: 0
[2015.03.24-08.38.02:338][  0]LogTargetPlatformManager:Display: Building Assets For Windows
[2015.03.24-08.38.03:274][  0]LogTargetPlatformManager:Display: Building Assets For Windows
[2015.03.24-08.38.04:612][  0]LogConsoleResponse:Display: 
[2015.03.24-08.38.04:748][  0]LogLinker:Warning: Asset '../../../Engine/Content/Functions/Engine_MaterialFunctions03/Procedurals/ComputeFilterWidth.uasset' has been saved with empty engine version. The asset will be loaded but may be incompatible.
[2015.03.24-08.38.06:130][  0]SourceControl: Información El control de código fuente está desactivado
[2015.03.24-08.38.06:130][  0]Cmd: MAP LOAD FILE="../../../../../../Users/Miryam/Documents/Unreal Projects/MyProject/Content/Maps/Example_Map.umap" TEMPLATE=0 SHOWPROGRESS=1
[2015.03.24-08.38.06:131][  0]LightingResults: New page: Diseñar la iluminación
[2015.03.24-08.38.06:160][  0]MapCheck: New page: Revisión del mapa
[2015.03.24-08.38.06:160][  0]LightingResults: New page: Diseñar la iluminación
[2015.03.24-08.38.06:183][  0]LogParticles: Destroying 0 GPU particle simulations for FXSystem 0x000000CEE8402AC0
[2015.03.24-08.38.07:391][  0]LogEditorServer: Finished looking for orphan Actors (0.000 secs)
[2015.03.24-08.38.07:394][  0]LogAIModule: Creating AISystem for world Example_Map
[2015.03.24-08.38.07:401][  0]Cmd: MAP CHECKDEP
[2015.03.24-08.38.07:402][  0]MapCheck: New page: Example_Map - 23/03/2015 20:38:07
[2015.03.24-08.38.07:791][  0]MapCheck: Información Map check complete: 0 Error(s), 0 Warning(s), took 388.302ms to complete.
[2015.03.24-08.38.07:791][  0]LogFileHelpers: Loading map 'Example_Map' took 1.661
[2015.03.24-08.38.07:973][  0]LogCollectionManager: Loaded 0 collections in 0.002831 seconds
[2015.03.24-08.38.08:483][  0]LogCrashTracker: Crashtracker disabled due to settings.
[2015.03.24-08.38.08:500][  0]LogUObjectGlobals:Warning: Error al encontrar el objeto 'Class Ninguno.'
[2015.03.24-08.38.08:534][  0]LogLoad: Full Startup: 63.55 seconds (BP compile: 0.08 seconds)
[2015.03.24-08.38.08:891][  0]LogContentBrowser:Verbose: The content browser source was changed by the sources view to '/Game/MainMenu'
[2015.03.24-08.38.09:374][  2]LogRenderer:Warning: Reallocating scene render targets to support 760x568.
[2015.03.24-08.38.11:814][  8]LogAssetRegistry: Asset discovery search completed in 11.8145 seconds
[2015.03.24-08.38.21:812][ 38]LogEditorViewport: Clicking on Actor (LMB): Monster_DM_Blueprint_C (Monster_DM_Blueprint2)
[2015.03.24-08.38.24:373][134]LogContentBrowser:Verbose: The content browser source was changed by the sources view to '/Game/Blueprints'
[2015.03.24-08.38.26:063][208]LogContentBrowser:Verbose: The content browser source was changed by the sources view to '/Game/Blueprints/Assets'
[2015.03.24-08.38.34:498][436]LogRenderer:Warning: Reallocating scene render targets to support 944x584.
[2015.03.24-08.38.54:831][ 86]LogPropertyNode:Warning: UI Min (0.0) >= UI Max () for Ranged Numeric
[2015.03.24-08.38.57:098][179]LogPropertyNode:Warning: UI Min (0.0) >= UI Max () for Ranged Numeric
[2015.03.24-08.41.12:375][510]BlueprintLog: New page: Compilar DM
[2015.03.24-08.41.12:526][510]LogParticles: Destroying 0 GPU particle simulations for FXSystem 0x000000CEFDE3AC00
[2015.03.24-08.41.12:582][510]BlueprintEditorCompileResults: Información [0247.60] Compile of DM successful! [in 180 ms]
[2015.03.24-08.41.15:853][581]Cmd: OBJ SAVEPACKAGE PACKAGE="/Game/Blueprints/Assets/DM" FILE="../../../../../../Users/Miryam/Documents/Unreal Projects/MyProject/Content/Blueprints/Assets/DM.uasset" SILENT=true
[2015.03.24-08.41.16:297][581]LogSavePackage: Save=396.301941ms
[2015.03.24-08.41.16:297][581]LogSavePackage: Moving '../../../../../../Users/Miryam/Documents/Unreal Projects/MyProject/Saved/DMEBF5DA2D45AC279DAA11D69A9AD41690.tmp' to '../../../../../../Users/Miryam/Documents/Unreal Projects/MyProject/Content/Blueprints/Assets/DM.uasset'
[2015.03.24-08.41.21:914][770]LogParticles: Destroying 0 GPU particle simulations for FXSystem 0x000000CEF7980900
[2015.03.24-08.41.24:345][770]Cmd: OBJ SAVEPACKAGE PACKAGE="/Game/Maps/Example_Map" FILE="../../../../../../Users/Miryam/Documents/Unreal Projects/MyProject/Content/Maps/Example_Map.umap" SILENT=true AUTOSAVING=false KEEPDIRTY=false
[2015.03.24-08.41.24:547][770]LogSavePackage: Save=93.160576ms
[2015.03.24-08.41.24:547][770]LogSavePackage: Moving '../../../../../../Users/Miryam/Documents/Unreal Projects/MyProject/Saved/Example_Map7AC4B3C543741F890A8DA0BC2AEBC7DD.tmp' to '../../../../../../Users/Miryam/Documents/Unreal Projects/MyProject/Content/Maps/Example_Map.umap'
[2015.03.24-08.41.24:618][770]LogFileHelpers: Saving map 'Example_Map' took 0.667
[2015.03.24-08.41.25:690][771]Cmd: QUIT_EDITOR
[2015.03.24-08.41.26:467][771]LogExit: Preparing to exit.
[2015.03.24-08.41.26:758][771]LogExit: Editor shut down
[2015.03.24-08.41.26:758][771]LogExit: Transaction tracking system shut down
[2015.03.24-08.41.26:759][771]LogParticles: Destroying 0 GPU particle simulations for FXSystem 0x000000CEE4D3A480
[2015.03.24-08.41.26:760][771]LogParticles: Destroying 0 GPU particle simulations for FXSystem 0x000000CEEE86EA20
[2015.03.24-08.41.26:760][771]LogParticles: Destroying 0 GPU particle simulations for FXSystem 0x000000CEE30134C0
[2015.03.24-08.41.26:838][771]LogExit: Object subsystem successfully closed.
[2015.03.24-08.41.26:982][771]LogModuleManager: Shutting down and abandoning module AndroidDeviceDetection (172)
[2015.03.24-08.41.26:982][771]LogModuleManager: Shutting down and abandoning module CrashTracker (171)
[2015.03.24-08.41.26:982][771]LogModuleManager: Shutting down and abandoning module SuperSearch (170)
[2015.03.24-08.41.26:982][771]LogModuleManager: Shutting down and abandoning module SceneOutliner (169)
[2015.03.24-08.41.26:982][771]LogModuleManager: Shutting down and abandoning module EditorWidgets (168)
[2015.03.24-08.41.26:982][771]LogModuleManager: Shutting down and abandoning module CollectionManager (167)
[2015.03.24-08.41.26:982][771]LogModuleManager: Shutting down and abandoning module StatsViewer (166)
[2015.03.24-08.41.26:982][771]LogModuleManager: Shutting down and abandoning module FoliageEdit (165)
[2015.03.24-08.41.26:982][771]LogModuleManager: Shutting down and abandoning module LandscapeEditor (164)
[2015.03.24-08.41.26:982][771]LogModuleManager: Shutting down and abandoning module MeshPaint (163)
[2015.03.24-08.41.26:982][771]LogModuleManager: Shutting down and abandoning module ActorPickerMode (162)
[2015.03.24-08.41.26:982][771]LogModuleManager: Shutting down and abandoning module GeometryMode (161)
[2015.03.24-08.41.26:983][771]LogModuleManager: Shutting down and abandoning module TextureAlignMode (160)
[2015.03.24-08.41.26:983][771]LogModuleManager: Shutting down and abandoning module BspMode (159)
[2015.03.24-08.41.26:983][771]LogModuleManager: Shutting down and abandoning module PlacementMode (158)
[2015.03.24-08.41.26:983][771]LogModuleManager: Shutting down and abandoning module AutomationWorker (157)
[2015.03.24-08.41.26:983][771]LogModuleManager: Shutting down and abandoning module CharacterAI (156)
[2015.03.24-08.41.26:983][771]LogModuleManager: Shutting down and abandoning module GameProjectGeneration (155)
[2015.03.24-08.41.26:983][771]LogModuleManager: Shutting down and abandoning module IntroTutorials (154)
[2015.03.24-08.41.26:983][771]LogModuleManager: Shutting down and abandoning module EditorLiveStreaming (153)
[2015.03.24-08.41.26:983][771]LogModuleManager: Shutting down and abandoning module HardwareTargeting (152)
[2015.03.24-08.41.26:983][771]LogModuleManager: Shutting down and abandoning module DeviceProfileEditor (151)
[2015.03.24-08.41.26:983][771]LogModuleManager: Shutting down and abandoning module UndoHistory (150)
[2015.03.24-08.41.26:983][771]LogModuleManager: Shutting down and abandoning module GameplayTagsEditor (149)
[2015.03.24-08.41.26:983][771]LogModuleManager: Shutting down and abandoning module UserFeedback (148)
[2015.03.24-08.41.26:983][771]LogModuleManager: Shutting down and abandoning module XmlParser (147)
[2015.03.24-08.41.26:983][771]LogModuleManager: Shutting down and abandoning module Blutility (146)
[2015.03.24-08.41.26:983][771]LogModuleManager: Shutting down and abandoning module IOSPlatformEditor (145)
[2015.03.24-08.41.26:983][771]LogModuleManager: Shutting down and abandoning module IOSRuntimeSettings (144)
[2015.03.24-08.41.26:983][771]LogModuleManager: Shutting down and abandoning module AndroidPlatformEditor (143)
[2015.03.24-08.41.26:983][771]LogModuleManager: Shutting down and abandoning module AndroidRuntimeSettings (142)
[2015.03.24-08.41.26:983][771]LogModuleManager: Shutting down and abandoning module ProjectTargetPlatformEditor (141)
[2015.03.24-08.41.26:983][771]LogModuleManager: Shutting down and abandoning module ProjectSettingsViewer (140)
[2015.03.24-08.41.26:983][771]LogModuleManager: Shutting down and abandoning module InputBindingEditor (139)
[2015.03.24-08.41.26:983][771]LogModuleManager: Shutting down and abandoning module EditorSettingsViewer (138)
[2015.03.24-08.41.26:984][771]LogModuleManager: Shutting down and abandoning module SettingsEditor (137)
[2015.03.24-08.41.26:984][771]LogModuleManager: Shutting down and abandoning module ProjectLauncher (136)
[2015.03.24-08.41.26:984][771]LogModuleManager: Shutting down and abandoning module SessionFrontend (135)
[2015.03.24-08.41.26:984][771]LogModuleManager: Shutting down and abandoning module ProfilerClient (134)
[2015.03.24-08.41.26:984][771]LogModuleManager: Shutting down and abandoning module TargetDeviceServices (133)
[2015.03.24-08.41.26:984][771]LogModuleManager: Shutting down and abandoning module DeviceManager (132)
[2015.03.24-08.41.26:984][771]LogModuleManager: Shutting down and abandoning module AutomationController (131)
[2015.03.24-08.41.26:984][771]LogModuleManager: Shutting down and abandoning module AutomationWindow (130)
[2015.03.24-08.41.26:984][771]LogModuleManager: Shutting down and abandoning module Layers (129)
[2015.03.24-08.41.26:984][771]LogModuleManager: Shutting down and abandoning module ComponentVisualizers (128)
[2015.03.24-08.41.26:984][771]LogModuleManager: Shutting down and abandoning module DetailCustomizations (127)
[2015.03.24-08.41.26:984][771]LogModuleManager: Shutting down and abandoning module PackagesDialog (126)
[2015.03.24-08.41.26:984][771]LogModuleManager: Shutting down and abandoning module AssetRegistry (125)
[2015.03.24-08.41.27:090][771]LogModuleManager: Shutting down and abandoning module Persona (124)
[2015.03.24-08.41.27:090][771]LogModuleManager: Shutting down and abandoning module Kismet (123)
[2015.03.24-08.41.27:090][771]LogModuleManager: Shutting down and abandoning module GraphEditor (122)
[2015.03.24-08.41.27:090][771]LogModuleManager: Shutting down and abandoning module ClassViewer (121)
[2015.03.24-08.41.27:090][771]LogModuleManager: Shutting down and abandoning module Toolbox (120)
[2015.03.24-08.41.27:090][771]LogModuleManager: Shutting down and abandoning module ModuleUI (119)
[2015.03.24-08.41.27:090][771]LogModuleManager: Shutting down and abandoning module MovieSceneTools (118)
[2015.03.24-08.41.27:090][771]LogModuleManager: Shutting down and abandoning module OutputLog (117)
[2015.03.24-08.41.27:090][771]LogModuleManager: Shutting down and abandoning module GammaUI (116)
[2015.03.24-08.41.27:090][771]LogModuleManager: Shutting down and abandoning module Documentation (115)
[2015.03.24-08.41.27:090][771]LogModuleManager: Shutting down and abandoning module GameLiveStreaming (114)
[2015.03.24-08.41.27:090][771]LogModuleManager: Shutting down and abandoning module StreamingPauseRendering (113)
[2015.03.24-08.41.27:090][771]LogModuleManager: Shutting down and abandoning module HTTP (112)
[2015.03.24-08.41.27:090][771]LogModuleManager: Shutting down and abandoning module AnalyticsET (111)
[2015.03.24-08.41.27:090][771]LogModuleManager: Shutting down and abandoning module Analytics (110)
[2015.03.24-08.41.27:090][771]LogModuleManager: Shutting down and abandoning module AITestSuite (109)
[2015.03.24-08.41.27:090][771]LogModuleManager: Shutting down and abandoning module AIModule (108)
[2015.03.24-08.41.27:090][771]LogModuleManager: Shutting down and abandoning module ProfilerService (107)
[2015.03.24-08.41.27:221][771]LogModuleManager: Shutting down and abandoning module TaskGraph (106)
[2015.03.24-08.41.27:221][771]LogModuleManager: Shutting down and abandoning module GameplayDebugger (105)
[2015.03.24-08.41.27:221][771]LogModuleManager: Shutting down and abandoning module SlateRemote (104)
[2015.03.24-08.41.27:221][771]LogModuleManager: Shutting down and abandoning module ScriptEditorPlugin (103)
[2015.03.24-08.41.27:221][771]LogModuleManager: Shutting down and abandoning module CustomMeshComponent (102)
[2015.03.24-08.41.27:222][771]LogModuleManager: Shutting down and abandoning module CableComponent (101)
[2015.03.24-08.41.27:222][771]LogModuleManager: Shutting down and abandoning module MessagingDebugger (100)
[2015.03.24-08.41.27:222][771]LogModuleManager: Shutting down and abandoning module MediaPlayerEditor (99)
[2015.03.24-08.41.27:222][771]LogModuleManager: Shutting down and abandoning module SpeedTreeImporter (98)
[2015.03.24-08.41.27:222][771]LogModuleManager: Shutting down and abandoning module PluginsEditor (97)
[2015.03.24-08.41.27:222][771]LogModuleManager: Shutting down and abandoning module EpicSurvey (96)
[2015.03.24-08.41.27:222][771]LogModuleManager: Shutting down and abandoning module DesktopPlatform (95)
[2015.03.24-08.41.27:222][771]LogModuleManager: Shutting down and abandoning module VisualStudioSourceCodeAccess (94)
[2015.03.24-08.41.27:222][771]LogModuleManager: Shutting down and abandoning module UObjectPlugin (93)
[2015.03.24-08.41.27:222][771]LogModuleManager: Shutting down and abandoning module SubversionSourceControl (92)
[2015.03.24-08.41.27:222][771]LogModuleManager: Shutting down and abandoning module SourceControl (91)
[2015.03.24-08.41.27:222][771]LogModuleManager: Shutting down and abandoning module PerforceSourceControl (90)
[2015.03.24-08.41.27:222][771]LogModuleManager: Shutting down and abandoning module BlankPlugin (89)
[2015.03.24-08.41.27:222][771]LogModuleManager: Shutting down and abandoning module SlateReflector (88)
[2015.03.24-08.41.27:222][771]LogModuleManager: Shutting down and abandoning module DirectoryWatcher (87)
[2015.03.24-08.41.27:222][771]LogModuleManager: Shutting down and abandoning module HotReload (86)
[2015.03.24-08.41.27:223][771]LogModuleManager: Shutting down and abandoning module MainFrame (85)
[2015.03.24-08.41.27:223][771]LogModuleManager: Shutting down and abandoning module LevelEditor (84)
[2015.03.24-08.41.27:224][771]LogModuleManager: Shutting down and abandoning module ViewportSnapping (83)
[2015.03.24-08.41.27:224][771]LogModuleManager: Shutting down and abandoning module SmartSnapping (82)
[2015.03.24-08.41.27:224][771]LogModuleManager: Shutting down and abandoning module PaperTiledImporter (81)
[2015.03.24-08.41.27:224][771]LogModuleManager: Shutting down and abandoning module PaperJsonImporter (80)
[2015.03.24-08.41.27:224][771]LogModuleManager: Shutting down and abandoning module ContentBrowser (79)
[2015.03.24-08.41.27:224][771]LogModuleManager: Shutting down and abandoning module Paper2DEditor (78)
[2015.03.24-08.41.27:224][771]LogModuleManager: Shutting down and abandoning module ScriptPlugin (77)
[2015.03.24-08.41.27:224][771]LogModuleManager: Shutting down and abandoning module UdpMessaging (76)
[2015.03.24-08.41.27:325][771]LogModuleManager: Shutting down and abandoning module Paper2D (75)
[2015.03.24-08.41.27:325][771]LogModuleManager: Shutting down and abandoning module UE4Game (74)
[2015.03.24-08.41.27:325][771]LogModuleManager: Shutting down and abandoning module WindowsMoviePlayer (73)
[2015.03.24-08.41.27:329][771]LogModuleManager: Shutting down and abandoning module Media (72)
[2015.03.24-08.41.27:329][771]LogModuleManager: Shutting down and abandoning module WmfMedia (71)
[2015.03.24-08.41.27:330][771]LogModuleManager: Shutting down and abandoning module OnlineBlueprintSupport (70)
[2015.03.24-08.41.27:330][771]LogModuleManager: Shutting down and abandoning module PropertyEditor (69)
[2015.03.24-08.41.27:330][771]LogModuleManager: Shutting down and abandoning module BehaviorTreeEditor (68)
[2015.03.24-08.41.27:330][771]LogModuleManager: Shutting down and abandoning module FunctionalTesting (67)
[2015.03.24-08.41.27:330][771]LogModuleManager: Shutting down and abandoning module CollisionAnalyzer (66)
[2015.03.24-08.41.27:330][771]LogModuleManager: Shutting down and abandoning module WorkspaceMenuStructure (65)
[2015.03.24-08.41.27:330][771]LogModuleManager: Shutting down and abandoning module MessageLog (64)
[2015.03.24-08.41.27:330][771]LogModuleManager: Shutting down and abandoning module Sequencer (63)
[2015.03.24-08.41.27:330][771]LogModuleManager: Shutting down and abandoning module AssetTools (62)
[2015.03.24-08.41.27:330][771]LogModuleManager: Shutting down and abandoning module UMGEditor (61)
[2015.03.24-08.41.27:330][771]LogModuleManager: Shutting down and abandoning module UMG (60)
[2015.03.24-08.41.27:330][771]LogModuleManager: Shutting down and abandoning module Slate (59)
[2015.03.24-08.41.27:330][771]LogModuleManager: Shutting down and abandoning module EditorStyle (58)
[2015.03.24-08.41.27:346][771]LogModuleManager: Shutting down and abandoning module SessionServices (57)
[2015.03.24-08.41.27:346][771]LogModuleManager: Shutting down and abandoning module SourceCodeAccess (56)
[2015.03.24-08.41.27:346][771]LogModuleManager: Shutting down and abandoning module HeadMountedDisplay (55)
[2015.03.24-08.41.27:346][771]LogModuleManager: Shutting down and abandoning module XAudio2 (54)
[2015.03.24-08.41.27:346][771]LogModuleManager: Shutting down and abandoning module Networking (52)
[2015.03.24-08.41.27:346][771]LogModuleManager: Shutting down and abandoning module Core (51)
[2015.03.24-08.41.27:346][771]LogModuleManager: Shutting down and abandoning module KismetCompiler (50)
[2015.03.24-08.41.27:346][771]LogModuleManager: Shutting down and abandoning module PhysXFormats (49)
[2015.03.24-08.41.27:346][771]LogModuleManager: Shutting down and abandoning module MeshUtilities (48)
[2015.03.24-08.41.27:346][771]LogModuleManager: Shutting down and abandoning module DerivedDataCache (47)
[2015.03.24-08.41.27:396][771]LogDerivedDataCache: Shutdown
[2015.03.24-08.41.27:396][771]LogModuleManager: Shutting down and abandoning module ShaderFormatOpenGL (46)
[2015.03.24-08.41.27:396][771]LogModuleManager: Shutting down and abandoning module ShaderFormatD3D (45)
[2015.03.24-08.41.27:396][771]LogModuleManager: Shutting down and abandoning module MetalShaderFormat (44)
[2015.03.24-08.41.27:396][771]LogModuleManager: Shutting down and abandoning module TextureFormatUncompressed (43)
[2015.03.24-08.41.27:396][771]LogModuleManager: Shutting down and abandoning module TextureFormatPVR (42)
[2015.03.24-08.41.27:396][771]LogModuleManager: Shutting down and abandoning module TextureFormatDXT (41)
[2015.03.24-08.41.27:396][771]LogModuleManager: Shutting down and abandoning module TextureFormatAndroid (40)
[2015.03.24-08.41.27:396][771]LogModuleManager: Shutting down and abandoning module AudioFormatOpus (39)
[2015.03.24-08.41.27:396][771]LogModuleManager: Shutting down and abandoning module AudioFormatOgg (38)
[2015.03.24-08.41.27:396][771]LogModuleManager: Shutting down and abandoning module AudioFormatADPCM (37)
[2015.03.24-08.41.27:396][771]LogModuleManager: Shutting down and abandoning module LinuxTargetPlatform (36)
[2015.03.24-08.41.27:396][771]LogModuleManager: Shutting down and abandoning module LinuxServerTargetPlatform (35)
[2015.03.24-08.41.27:396][771]LogModuleManager: Shutting down and abandoning module LinuxNoEditorTargetPlatform (34)
[2015.03.24-08.41.27:396][771]LogModuleManager: Shutting down and abandoning module Messaging (33)
[2015.03.24-08.41.27:396][771]LogModuleManager: Shutting down and abandoning module IOSTargetPlatform (32)
[2015.03.24-08.41.27:396][771]LogModuleManager: Shutting down and abandoning module Android_PVRTCTargetPlatform (31)
[2015.03.24-08.41.27:396][771]LogModuleManager: Shutting down and abandoning module Android_ETC2TargetPlatform (30)
[2015.03.24-08.41.27:396][771]LogModuleManager: Shutting down and abandoning module Android_ETC1TargetPlatform (29)
[2015.03.24-08.41.27:396][771]LogModuleManager: Shutting down and abandoning module Android_DXTTargetPlatform (28)
[2015.03.24-08.41.27:396][771]LogModuleManager: Shutting down and abandoning module Android_ATCTargetPlatform (27)
[2015.03.24-08.41.27:396][771]LogModuleManager: Shutting down and abandoning module AndroidTargetPlatform (26)
[2015.03.24-08.41.27:396][771]LogModuleManager: Shutting down and abandoning module WindowsTargetPlatform (25)
[2015.03.24-08.41.27:396][771]LogModuleManager: Shutting down and abandoning module WindowsServerTargetPlatform (24)
[2015.03.24-08.41.27:397][771]LogModuleManager: Shutting down and abandoning module WindowsNoEditorTargetPlatform (23)
[2015.03.24-08.41.27:397][771]LogModuleManager: Shutting down and abandoning module WindowsClientTargetPlatform (22)
[2015.03.24-08.41.27:397][771]LogModuleManager: Shutting down and abandoning module TargetPlatform (21)
[2015.03.24-08.41.27:397][771]LogModuleManager: Shutting down and abandoning module InputCore (20)
[2015.03.24-08.41.27:397][771]LogModuleManager: Shutting down and abandoning module Settings (19)
[2015.03.24-08.41.27:397][771]LogModuleManager: Shutting down and abandoning module ImageWrapper (18)
[2015.03.24-08.41.27:397][771]LogModuleManager: Shutting down and abandoning module OculusRift (15)
[2015.03.24-08.41.27:397][771]LogModuleManager: Shutting down and abandoning module ExampleDeviceProfileSelector (14)
[2015.03.24-08.41.27:397][771]LogModuleManager: Shutting down and abandoning module TextureCompressor (13)
[2015.03.24-08.41.27:397][771]LogModuleManager: Shutting down and abandoning module ShaderCore (12)
[2015.03.24-08.41.27:397][771]LogModuleManager: Shutting down and abandoning module Landscape (11)
[2015.03.24-08.41.27:397][771]LogModuleManager: Shutting down and abandoning module SlateRHIRenderer (10)
[2015.03.24-08.41.27:398][771]LogModuleManager: Shutting down and abandoning module OpenGLDrv (9)
[2015.03.24-08.41.27:398][771]LogModuleManager: Shutting down and abandoning module D3D11RHI (8)
[2015.03.24-08.41.27:398][771]LogModuleManager: Shutting down and abandoning module Renderer (7)
[2015.03.24-08.41.27:398][771]LogModuleManager: Shutting down and abandoning module Engine (6)
[2015.03.24-08.41.27:398][771]LogModuleManager: Shutting down and abandoning module CoreUObject (5)
[2015.03.24-08.41.27:398][771]LogModuleManager: Shutting down and abandoning module NetworkFile (4)
[2015.03.24-08.41.27:398][771]LogModuleManager: Shutting down and abandoning module StreamingFile (3)
[2015.03.24-08.41.27:398][771]LogModuleManager: Shutting down and abandoning module SandboxFile (2)
[2015.03.24-08.41.27:398][771]LogModuleManager: Shutting down and abandoning module PakFile (1)
[2015.03.24-08.41.27:399][771]LogExit: Exiting.
[2015.03.24-08.41.27:411][771]Log file closed, 03/24/15 02:41:27
