Log file open, 03/22/15 22:53:10
LogInit:Display: Running engine for game: MyProject
LogInit: Version: 4.6.1-2386410+++depot+UE4-Releases+4.6
LogInit: API Version: 2369412
LogInit: Compiled (64-bit): Dec 11 2014 21:31:39
LogInit: Compiled with Visual C++: 18.00.21005.01
LogInit: Build Configuration: Development
LogInit: Branch Name: ++depot+UE4-Releases+4.6
LogInit: Command line:  
LogInit: Base directory: C:/Program Files/Epic Games/4.6/Engine/Binaries/Win64/
LogInit: Rocket: 1
[2015.03.23-04.53.10:372][  0]LogTaskGraph: Started task graph with 3 named threads and 4 total threads.
[2015.03.23-04.53.10:439][  0]LogOnline:Warning: No default platform service specified for OnlineSubsystem
[2015.03.23-04.53.10:507][  0]LogInit: Presizing for 0 objects not considered by GC, pre-allocating 0 bytes.
[2015.03.23-04.53.10:526][  0]LogInit: Object subsystem initialized
[2015.03.23-04.53.10:530][  0]LogConsoleResponse:Warning: Skipping Unknown console variable: 'UIScaleRule = ShortestSide'
[2015.03.23-04.53.10:530][  0]LogConsoleResponse:Warning:   Found in ini file 'C:/Users/Miryam/Documents/Unreal Projects/MyProject/Saved/Config/Windows/Engine.ini', in section '[/Script/Engine.RendererSettings]'
[2015.03.23-04.53.10:530][  0]LogConsoleResponse:Warning: Skipping Unknown console variable: 'UIScaleCurve = (EditorCurveData=(Keys=),ExternalCurve=None)'
[2015.03.23-04.53.10:530][  0]LogConsoleResponse:Warning:   Found in ini file 'C:/Users/Miryam/Documents/Unreal Projects/MyProject/Saved/Config/Windows/Engine.ini', in section '[/Script/Engine.RendererSettings]'
[2015.03.23-04.53.10:530][  0]LogConsoleManager:Warning: Console variable 'r.MSAA.CompositingSampleCount' wasn't set (Priority ProjectSetting < Scalability)
[2015.03.23-04.53.10:530][  0]LogInit: Selected Device Profile: [Windows]
[2015.03.23-04.53.10:530][  0]LogInit: Applying CVar settings loaded from the selected device profile: [Windows]
[2015.03.23-04.53.10:550][  0]LogInit: Computer: MIEL
[2015.03.23-04.53.10:550][  0]LogInit: User: MieL
[2015.03.23-04.53.10:550][  0]LogInit: CPU Page size=4096, Cores=2
[2015.03.23-04.53.10:550][  0]LogInit: High frequency timer resolution =1.656323 MHz
[2015.03.23-04.53.10:550][  0]LogMemory: Memory total: Physical=5.9GB (6GB approx) Virtual=131072.0GB
[2015.03.23-04.53.10:550][  0]LogMemory: Platform Memory Stats for Windows
[2015.03.23-04.53.10:550][  0]LogMemory: Process Physical Memory: 47.97 MB used, 47.97 MB peak
[2015.03.23-04.53.10:550][  0]LogMemory: Process Virtual Memory: 23.96 MB used, 23.97 MB peak
[2015.03.23-04.53.10:550][  0]LogMemory: Physical Memory: 3097.75 MB used, 6024.27 MB total
[2015.03.23-04.53.10:550][  0]LogMemory: Virtual Memory: 270.13 MB used, 134217728.00 MB total
[2015.03.23-04.53.10:584][  0]LogD3D11RHI: Found D3D11 adapter 0: Intel(R) HD Graphics Family (Feature Level 11_0)
[2015.03.23-04.53.10:584][  0]LogD3D11RHI: Adapter has 32MB of dedicated video memory, 0MB of dedicated system memory, and 1760MB of shared system memory, 1 output[s]
[2015.03.23-04.53.10:587][  0]LogD3D11RHI: Found D3D11 adapter 1: Microsoft Basic Render Driver (Feature Level 11_0)
[2015.03.23-04.53.10:587][  0]LogD3D11RHI: Adapter has 0MB of dedicated video memory, 0MB of dedicated system memory, and 256MB of shared system memory, 0 output[s]
[2015.03.23-04.53.10:587][  0]LogD3D11RHI: Chosen D3D11 Adapter Id = 0
[2015.03.23-04.53.10:596][  0]LogRHI: Texture pool is 638 MB (70% of 912 MB)
[2015.03.23-04.53.10:607][  0]LogD3D11RHI: Async texture creation enabled
[2015.03.23-04.53.10:702][  0]LogTextLocalizationManager: The requested culture ('es_MX') has no localization data; parent culture's ('es') localization data will be used.
[2015.03.23-04.53.10:941][  0]LogContentStreaming: Texture pool size is 0.000000MB
[2015.03.23-04.53.24:433][  0]LogTargetPlatformManager:Display: Building Assets For Windows
[2015.03.23-04.53.25:815][  0]LogTargetPlatformManager:Display: Building Assets For Windows
[2015.03.23-04.53.25:960][  0]LogDerivedDataCache:Display: Max Cache Size: 512 MB
[2015.03.23-04.53.26:030][  0]LogDerivedDataCache: Loaded boot cache 0.07s 39MB C:/Users/Miryam/AppData/Local/UnrealEngine/4.6/DerivedDataCache/Boot.ddc.
[2015.03.23-04.53.26:031][  0]LogDerivedDataCache:Display: Loaded Boot cache: C:/Users/Miryam/AppData/Local/UnrealEngine/4.6/DerivedDataCache/Boot.ddc
[2015.03.23-04.53.26:031][  0]LogDerivedDataCache: FDerivedDataBackendGraph:  Pak pak cache file ../../../../../../Users/Miryam/Documents/Unreal Projects/MyProject/DerivedDataCache/DDC.ddp not found, will not use a pak cache.
[2015.03.23-04.53.26:031][  0]LogDerivedDataCache: Unable to find inner node Pak for hierarchical cache Hierarchy.
[2015.03.23-04.53.26:149][  0]LogDerivedDataCache:Display: Pak cache opened for reading ../../../Engine/DerivedDataCache/DDC.ddp.
[2015.03.23-04.53.26:165][  0]LogDerivedDataCache: Using Local data cache path C:/Users/Miryam/AppData/Local/UnrealEngine/Common/DerivedDataCache: Writable
[2015.03.23-04.53.26:507][  0]LogCollisionProfile:Warning: Profile (UI) - Custom Channel Name = 'Weapon' hasn't been found
[2015.03.23-04.53.26:900][  0]LogMeshUtilities: No automatic mesh reduction module available
[2015.03.23-04.53.26:900][  0]LogMeshUtilities: No automatic mesh merging module available
[2015.03.23-04.53.28:062][  0]LogInit: WinSock: version 1.1 (2.2), MaxSocks=32767, MaxUdp=65467
[2015.03.23-04.53.28:418][  0]LogSlate:Warning: Failed to load font data from '../../../Engine/Content/Slate/Fonts/Roboto-Italic.ttf'
[2015.03.23-04.53.32:224][  0]UdpMessaging: Initializing bridge on interface 0.0.0.0:0 to multicast group 230.0.0.1:6666.
[2015.03.23-04.53.33:223][  0]LogDirectoryWatcher:Warning: Failed to begin reading directory changes for C:/Users/Miryam/Documents/Unreal Projects/MyProject/Binaries/Win64. Error: 0
[2015.03.23-04.53.34:526][  0]SourceControl: Información El control de código fuente está desactivado
[2015.03.23-04.53.34:526][  0]SourceControl: Información El control de código fuente está desactivado
[2015.03.23-04.53.34:589][  0]SourceControl: Información El control de código fuente está desactivado
[2015.03.23-04.53.35:397][  0]LogObj: 23754 objects as part of root set at end of initial load.
[2015.03.23-04.53.35:397][  0]LogUObjectAllocator: 5168128 out of 0 bytes used by permanent object pool.
[2015.03.23-04.53.35:610][  0]LogEngine: Initializing Engine...
[2015.03.23-04.53.36:107][  0]LogInit: XAudio2 using 'Altavoces (Realtek High Definition Audio)' : 2 channels at 48 kHz using 32 bits per sample (channel mask 0x3)
[2015.03.23-04.53.36:145][  0]LogInit: FAudioDevice initialized.
[2015.03.23-04.53.36:393][  0]LogAIModule: Creating AISystem for world NewWorld
[2015.03.23-04.53.36:503][  0]LogDerivedDataCache: Saved boot cache 0.11s 39MB C:/Users/Miryam/AppData/Local/UnrealEngine/4.6/DerivedDataCache/Boot.ddc.
[2015.03.23-04.53.36:514][  0]LogInit: Texture streaming: Enabled
[2015.03.23-04.53.36:842][  0]LogAnalytics: Creating configured Analytics provider AnalyticsET
[2015.03.23-04.53.36:842][  0]LogAnalytics: ET APIKey = Rocket.Release. APIServer = http://et2.epicgames.com/ET2/. AppVersion = 4.6.1-2386410+++depot+UE4-Releases+4.6
[2015.03.23-04.53.36:846][  0]LogAnalytics: SetUserId cc2da9029b1435b39fd32981c4d04f44
[2015.03.23-04.53.36:846][  0]LogAnalytics: AnalyticsET::StartSession [Rocket.Release]
[2015.03.23-04.53.37:037][  0]LogInit: Transaction tracking system initialized
[2015.03.23-04.53.37:748][  0]BlueprintLog: New page: Cargar el editor
[2015.03.23-04.53.37:914][  0]LogAssetRegistry: FAssetRegistry took 0.0116 seconds to start up
[2015.03.23-04.53.37:915][  0]LogDirectoryWatcher:Warning: Failed to begin reading directory changes for ../../../Engine/Plugins/Experimental/CharacterAI/Content/. Error: 0
[2015.03.23-04.53.42:470][  0]LogTargetPlatformManager:Display: Building Assets For Windows
[2015.03.23-04.53.45:927][  0]LogTargetPlatformManager:Display: Building Assets For Windows
[2015.03.23-04.53.47:602][  0]LogConsoleResponse:Display: 
[2015.03.23-04.53.47:784][  0]LogLinker:Warning: Asset '../../../Engine/Content/Functions/Engine_MaterialFunctions03/Procedurals/ComputeFilterWidth.uasset' has been saved with empty engine version. The asset will be loaded but may be incompatible.
[2015.03.23-04.53.48:931][  0]SourceControl: Información El control de código fuente está desactivado
[2015.03.23-04.54.10:738][  0]Cmd: MAP LOAD FILE="../../../../../../Users/Miryam/Documents/Unreal Projects/MyProject/Content/Maps/Example_Map.umap" TEMPLATE=0 SHOWPROGRESS=1
[2015.03.23-04.54.10:742][  0]LightingResults: New page: Diseñar la iluminación
[2015.03.23-04.54.10:837][  0]MapCheck: New page: Revisión del mapa
[2015.03.23-04.54.10:837][  0]LightingResults: New page: Diseñar la iluminación
[2015.03.23-04.54.10:887][  0]LogParticles: Destroying 0 GPU particle simulations for FXSystem 0x000000F0700C3600
[2015.03.23-04.54.12:028][  0]LogEditorServer: Finished looking for orphan Actors (0.000 secs)
[2015.03.23-04.54.12:028][  0]LogAIModule: Creating AISystem for world Example_Map
[2015.03.23-04.54.12:029][  0]Cmd: MAP CHECKDEP
[2015.03.23-04.54.12:029][  0]MapCheck: New page: Example_Map - 22/03/2015 16:54:12
[2015.03.23-04.54.12:927][  0]MapCheck: Información Map check complete: 0 Error(s), 0 Warning(s), took 897.141ms to complete.
[2015.03.23-04.54.12:927][  0]LogFileHelpers: Loading map 'Example_Map' took 2.189
[2015.03.23-04.54.13:170][  0]LogStats:Warning: MetaData mismatch. Did you assign a stat to two groups? New //STATGROUP_Threads//SplashScreenThread///Thread_60a0_0///////STATCAT_Advanced//// old //STATGROUP_Threads//SplashScreenThread///Thread_4650_0///////STATCAT_Advanced////
[2015.03.23-04.54.13:171][  0]LogCollectionManager: Loaded 0 collections in 0.010330 seconds
[2015.03.23-04.54.13:768][  0]LogCrashTracker: Crashtracker disabled due to settings.
[2015.03.23-04.54.13:788][  0]LogUObjectGlobals:Warning: Error al encontrar el objeto 'Class Ninguno.'
[2015.03.23-04.54.13:840][  0]LogLoad: Full Startup: 67.38 seconds (BP compile: 0.15 seconds)
[2015.03.23-04.54.13:863][  0]LogContentBrowser:Verbose: The content browser source was changed by the sources view to '/Game/Character/Clase'
[2015.03.23-04.54.14:165][  0]LogRenderer:Warning: Reallocating scene render targets to support 704x592.
[2015.03.23-04.54.15:025][  1]Cmd: EDCALLBACK SURFPROPS
[2015.03.23-04.54.16:324][  9]LogAssetRegistry: Asset discovery search completed in 38.4207 seconds
[2015.03.23-04.54.22:400][148]Cmd: MAP LOAD FILE="../../../../../../Users/Miryam/Documents/Unreal Projects/MyProject/Content/Maps/NivelCasa.umap" TEMPLATE=0 SHOWPROGRESS=1
[2015.03.23-04.54.22:419][148]LightingResults: New page: Diseñar la iluminación
[2015.03.23-04.54.22:571][148]LoadErrors: New page: Cargando mapa: NivelCasa.umap
[2015.03.23-04.54.22:574][148]MapCheck: New page: Revisión del mapa
[2015.03.23-04.54.22:574][148]LightingResults: New page: Diseñar la iluminación
[2015.03.23-04.54.22:615][148]LogParticles: Destroying 0 GPU particle simulations for FXSystem 0x000000F06F5E6520
[2015.03.23-04.54.26:834][148]LogEditorServer: Finished looking for orphan Actors (0.000 secs)
[2015.03.23-04.54.26:834][148]LogAIModule: Creating AISystem for world NivelCasa
[2015.03.23-04.54.26:927][148]Cmd: MAP CHECKDEP
[2015.03.23-04.54.26:928][148]MapCheck: New page: NivelCasa - 22/03/2015 16:54:26
[2015.03.23-04.54.28:136][148]MapCheck: Información Map check complete: 0 Error(s), 0 Warning(s), took 1,208.593ms to complete.
[2015.03.23-04.54.28:137][148]LogFileHelpers: Loading map 'NivelCasa' took 5.740
[2015.03.23-04.54.30:631][187]LogEditorViewport: Clicking on Actor (LMB): StaticMeshActor (SlidingDoorGlass)
[2015.03.23-04.54.30:677][187]LogPropertyNode:Warning: UI Min (0.001) >= UI Max () for Ranged Numeric
[2015.03.23-04.54.43:748][465]LogContentBrowser:Verbose: The content browser source was changed by the sources view to '/Game/StarterContent'
[2015.03.23-04.54.49:341][594]LogContentBrowser:Verbose: The content browser source was changed by the sources view to '/Game/StarterContent/Props'
[2015.03.23-04.54.52:015][625]LogActorFactory: Actor Factory created MaterialSphere
[2015.03.23-04.54.53:082][649]LogActorFactory: Actor Factory created MaterialSphere
[2015.03.23-04.54.53:106][649]LogPropertyNode:Warning: UI Min (0.001) >= UI Max () for Ranged Numeric
[2015.03.23-04.54.53:162][649]LogPropertyNode:Warning: UI Min (0.001) >= UI Max () for Ranged Numeric
[2015.03.23-04.55.11:808][ 54]LogEditorViewport: Clicking on Actor (LMB): StaticMeshActor (MaterialSphere)
[2015.03.23-04.55.11:838][ 54]LogPropertyNode:Warning: UI Min (0.001) >= UI Max () for Ranged Numeric
[2015.03.23-04.55.14:870][124]LogEditorViewport: Clicking on Actor (LMB): StaticMeshActor (MaterialSphere2)
[2015.03.23-04.55.14:904][124]LogPropertyNode:Warning: UI Min (0.001) >= UI Max () for Ranged Numeric
[2015.03.23-04.55.19:241][218]Cmd: DELETE
[2015.03.23-04.55.19:241][218]Cmd: ACTOR DELETE
[2015.03.23-04.55.19:244][218]LogEditorActor: Deleted Actor: StaticMeshActor
[2015.03.23-04.55.19:313][218]LogEditorActor: Deleted 1 Actors (0.071 secs)
[2015.03.23-04.55.21:026][261]LogEditorViewport: Clicking on Actor (LMB): StaticMeshActor (MaterialSphere)
[2015.03.23-04.55.21:061][261]LogPropertyNode:Warning: UI Min (0.001) >= UI Max () for Ranged Numeric
[2015.03.23-04.55.24:816][341]LogContentBrowser:Verbose: The content browser source was changed by the sources view to '/Game/StarterContent/Textures'
[2015.03.23-04.55.25:815][349]LogContentBrowser:Verbose: The content browser source was changed by the sources view to '/Game/StarterContent/Materials'
[2015.03.23-04.55.32:621][465]LogEditorViewport: Clicking on Actor (LMB): StaticMeshActor (SlidingDoorGlass)
[2015.03.23-04.55.32:660][465]LogPropertyNode:Warning: UI Min (0.001) >= UI Max () for Ranged Numeric
[2015.03.23-04.55.37:066][567]LogEditorViewport: Clicking on Actor (LMB): StaticMeshActor (SM_Rock)
[2015.03.23-04.55.37:098][567]LogPropertyNode:Warning: UI Min (0.001) >= UI Max () for Ranged Numeric
[2015.03.23-04.55.39:592][625]Cmd: DELETE
[2015.03.23-04.55.39:592][625]Cmd: ACTOR DELETE
[2015.03.23-04.55.39:596][625]LogEditorActor: Deleted Actor: StaticMeshActor
[2015.03.23-04.55.39:653][625]LogEditorActor: Deleted 1 Actors (0.060 secs)
[2015.03.23-04.55.42:444][689]BlueprintLog: New page: Volver a compilar automáticamente la reproducción en el editor (PIE) anterior
[2015.03.23-04.55.42:444][689]LogPlayLevel: [PIE] Compiling NivelCasa before PIE...
[2015.03.23-04.55.42:629][689]LogPlayLevel: PIE:  Blueprint regeneration took 185 ms (1 blueprints)
[2015.03.23-04.55.42:630][689]PIE: New page: Sesión PIE (reproducción en el editor): NivelCasa (22/03/2015 16:55:42)
[2015.03.23-04.55.42:690][689]LogPlayLevel: PIE: StaticDuplicateObject took: (0.059713s)
[2015.03.23-04.55.42:692][689]LogPlayLevel: PIE: World Init took: (0.001840s)
[2015.03.23-04.55.42:692][689]LogPlayLevel: PIE: Created PIE world by copying editor world from /Game/Maps/NivelCasa.NivelCasa to /Game/Maps/UEDPIE_0_NivelCasa.NivelCasa (0.062104s)
[2015.03.23-04.55.43:157][689]LogLinker:Warning: Asset '../../../../../../Users/Miryam/Documents/Unreal Projects/MyProject/Content/Blueprints/MyProjectile.uasset' has been saved with empty engine version. The asset will be loaded but may be incompatible.
[2015.03.23-04.55.43:793][689]LogAnimation:Warning: UAnimMontage::PostLoad: The actual sequence length for montage FPP_Fire_Montage does not match the length stored in the asset, please resave the montage asset.
[2015.03.23-04.55.43:817][689]BlueprintLog:Warning: Aviso El Blueprint MyHUD se ha migrado y necesita volver a guardarse para evitar errores de importación
[2015.03.23-04.55.43:821][689]BlueprintLog:Warning: Aviso El Blueprint MyGame se ha migrado y necesita volver a guardarse para evitar errores de importación
[2015.03.23-04.55.43:829][689]LogWorld: Game class is 'MyGame_C'
[2015.03.23-04.55.43:832][689]LogAIModule: Creating AISystem for world NivelCasa
[2015.03.23-04.55.43:895][689]LogWorld: Bringing World /Game/Maps/UEDPIE_0_NivelCasa.NivelCasa up for play (max tick rate 0) at 2015.03.22-22.55.43
[2015.03.23-04.55.43:899][689]LogWorld: Bringing up level for play took: 0.067160
[2015.03.23-04.55.43:908][689]PIE: Información Tiempo de inicio de la reproducción en el editor para  /Game/Maps/UEDPIE_0_NivelCasa 2.157
[2015.03.23-04.55.55:718][990]LogParticles: Destroying 0 GPU particle simulations for FXSystem 0x000000F07E906520
[2015.03.23-04.55.58:406][ 55]LogEditorViewport: Clicking on Actor (LMB): StaticMeshActor (Monster)
[2015.03.23-04.55.58:445][ 55]LogPropertyNode:Warning: UI Min (0.001) >= UI Max () for Ranged Numeric
[2015.03.23-04.55.59:779][ 85]LogEditorViewport: Clicking on Actor (LMB): DestructibleActor (Monster_DM)
[2015.03.23-04.56.02:430][138]LogContentBrowser:Verbose: The content browser source was changed by the sources view to '/Game/Blueprints'
[2015.03.23-04.56.21:775][421]Cmd: OBJ SAVEPACKAGE PACKAGE="/Game/Maps/NivelCasa" FILE="../../../../../../Users/Miryam/Documents/Unreal Projects/MyProject/Content/Maps/NivelCasa.umap" SILENT=true AUTOSAVING=false KEEPDIRTY=false
[2015.03.23-04.56.21:784][421]LogActorComponent: UnregisterComponent: (/Engine/Transient.ProjectileMovementComponent_0) Not registered. Aborting.
[2015.03.23-04.56.21:784][421]LogActorComponent: UnregisterComponent: (/Engine/Transient.CharacterMovementComponent_0) Not registered. Aborting.
[2015.03.23-04.56.23:959][421]LogSavePackage: Save=1952.103516ms
[2015.03.23-04.56.23:959][421]LogSavePackage: Moving '../../../../../../Users/Miryam/Documents/Unreal Projects/MyProject/Saved/NivelCasa278E0A3E4A1096F3DA1F848F585C8442.tmp' to '../../../../../../Users/Miryam/Documents/Unreal Projects/MyProject/Content/Maps/NivelCasa.umap'
[2015.03.23-04.56.24:153][421]LogFileHelpers: Saving map 'NivelCasa' took 3.330
[2015.03.23-04.56.24:168][421]Cmd: MAP LOAD FILE="../../../Engine/Content/Maps/Templates/Template_Default.umap" TEMPLATE=1 SHOWPROGRESS=1
[2015.03.23-04.56.24:199][421]LightingResults: New page: Diseñar la iluminación
[2015.03.23-04.56.24:366][421]LoadErrors: New page: Cargando mapa: Template_Default.umap
[2015.03.23-04.56.24:374][421]MapCheck: New page: Revisión del mapa
[2015.03.23-04.56.24:374][421]LightingResults: New page: Diseñar la iluminación
[2015.03.23-04.56.24:436][421]LogParticles: Destroying 0 GPU particle simulations for FXSystem 0x000000F07F006FC0
[2015.03.23-04.56.24:738][421]LogEditorServer: Finished looking for orphan Actors (0.000 secs)
[2015.03.23-04.56.24:738][421]LogAIModule: Creating AISystem for world Untitled_1
[2015.03.23-04.56.24:761][421]Cmd: MAP CHECKDEP
[2015.03.23-04.56.24:761][421]MapCheck: New page: Untitled_1 - 22/03/2015 16:56:24
[2015.03.23-04.56.25:757][421]MapCheck: Información Map check complete: 0 Error(s), 0 Warning(s), took 994.801ms to complete.
[2015.03.23-04.56.25:757][421]LogFileHelpers: Loading map 'Template_Default' took 1.594
[2015.03.23-04.56.31:043][572]LogContentBrowser:Verbose: The content browser source was changed by the sources view to '/Game/StarterContent/Particles'
[2015.03.23-04.56.37:095][745]LogContentBrowser:Verbose: The content browser source was changed by the sources view to '/Game/StarterContent/Architecture'
[2015.03.23-04.56.44:621][956]LogEditorViewport: Clicking on Actor (LMB): StaticMeshActor (SM_Template_Map_Floor)
[2015.03.23-04.56.44:650][956]LogPropertyNode:Warning: UI Min (0.001) >= UI Max () for Ranged Numeric
[2015.03.23-04.56.47:742][ 43]LogPropertyNode:Warning: UI Min (0.001) >= UI Max () for Ranged Numeric
[2015.03.23-04.56.47:794][ 43]LogPropertyNode:Warning: UI Min (0.001) >= UI Max () for Ranged Numeric
[2015.03.23-04.56.57:734][290]LogActorComponent: UnregisterComponent: (/Engine/Transient.ProjectileMovementComponent_1) Not registered. Aborting.
[2015.03.23-04.56.57:734][290]LogActorComponent: UnregisterComponent: (/Engine/Transient.CharacterMovementComponent_1) Not registered. Aborting.
[2015.03.23-04.56.59:565][290]Cmd: MAP LOAD FILE="../../../../../../Users/Miryam/Documents/Unreal Projects/MyProject/Content/Maps/Example_Map.umap" TEMPLATE=0 SHOWPROGRESS=1
[2015.03.23-04.56.59:617][290]LightingResults: New page: Diseñar la iluminación
[2015.03.23-04.56.59:760][290]LoadErrors: New page: Cargando mapa: Example_Map.umap
[2015.03.23-04.56.59:762][290]MapCheck: New page: Revisión del mapa
[2015.03.23-04.56.59:762][290]LightingResults: New page: Diseñar la iluminación
[2015.03.23-04.56.59:817][290]LogParticles: Destroying 0 GPU particle simulations for FXSystem 0x000000F07CDBA980
[2015.03.23-04.56.59:996][290]LogEditorServer: Finished looking for orphan Actors (0.000 secs)
[2015.03.23-04.56.59:997][290]LogAIModule: Creating AISystem for world Example_Map
[2015.03.23-04.57.00:095][290]Cmd: MAP CHECKDEP
[2015.03.23-04.57.00:096][290]MapCheck: New page: Example_Map - 22/03/2015 16:57:00
[2015.03.23-04.57.01:074][290]MapCheck: Información Map check complete: 0 Error(s), 0 Warning(s), took 979.616ms to complete.
[2015.03.23-04.57.01:074][290]LogFileHelpers: Loading map 'Example_Map' took 1.520
[2015.03.23-04.57.11:712][590]LogContentBrowser:Verbose: The content browser source was changed by the sources view to '/Game/StarterContent'
[2015.03.23-04.57.14:609][670]LogContentBrowser:Verbose: The content browser source was changed by the sources view to '/Game/Character/Clase'
[2015.03.23-04.57.46:119][468]Cmd: EDCALLBACK SURFPROPS
[2015.03.23-04.57.49:045][546]LogEditorViewport: Clicking on Actor (LMB): DestructibleActor (Monster_DM)
[2015.03.23-04.58.19:029][248]LogContentBrowser:Verbose: The content browser source was changed by the sources view to '/Game/Character'
[2015.03.23-04.58.20:378][275]LogContentBrowser:Verbose: The content browser source was changed by the sources view to '/Game/Character/Clase'
[2015.03.23-04.58.21:908][303]LogEditorViewport: Clicking on Actor (LMB): StaticMeshActor (LargeCube)
[2015.03.23-04.58.21:958][303]LogPropertyNode:Warning: UI Min (0.001) >= UI Max () for Ranged Numeric
[2015.03.23-04.58.25:945][387]LogContentBrowser:Verbose: The content browser source was changed by the sources view to '/Game/StarterContent/Particles'
[2015.03.23-04.58.26:876][406]LogContentBrowser:Verbose: The content browser source was changed by the sources view to '/Game/StarterContent/Architecture'
[2015.03.23-04.58.33:682][546]LogContentBrowser:Verbose: The content browser source was changed by the sources view to '/Game/StarterContent/Blueprints'
[2015.03.23-04.58.34:889][567]LogContentBrowser:Verbose: The content browser source was changed by the sources view to '/Game/StarterContent/Materials'
[2015.03.23-04.58.37:197][605]LogContentBrowser:Verbose: The content browser source was changed by the sources view to '/Game/StarterContent/Textures'
[2015.03.23-04.58.40:600][662]LogContentBrowser:Verbose: The content browser source was changed by the sources view to '/Game/Textures'
[2015.03.23-04.58.41:556][685]LogContentBrowser:Verbose: The content browser source was changed by the sources view to '/Game/StarterContent/Props'
[2015.03.23-04.58.46:906][786]LogContentBrowser:Verbose: The content browser source was changed by the sources view to '/Game/Character/Clase'
[2015.03.23-04.58.47:387][795]LogContentBrowser:Verbose: The content browser source was changed by the sources view to '/Game/Character'
[2015.03.23-04.58.48:202][817]LogEditorViewport: Clicking on Actor (LMB): DestructibleActor (Monster_DM)
[2015.03.23-04.59.12:349][353]Cmd: OBJ SAVEPACKAGE PACKAGE="/Game/Maps/Example_Map" FILE="../../../../../../Users/Miryam/Documents/Unreal Projects/MyProject/Content/Maps/Example_Map.umap" SILENT=true AUTOSAVING=false KEEPDIRTY=false
[2015.03.23-04.59.12:940][353]LogSavePackage: Save=394.084961ms
[2015.03.23-04.59.12:940][353]LogSavePackage: Moving '../../../../../../Users/Miryam/Documents/Unreal Projects/MyProject/Saved/Example_Map31B61406431529026CDC8888A81A7A8A.tmp' to '../../../../../../Users/Miryam/Documents/Unreal Projects/MyProject/Content/Maps/Example_Map.umap'
[2015.03.23-04.59.12:944][353]LogFileManager:Warning: DeleteFile was unable to delete '../../../../../../Users/Miryam/Documents/Unreal Projects/MyProject/Content/Maps/Example_Map.umap', retrying in .5s...
[2015.03.23-04.59.13:446][353]LogFileManager:Error: Error deleting file '../../../../../../Users/Miryam/Documents/Unreal Projects/MyProject/Content/Maps/Example_Map.umap'.
[2015.03.23-04.59.13:446][353]LogSavePackage:Error: Error saving '../../../../../../Users/Miryam/Documents/Unreal Projects/MyProject/Content/Maps/Example_Map.umap'
[2015.03.23-04.59.13:612][353]EditorErrors: New page: Guardar salida
[2015.03.23-04.59.13:612][353]EditorErrors:Warning: Aviso Error al guardar '../../../../../../Users/Miryam/Documents/Unreal Projects/MyProject/Content/Maps/Example_Map.umap'
[2015.03.23-04.59.28:095][695]Cmd: OBJ SAVEPACKAGE PACKAGE="/Game/Maps/Example_Map" FILE="../../../../../../Users/Miryam/Documents/Unreal Projects/MyProject/Content/Maps/Example_Map.umap" SILENT=true AUTOSAVING=false KEEPDIRTY=false
[2015.03.23-04.59.28:667][695]LogSavePackage: Save=449.869995ms
[2015.03.23-04.59.28:667][695]LogSavePackage: Moving '../../../../../../Users/Miryam/Documents/Unreal Projects/MyProject/Saved/Example_Map49D3F64F41D4D70CF9E98497E160DFA2.tmp' to '../../../../../../Users/Miryam/Documents/Unreal Projects/MyProject/Content/Maps/Example_Map.umap'
[2015.03.23-04.59.28:673][695]LogFileManager:Warning: DeleteFile was unable to delete '../../../../../../Users/Miryam/Documents/Unreal Projects/MyProject/Content/Maps/Example_Map.umap', retrying in .5s...
[2015.03.23-04.59.29:175][695]LogFileManager:Error: Error deleting file '../../../../../../Users/Miryam/Documents/Unreal Projects/MyProject/Content/Maps/Example_Map.umap'.
[2015.03.23-04.59.29:176][695]LogSavePackage:Error: Error saving '../../../../../../Users/Miryam/Documents/Unreal Projects/MyProject/Content/Maps/Example_Map.umap'
[2015.03.23-04.59.29:223][695]EditorErrors: New page: Guardar salida
[2015.03.23-04.59.29:224][695]EditorErrors:Warning: Aviso Error al guardar '../../../../../../Users/Miryam/Documents/Unreal Projects/MyProject/Content/Maps/Example_Map.umap'
[2015.03.23-04.59.35:634][792]Cmd: OBJ SAVEPACKAGE PACKAGE="/Game/Maps/Example_Map" FILE="../../../../../../Users/Miryam/Documents/Unreal Projects/MyProject/Content/Maps/Example_Map.umap" SILENT=true AUTOSAVING=false KEEPDIRTY=false
[2015.03.23-04.59.36:129][792]LogSavePackage: Save=375.503448ms
[2015.03.23-04.59.36:129][792]LogSavePackage: Moving '../../../../../../Users/Miryam/Documents/Unreal Projects/MyProject/Saved/Example_Map54EACFEA4FA7618CB0332F9CAA09745D.tmp' to '../../../../../../Users/Miryam/Documents/Unreal Projects/MyProject/Content/Maps/Example_Map.umap'
[2015.03.23-04.59.36:134][792]LogFileManager:Warning: DeleteFile was unable to delete '../../../../../../Users/Miryam/Documents/Unreal Projects/MyProject/Content/Maps/Example_Map.umap', retrying in .5s...
[2015.03.23-04.59.36:634][792]LogFileManager:Error: Error deleting file '../../../../../../Users/Miryam/Documents/Unreal Projects/MyProject/Content/Maps/Example_Map.umap'.
[2015.03.23-04.59.36:634][792]LogSavePackage:Error: Error saving '../../../../../../Users/Miryam/Documents/Unreal Projects/MyProject/Content/Maps/Example_Map.umap'
[2015.03.23-04.59.36:676][792]EditorErrors: New page: Guardar salida
[2015.03.23-04.59.36:676][792]EditorErrors:Warning: Aviso Error al guardar '../../../../../../Users/Miryam/Documents/Unreal Projects/MyProject/Content/Maps/Example_Map.umap'
[2015.03.23-04.59.36:702][792]LogFileHelpers: Saving map 'Example_Map' took 2.092
[2015.03.23-04.59.39:419][792]Cmd: OBJ SAVEPACKAGE PACKAGE="/Game/Maps/Example_Map" FILE="../../../../../../Users/Miryam/Documents/Unreal Projects/MyProject/Content/Maps/Example_Map.umap" SILENT=true AUTOSAVING=false KEEPDIRTY=false
[2015.03.23-04.59.39:987][792]LogSavePackage: Save=449.946655ms
[2015.03.23-04.59.39:987][792]LogSavePackage: Moving '../../../../../../Users/Miryam/Documents/Unreal Projects/MyProject/Saved/Example_Map97DE61DE4DEE76BA5B7079A0976FAFA0.tmp' to '../../../../../../Users/Miryam/Documents/Unreal Projects/MyProject/Content/Maps/Example_Map.umap'
[2015.03.23-04.59.39:991][792]LogFileManager:Warning: DeleteFile was unable to delete '../../../../../../Users/Miryam/Documents/Unreal Projects/MyProject/Content/Maps/Example_Map.umap', retrying in .5s...
[2015.03.23-04.59.40:492][792]LogFileManager:Error: Error deleting file '../../../../../../Users/Miryam/Documents/Unreal Projects/MyProject/Content/Maps/Example_Map.umap'.
[2015.03.23-04.59.40:492][792]LogSavePackage:Error: Error saving '../../../../../../Users/Miryam/Documents/Unreal Projects/MyProject/Content/Maps/Example_Map.umap'
[2015.03.23-04.59.40:558][792]EditorErrors: New page: Guardar salida
[2015.03.23-04.59.40:558][792]EditorErrors:Warning: Aviso Error al guardar '../../../../../../Users/Miryam/Documents/Unreal Projects/MyProject/Content/Maps/Example_Map.umap'
[2015.03.23-04.59.40:570][792]LogFileHelpers: Saving map 'Example_Map' took 2.262
[2015.03.23-04.59.51:996][793]Cmd: QUIT_EDITOR
[2015.03.23-04.59.53:038][793]LogExit: Preparing to exit.
[2015.03.23-04.59.53:653][793]LogExit: Editor shut down
[2015.03.23-04.59.53:653][793]LogExit: Transaction tracking system shut down
[2015.03.23-04.59.53:655][793]LogParticles: Destroying 0 GPU particle simulations for FXSystem 0x000000F003B57E20
[2015.03.23-04.59.53:655][793]LogParticles: Destroying 0 GPU particle simulations for FXSystem 0x000000F079712B60
[2015.03.23-04.59.53:655][793]LogParticles: Destroying 0 GPU particle simulations for FXSystem 0x000000F079631940
[2015.03.23-04.59.53:657][793]LogParticles: Destroying 0 GPU particle simulations for FXSystem 0x000000F0796328E0
[2015.03.23-04.59.53:657][793]LogParticles: Destroying 0 GPU particle simulations for FXSystem 0x000000F07E30A520
[2015.03.23-04.59.53:659][793]LogParticles: Destroying 0 GPU particle simulations for FXSystem 0x000000F079713B00
[2015.03.23-04.59.53:729][793]LogExit: Object subsystem successfully closed.
[2015.03.23-04.59.54:030][793]LogModuleManager: Shutting down and abandoning module NewLevelDialog (173)
[2015.03.23-04.59.54:030][793]LogModuleManager: Shutting down and abandoning module AndroidDeviceDetection (172)
[2015.03.23-04.59.54:030][793]LogModuleManager: Shutting down and abandoning module CrashTracker (171)
[2015.03.23-04.59.54:030][793]LogModuleManager: Shutting down and abandoning module SuperSearch (170)
[2015.03.23-04.59.54:030][793]LogModuleManager: Shutting down and abandoning module SceneOutliner (169)
[2015.03.23-04.59.54:030][793]LogModuleManager: Shutting down and abandoning module EditorWidgets (168)
[2015.03.23-04.59.54:030][793]LogModuleManager: Shutting down and abandoning module CollectionManager (167)
[2015.03.23-04.59.54:030][793]LogModuleManager: Shutting down and abandoning module StatsViewer (166)
[2015.03.23-04.59.54:030][793]LogModuleManager: Shutting down and abandoning module FoliageEdit (165)
[2015.03.23-04.59.54:030][793]LogModuleManager: Shutting down and abandoning module LandscapeEditor (164)
[2015.03.23-04.59.54:031][793]LogModuleManager: Shutting down and abandoning module MeshPaint (163)
[2015.03.23-04.59.54:031][793]LogModuleManager: Shutting down and abandoning module ActorPickerMode (162)
[2015.03.23-04.59.54:031][793]LogModuleManager: Shutting down and abandoning module GeometryMode (161)
[2015.03.23-04.59.54:031][793]LogModuleManager: Shutting down and abandoning module TextureAlignMode (160)
[2015.03.23-04.59.54:031][793]LogModuleManager: Shutting down and abandoning module BspMode (159)
[2015.03.23-04.59.54:031][793]LogModuleManager: Shutting down and abandoning module PlacementMode (158)
[2015.03.23-04.59.54:031][793]LogModuleManager: Shutting down and abandoning module AutomationWorker (157)
[2015.03.23-04.59.54:031][793]LogModuleManager: Shutting down and abandoning module CharacterAI (156)
[2015.03.23-04.59.54:031][793]LogModuleManager: Shutting down and abandoning module GameProjectGeneration (155)
[2015.03.23-04.59.54:031][793]LogModuleManager: Shutting down and abandoning module IntroTutorials (154)
[2015.03.23-04.59.54:032][793]LogModuleManager: Shutting down and abandoning module EditorLiveStreaming (153)
[2015.03.23-04.59.54:032][793]LogModuleManager: Shutting down and abandoning module HardwareTargeting (152)
[2015.03.23-04.59.54:032][793]LogModuleManager: Shutting down and abandoning module DeviceProfileEditor (151)
[2015.03.23-04.59.54:034][793]LogModuleManager: Shutting down and abandoning module UndoHistory (150)
[2015.03.23-04.59.54:034][793]LogModuleManager: Shutting down and abandoning module GameplayTagsEditor (149)
[2015.03.23-04.59.54:034][793]LogModuleManager: Shutting down and abandoning module UserFeedback (148)
[2015.03.23-04.59.54:034][793]LogModuleManager: Shutting down and abandoning module XmlParser (147)
[2015.03.23-04.59.54:034][793]LogModuleManager: Shutting down and abandoning module Blutility (146)
[2015.03.23-04.59.54:034][793]LogModuleManager: Shutting down and abandoning module IOSPlatformEditor (145)
[2015.03.23-04.59.54:034][793]LogModuleManager: Shutting down and abandoning module IOSRuntimeSettings (144)
[2015.03.23-04.59.54:034][793]LogModuleManager: Shutting down and abandoning module AndroidPlatformEditor (143)
[2015.03.23-04.59.54:034][793]LogModuleManager: Shutting down and abandoning module AndroidRuntimeSettings (142)
[2015.03.23-04.59.54:035][793]LogModuleManager: Shutting down and abandoning module ProjectTargetPlatformEditor (141)
[2015.03.23-04.59.54:035][793]LogModuleManager: Shutting down and abandoning module ProjectSettingsViewer (140)
[2015.03.23-04.59.54:035][793]LogModuleManager: Shutting down and abandoning module InputBindingEditor (139)
[2015.03.23-04.59.54:035][793]LogModuleManager: Shutting down and abandoning module EditorSettingsViewer (138)
[2015.03.23-04.59.54:035][793]LogModuleManager: Shutting down and abandoning module SettingsEditor (137)
[2015.03.23-04.59.54:035][793]LogModuleManager: Shutting down and abandoning module ProjectLauncher (136)
[2015.03.23-04.59.54:035][793]LogModuleManager: Shutting down and abandoning module SessionFrontend (135)
[2015.03.23-04.59.54:035][793]LogModuleManager: Shutting down and abandoning module ProfilerClient (134)
[2015.03.23-04.59.54:035][793]LogModuleManager: Shutting down and abandoning module TargetDeviceServices (133)
[2015.03.23-04.59.54:036][793]LogModuleManager: Shutting down and abandoning module DeviceManager (132)
[2015.03.23-04.59.54:036][793]LogModuleManager: Shutting down and abandoning module AutomationController (131)
[2015.03.23-04.59.54:036][793]LogModuleManager: Shutting down and abandoning module AutomationWindow (130)
[2015.03.23-04.59.54:036][793]LogModuleManager: Shutting down and abandoning module Layers (129)
[2015.03.23-04.59.54:036][793]LogModuleManager: Shutting down and abandoning module ComponentVisualizers (128)
[2015.03.23-04.59.54:036][793]LogModuleManager: Shutting down and abandoning module DetailCustomizations (127)
[2015.03.23-04.59.54:036][793]LogModuleManager: Shutting down and abandoning module PackagesDialog (126)
[2015.03.23-04.59.54:036][793]LogModuleManager: Shutting down and abandoning module AssetRegistry (125)
[2015.03.23-04.59.54:158][793]LogModuleManager: Shutting down and abandoning module Persona (124)
[2015.03.23-04.59.54:158][793]LogModuleManager: Shutting down and abandoning module Kismet (123)
[2015.03.23-04.59.54:158][793]LogModuleManager: Shutting down and abandoning module GraphEditor (122)
[2015.03.23-04.59.54:158][793]LogModuleManager: Shutting down and abandoning module ClassViewer (121)
[2015.03.23-04.59.54:158][793]LogModuleManager: Shutting down and abandoning module Toolbox (120)
[2015.03.23-04.59.54:159][793]LogModuleManager: Shutting down and abandoning module ModuleUI (119)
[2015.03.23-04.59.54:159][793]LogModuleManager: Shutting down and abandoning module MovieSceneTools (118)
[2015.03.23-04.59.54:159][793]LogModuleManager: Shutting down and abandoning module OutputLog (117)
[2015.03.23-04.59.54:159][793]LogModuleManager: Shutting down and abandoning module GammaUI (116)
[2015.03.23-04.59.54:159][793]LogModuleManager: Shutting down and abandoning module Documentation (115)
[2015.03.23-04.59.54:159][793]LogModuleManager: Shutting down and abandoning module GameLiveStreaming (114)
[2015.03.23-04.59.54:159][793]LogModuleManager: Shutting down and abandoning module StreamingPauseRendering (113)
[2015.03.23-04.59.54:159][793]LogModuleManager: Shutting down and abandoning module HTTP (112)
[2015.03.23-04.59.54:159][793]LogModuleManager: Shutting down and abandoning module AnalyticsET (111)
[2015.03.23-04.59.54:159][793]LogModuleManager: Shutting down and abandoning module Analytics (110)
[2015.03.23-04.59.54:159][793]LogModuleManager: Shutting down and abandoning module AITestSuite (109)
[2015.03.23-04.59.54:159][793]LogModuleManager: Shutting down and abandoning module AIModule (108)
[2015.03.23-04.59.54:159][793]LogModuleManager: Shutting down and abandoning module ProfilerService (107)
[2015.03.23-04.59.54:260][793]LogModuleManager: Shutting down and abandoning module TaskGraph (106)
[2015.03.23-04.59.54:260][793]LogModuleManager: Shutting down and abandoning module GameplayDebugger (105)
[2015.03.23-04.59.54:260][793]LogModuleManager: Shutting down and abandoning module SlateRemote (104)
[2015.03.23-04.59.54:260][793]LogModuleManager: Shutting down and abandoning module ScriptEditorPlugin (103)
[2015.03.23-04.59.54:260][793]LogModuleManager: Shutting down and abandoning module CustomMeshComponent (102)
[2015.03.23-04.59.54:260][793]LogModuleManager: Shutting down and abandoning module CableComponent (101)
[2015.03.23-04.59.54:260][793]LogModuleManager: Shutting down and abandoning module MessagingDebugger (100)
[2015.03.23-04.59.54:260][793]LogModuleManager: Shutting down and abandoning module MediaPlayerEditor (99)
[2015.03.23-04.59.54:260][793]LogModuleManager: Shutting down and abandoning module SpeedTreeImporter (98)
[2015.03.23-04.59.54:260][793]LogModuleManager: Shutting down and abandoning module PluginsEditor (97)
[2015.03.23-04.59.54:260][793]LogModuleManager: Shutting down and abandoning module EpicSurvey (96)
[2015.03.23-04.59.54:260][793]LogModuleManager: Shutting down and abandoning module DesktopPlatform (95)
[2015.03.23-04.59.54:260][793]LogModuleManager: Shutting down and abandoning module VisualStudioSourceCodeAccess (94)
[2015.03.23-04.59.54:261][793]LogModuleManager: Shutting down and abandoning module UObjectPlugin (93)
[2015.03.23-04.59.54:261][793]LogModuleManager: Shutting down and abandoning module SubversionSourceControl (92)
[2015.03.23-04.59.54:261][793]LogModuleManager: Shutting down and abandoning module SourceControl (91)
[2015.03.23-04.59.54:261][793]LogModuleManager: Shutting down and abandoning module PerforceSourceControl (90)
[2015.03.23-04.59.54:261][793]LogModuleManager: Shutting down and abandoning module BlankPlugin (89)
[2015.03.23-04.59.54:261][793]LogModuleManager: Shutting down and abandoning module SlateReflector (88)
[2015.03.23-04.59.54:261][793]LogModuleManager: Shutting down and abandoning module DirectoryWatcher (87)
[2015.03.23-04.59.54:261][793]LogModuleManager: Shutting down and abandoning module HotReload (86)
[2015.03.23-04.59.54:262][793]LogModuleManager: Shutting down and abandoning module MainFrame (85)
[2015.03.23-04.59.54:262][793]LogModuleManager: Shutting down and abandoning module LevelEditor (84)
[2015.03.23-04.59.54:264][793]LogModuleManager: Shutting down and abandoning module ViewportSnapping (83)
[2015.03.23-04.59.54:264][793]LogModuleManager: Shutting down and abandoning module SmartSnapping (82)
[2015.03.23-04.59.54:264][793]LogModuleManager: Shutting down and abandoning module PaperTiledImporter (81)
[2015.03.23-04.59.54:264][793]LogModuleManager: Shutting down and abandoning module PaperJsonImporter (80)
[2015.03.23-04.59.54:264][793]LogModuleManager: Shutting down and abandoning module ContentBrowser (79)
[2015.03.23-04.59.54:264][793]LogModuleManager: Shutting down and abandoning module Paper2DEditor (78)
[2015.03.23-04.59.54:264][793]LogModuleManager: Shutting down and abandoning module ScriptPlugin (77)
[2015.03.23-04.59.54:264][793]LogModuleManager: Shutting down and abandoning module UdpMessaging (76)
[2015.03.23-04.59.54:365][793]LogModuleManager: Shutting down and abandoning module Paper2D (75)
[2015.03.23-04.59.54:365][793]LogModuleManager: Shutting down and abandoning module UE4Game (74)
[2015.03.23-04.59.54:365][793]LogModuleManager: Shutting down and abandoning module WindowsMoviePlayer (73)
[2015.03.23-04.59.54:371][793]LogModuleManager: Shutting down and abandoning module Media (72)
[2015.03.23-04.59.54:371][793]LogModuleManager: Shutting down and abandoning module WmfMedia (71)
[2015.03.23-04.59.54:371][793]LogModuleManager: Shutting down and abandoning module OnlineBlueprintSupport (70)
[2015.03.23-04.59.54:371][793]LogModuleManager: Shutting down and abandoning module PropertyEditor (69)
[2015.03.23-04.59.54:371][793]LogModuleManager: Shutting down and abandoning module BehaviorTreeEditor (68)
[2015.03.23-04.59.54:371][793]LogModuleManager: Shutting down and abandoning module FunctionalTesting (67)
[2015.03.23-04.59.54:371][793]LogModuleManager: Shutting down and abandoning module CollisionAnalyzer (66)
[2015.03.23-04.59.54:371][793]LogModuleManager: Shutting down and abandoning module WorkspaceMenuStructure (65)
[2015.03.23-04.59.54:371][793]LogModuleManager: Shutting down and abandoning module MessageLog (64)
[2015.03.23-04.59.54:371][793]LogModuleManager: Shutting down and abandoning module Sequencer (63)
[2015.03.23-04.59.54:371][793]LogModuleManager: Shutting down and abandoning module AssetTools (62)
[2015.03.23-04.59.54:371][793]LogModuleManager: Shutting down and abandoning module UMGEditor (61)
[2015.03.23-04.59.54:371][793]LogModuleManager: Shutting down and abandoning module UMG (60)
[2015.03.23-04.59.54:371][793]LogModuleManager: Shutting down and abandoning module Slate (59)
[2015.03.23-04.59.54:371][793]LogModuleManager: Shutting down and abandoning module EditorStyle (58)
[2015.03.23-04.59.54:396][793]LogModuleManager: Shutting down and abandoning module SessionServices (57)
[2015.03.23-04.59.54:396][793]LogModuleManager: Shutting down and abandoning module SourceCodeAccess (56)
[2015.03.23-04.59.54:396][793]LogModuleManager: Shutting down and abandoning module HeadMountedDisplay (55)
[2015.03.23-04.59.54:396][793]LogModuleManager: Shutting down and abandoning module XAudio2 (54)
[2015.03.23-04.59.54:396][793]LogModuleManager: Shutting down and abandoning module Networking (52)
[2015.03.23-04.59.54:396][793]LogModuleManager: Shutting down and abandoning module Core (51)
[2015.03.23-04.59.54:396][793]LogModuleManager: Shutting down and abandoning module KismetCompiler (50)
[2015.03.23-04.59.54:396][793]LogModuleManager: Shutting down and abandoning module PhysXFormats (49)
[2015.03.23-04.59.54:396][793]LogModuleManager: Shutting down and abandoning module MeshUtilities (48)
[2015.03.23-04.59.54:396][793]LogModuleManager: Shutting down and abandoning module DerivedDataCache (47)
[2015.03.23-04.59.54:451][793]LogDerivedDataCache: Shutdown
[2015.03.23-04.59.54:451][793]LogModuleManager: Shutting down and abandoning module ShaderFormatOpenGL (46)
[2015.03.23-04.59.54:451][793]LogModuleManager: Shutting down and abandoning module ShaderFormatD3D (45)
[2015.03.23-04.59.54:451][793]LogModuleManager: Shutting down and abandoning module MetalShaderFormat (44)
[2015.03.23-04.59.54:451][793]LogModuleManager: Shutting down and abandoning module TextureFormatUncompressed (43)
[2015.03.23-04.59.54:451][793]LogModuleManager: Shutting down and abandoning module TextureFormatPVR (42)
[2015.03.23-04.59.54:451][793]LogModuleManager: Shutting down and abandoning module TextureFormatDXT (41)
[2015.03.23-04.59.54:451][793]LogModuleManager: Shutting down and abandoning module TextureFormatAndroid (40)
[2015.03.23-04.59.54:451][793]LogModuleManager: Shutting down and abandoning module AudioFormatOpus (39)
[2015.03.23-04.59.54:451][793]LogModuleManager: Shutting down and abandoning module AudioFormatOgg (38)
[2015.03.23-04.59.54:451][793]LogModuleManager: Shutting down and abandoning module AudioFormatADPCM (37)
[2015.03.23-04.59.54:451][793]LogModuleManager: Shutting down and abandoning module LinuxTargetPlatform (36)
[2015.03.23-04.59.54:451][793]LogModuleManager: Shutting down and abandoning module LinuxServerTargetPlatform (35)
[2015.03.23-04.59.54:451][793]LogModuleManager: Shutting down and abandoning module LinuxNoEditorTargetPlatform (34)
[2015.03.23-04.59.54:452][793]LogModuleManager: Shutting down and abandoning module Messaging (33)
[2015.03.23-04.59.54:452][793]LogModuleManager: Shutting down and abandoning module IOSTargetPlatform (32)
[2015.03.23-04.59.54:452][793]LogModuleManager: Shutting down and abandoning module Android_PVRTCTargetPlatform (31)
[2015.03.23-04.59.54:452][793]LogModuleManager: Shutting down and abandoning module Android_ETC2TargetPlatform (30)
[2015.03.23-04.59.54:452][793]LogModuleManager: Shutting down and abandoning module Android_ETC1TargetPlatform (29)
[2015.03.23-04.59.54:452][793]LogModuleManager: Shutting down and abandoning module Android_DXTTargetPlatform (28)
[2015.03.23-04.59.54:452][793]LogModuleManager: Shutting down and abandoning module Android_ATCTargetPlatform (27)
[2015.03.23-04.59.54:452][793]LogModuleManager: Shutting down and abandoning module AndroidTargetPlatform (26)
[2015.03.23-04.59.54:452][793]LogModuleManager: Shutting down and abandoning module WindowsTargetPlatform (25)
[2015.03.23-04.59.54:452][793]LogModuleManager: Shutting down and abandoning module WindowsServerTargetPlatform (24)
[2015.03.23-04.59.54:452][793]LogModuleManager: Shutting down and abandoning module WindowsNoEditorTargetPlatform (23)
[2015.03.23-04.59.54:452][793]LogModuleManager: Shutting down and abandoning module WindowsClientTargetPlatform (22)
[2015.03.23-04.59.54:452][793]LogModuleManager: Shutting down and abandoning module TargetPlatform (21)
[2015.03.23-04.59.54:453][793]LogModuleManager: Shutting down and abandoning module InputCore (20)
[2015.03.23-04.59.54:453][793]LogModuleManager: Shutting down and abandoning module Settings (19)
[2015.03.23-04.59.54:453][793]LogModuleManager: Shutting down and abandoning module ImageWrapper (18)
[2015.03.23-04.59.54:453][793]LogModuleManager: Shutting down and abandoning module OculusRift (15)
[2015.03.23-04.59.54:453][793]LogModuleManager: Shutting down and abandoning module ExampleDeviceProfileSelector (14)
[2015.03.23-04.59.54:453][793]LogModuleManager: Shutting down and abandoning module TextureCompressor (13)
[2015.03.23-04.59.54:454][793]LogModuleManager: Shutting down and abandoning module ShaderCore (12)
[2015.03.23-04.59.54:454][793]LogModuleManager: Shutting down and abandoning module Landscape (11)
[2015.03.23-04.59.54:454][793]LogModuleManager: Shutting down and abandoning module SlateRHIRenderer (10)
[2015.03.23-04.59.54:455][793]LogModuleManager: Shutting down and abandoning module OpenGLDrv (9)
[2015.03.23-04.59.54:455][793]LogModuleManager: Shutting down and abandoning module D3D11RHI (8)
[2015.03.23-04.59.54:455][793]LogModuleManager: Shutting down and abandoning module Renderer (7)
[2015.03.23-04.59.54:455][793]LogModuleManager: Shutting down and abandoning module Engine (6)
[2015.03.23-04.59.54:455][793]LogModuleManager: Shutting down and abandoning module CoreUObject (5)
[2015.03.23-04.59.54:455][793]LogModuleManager: Shutting down and abandoning module NetworkFile (4)
[2015.03.23-04.59.54:455][793]LogModuleManager: Shutting down and abandoning module StreamingFile (3)
[2015.03.23-04.59.54:455][793]LogModuleManager: Shutting down and abandoning module SandboxFile (2)
[2015.03.23-04.59.54:456][793]LogModuleManager: Shutting down and abandoning module PakFile (1)
[2015.03.23-04.59.54:456][793]LogExit: Exiting.
[2015.03.23-04.59.54:468][793]Log file closed, 03/22/15 22:59:54
