Log file open, 03/22/15 14:37:07
LogInit:Display: Running engine for game: MyProject
LogInit: Version: 4.6.1-2386410+++depot+UE4-Releases+4.6
LogInit: API Version: 2369412
LogInit: Compiled (64-bit): Dec 11 2014 21:31:39
LogInit: Compiled with Visual C++: 18.00.21005.01
LogInit: Build Configuration: Development
LogInit: Branch Name: ++depot+UE4-Releases+4.6
LogInit: Command line:  
LogInit: Base directory: C:/Program Files/Epic Games/4.6/Engine/Binaries/Win64/
LogInit: Rocket: 1
[2015.03.22-20.37.07:303][  0]LogTaskGraph: Started task graph with 3 named threads and 4 total threads.
[2015.03.22-20.37.07:353][  0]LogOnline:Warning: No default platform service specified for OnlineSubsystem
[2015.03.22-20.37.07:411][  0]LogInit: Presizing for 0 objects not considered by GC, pre-allocating 0 bytes.
[2015.03.22-20.37.07:426][  0]LogInit: Object subsystem initialized
[2015.03.22-20.37.07:430][  0]LogConsoleResponse:Warning: Skipping Unknown console variable: 'UIScaleRule = ShortestSide'
[2015.03.22-20.37.07:430][  0]LogConsoleResponse:Warning:   Found in ini file 'C:/Users/Miryam/Documents/Unreal Projects/MyProject/Saved/Config/Windows/Engine.ini', in section '[/Script/Engine.RendererSettings]'
[2015.03.22-20.37.07:430][  0]LogConsoleResponse:Warning: Skipping Unknown console variable: 'UIScaleCurve = (EditorCurveData=(Keys=),ExternalCurve=None)'
[2015.03.22-20.37.07:430][  0]LogConsoleResponse:Warning:   Found in ini file 'C:/Users/Miryam/Documents/Unreal Projects/MyProject/Saved/Config/Windows/Engine.ini', in section '[/Script/Engine.RendererSettings]'
[2015.03.22-20.37.07:430][  0]LogConsoleManager:Warning: Console variable 'r.MSAA.CompositingSampleCount' wasn't set (Priority ProjectSetting < Scalability)
[2015.03.22-20.37.07:430][  0]LogInit: Selected Device Profile: [Windows]
[2015.03.22-20.37.07:430][  0]LogInit: Applying CVar settings loaded from the selected device profile: [Windows]
[2015.03.22-20.37.07:473][  0]LogInit: Computer: MIEL
[2015.03.22-20.37.07:473][  0]LogInit: User: MieL
[2015.03.22-20.37.07:473][  0]LogInit: CPU Page size=4096, Cores=2
[2015.03.22-20.37.07:473][  0]LogInit: High frequency timer resolution =1.656323 MHz
[2015.03.22-20.37.07:473][  0]LogMemory: Memory total: Physical=5.9GB (6GB approx) Virtual=131072.0GB
[2015.03.22-20.37.07:473][  0]LogMemory: Platform Memory Stats for Windows
[2015.03.22-20.37.07:473][  0]LogMemory: Process Physical Memory: 47.93 MB used, 47.93 MB peak
[2015.03.22-20.37.07:473][  0]LogMemory: Process Virtual Memory: 24.02 MB used, 24.02 MB peak
[2015.03.22-20.37.07:473][  0]LogMemory: Physical Memory: 3009.47 MB used, 6024.27 MB total
[2015.03.22-20.37.07:473][  0]LogMemory: Virtual Memory: 270.14 MB used, 134217728.00 MB total
[2015.03.22-20.37.07:500][  0]LogD3D11RHI: Found D3D11 adapter 0: Intel(R) HD Graphics Family (Feature Level 11_0)
[2015.03.22-20.37.07:500][  0]LogD3D11RHI: Adapter has 32MB of dedicated video memory, 0MB of dedicated system memory, and 1760MB of shared system memory, 1 output[s]
[2015.03.22-20.37.07:502][  0]LogD3D11RHI: Found D3D11 adapter 1: Microsoft Basic Render Driver (Feature Level 11_0)
[2015.03.22-20.37.07:502][  0]LogD3D11RHI: Adapter has 0MB of dedicated video memory, 0MB of dedicated system memory, and 256MB of shared system memory, 0 output[s]
[2015.03.22-20.37.07:502][  0]LogD3D11RHI: Chosen D3D11 Adapter Id = 0
[2015.03.22-20.37.07:510][  0]LogRHI: Texture pool is 638 MB (70% of 912 MB)
[2015.03.22-20.37.07:521][  0]LogD3D11RHI: Async texture creation enabled
[2015.03.22-20.37.07:609][  0]LogTextLocalizationManager: The requested culture ('es_MX') has no localization data; parent culture's ('es') localization data will be used.
[2015.03.22-20.37.07:821][  0]LogContentStreaming: Texture pool size is 0.000000MB
[2015.03.22-20.37.18:391][  0]LogTargetPlatformManager:Display: Building Assets For Windows
[2015.03.22-20.37.19:502][  0]LogTargetPlatformManager:Display: Building Assets For Windows
[2015.03.22-20.37.19:638][  0]LogDerivedDataCache:Display: Max Cache Size: 512 MB
[2015.03.22-20.37.19:713][  0]LogDerivedDataCache: Loaded boot cache 0.08s 39MB C:/Users/Miryam/AppData/Local/UnrealEngine/4.6/DerivedDataCache/Boot.ddc.
[2015.03.22-20.37.19:713][  0]LogDerivedDataCache:Display: Loaded Boot cache: C:/Users/Miryam/AppData/Local/UnrealEngine/4.6/DerivedDataCache/Boot.ddc
[2015.03.22-20.37.19:714][  0]LogDerivedDataCache: FDerivedDataBackendGraph:  Pak pak cache file ../../../../../../Users/Miryam/Documents/Unreal Projects/MyProject/DerivedDataCache/DDC.ddp not found, will not use a pak cache.
[2015.03.22-20.37.19:714][  0]LogDerivedDataCache: Unable to find inner node Pak for hierarchical cache Hierarchy.
[2015.03.22-20.37.19:825][  0]LogDerivedDataCache:Display: Pak cache opened for reading ../../../Engine/DerivedDataCache/DDC.ddp.
[2015.03.22-20.37.19:839][  0]LogDerivedDataCache: Using Local data cache path C:/Users/Miryam/AppData/Local/UnrealEngine/Common/DerivedDataCache: Writable
[2015.03.22-20.37.20:131][  0]LogCollisionProfile:Warning: Profile (UI) - Custom Channel Name = 'Weapon' hasn't been found
[2015.03.22-20.37.20:495][  0]LogMeshUtilities: No automatic mesh reduction module available
[2015.03.22-20.37.20:495][  0]LogMeshUtilities: No automatic mesh merging module available
[2015.03.22-20.37.21:244][  0]LogInit: WinSock: version 1.1 (2.2), MaxSocks=32767, MaxUdp=65467
[2015.03.22-20.37.21:425][  0]LogSlate:Warning: Failed to load font data from '../../../Engine/Content/Slate/Fonts/Roboto-Italic.ttf'
[2015.03.22-20.37.23:409][  0]UdpMessaging: Initializing bridge on interface 0.0.0.0:0 to multicast group 230.0.0.1:6666.
[2015.03.22-20.37.23:817][  0]LogDirectoryWatcher:Warning: Failed to begin reading directory changes for C:/Users/Miryam/Documents/Unreal Projects/MyProject/Binaries/Win64. Error: 0
[2015.03.22-20.37.24:186][  0]SourceControl: Información El control de código fuente está desactivado
[2015.03.22-20.37.24:186][  0]SourceControl: Información El control de código fuente está desactivado
[2015.03.22-20.37.24:210][  0]SourceControl: Información El control de código fuente está desactivado
[2015.03.22-20.37.24:575][  0]LogObj: 23754 objects as part of root set at end of initial load.
[2015.03.22-20.37.24:575][  0]LogUObjectAllocator: 5168136 out of 0 bytes used by permanent object pool.
[2015.03.22-20.37.24:686][  0]LogEngine: Initializing Engine...
[2015.03.22-20.37.24:948][  0]LogInit: XAudio2 using 'Altavoces (Realtek High Definition Audio)' : 2 channels at 48 kHz using 32 bits per sample (channel mask 0x3)
[2015.03.22-20.37.24:966][  0]LogInit: FAudioDevice initialized.
[2015.03.22-20.37.25:023][  0]LogAIModule: Creating AISystem for world NewWorld
[2015.03.22-20.37.25:059][  0]LogDerivedDataCache: Saved boot cache 0.04s 39MB C:/Users/Miryam/AppData/Local/UnrealEngine/4.6/DerivedDataCache/Boot.ddc.
[2015.03.22-20.37.25:064][  0]LogInit: Texture streaming: Enabled
[2015.03.22-20.37.25:146][  0]LogAnalytics: Creating configured Analytics provider AnalyticsET
[2015.03.22-20.37.25:146][  0]LogAnalytics: ET APIKey = Rocket.Release. APIServer = http://et2.epicgames.com/ET2/. AppVersion = 4.6.1-2386410+++depot+UE4-Releases+4.6
[2015.03.22-20.37.25:148][  0]LogAnalytics: SetUserId cc2da9029b1435b39fd32981c4d04f44
[2015.03.22-20.37.25:148][  0]LogAnalytics: AnalyticsET::StartSession [Rocket.Release]
[2015.03.22-20.37.25:232][  0]LogInit: Transaction tracking system initialized
[2015.03.22-20.37.25:616][  0]BlueprintLog: New page: Cargar el editor
[2015.03.22-20.37.25:704][  0]LogAssetRegistry: FAssetRegistry took 0.0107 seconds to start up
[2015.03.22-20.37.25:705][  0]LogDirectoryWatcher:Warning: Failed to begin reading directory changes for ../../../Engine/Plugins/Experimental/CharacterAI/Content/. Error: 0
[2015.03.22-20.37.27:086][  0]LogTargetPlatformManager:Display: Building Assets For Windows
[2015.03.22-20.37.28:104][  0]LogTargetPlatformManager:Display: Building Assets For Windows
[2015.03.22-20.37.28:682][  0]LogConsoleResponse:Display: 
[2015.03.22-20.37.28:790][  0]LogLinker:Warning: Asset '../../../Engine/Content/Functions/Engine_MaterialFunctions03/Procedurals/ComputeFilterWidth.uasset' has been saved with empty engine version. The asset will be loaded but may be incompatible.
[2015.03.22-20.37.29:274][  0]SourceControl: Información El control de código fuente está desactivado
[2015.03.22-20.37.29:274][  0]Cmd: MAP LOAD FILE="../../../../../../Users/Miryam/Documents/Unreal Projects/MyProject/Content/Maps/Example_Map.umap" TEMPLATE=0 SHOWPROGRESS=1
[2015.03.22-20.37.29:285][  0]LightingResults: New page: Diseñar la iluminación
[2015.03.22-20.37.29:313][  0]MapCheck: New page: Revisión del mapa
[2015.03.22-20.37.29:313][  0]LightingResults: New page: Diseñar la iluminación
[2015.03.22-20.37.29:336][  0]LogParticles: Destroying 0 GPU particle simulations for FXSystem 0x000000EF37A8F600
[2015.03.22-20.37.30:070][  0]LogEditorServer: Finished looking for orphan Actors (0.000 secs)
[2015.03.22-20.37.30:070][  0]LogAIModule: Creating AISystem for world Example_Map
[2015.03.22-20.37.30:071][  0]Cmd: MAP CHECKDEP
[2015.03.22-20.37.30:072][  0]MapCheck: New page: Example_Map - 22/03/2015 08:37:30
[2015.03.22-20.37.30:402][  0]MapCheck: Información Map check complete: 0 Error(s), 0 Warning(s), took 330.266ms to complete.
[2015.03.22-20.37.30:402][  0]LogFileHelpers: Loading map 'Example_Map' took 1.128
[2015.03.22-20.37.30:532][  0]LogCollectionManager: Loaded 0 collections in 0.003425 seconds
[2015.03.22-20.37.30:783][  0]LogCrashTracker: Crashtracker disabled due to settings.
[2015.03.22-20.37.30:798][  0]LogUObjectGlobals:Warning: Error al encontrar el objeto 'Class Ninguno.'
[2015.03.22-20.37.30:832][  0]LogLoad: Full Startup: 27.46 seconds (BP compile: 0.08 seconds)
[2015.03.22-20.37.31:179][  0]LogContentBrowser:Verbose: The content browser source was changed by the sources view to '/Game/StarterContent/Materials'
[2015.03.22-20.37.31:391][  0]LogRenderer:Warning: Reallocating scene render targets to support 808x592.
[2015.03.22-20.37.34:193][  8]LogAssetRegistry: Asset discovery search completed in 8.5004 seconds
[2015.03.22-20.38.16:978][304]Cmd: MAP LOAD FILE="../../../../../../Users/Miryam/Documents/Unreal Projects/MyProject/Content/Maps/NivelCasa.umap" TEMPLATE=0 SHOWPROGRESS=1
[2015.03.22-20.38.16:990][304]LightingResults: New page: Diseñar la iluminación
[2015.03.22-20.38.17:078][304]LoadErrors: New page: Cargando mapa: NivelCasa.umap
[2015.03.22-20.38.17:079][304]MapCheck: New page: Revisión del mapa
[2015.03.22-20.38.17:080][304]LightingResults: New page: Diseñar la iluminación
[2015.03.22-20.38.17:114][304]LogParticles: Destroying 0 GPU particle simulations for FXSystem 0x000000EF2D2DAAC0
[2015.03.22-20.38.22:248][304]LogEditorServer: Finished looking for orphan Actors (0.000 secs)
[2015.03.22-20.38.22:248][304]LogAIModule: Creating AISystem for world NivelCasa
[2015.03.22-20.38.22:342][304]Cmd: MAP CHECKDEP
[2015.03.22-20.38.22:343][304]MapCheck: New page: NivelCasa - 22/03/2015 08:38:22
[2015.03.22-20.38.22:818][304]MapCheck: Información Map check complete: 0 Error(s), 0 Warning(s), took 475.239ms to complete.
[2015.03.22-20.38.22:818][304]LogFileHelpers: Loading map 'NivelCasa' took 5.842
[2015.03.22-20.46.20:902][289]BlueprintLog: New page: Volver a compilar automáticamente la reproducción en el editor (PIE) anterior
[2015.03.22-20.46.20:902][289]LogPlayLevel: [PIE] Compiling NivelCasa before PIE...
[2015.03.22-20.46.21:215][289]LogPlayLevel: PIE:  Blueprint regeneration took 313 ms (1 blueprints)
[2015.03.22-20.46.21:215][289]PIE: New page: Sesión PIE (reproducción en el editor): NivelCasa (22/03/2015 08:46:21)
[2015.03.22-20.46.21:249][289]LogPlayLevel: PIE: StaticDuplicateObject took: (0.033272s)
[2015.03.22-20.46.21:250][289]LogPlayLevel: PIE: World Init took: (0.000828s)
[2015.03.22-20.46.21:250][289]LogPlayLevel: PIE: Created PIE world by copying editor world from /Game/Maps/NivelCasa.NivelCasa to /Game/Maps/UEDPIE_0_NivelCasa.NivelCasa (0.034376s)
[2015.03.22-20.46.21:712][289]LogLinker:Warning: Asset '../../../../../../Users/Miryam/Documents/Unreal Projects/MyProject/Content/Blueprints/MyProjectile.uasset' has been saved with empty engine version. The asset will be loaded but may be incompatible.
[2015.03.22-20.46.22:100][289]LogAnimation:Warning: UAnimMontage::PostLoad: The actual sequence length for montage FPP_Fire_Montage does not match the length stored in the asset, please resave the montage asset.
[2015.03.22-20.46.22:112][289]BlueprintLog:Warning: Aviso El Blueprint MyHUD se ha migrado y necesita volver a guardarse para evitar errores de importación
[2015.03.22-20.46.22:114][289]BlueprintLog:Warning: Aviso El Blueprint MyGame se ha migrado y necesita volver a guardarse para evitar errores de importación
[2015.03.22-20.46.22:119][289]LogWorld: Game class is 'MyGame_C'
[2015.03.22-20.46.22:122][289]LogAIModule: Creating AISystem for world NivelCasa
[2015.03.22-20.46.22:167][289]LogWorld: Bringing World /Game/Maps/UEDPIE_0_NivelCasa.NivelCasa up for play (max tick rate 60) at 2015.03.22-14.46.22
[2015.03.22-20.46.22:169][289]LogWorld: Bringing up level for play took: 0.046284
[2015.03.22-20.46.22:172][289]PIE: Información Tiempo de inicio de la reproducción en el editor para  /Game/Maps/UEDPIE_0_NivelCasa 1.78
[2015.03.22-20.46.22:341][290]LogCharacterMovement:Warning: GetSimulationTimeStep() - Max iterations 8 hit while remaining time 0.079143 > MaxSimulationTimeStep (0.050) for 'MyCharacter_C_0'
[2015.03.22-20.48.16:228][728]LogParticles: Destroying 0 GPU particle simulations for FXSystem 0x000000EF31362020
[2015.03.22-20.48.18:724][810]LogEditorViewport: Clicking on Actor (LMB): StaticMeshActor (Monster)
[2015.03.22-20.48.18:744][810]LogPropertyNode:Warning: UI Min (0.001) >= UI Max () for Ranged Numeric
[2015.03.22-20.48.29:662][160]LogContentBrowser:Verbose: The content browser source was changed by the sources view to '/Game/StarterContent/HDRI'
[2015.03.22-20.48.43:253][770]LogContentBrowser:Verbose: The content browser source was changed by the sources view to '/Game/StarterContent/Materials'
[2015.03.22-20.48.50:298][ 68]LogContentBrowser:Verbose: The content browser source was changed by the sources view to '/Game/StarterContent/Blueprints'
[2015.03.22-20.48.52:971][136]LogContentBrowser:Verbose: The content browser source was changed by the sources view to '/Game/StarterContent/Blueprints/Assets'
[2015.03.22-20.48.58:661][318]LogContentBrowser:Verbose: The content browser source was changed by the sources view to '/Game/StarterContent/Blueprints'
[2015.03.22-20.49.12:024][676]LogRenderer:Warning: Reallocating scene render targets to support 944x592.
[2015.03.22-20.49.21:462][884]LogContentBrowser:Verbose: The content browser source was changed by the sources view to '/Game/Character'
[2015.03.22-20.49.24:741][960]LogContentBrowser:Verbose: The content browser source was changed by the sources view to '/Game/Character/Clase'
[2015.03.22-20.49.33:835][277]LogRenderer:Warning: Reallocating scene render targets to support 1016x592.
[2015.03.22-20.49.55:876][913]LogEditorViewport: Clicking on Actor (LMB): DestructibleActor (Monster_DM)
[2015.03.22-20.50.05:978][282]LogPropertyNode:Warning: UI Min (0) >= UI Max () for Ranged Numeric
[2015.03.22-20.50.05:981][282]LogPropertyNode:Warning: UI Min (0) >= UI Max () for Ranged Numeric
[2015.03.22-20.50.05:991][282]LogPropertyNode:Warning: UI Min (1) >= UI Max () for Ranged Numeric
[2015.03.22-20.50.20:648][663]LogPropertyNode:Warning: UI Min (0) >= UI Max () for Ranged Numeric
[2015.03.22-20.50.21:805][705]LogPropertyNode:Warning: UI Min (0) >= UI Max () for Ranged Numeric
[2015.03.22-20.50.21:993][710]LogPropertyNode:Warning: UI Min (0) >= UI Max () for Ranged Numeric
[2015.03.22-20.50.22:059][712]LogPropertyNode:Warning: UI Min (0) >= UI Max () for Ranged Numeric
[2015.03.22-20.50.39:436][182]Cmd: CLOSE_SLATE_MAINFRAME
[2015.03.22-20.50.39:497][182]LogParticles: Destroying 0 GPU particle simulations for FXSystem 0x000000EF44F3CC20
[2015.03.22-20.50.39:498][182]LogParticles: Destroying 0 GPU particle simulations for FXSystem 0x000000EF468ED8A0
[2015.03.22-20.50.39:498][182]LogParticles: Destroying 0 GPU particle simulations for FXSystem 0x000000EF46B3AF20
[2015.03.22-20.50.40:505][183]Cmd: QUIT_EDITOR
[2015.03.22-20.50.41:799][183]LogExit: Preparing to exit.
[2015.03.22-20.50.43:093][183]LogExit: Editor shut down
[2015.03.22-20.50.43:094][183]LogExit: Transaction tracking system shut down
[2015.03.22-20.50.43:095][183]LogParticles: Destroying 0 GPU particle simulations for FXSystem 0x000000EF403642C0
[2015.03.22-20.50.43:097][183]LogParticles: Destroying 0 GPU particle simulations for FXSystem 0x000000EF4023E700
[2015.03.22-20.50.43:100][183]LogParticles: Destroying 0 GPU particle simulations for FXSystem 0x000000EF2BE865C0
[2015.03.22-20.50.43:100][183]LogParticles: Destroying 0 GPU particle simulations for FXSystem 0x000000EF3EDB1120
[2015.03.22-20.50.43:102][183]LogParticles: Destroying 0 GPU particle simulations for FXSystem 0x000000EF4AAC8CC0
[2015.03.22-20.50.43:102][183]LogParticles: Destroying 0 GPU particle simulations for FXSystem 0x000000EF2BE92520
[2015.03.22-20.50.43:235][183]LogExit: Object subsystem successfully closed.
[2015.03.22-20.50.43:502][183]LogModuleManager: Shutting down and abandoning module DestructibleMeshEditor (174)
[2015.03.22-20.50.43:502][183]LogModuleManager: Shutting down and abandoning module StaticMeshEditor (173)
[2015.03.22-20.50.43:502][183]LogModuleManager: Shutting down and abandoning module AndroidDeviceDetection (172)
[2015.03.22-20.50.43:502][183]LogModuleManager: Shutting down and abandoning module CrashTracker (171)
[2015.03.22-20.50.43:502][183]LogModuleManager: Shutting down and abandoning module SuperSearch (170)
[2015.03.22-20.50.43:502][183]LogModuleManager: Shutting down and abandoning module SceneOutliner (169)
[2015.03.22-20.50.43:502][183]LogModuleManager: Shutting down and abandoning module EditorWidgets (168)
[2015.03.22-20.50.43:502][183]LogModuleManager: Shutting down and abandoning module CollectionManager (167)
[2015.03.22-20.50.43:502][183]LogModuleManager: Shutting down and abandoning module StatsViewer (166)
[2015.03.22-20.50.43:502][183]LogModuleManager: Shutting down and abandoning module FoliageEdit (165)
[2015.03.22-20.50.43:502][183]LogModuleManager: Shutting down and abandoning module LandscapeEditor (164)
[2015.03.22-20.50.43:502][183]LogModuleManager: Shutting down and abandoning module MeshPaint (163)
[2015.03.22-20.50.43:502][183]LogModuleManager: Shutting down and abandoning module ActorPickerMode (162)
[2015.03.22-20.50.43:502][183]LogModuleManager: Shutting down and abandoning module GeometryMode (161)
[2015.03.22-20.50.43:502][183]LogModuleManager: Shutting down and abandoning module TextureAlignMode (160)
[2015.03.22-20.50.43:502][183]LogModuleManager: Shutting down and abandoning module BspMode (159)
[2015.03.22-20.50.43:502][183]LogModuleManager: Shutting down and abandoning module PlacementMode (158)
[2015.03.22-20.50.43:502][183]LogModuleManager: Shutting down and abandoning module AutomationWorker (157)
[2015.03.22-20.50.43:503][183]LogModuleManager: Shutting down and abandoning module CharacterAI (156)
[2015.03.22-20.50.43:503][183]LogModuleManager: Shutting down and abandoning module GameProjectGeneration (155)
[2015.03.22-20.50.43:503][183]LogModuleManager: Shutting down and abandoning module IntroTutorials (154)
[2015.03.22-20.50.43:503][183]LogModuleManager: Shutting down and abandoning module EditorLiveStreaming (153)
[2015.03.22-20.50.43:503][183]LogModuleManager: Shutting down and abandoning module HardwareTargeting (152)
[2015.03.22-20.50.43:503][183]LogModuleManager: Shutting down and abandoning module DeviceProfileEditor (151)
[2015.03.22-20.50.43:503][183]LogModuleManager: Shutting down and abandoning module UndoHistory (150)
[2015.03.22-20.50.43:503][183]LogModuleManager: Shutting down and abandoning module GameplayTagsEditor (149)
[2015.03.22-20.50.43:503][183]LogModuleManager: Shutting down and abandoning module UserFeedback (148)
[2015.03.22-20.50.43:503][183]LogModuleManager: Shutting down and abandoning module XmlParser (147)
[2015.03.22-20.50.43:503][183]LogModuleManager: Shutting down and abandoning module Blutility (146)
[2015.03.22-20.50.43:503][183]LogModuleManager: Shutting down and abandoning module IOSPlatformEditor (145)
[2015.03.22-20.50.43:503][183]LogModuleManager: Shutting down and abandoning module IOSRuntimeSettings (144)
[2015.03.22-20.50.43:503][183]LogModuleManager: Shutting down and abandoning module AndroidPlatformEditor (143)
[2015.03.22-20.50.43:503][183]LogModuleManager: Shutting down and abandoning module AndroidRuntimeSettings (142)
[2015.03.22-20.50.43:503][183]LogModuleManager: Shutting down and abandoning module ProjectTargetPlatformEditor (141)
[2015.03.22-20.50.43:503][183]LogModuleManager: Shutting down and abandoning module ProjectSettingsViewer (140)
[2015.03.22-20.50.43:503][183]LogModuleManager: Shutting down and abandoning module InputBindingEditor (139)
[2015.03.22-20.50.43:503][183]LogModuleManager: Shutting down and abandoning module EditorSettingsViewer (138)
[2015.03.22-20.50.43:503][183]LogModuleManager: Shutting down and abandoning module SettingsEditor (137)
[2015.03.22-20.50.43:503][183]LogModuleManager: Shutting down and abandoning module ProjectLauncher (136)
[2015.03.22-20.50.43:504][183]LogModuleManager: Shutting down and abandoning module SessionFrontend (135)
[2015.03.22-20.50.43:504][183]LogModuleManager: Shutting down and abandoning module ProfilerClient (134)
[2015.03.22-20.50.43:504][183]LogModuleManager: Shutting down and abandoning module TargetDeviceServices (133)
[2015.03.22-20.50.43:504][183]LogModuleManager: Shutting down and abandoning module DeviceManager (132)
[2015.03.22-20.50.43:504][183]LogModuleManager: Shutting down and abandoning module AutomationController (131)
[2015.03.22-20.50.43:504][183]LogModuleManager: Shutting down and abandoning module AutomationWindow (130)
[2015.03.22-20.50.43:504][183]LogModuleManager: Shutting down and abandoning module Layers (129)
[2015.03.22-20.50.43:504][183]LogModuleManager: Shutting down and abandoning module ComponentVisualizers (128)
[2015.03.22-20.50.43:504][183]LogModuleManager: Shutting down and abandoning module DetailCustomizations (127)
[2015.03.22-20.50.43:504][183]LogModuleManager: Shutting down and abandoning module PackagesDialog (126)
[2015.03.22-20.50.43:504][183]LogModuleManager: Shutting down and abandoning module AssetRegistry (125)
[2015.03.22-20.50.43:611][183]LogModuleManager: Shutting down and abandoning module Persona (124)
[2015.03.22-20.50.43:611][183]LogModuleManager: Shutting down and abandoning module Kismet (123)
[2015.03.22-20.50.43:611][183]LogModuleManager: Shutting down and abandoning module GraphEditor (122)
[2015.03.22-20.50.43:611][183]LogModuleManager: Shutting down and abandoning module ClassViewer (121)
[2015.03.22-20.50.43:611][183]LogModuleManager: Shutting down and abandoning module Toolbox (120)
[2015.03.22-20.50.43:611][183]LogModuleManager: Shutting down and abandoning module ModuleUI (119)
[2015.03.22-20.50.43:611][183]LogModuleManager: Shutting down and abandoning module MovieSceneTools (118)
[2015.03.22-20.50.43:611][183]LogModuleManager: Shutting down and abandoning module OutputLog (117)
[2015.03.22-20.50.43:611][183]LogModuleManager: Shutting down and abandoning module GammaUI (116)
[2015.03.22-20.50.43:611][183]LogModuleManager: Shutting down and abandoning module Documentation (115)
[2015.03.22-20.50.43:611][183]LogModuleManager: Shutting down and abandoning module GameLiveStreaming (114)
[2015.03.22-20.50.43:611][183]LogModuleManager: Shutting down and abandoning module StreamingPauseRendering (113)
[2015.03.22-20.50.43:611][183]LogModuleManager: Shutting down and abandoning module HTTP (112)
[2015.03.22-20.50.43:611][183]LogModuleManager: Shutting down and abandoning module AnalyticsET (111)
[2015.03.22-20.50.43:611][183]LogModuleManager: Shutting down and abandoning module Analytics (110)
[2015.03.22-20.50.43:611][183]LogModuleManager: Shutting down and abandoning module AITestSuite (109)
[2015.03.22-20.50.43:611][183]LogModuleManager: Shutting down and abandoning module AIModule (108)
[2015.03.22-20.50.43:611][183]LogModuleManager: Shutting down and abandoning module ProfilerService (107)
[2015.03.22-20.50.43:623][183]LogModuleManager: Shutting down and abandoning module TaskGraph (106)
[2015.03.22-20.50.43:623][183]LogModuleManager: Shutting down and abandoning module GameplayDebugger (105)
[2015.03.22-20.50.43:623][183]LogModuleManager: Shutting down and abandoning module SlateRemote (104)
[2015.03.22-20.50.43:623][183]LogModuleManager: Shutting down and abandoning module ScriptEditorPlugin (103)
[2015.03.22-20.50.43:623][183]LogModuleManager: Shutting down and abandoning module CustomMeshComponent (102)
[2015.03.22-20.50.43:623][183]LogModuleManager: Shutting down and abandoning module CableComponent (101)
[2015.03.22-20.50.43:623][183]LogModuleManager: Shutting down and abandoning module MessagingDebugger (100)
[2015.03.22-20.50.43:623][183]LogModuleManager: Shutting down and abandoning module MediaPlayerEditor (99)
[2015.03.22-20.50.43:623][183]LogModuleManager: Shutting down and abandoning module SpeedTreeImporter (98)
[2015.03.22-20.50.43:623][183]LogModuleManager: Shutting down and abandoning module PluginsEditor (97)
[2015.03.22-20.50.43:624][183]LogModuleManager: Shutting down and abandoning module EpicSurvey (96)
[2015.03.22-20.50.43:624][183]LogModuleManager: Shutting down and abandoning module DesktopPlatform (95)
[2015.03.22-20.50.43:624][183]LogModuleManager: Shutting down and abandoning module VisualStudioSourceCodeAccess (94)
[2015.03.22-20.50.43:624][183]LogModuleManager: Shutting down and abandoning module UObjectPlugin (93)
[2015.03.22-20.50.43:624][183]LogModuleManager: Shutting down and abandoning module SubversionSourceControl (92)
[2015.03.22-20.50.43:624][183]LogModuleManager: Shutting down and abandoning module SourceControl (91)
[2015.03.22-20.50.43:624][183]LogModuleManager: Shutting down and abandoning module PerforceSourceControl (90)
[2015.03.22-20.50.43:624][183]LogModuleManager: Shutting down and abandoning module BlankPlugin (89)
[2015.03.22-20.50.43:624][183]LogModuleManager: Shutting down and abandoning module SlateReflector (88)
[2015.03.22-20.50.43:624][183]LogModuleManager: Shutting down and abandoning module DirectoryWatcher (87)
[2015.03.22-20.50.43:624][183]LogModuleManager: Shutting down and abandoning module HotReload (86)
[2015.03.22-20.50.43:624][183]LogModuleManager: Shutting down and abandoning module MainFrame (85)
[2015.03.22-20.50.43:624][183]LogModuleManager: Shutting down and abandoning module LevelEditor (84)
[2015.03.22-20.50.43:626][183]LogModuleManager: Shutting down and abandoning module ViewportSnapping (83)
[2015.03.22-20.50.43:626][183]LogModuleManager: Shutting down and abandoning module SmartSnapping (82)
[2015.03.22-20.50.43:626][183]LogModuleManager: Shutting down and abandoning module PaperTiledImporter (81)
[2015.03.22-20.50.43:626][183]LogModuleManager: Shutting down and abandoning module PaperJsonImporter (80)
[2015.03.22-20.50.43:626][183]LogModuleManager: Shutting down and abandoning module ContentBrowser (79)
[2015.03.22-20.50.43:626][183]LogModuleManager: Shutting down and abandoning module Paper2DEditor (78)
[2015.03.22-20.50.43:626][183]LogModuleManager: Shutting down and abandoning module ScriptPlugin (77)
[2015.03.22-20.50.43:626][183]LogModuleManager: Shutting down and abandoning module UdpMessaging (76)
[2015.03.22-20.50.43:727][183]LogModuleManager: Shutting down and abandoning module Paper2D (75)
[2015.03.22-20.50.43:727][183]LogModuleManager: Shutting down and abandoning module UE4Game (74)
[2015.03.22-20.50.43:727][183]LogModuleManager: Shutting down and abandoning module WindowsMoviePlayer (73)
[2015.03.22-20.50.43:731][183]LogModuleManager: Shutting down and abandoning module Media (72)
[2015.03.22-20.50.43:731][183]LogModuleManager: Shutting down and abandoning module WmfMedia (71)
[2015.03.22-20.50.43:731][183]LogModuleManager: Shutting down and abandoning module OnlineBlueprintSupport (70)
[2015.03.22-20.50.43:732][183]LogModuleManager: Shutting down and abandoning module PropertyEditor (69)
[2015.03.22-20.50.43:732][183]LogModuleManager: Shutting down and abandoning module BehaviorTreeEditor (68)
[2015.03.22-20.50.43:732][183]LogModuleManager: Shutting down and abandoning module FunctionalTesting (67)
[2015.03.22-20.50.43:732][183]LogModuleManager: Shutting down and abandoning module CollisionAnalyzer (66)
[2015.03.22-20.50.43:732][183]LogModuleManager: Shutting down and abandoning module WorkspaceMenuStructure (65)
[2015.03.22-20.50.43:732][183]LogModuleManager: Shutting down and abandoning module MessageLog (64)
[2015.03.22-20.50.43:732][183]LogModuleManager: Shutting down and abandoning module Sequencer (63)
[2015.03.22-20.50.43:732][183]LogModuleManager: Shutting down and abandoning module AssetTools (62)
[2015.03.22-20.50.43:732][183]LogModuleManager: Shutting down and abandoning module UMGEditor (61)
[2015.03.22-20.50.43:732][183]LogModuleManager: Shutting down and abandoning module UMG (60)
[2015.03.22-20.50.43:732][183]LogModuleManager: Shutting down and abandoning module Slate (59)
[2015.03.22-20.50.43:732][183]LogModuleManager: Shutting down and abandoning module EditorStyle (58)
[2015.03.22-20.50.43:746][183]LogModuleManager: Shutting down and abandoning module SessionServices (57)
[2015.03.22-20.50.43:746][183]LogModuleManager: Shutting down and abandoning module SourceCodeAccess (56)
[2015.03.22-20.50.43:746][183]LogModuleManager: Shutting down and abandoning module HeadMountedDisplay (55)
[2015.03.22-20.50.43:746][183]LogModuleManager: Shutting down and abandoning module XAudio2 (54)
[2015.03.22-20.50.43:746][183]LogModuleManager: Shutting down and abandoning module Networking (52)
[2015.03.22-20.50.43:746][183]LogModuleManager: Shutting down and abandoning module Core (51)
[2015.03.22-20.50.43:746][183]LogModuleManager: Shutting down and abandoning module KismetCompiler (50)
[2015.03.22-20.50.43:747][183]LogModuleManager: Shutting down and abandoning module PhysXFormats (49)
[2015.03.22-20.50.43:747][183]LogModuleManager: Shutting down and abandoning module MeshUtilities (48)
[2015.03.22-20.50.43:747][183]LogModuleManager: Shutting down and abandoning module DerivedDataCache (47)
[2015.03.22-20.50.43:812][183]LogDerivedDataCache: Shutdown
[2015.03.22-20.50.43:812][183]LogModuleManager: Shutting down and abandoning module ShaderFormatOpenGL (46)
[2015.03.22-20.50.43:812][183]LogModuleManager: Shutting down and abandoning module ShaderFormatD3D (45)
[2015.03.22-20.50.43:812][183]LogModuleManager: Shutting down and abandoning module MetalShaderFormat (44)
[2015.03.22-20.50.43:812][183]LogModuleManager: Shutting down and abandoning module TextureFormatUncompressed (43)
[2015.03.22-20.50.43:812][183]LogModuleManager: Shutting down and abandoning module TextureFormatPVR (42)
[2015.03.22-20.50.43:812][183]LogModuleManager: Shutting down and abandoning module TextureFormatDXT (41)
[2015.03.22-20.50.43:812][183]LogModuleManager: Shutting down and abandoning module TextureFormatAndroid (40)
[2015.03.22-20.50.43:812][183]LogModuleManager: Shutting down and abandoning module AudioFormatOpus (39)
[2015.03.22-20.50.43:812][183]LogModuleManager: Shutting down and abandoning module AudioFormatOgg (38)
[2015.03.22-20.50.43:812][183]LogModuleManager: Shutting down and abandoning module AudioFormatADPCM (37)
[2015.03.22-20.50.43:812][183]LogModuleManager: Shutting down and abandoning module LinuxTargetPlatform (36)
[2015.03.22-20.50.43:812][183]LogModuleManager: Shutting down and abandoning module LinuxServerTargetPlatform (35)
[2015.03.22-20.50.43:812][183]LogModuleManager: Shutting down and abandoning module LinuxNoEditorTargetPlatform (34)
[2015.03.22-20.50.43:812][183]LogModuleManager: Shutting down and abandoning module Messaging (33)
[2015.03.22-20.50.43:812][183]LogModuleManager: Shutting down and abandoning module IOSTargetPlatform (32)
[2015.03.22-20.50.43:812][183]LogModuleManager: Shutting down and abandoning module Android_PVRTCTargetPlatform (31)
[2015.03.22-20.50.43:812][183]LogModuleManager: Shutting down and abandoning module Android_ETC2TargetPlatform (30)
[2015.03.22-20.50.43:812][183]LogModuleManager: Shutting down and abandoning module Android_ETC1TargetPlatform (29)
[2015.03.22-20.50.43:812][183]LogModuleManager: Shutting down and abandoning module Android_DXTTargetPlatform (28)
[2015.03.22-20.50.43:812][183]LogModuleManager: Shutting down and abandoning module Android_ATCTargetPlatform (27)
[2015.03.22-20.50.43:812][183]LogModuleManager: Shutting down and abandoning module AndroidTargetPlatform (26)
[2015.03.22-20.50.43:812][183]LogModuleManager: Shutting down and abandoning module WindowsTargetPlatform (25)
[2015.03.22-20.50.43:812][183]LogModuleManager: Shutting down and abandoning module WindowsServerTargetPlatform (24)
[2015.03.22-20.50.43:812][183]LogModuleManager: Shutting down and abandoning module WindowsNoEditorTargetPlatform (23)
[2015.03.22-20.50.43:812][183]LogModuleManager: Shutting down and abandoning module WindowsClientTargetPlatform (22)
[2015.03.22-20.50.43:812][183]LogModuleManager: Shutting down and abandoning module TargetPlatform (21)
[2015.03.22-20.50.43:812][183]LogModuleManager: Shutting down and abandoning module InputCore (20)
[2015.03.22-20.50.43:812][183]LogModuleManager: Shutting down and abandoning module Settings (19)
[2015.03.22-20.50.43:812][183]LogModuleManager: Shutting down and abandoning module ImageWrapper (18)
[2015.03.22-20.50.43:812][183]LogModuleManager: Shutting down and abandoning module OculusRift (15)
[2015.03.22-20.50.43:812][183]LogModuleManager: Shutting down and abandoning module ExampleDeviceProfileSelector (14)
[2015.03.22-20.50.43:812][183]LogModuleManager: Shutting down and abandoning module TextureCompressor (13)
[2015.03.22-20.50.43:812][183]LogModuleManager: Shutting down and abandoning module ShaderCore (12)
[2015.03.22-20.50.43:812][183]LogModuleManager: Shutting down and abandoning module Landscape (11)
[2015.03.22-20.50.43:812][183]LogModuleManager: Shutting down and abandoning module SlateRHIRenderer (10)
[2015.03.22-20.50.43:815][183]LogModuleManager: Shutting down and abandoning module OpenGLDrv (9)
[2015.03.22-20.50.43:815][183]LogModuleManager: Shutting down and abandoning module D3D11RHI (8)
[2015.03.22-20.50.43:815][183]LogModuleManager: Shutting down and abandoning module Renderer (7)
[2015.03.22-20.50.43:815][183]LogModuleManager: Shutting down and abandoning module Engine (6)
[2015.03.22-20.50.43:815][183]LogModuleManager: Shutting down and abandoning module CoreUObject (5)
[2015.03.22-20.50.43:815][183]LogModuleManager: Shutting down and abandoning module NetworkFile (4)
[2015.03.22-20.50.43:815][183]LogModuleManager: Shutting down and abandoning module StreamingFile (3)
[2015.03.22-20.50.43:815][183]LogModuleManager: Shutting down and abandoning module SandboxFile (2)
[2015.03.22-20.50.43:815][183]LogModuleManager: Shutting down and abandoning module PakFile (1)
[2015.03.22-20.50.43:815][183]LogExit: Exiting.
[2015.03.22-20.50.43:826][183]Log file closed, 03/22/15 14:50:43
