Log file open, 03/23/15 11:02:57
LogInit:Display: Running engine for game: MyProject
LogInit: Version: 4.6.1-2386410+++depot+UE4-Releases+4.6
LogInit: API Version: 2369412
LogInit: Compiled (64-bit): Dec 11 2014 21:31:39
LogInit: Compiled with Visual C++: 18.00.21005.01
LogInit: Build Configuration: Development
LogInit: Branch Name: ++depot+UE4-Releases+4.6
LogInit: Command line:  
LogInit: Base directory: C:/Program Files/Epic Games/4.6/Engine/Binaries/Win64/
LogInit: Rocket: 1
[2015.03.23-17.02.57:890][  0]LogTaskGraph: Started task graph with 3 named threads and 4 total threads.
[2015.03.23-17.02.57:988][  0]LogOnline:Warning: No default platform service specified for OnlineSubsystem
[2015.03.23-17.02.58:227][  0]LogInit: Presizing for 0 objects not considered by GC, pre-allocating 0 bytes.
[2015.03.23-17.02.58:256][  0]LogInit: Object subsystem initialized
[2015.03.23-17.02.58:263][  0]LogConsoleResponse:Warning: Skipping Unknown console variable: 'UIScaleRule = ShortestSide'
[2015.03.23-17.02.58:263][  0]LogConsoleResponse:Warning:   Found in ini file 'C:/Users/Miryam/Documents/Unreal Projects/MyProject/Saved/Config/Windows/Engine.ini', in section '[/Script/Engine.RendererSettings]'
[2015.03.23-17.02.58:263][  0]LogConsoleResponse:Warning: Skipping Unknown console variable: 'UIScaleCurve = (EditorCurveData=(Keys=),ExternalCurve=None)'
[2015.03.23-17.02.58:263][  0]LogConsoleResponse:Warning:   Found in ini file 'C:/Users/Miryam/Documents/Unreal Projects/MyProject/Saved/Config/Windows/Engine.ini', in section '[/Script/Engine.RendererSettings]'
[2015.03.23-17.02.58:264][  0]LogConsoleManager:Warning: Console variable 'r.MSAA.CompositingSampleCount' wasn't set (Priority ProjectSetting < Scalability)
[2015.03.23-17.02.58:265][  0]LogInit: Selected Device Profile: [Windows]
[2015.03.23-17.02.58:265][  0]LogInit: Applying CVar settings loaded from the selected device profile: [Windows]
[2015.03.23-17.02.58:298][  0]LogInit: Computer: MIEL
[2015.03.23-17.02.58:298][  0]LogInit: User: MieL
[2015.03.23-17.02.58:298][  0]LogInit: CPU Page size=4096, Cores=2
[2015.03.23-17.02.58:298][  0]LogInit: High frequency timer resolution =1.656323 MHz
[2015.03.23-17.02.58:298][  0]LogMemory: Memory total: Physical=5.9GB (6GB approx) Virtual=131072.0GB
[2015.03.23-17.02.58:299][  0]LogMemory: Platform Memory Stats for Windows
[2015.03.23-17.02.58:299][  0]LogMemory: Process Physical Memory: 47.93 MB used, 47.93 MB peak
[2015.03.23-17.02.58:299][  0]LogMemory: Process Virtual Memory: 23.97 MB used, 23.98 MB peak
[2015.03.23-17.02.58:299][  0]LogMemory: Physical Memory: 2291.07 MB used, 6024.27 MB total
[2015.03.23-17.02.58:299][  0]LogMemory: Virtual Memory: 270.13 MB used, 134217728.00 MB total
[2015.03.23-17.02.58:470][  0]LogD3D11RHI: Found D3D11 adapter 0: Intel(R) HD Graphics Family (Feature Level 11_0)
[2015.03.23-17.02.58:470][  0]LogD3D11RHI: Adapter has 32MB of dedicated video memory, 0MB of dedicated system memory, and 1760MB of shared system memory, 1 output[s]
[2015.03.23-17.02.58:473][  0]LogD3D11RHI: Found D3D11 adapter 1: Microsoft Basic Render Driver (Feature Level 11_0)
[2015.03.23-17.02.58:473][  0]LogD3D11RHI: Adapter has 0MB of dedicated video memory, 0MB of dedicated system memory, and 256MB of shared system memory, 0 output[s]
[2015.03.23-17.02.58:473][  0]LogD3D11RHI: Chosen D3D11 Adapter Id = 0
[2015.03.23-17.02.58:483][  0]LogRHI: Texture pool is 638 MB (70% of 912 MB)
[2015.03.23-17.02.58:496][  0]LogD3D11RHI: Async texture creation enabled
[2015.03.23-17.02.59:005][  0]LogTextLocalizationManager: The requested culture ('es_MX') has no localization data; parent culture's ('es') localization data will be used.
[2015.03.23-17.02.59:198][  0]LogContentStreaming: Texture pool size is 0.000000MB
[2015.03.23-17.03.16:675][  0]LogTargetPlatformManager:Display: Building Assets For Windows
[2015.03.23-17.03.18:693][  0]LogTargetPlatformManager:Display: Building Assets For Windows
[2015.03.23-17.03.18:856][  0]LogDerivedDataCache:Display: Max Cache Size: 512 MB
[2015.03.23-17.03.19:735][  0]LogDerivedDataCache: Loaded boot cache 0.88s 39MB C:/Users/Miryam/AppData/Local/UnrealEngine/4.6/DerivedDataCache/Boot.ddc.
[2015.03.23-17.03.19:735][  0]LogDerivedDataCache:Display: Loaded Boot cache: C:/Users/Miryam/AppData/Local/UnrealEngine/4.6/DerivedDataCache/Boot.ddc
[2015.03.23-17.03.19:736][  0]LogDerivedDataCache: FDerivedDataBackendGraph:  Pak pak cache file ../../../../../../Users/Miryam/Documents/Unreal Projects/MyProject/DerivedDataCache/DDC.ddp not found, will not use a pak cache.
[2015.03.23-17.03.19:736][  0]LogDerivedDataCache: Unable to find inner node Pak for hierarchical cache Hierarchy.
[2015.03.23-17.03.20:005][  0]LogDerivedDataCache:Display: Pak cache opened for reading ../../../Engine/DerivedDataCache/DDC.ddp.
[2015.03.23-17.03.20:020][  0]LogDerivedDataCache: Using Local data cache path C:/Users/Miryam/AppData/Local/UnrealEngine/Common/DerivedDataCache: Writable
[2015.03.23-17.03.20:487][  0]LogCollisionProfile:Warning: Profile (UI) - Custom Channel Name = 'Weapon' hasn't been found
[2015.03.23-17.03.21:003][  0]LogMeshUtilities: No automatic mesh reduction module available
[2015.03.23-17.03.21:003][  0]LogMeshUtilities: No automatic mesh merging module available
[2015.03.23-17.03.22:196][  0]LogInit: WinSock: version 1.1 (2.2), MaxSocks=32767, MaxUdp=65467
[2015.03.23-17.03.22:532][  0]LogSlate:Warning: Failed to load font data from '../../../Engine/Content/Slate/Fonts/Roboto-Italic.ttf'
[2015.03.23-17.03.32:946][  0]UdpMessaging: Initializing bridge on interface 0.0.0.0:0 to multicast group 230.0.0.1:6666.
[2015.03.23-17.03.34:523][  0]LogDirectoryWatcher:Warning: Failed to begin reading directory changes for C:/Users/Miryam/Documents/Unreal Projects/MyProject/Binaries/Win64. Error: 0
[2015.03.23-17.03.35:540][  0]SourceControl: Información El control de código fuente está desactivado
[2015.03.23-17.03.35:540][  0]SourceControl: Información El control de código fuente está desactivado
[2015.03.23-17.03.35:573][  0]SourceControl: Información El control de código fuente está desactivado
[2015.03.23-17.03.36:662][  0]LogObj: 23754 objects as part of root set at end of initial load.
[2015.03.23-17.03.36:662][  0]LogUObjectAllocator: 5168128 out of 0 bytes used by permanent object pool.
[2015.03.23-17.03.36:853][  0]LogEngine: Initializing Engine...
[2015.03.23-17.03.37:131][  0]LogInit: XAudio2 using 'Altavoces (Realtek High Definition Audio)' : 2 channels at 48 kHz using 32 bits per sample (channel mask 0x3)
[2015.03.23-17.03.37:607][  0]LogInit: FAudioDevice initialized.
[2015.03.23-17.03.37:702][  0]LogAIModule: Creating AISystem for world NewWorld
[2015.03.23-17.03.37:736][  0]LogDerivedDataCache: Saved boot cache 0.03s 39MB C:/Users/Miryam/AppData/Local/UnrealEngine/4.6/DerivedDataCache/Boot.ddc.
[2015.03.23-17.03.37:741][  0]LogInit: Texture streaming: Enabled
[2015.03.23-17.03.37:890][  0]LogAnalytics: Creating configured Analytics provider AnalyticsET
[2015.03.23-17.03.37:890][  0]LogAnalytics: ET APIKey = Rocket.Release. APIServer = http://et2.epicgames.com/ET2/. AppVersion = 4.6.1-2386410+++depot+UE4-Releases+4.6
[2015.03.23-17.03.37:892][  0]LogAnalytics: SetUserId cc2da9029b1435b39fd32981c4d04f44
[2015.03.23-17.03.37:892][  0]LogAnalytics: AnalyticsET::StartSession [Rocket.Release]
[2015.03.23-17.03.38:515][  0]LogInit: Transaction tracking system initialized
[2015.03.23-17.03.39:777][  0]BlueprintLog: New page: Cargar el editor
[2015.03.23-17.03.40:126][  0]LogAssetRegistry: FAssetRegistry took 0.0115 seconds to start up
[2015.03.23-17.03.40:128][  0]LogDirectoryWatcher:Warning: Failed to begin reading directory changes for ../../../Engine/Plugins/Experimental/CharacterAI/Content/. Error: 0
[2015.03.23-17.03.43:010][  0]LogTargetPlatformManager:Display: Building Assets For Windows
[2015.03.23-17.03.43:942][  0]LogTargetPlatformManager:Display: Building Assets For Windows
[2015.03.23-17.03.45:561][  0]LogConsoleResponse:Display: 
[2015.03.23-17.03.45:837][  0]LogLinker:Warning: Asset '../../../Engine/Content/Functions/Engine_MaterialFunctions03/Procedurals/ComputeFilterWidth.uasset' has been saved with empty engine version. The asset will be loaded but may be incompatible.
[2015.03.23-17.03.47:279][  0]SourceControl: Información El control de código fuente está desactivado
[2015.03.23-17.03.47:280][  0]Cmd: MAP LOAD FILE="../../../../../../Users/Miryam/Documents/Unreal Projects/MyProject/Content/Maps/Example_Map.umap" TEMPLATE=0 SHOWPROGRESS=1
[2015.03.23-17.03.47:317][  0]LightingResults: New page: Diseñar la iluminación
[2015.03.23-17.03.47:349][  0]MapCheck: New page: Revisión del mapa
[2015.03.23-17.03.47:349][  0]LightingResults: New page: Diseñar la iluminación
[2015.03.23-17.03.47:380][  0]LogParticles: Destroying 0 GPU particle simulations for FXSystem 0x0000009ABA183600
[2015.03.23-17.03.48:626][  0]LogEditorServer: Finished looking for orphan Actors (0.002 secs)
[2015.03.23-17.03.48:626][  0]LogAIModule: Creating AISystem for world Example_Map
[2015.03.23-17.03.48:627][  0]Cmd: MAP CHECKDEP
[2015.03.23-17.03.48:628][  0]MapCheck: New page: Example_Map - 23/03/2015 05:03:48
[2015.03.23-17.03.49:003][  0]MapCheck: Información Map check complete: 0 Error(s), 0 Warning(s), took 374.531ms to complete.
[2015.03.23-17.03.49:003][  0]LogFileHelpers: Loading map 'Example_Map' took 1.723
[2015.03.23-17.03.49:248][  0]LogCollectionManager: Loaded 0 collections in 0.005566 seconds
[2015.03.23-17.03.49:894][  0]LogCrashTracker: Crashtracker disabled due to settings.
[2015.03.23-17.03.49:912][  0]LogUObjectGlobals:Warning: Error al encontrar el objeto 'Class Ninguno.'
[2015.03.23-17.03.49:949][  0]LogLoad: Full Startup: 57.22 seconds (BP compile: 0.08 seconds)
[2015.03.23-17.03.50:302][  0]LogContentBrowser:Verbose: The content browser source was changed by the sources view to '/Game/Blueprints'
[2015.03.23-17.03.50:596][  0]LogRenderer:Warning: Reallocating scene render targets to support 736x592.
[2015.03.23-17.03.53:803][  9]LogAssetRegistry: Asset discovery search completed in 13.6886 seconds
[2015.03.23-17.04.26:339][250]Cmd: MAP LOAD FILE="../../../../../../Users/Miryam/Documents/Unreal Projects/MyProject/Content/Maps/Menu.umap" TEMPLATE=0 SHOWPROGRESS=1
[2015.03.23-17.04.26:357][250]LightingResults: New page: Diseñar la iluminación
[2015.03.23-17.04.26:458][250]LoadErrors: New page: Cargando mapa: Menu.umap
[2015.03.23-17.04.26:459][250]MapCheck: New page: Revisión del mapa
[2015.03.23-17.04.26:460][250]LightingResults: New page: Diseñar la iluminación
[2015.03.23-17.04.26:491][250]LogParticles: Destroying 0 GPU particle simulations for FXSystem 0x0000009AB3C9C900
[2015.03.23-17.04.27:245][250]LogEditorServer: Finished looking for orphan Actors (0.000 secs)
[2015.03.23-17.04.27:246][250]LogAIModule: Creating AISystem for world Menu
[2015.03.23-17.04.27:325][250]Cmd: MAP CHECKDEP
[2015.03.23-17.04.27:325][250]MapCheck: New page: Menu - 23/03/2015 05:04:27
[2015.03.23-17.04.27:639][250]MapCheck: Información Map check complete: 0 Error(s), 0 Warning(s), took 314.128ms to complete.
[2015.03.23-17.04.27:639][250]LogFileHelpers: Loading map 'Menu' took 1.304
[2015.03.23-17.04.30:800][394]BlueprintLog: New page: Volver a compilar automáticamente la reproducción en el editor (PIE) anterior
[2015.03.23-17.04.30:801][394]LogPlayLevel: [PIE] Compiling Menu before PIE...
[2015.03.23-17.04.31:069][394]LogPlayLevel: PIE:  Blueprint regeneration took 268 ms (1 blueprints)
[2015.03.23-17.04.31:069][394]PIE: New page: Sesión PIE (reproducción en el editor): Menu (23/03/2015 05:04:31)
[2015.03.23-17.04.31:072][394]LogPlayLevel: PIE: StaticDuplicateObject took: (0.003034s)
[2015.03.23-17.04.31:077][394]LogPlayLevel: PIE: World Init took: (0.004567s)
[2015.03.23-17.04.31:077][394]LogPlayLevel: PIE: Created PIE world by copying editor world from /Game/Maps/Menu.Menu to /Game/Maps/UEDPIE_0_Menu.Menu (0.008087s)
[2015.03.23-17.04.31:148][394]LogWorld: Game class is 'MM_GameMode_C'
[2015.03.23-17.04.31:150][394]LogAIModule: Creating AISystem for world Menu
[2015.03.23-17.04.31:152][394]LogWorld: Bringing World /Game/Maps/UEDPIE_0_Menu.Menu up for play (max tick rate 60) at 2015.03.23-11.04.31
[2015.03.23-17.04.31:153][394]LogWorld: Bringing up level for play took: 0.001566
[2015.03.23-17.04.31:162][394]PIE: Información Tiempo de inicio de la reproducción en el editor para  /Game/Maps/UEDPIE_0_Menu 0.806
[2015.03.23-17.04.45:287][ 57]LogPackageName: SearchForPackageOnDisk took   0.263s to resolve NivelCasa.umap
[2015.03.23-17.04.45:552][ 58]LogPackageName: SearchForPackageOnDisk took   0.251s to resolve NivelCasa.umap
[2015.03.23-17.04.45:552][ 58]LogNet: Browse: /Game/Maps/NivelCasa
[2015.03.23-17.04.45:552][ 58]LogLoad: LoadMap: /Game/Maps/NivelCasa
[2015.03.23-17.04.45:580][ 58]LogParticles: Destroying 0 GPU particle simulations for FXSystem 0x0000009AC5490720
[2015.03.23-17.04.45:580][ 58]Cmd: MEM
[2015.03.23-17.04.45:607][ 58]LogMemory: Platform Memory Stats for Windows
[2015.03.23-17.04.45:607][ 58]LogMemory: Process Physical Memory: 384.98 MB used, 403.13 MB peak
[2015.03.23-17.04.45:607][ 58]LogMemory: Process Virtual Memory: 365.27 MB used, 382.74 MB peak
[2015.03.23-17.04.45:607][ 58]LogMemory: Physical Memory: 2846.50 MB used, 6024.27 MB total
[2015.03.23-17.04.45:607][ 58]LogMemory: Virtual Memory: 951.05 MB used, 134217728.00 MB total
[2015.03.23-17.04.45:607][ 58]LogMemory: 
[2015.03.23-17.04.45:607][ 58]Allocator Stats for TBB: (not implemented)
[2015.03.23-17.04.53:736][ 58]LogAnimation:Warning: UAnimMontage::PostLoad: The actual sequence length for montage FPP_Fire_Montage does not match the length stored in the asset, please resave the montage asset.
[2015.03.23-17.04.53:863][ 58]BlueprintLog:Warning: Aviso El Blueprint MyHUD se ha migrado y necesita volver a guardarse para evitar errores de importación
[2015.03.23-17.04.53:868][ 58]BlueprintLog:Warning: Aviso El Blueprint MyGame se ha migrado y necesita volver a guardarse para evitar errores de importación
[2015.03.23-17.04.53:877][ 58]LogWorld: Game class is 'MyGame_C'
[2015.03.23-17.04.53:881][ 58]LogAIModule: Creating AISystem for world NivelCasa
[2015.03.23-17.04.53:996][ 58]LogWorld: Bringing World /Game/Maps/UEDPIE_0_NivelCasa.NivelCasa up for play (max tick rate 60) at 2015.03.23-11.04.53
[2015.03.23-17.04.54:009][ 58]LogWorld: Bringing up level for play took: 0.127219
[2015.03.23-17.04.54:009][ 58]LogGameMode: Warning - PATHS NOT DEFINED or NO PLAYERSTART with positive rating
[2015.03.23-17.05.04:498][489]LogActorComponent: UnregisterComponent: (/Engine/Transient.CharacterMovementComponent_0) Not registered. Aborting.
[2015.03.23-17.05.04:498][489]LogActorComponent: UnregisterComponent: (/Engine/Transient.ProjectileMovementComponent_0) Not registered. Aborting.
[2015.03.23-17.05.04:563][489]LogParticles: Destroying 0 GPU particle simulations for FXSystem 0x0000009AC2AD5260
[2015.03.23-17.05.05:707][541]BlueprintLog: New page: Volver a compilar automáticamente la reproducción en el editor (PIE) anterior
[2015.03.23-17.05.05:707][541]LogPlayLevel: [PIE] Compiling Menu before PIE...
[2015.03.23-17.05.05:807][541]LogPlayLevel: PIE:  Blueprint regeneration took 99 ms (1 blueprints)
[2015.03.23-17.05.05:807][541]PIE: New page: Sesión PIE (reproducción en el editor): Menu (23/03/2015 05:05:05)
[2015.03.23-17.05.05:810][541]LogPlayLevel: PIE: StaticDuplicateObject took: (0.002947s)
[2015.03.23-17.05.05:814][541]LogPlayLevel: PIE: World Init took: (0.003492s)
[2015.03.23-17.05.05:814][541]LogPlayLevel: PIE: Created PIE world by copying editor world from /Game/Maps/Menu.Menu to /Game/Maps/UEDPIE_0_Menu.Menu (0.006685s)
[2015.03.23-17.05.05:882][541]LogWorld: Game class is 'MM_GameMode_C'
[2015.03.23-17.05.05:884][541]LogAIModule: Creating AISystem for world Menu
[2015.03.23-17.05.05:885][541]LogWorld: Bringing World /Game/Maps/UEDPIE_0_Menu.Menu up for play (max tick rate 60) at 2015.03.23-11.05.05
[2015.03.23-17.05.05:885][541]LogWorld: Bringing up level for play took: 0.001194
[2015.03.23-17.05.05:893][541]PIE: Información Tiempo de inicio de la reproducción en el editor para  /Game/Maps/UEDPIE_0_Menu -0.462
[2015.03.23-17.05.10:944][772]LogPackageName: SearchForPackageOnDisk took   0.229s to resolve Example_Map.umap
[2015.03.23-17.05.11:189][773]LogPackageName: SearchForPackageOnDisk took   0.229s to resolve Example_Map.umap
[2015.03.23-17.05.11:189][773]LogNet: Browse: /Game/Maps/Example_Map
[2015.03.23-17.05.11:189][773]LogLoad: LoadMap: /Game/Maps/Example_Map
[2015.03.23-17.05.11:238][773]LogParticles: Destroying 0 GPU particle simulations for FXSystem 0x0000009AB1198540
[2015.03.23-17.05.11:238][773]Cmd: MEM
[2015.03.23-17.05.11:275][773]LogMemory: Platform Memory Stats for Windows
[2015.03.23-17.05.11:275][773]LogMemory: Process Physical Memory: 574.97 MB used, 591.48 MB peak
[2015.03.23-17.05.11:276][773]LogMemory: Process Virtual Memory: 552.93 MB used, 578.81 MB peak
[2015.03.23-17.05.11:276][773]LogMemory: Physical Memory: 3089.71 MB used, 6024.27 MB total
[2015.03.23-17.05.11:276][773]LogMemory: Virtual Memory: 1155.37 MB used, 134217728.00 MB total
[2015.03.23-17.05.11:276][773]LogMemory: 
[2015.03.23-17.05.11:276][773]Allocator Stats for TBB: (not implemented)
[2015.03.23-17.05.12:725][773]LogWorld: Game class is 'MyGame_C'
[2015.03.23-17.05.12:729][773]LogAIModule: Creating AISystem for world Example_Map
[2015.03.23-17.05.12:801][773]LogWorld: Bringing World /Game/Maps/UEDPIE_0_Example_Map.Example_Map up for play (max tick rate 60) at 2015.03.23-11.05.12
[2015.03.23-17.05.12:803][773]LogWorld: Bringing up level for play took: 0.073036
[2015.03.23-17.07.21:261][333]LogParticles: Destroying 0 GPU particle simulations for FXSystem 0x0000009AB119BC40
[2015.03.23-17.07.23:159][377]Cmd: QUIT_EDITOR
[2015.03.23-17.07.24:136][377]LogExit: Preparing to exit.
[2015.03.23-17.07.25:328][377]LogExit: Editor shut down
[2015.03.23-17.07.25:328][377]LogExit: Transaction tracking system shut down
[2015.03.23-17.07.25:331][377]LogParticles: Destroying 0 GPU particle simulations for FXSystem 0x0000009AB215EFC0
[2015.03.23-17.07.25:332][377]LogParticles: Destroying 0 GPU particle simulations for FXSystem 0x0000009AC556AFC0
[2015.03.23-17.07.25:333][377]LogParticles: Destroying 0 GPU particle simulations for FXSystem 0x0000009ACF0F5580
[2015.03.23-17.07.25:463][377]LogExit: Object subsystem successfully closed.
[2015.03.23-17.07.25:702][377]LogModuleManager: Shutting down and abandoning module AndroidDeviceDetection (172)
[2015.03.23-17.07.25:702][377]LogModuleManager: Shutting down and abandoning module CrashTracker (171)
[2015.03.23-17.07.25:702][377]LogModuleManager: Shutting down and abandoning module SuperSearch (170)
[2015.03.23-17.07.25:702][377]LogModuleManager: Shutting down and abandoning module SceneOutliner (169)
[2015.03.23-17.07.25:702][377]LogModuleManager: Shutting down and abandoning module EditorWidgets (168)
[2015.03.23-17.07.25:702][377]LogModuleManager: Shutting down and abandoning module CollectionManager (167)
[2015.03.23-17.07.25:702][377]LogModuleManager: Shutting down and abandoning module StatsViewer (166)
[2015.03.23-17.07.25:702][377]LogModuleManager: Shutting down and abandoning module FoliageEdit (165)
[2015.03.23-17.07.25:702][377]LogModuleManager: Shutting down and abandoning module LandscapeEditor (164)
[2015.03.23-17.07.25:703][377]LogModuleManager: Shutting down and abandoning module MeshPaint (163)
[2015.03.23-17.07.25:703][377]LogModuleManager: Shutting down and abandoning module ActorPickerMode (162)
[2015.03.23-17.07.25:703][377]LogModuleManager: Shutting down and abandoning module GeometryMode (161)
[2015.03.23-17.07.25:703][377]LogModuleManager: Shutting down and abandoning module TextureAlignMode (160)
[2015.03.23-17.07.25:703][377]LogModuleManager: Shutting down and abandoning module BspMode (159)
[2015.03.23-17.07.25:703][377]LogModuleManager: Shutting down and abandoning module PlacementMode (158)
[2015.03.23-17.07.25:703][377]LogModuleManager: Shutting down and abandoning module AutomationWorker (157)
[2015.03.23-17.07.25:703][377]LogModuleManager: Shutting down and abandoning module CharacterAI (156)
[2015.03.23-17.07.25:703][377]LogModuleManager: Shutting down and abandoning module GameProjectGeneration (155)
[2015.03.23-17.07.25:703][377]LogModuleManager: Shutting down and abandoning module IntroTutorials (154)
[2015.03.23-17.07.25:703][377]LogModuleManager: Shutting down and abandoning module EditorLiveStreaming (153)
[2015.03.23-17.07.25:703][377]LogModuleManager: Shutting down and abandoning module HardwareTargeting (152)
[2015.03.23-17.07.25:703][377]LogModuleManager: Shutting down and abandoning module DeviceProfileEditor (151)
[2015.03.23-17.07.25:703][377]LogModuleManager: Shutting down and abandoning module UndoHistory (150)
[2015.03.23-17.07.25:703][377]LogModuleManager: Shutting down and abandoning module GameplayTagsEditor (149)
[2015.03.23-17.07.25:703][377]LogModuleManager: Shutting down and abandoning module UserFeedback (148)
[2015.03.23-17.07.25:703][377]LogModuleManager: Shutting down and abandoning module XmlParser (147)
[2015.03.23-17.07.25:703][377]LogModuleManager: Shutting down and abandoning module Blutility (146)
[2015.03.23-17.07.25:703][377]LogModuleManager: Shutting down and abandoning module IOSPlatformEditor (145)
[2015.03.23-17.07.25:703][377]LogModuleManager: Shutting down and abandoning module IOSRuntimeSettings (144)
[2015.03.23-17.07.25:703][377]LogModuleManager: Shutting down and abandoning module AndroidPlatformEditor (143)
[2015.03.23-17.07.25:703][377]LogModuleManager: Shutting down and abandoning module AndroidRuntimeSettings (142)
[2015.03.23-17.07.25:703][377]LogModuleManager: Shutting down and abandoning module ProjectTargetPlatformEditor (141)
[2015.03.23-17.07.25:703][377]LogModuleManager: Shutting down and abandoning module ProjectSettingsViewer (140)
[2015.03.23-17.07.25:703][377]LogModuleManager: Shutting down and abandoning module InputBindingEditor (139)
[2015.03.23-17.07.25:704][377]LogModuleManager: Shutting down and abandoning module EditorSettingsViewer (138)
[2015.03.23-17.07.25:704][377]LogModuleManager: Shutting down and abandoning module SettingsEditor (137)
[2015.03.23-17.07.25:704][377]LogModuleManager: Shutting down and abandoning module ProjectLauncher (136)
[2015.03.23-17.07.25:704][377]LogModuleManager: Shutting down and abandoning module SessionFrontend (135)
[2015.03.23-17.07.25:704][377]LogModuleManager: Shutting down and abandoning module ProfilerClient (134)
[2015.03.23-17.07.25:704][377]LogModuleManager: Shutting down and abandoning module TargetDeviceServices (133)
[2015.03.23-17.07.25:704][377]LogModuleManager: Shutting down and abandoning module DeviceManager (132)
[2015.03.23-17.07.25:704][377]LogModuleManager: Shutting down and abandoning module AutomationController (131)
[2015.03.23-17.07.25:704][377]LogModuleManager: Shutting down and abandoning module AutomationWindow (130)
[2015.03.23-17.07.25:704][377]LogModuleManager: Shutting down and abandoning module Layers (129)
[2015.03.23-17.07.25:704][377]LogModuleManager: Shutting down and abandoning module ComponentVisualizers (128)
[2015.03.23-17.07.25:704][377]LogModuleManager: Shutting down and abandoning module DetailCustomizations (127)
[2015.03.23-17.07.25:704][377]LogModuleManager: Shutting down and abandoning module PackagesDialog (126)
[2015.03.23-17.07.25:704][377]LogModuleManager: Shutting down and abandoning module AssetRegistry (125)
[2015.03.23-17.07.25:825][377]LogModuleManager: Shutting down and abandoning module Persona (124)
[2015.03.23-17.07.25:825][377]LogModuleManager: Shutting down and abandoning module Kismet (123)
[2015.03.23-17.07.25:825][377]LogModuleManager: Shutting down and abandoning module GraphEditor (122)
[2015.03.23-17.07.25:825][377]LogModuleManager: Shutting down and abandoning module ClassViewer (121)
[2015.03.23-17.07.25:825][377]LogModuleManager: Shutting down and abandoning module Toolbox (120)
[2015.03.23-17.07.25:825][377]LogModuleManager: Shutting down and abandoning module ModuleUI (119)
[2015.03.23-17.07.25:825][377]LogModuleManager: Shutting down and abandoning module MovieSceneTools (118)
[2015.03.23-17.07.25:825][377]LogModuleManager: Shutting down and abandoning module OutputLog (117)
[2015.03.23-17.07.25:825][377]LogModuleManager: Shutting down and abandoning module GammaUI (116)
[2015.03.23-17.07.25:825][377]LogModuleManager: Shutting down and abandoning module Documentation (115)
[2015.03.23-17.07.25:825][377]LogModuleManager: Shutting down and abandoning module GameLiveStreaming (114)
[2015.03.23-17.07.25:825][377]LogModuleManager: Shutting down and abandoning module StreamingPauseRendering (113)
[2015.03.23-17.07.25:826][377]LogModuleManager: Shutting down and abandoning module HTTP (112)
[2015.03.23-17.07.25:826][377]LogModuleManager: Shutting down and abandoning module AnalyticsET (111)
[2015.03.23-17.07.25:826][377]LogModuleManager: Shutting down and abandoning module Analytics (110)
[2015.03.23-17.07.25:826][377]LogModuleManager: Shutting down and abandoning module AITestSuite (109)
[2015.03.23-17.07.25:826][377]LogModuleManager: Shutting down and abandoning module AIModule (108)
[2015.03.23-17.07.25:826][377]LogModuleManager: Shutting down and abandoning module ProfilerService (107)
[2015.03.23-17.07.26:054][377]LogModuleManager: Shutting down and abandoning module TaskGraph (106)
[2015.03.23-17.07.26:054][377]LogModuleManager: Shutting down and abandoning module GameplayDebugger (105)
[2015.03.23-17.07.26:054][377]LogModuleManager: Shutting down and abandoning module SlateRemote (104)
[2015.03.23-17.07.26:054][377]LogModuleManager: Shutting down and abandoning module ScriptEditorPlugin (103)
[2015.03.23-17.07.26:055][377]LogModuleManager: Shutting down and abandoning module CustomMeshComponent (102)
[2015.03.23-17.07.26:055][377]LogModuleManager: Shutting down and abandoning module CableComponent (101)
[2015.03.23-17.07.26:055][377]LogModuleManager: Shutting down and abandoning module MessagingDebugger (100)
[2015.03.23-17.07.26:055][377]LogModuleManager: Shutting down and abandoning module MediaPlayerEditor (99)
[2015.03.23-17.07.26:055][377]LogModuleManager: Shutting down and abandoning module SpeedTreeImporter (98)
[2015.03.23-17.07.26:055][377]LogModuleManager: Shutting down and abandoning module PluginsEditor (97)
[2015.03.23-17.07.26:055][377]LogModuleManager: Shutting down and abandoning module EpicSurvey (96)
[2015.03.23-17.07.26:055][377]LogModuleManager: Shutting down and abandoning module DesktopPlatform (95)
[2015.03.23-17.07.26:055][377]LogModuleManager: Shutting down and abandoning module VisualStudioSourceCodeAccess (94)
[2015.03.23-17.07.26:055][377]LogModuleManager: Shutting down and abandoning module UObjectPlugin (93)
[2015.03.23-17.07.26:055][377]LogModuleManager: Shutting down and abandoning module SubversionSourceControl (92)
[2015.03.23-17.07.26:055][377]LogModuleManager: Shutting down and abandoning module SourceControl (91)
[2015.03.23-17.07.26:055][377]LogModuleManager: Shutting down and abandoning module PerforceSourceControl (90)
[2015.03.23-17.07.26:055][377]LogModuleManager: Shutting down and abandoning module BlankPlugin (89)
[2015.03.23-17.07.26:055][377]LogModuleManager: Shutting down and abandoning module SlateReflector (88)
[2015.03.23-17.07.26:055][377]LogModuleManager: Shutting down and abandoning module DirectoryWatcher (87)
[2015.03.23-17.07.26:056][377]LogModuleManager: Shutting down and abandoning module HotReload (86)
[2015.03.23-17.07.26:057][377]LogModuleManager: Shutting down and abandoning module MainFrame (85)
[2015.03.23-17.07.26:057][377]LogModuleManager: Shutting down and abandoning module LevelEditor (84)
[2015.03.23-17.07.26:059][377]LogModuleManager: Shutting down and abandoning module ViewportSnapping (83)
[2015.03.23-17.07.26:060][377]LogModuleManager: Shutting down and abandoning module SmartSnapping (82)
[2015.03.23-17.07.26:060][377]LogModuleManager: Shutting down and abandoning module PaperTiledImporter (81)
[2015.03.23-17.07.26:060][377]LogModuleManager: Shutting down and abandoning module PaperJsonImporter (80)
[2015.03.23-17.07.26:060][377]LogModuleManager: Shutting down and abandoning module ContentBrowser (79)
[2015.03.23-17.07.26:060][377]LogModuleManager: Shutting down and abandoning module Paper2DEditor (78)
[2015.03.23-17.07.26:060][377]LogModuleManager: Shutting down and abandoning module ScriptPlugin (77)
[2015.03.23-17.07.26:060][377]LogModuleManager: Shutting down and abandoning module UdpMessaging (76)
[2015.03.23-17.07.26:160][377]LogModuleManager: Shutting down and abandoning module Paper2D (75)
[2015.03.23-17.07.26:160][377]LogModuleManager: Shutting down and abandoning module UE4Game (74)
[2015.03.23-17.07.26:160][377]LogModuleManager: Shutting down and abandoning module WindowsMoviePlayer (73)
[2015.03.23-17.07.26:168][377]LogModuleManager: Shutting down and abandoning module Media (72)
[2015.03.23-17.07.26:168][377]LogModuleManager: Shutting down and abandoning module WmfMedia (71)
[2015.03.23-17.07.26:168][377]LogModuleManager: Shutting down and abandoning module OnlineBlueprintSupport (70)
[2015.03.23-17.07.26:169][377]LogModuleManager: Shutting down and abandoning module PropertyEditor (69)
[2015.03.23-17.07.26:169][377]LogModuleManager: Shutting down and abandoning module BehaviorTreeEditor (68)
[2015.03.23-17.07.26:169][377]LogModuleManager: Shutting down and abandoning module FunctionalTesting (67)
[2015.03.23-17.07.26:169][377]LogModuleManager: Shutting down and abandoning module CollisionAnalyzer (66)
[2015.03.23-17.07.26:169][377]LogModuleManager: Shutting down and abandoning module WorkspaceMenuStructure (65)
[2015.03.23-17.07.26:169][377]LogModuleManager: Shutting down and abandoning module MessageLog (64)
[2015.03.23-17.07.26:169][377]LogModuleManager: Shutting down and abandoning module Sequencer (63)
[2015.03.23-17.07.26:169][377]LogModuleManager: Shutting down and abandoning module AssetTools (62)
[2015.03.23-17.07.26:169][377]LogModuleManager: Shutting down and abandoning module UMGEditor (61)
[2015.03.23-17.07.26:169][377]LogModuleManager: Shutting down and abandoning module UMG (60)
[2015.03.23-17.07.26:169][377]LogModuleManager: Shutting down and abandoning module Slate (59)
[2015.03.23-17.07.26:169][377]LogModuleManager: Shutting down and abandoning module EditorStyle (58)
[2015.03.23-17.07.26:195][377]LogModuleManager: Shutting down and abandoning module SessionServices (57)
[2015.03.23-17.07.26:196][377]LogModuleManager: Shutting down and abandoning module SourceCodeAccess (56)
[2015.03.23-17.07.26:196][377]LogModuleManager: Shutting down and abandoning module HeadMountedDisplay (55)
[2015.03.23-17.07.26:196][377]LogModuleManager: Shutting down and abandoning module XAudio2 (54)
[2015.03.23-17.07.26:196][377]LogModuleManager: Shutting down and abandoning module Networking (52)
[2015.03.23-17.07.26:196][377]LogModuleManager: Shutting down and abandoning module Core (51)
[2015.03.23-17.07.26:196][377]LogModuleManager: Shutting down and abandoning module KismetCompiler (50)
[2015.03.23-17.07.26:196][377]LogModuleManager: Shutting down and abandoning module PhysXFormats (49)
[2015.03.23-17.07.26:196][377]LogModuleManager: Shutting down and abandoning module MeshUtilities (48)
[2015.03.23-17.07.26:196][377]LogModuleManager: Shutting down and abandoning module DerivedDataCache (47)
[2015.03.23-17.07.26:271][377]LogDerivedDataCache: Shutdown
[2015.03.23-17.07.26:271][377]LogModuleManager: Shutting down and abandoning module ShaderFormatOpenGL (46)
[2015.03.23-17.07.26:271][377]LogModuleManager: Shutting down and abandoning module ShaderFormatD3D (45)
[2015.03.23-17.07.26:271][377]LogModuleManager: Shutting down and abandoning module MetalShaderFormat (44)
[2015.03.23-17.07.26:271][377]LogModuleManager: Shutting down and abandoning module TextureFormatUncompressed (43)
[2015.03.23-17.07.26:271][377]LogModuleManager: Shutting down and abandoning module TextureFormatPVR (42)
[2015.03.23-17.07.26:271][377]LogModuleManager: Shutting down and abandoning module TextureFormatDXT (41)
[2015.03.23-17.07.26:271][377]LogModuleManager: Shutting down and abandoning module TextureFormatAndroid (40)
[2015.03.23-17.07.26:271][377]LogModuleManager: Shutting down and abandoning module AudioFormatOpus (39)
[2015.03.23-17.07.26:271][377]LogModuleManager: Shutting down and abandoning module AudioFormatOgg (38)
[2015.03.23-17.07.26:272][377]LogModuleManager: Shutting down and abandoning module AudioFormatADPCM (37)
[2015.03.23-17.07.26:272][377]LogModuleManager: Shutting down and abandoning module LinuxTargetPlatform (36)
[2015.03.23-17.07.26:272][377]LogModuleManager: Shutting down and abandoning module LinuxServerTargetPlatform (35)
[2015.03.23-17.07.26:272][377]LogModuleManager: Shutting down and abandoning module LinuxNoEditorTargetPlatform (34)
[2015.03.23-17.07.26:272][377]LogModuleManager: Shutting down and abandoning module Messaging (33)
[2015.03.23-17.07.26:272][377]LogModuleManager: Shutting down and abandoning module IOSTargetPlatform (32)
[2015.03.23-17.07.26:272][377]LogModuleManager: Shutting down and abandoning module Android_PVRTCTargetPlatform (31)
[2015.03.23-17.07.26:272][377]LogModuleManager: Shutting down and abandoning module Android_ETC2TargetPlatform (30)
[2015.03.23-17.07.26:272][377]LogModuleManager: Shutting down and abandoning module Android_ETC1TargetPlatform (29)
[2015.03.23-17.07.26:272][377]LogModuleManager: Shutting down and abandoning module Android_DXTTargetPlatform (28)
[2015.03.23-17.07.26:272][377]LogModuleManager: Shutting down and abandoning module Android_ATCTargetPlatform (27)
[2015.03.23-17.07.26:272][377]LogModuleManager: Shutting down and abandoning module AndroidTargetPlatform (26)
[2015.03.23-17.07.26:272][377]LogModuleManager: Shutting down and abandoning module WindowsTargetPlatform (25)
[2015.03.23-17.07.26:272][377]LogModuleManager: Shutting down and abandoning module WindowsServerTargetPlatform (24)
[2015.03.23-17.07.26:272][377]LogModuleManager: Shutting down and abandoning module WindowsNoEditorTargetPlatform (23)
[2015.03.23-17.07.26:272][377]LogModuleManager: Shutting down and abandoning module WindowsClientTargetPlatform (22)
[2015.03.23-17.07.26:272][377]LogModuleManager: Shutting down and abandoning module TargetPlatform (21)
[2015.03.23-17.07.26:272][377]LogModuleManager: Shutting down and abandoning module InputCore (20)
[2015.03.23-17.07.26:272][377]LogModuleManager: Shutting down and abandoning module Settings (19)
[2015.03.23-17.07.26:272][377]LogModuleManager: Shutting down and abandoning module ImageWrapper (18)
[2015.03.23-17.07.26:272][377]LogModuleManager: Shutting down and abandoning module OculusRift (15)
[2015.03.23-17.07.26:272][377]LogModuleManager: Shutting down and abandoning module ExampleDeviceProfileSelector (14)
[2015.03.23-17.07.26:272][377]LogModuleManager: Shutting down and abandoning module TextureCompressor (13)
[2015.03.23-17.07.26:273][377]LogModuleManager: Shutting down and abandoning module ShaderCore (12)
[2015.03.23-17.07.26:273][377]LogModuleManager: Shutting down and abandoning module Landscape (11)
[2015.03.23-17.07.26:273][377]LogModuleManager: Shutting down and abandoning module SlateRHIRenderer (10)
[2015.03.23-17.07.26:275][377]LogModuleManager: Shutting down and abandoning module OpenGLDrv (9)
[2015.03.23-17.07.26:275][377]LogModuleManager: Shutting down and abandoning module D3D11RHI (8)
[2015.03.23-17.07.26:275][377]LogModuleManager: Shutting down and abandoning module Renderer (7)
[2015.03.23-17.07.26:275][377]LogModuleManager: Shutting down and abandoning module Engine (6)
[2015.03.23-17.07.26:275][377]LogModuleManager: Shutting down and abandoning module CoreUObject (5)
[2015.03.23-17.07.26:275][377]LogModuleManager: Shutting down and abandoning module NetworkFile (4)
[2015.03.23-17.07.26:275][377]LogModuleManager: Shutting down and abandoning module StreamingFile (3)
[2015.03.23-17.07.26:275][377]LogModuleManager: Shutting down and abandoning module SandboxFile (2)
[2015.03.23-17.07.26:275][377]LogModuleManager: Shutting down and abandoning module PakFile (1)
[2015.03.23-17.07.26:276][377]LogExit: Exiting.
[2015.03.23-17.07.26:293][377]Log file closed, 03/23/15 11:07:26
