Log file open, 03/24/15 16:52:20
LogInit:Display: Running engine for game: MyProject
LogInit: Version: 4.6.1-2386410+++depot+UE4-Releases+4.6
LogInit: API Version: 2369412
LogInit: Compiled (64-bit): Dec 11 2014 21:31:39
LogInit: Compiled with Visual C++: 18.00.21005.01
LogInit: Build Configuration: Development
LogInit: Branch Name: ++depot+UE4-Releases+4.6
LogInit: Command line:  
LogInit: Base directory: C:/Program Files/Epic Games/4.6/Engine/Binaries/Win64/
LogInit: Rocket: 1
[2015.03.24-22.52.20:532][  0]LogTaskGraph: Started task graph with 3 named threads and 4 total threads.
[2015.03.24-22.52.20:581][  0]LogOnline:Warning: No default platform service specified for OnlineSubsystem
[2015.03.24-22.52.20:804][  0]LogInit: Presizing for 0 objects not considered by GC, pre-allocating 0 bytes.
[2015.03.24-22.52.20:833][  0]LogInit: Object subsystem initialized
[2015.03.24-22.52.20:837][  0]LogConsoleResponse:Warning: Skipping Unknown console variable: 'UIScaleRule = ShortestSide'
[2015.03.24-22.52.20:837][  0]LogConsoleResponse:Warning:   Found in ini file 'C:/Users/Miryam/Documents/Unreal Projects/MyProject/Saved/Config/Windows/Engine.ini', in section '[/Script/Engine.RendererSettings]'
[2015.03.24-22.52.20:837][  0]LogConsoleResponse:Warning: Skipping Unknown console variable: 'UIScaleCurve = (EditorCurveData=(Keys=),ExternalCurve=None)'
[2015.03.24-22.52.20:837][  0]LogConsoleResponse:Warning:   Found in ini file 'C:/Users/Miryam/Documents/Unreal Projects/MyProject/Saved/Config/Windows/Engine.ini', in section '[/Script/Engine.RendererSettings]'
[2015.03.24-22.52.20:837][  0]LogConsoleManager:Warning: Console variable 'r.MSAA.CompositingSampleCount' wasn't set (Priority ProjectSetting < Scalability)
[2015.03.24-22.52.20:838][  0]LogInit: Selected Device Profile: [Windows]
[2015.03.24-22.52.20:838][  0]LogInit: Applying CVar settings loaded from the selected device profile: [Windows]
[2015.03.24-22.52.20:856][  0]LogInit: Computer: MIEL
[2015.03.24-22.52.20:856][  0]LogInit: User: MieL
[2015.03.24-22.52.20:856][  0]LogInit: CPU Page size=4096, Cores=2
[2015.03.24-22.52.20:856][  0]LogInit: High frequency timer resolution =1.656323 MHz
[2015.03.24-22.52.20:857][  0]LogMemory: Memory total: Physical=5.9GB (6GB approx) Virtual=131072.0GB
[2015.03.24-22.52.20:857][  0]LogMemory: Platform Memory Stats for Windows
[2015.03.24-22.52.20:857][  0]LogMemory: Process Physical Memory: 47.94 MB used, 47.94 MB peak
[2015.03.24-22.52.20:857][  0]LogMemory: Process Virtual Memory: 23.96 MB used, 23.96 MB peak
[2015.03.24-22.52.20:857][  0]LogMemory: Physical Memory: 3626.52 MB used, 6024.27 MB total
[2015.03.24-22.52.20:857][  0]LogMemory: Virtual Memory: 270.13 MB used, 134217728.00 MB total
[2015.03.24-22.52.21:161][  0]LogD3D11RHI: Found D3D11 adapter 0: Intel(R) HD Graphics Family (Feature Level 11_0)
[2015.03.24-22.52.21:161][  0]LogD3D11RHI: Adapter has 32MB of dedicated video memory, 0MB of dedicated system memory, and 1760MB of shared system memory, 1 output[s]
[2015.03.24-22.52.21:163][  0]LogD3D11RHI: Found D3D11 adapter 1: Microsoft Basic Render Driver (Feature Level 11_0)
[2015.03.24-22.52.21:164][  0]LogD3D11RHI: Adapter has 0MB of dedicated video memory, 0MB of dedicated system memory, and 256MB of shared system memory, 0 output[s]
[2015.03.24-22.52.21:164][  0]LogD3D11RHI: Chosen D3D11 Adapter Id = 0
[2015.03.24-22.52.21:173][  0]LogRHI: Texture pool is 638 MB (70% of 912 MB)
[2015.03.24-22.52.21:185][  0]LogD3D11RHI: Async texture creation enabled
[2015.03.24-22.52.21:691][  0]LogTextLocalizationManager: The requested culture ('es_MX') has no localization data; parent culture's ('es') localization data will be used.
[2015.03.24-22.52.21:897][  0]LogContentStreaming: Texture pool size is 0.000000MB
[2015.03.24-22.52.38:844][  0]LogTargetPlatformManager:Display: Building Assets For Windows
[2015.03.24-22.52.41:338][  0]LogTargetPlatformManager:Display: Building Assets For Windows
[2015.03.24-22.52.41:592][  0]LogDerivedDataCache:Display: Max Cache Size: 512 MB
[2015.03.24-22.52.41:712][  0]LogDerivedDataCache: Loaded boot cache 0.12s 39MB C:/Users/Miryam/AppData/Local/UnrealEngine/4.6/DerivedDataCache/Boot.ddc.
[2015.03.24-22.52.41:713][  0]LogDerivedDataCache:Display: Loaded Boot cache: C:/Users/Miryam/AppData/Local/UnrealEngine/4.6/DerivedDataCache/Boot.ddc
[2015.03.24-22.52.41:713][  0]LogDerivedDataCache: FDerivedDataBackendGraph:  Pak pak cache file ../../../../../../Users/Miryam/Documents/Unreal Projects/MyProject/DerivedDataCache/DDC.ddp not found, will not use a pak cache.
[2015.03.24-22.52.41:713][  0]LogDerivedDataCache: Unable to find inner node Pak for hierarchical cache Hierarchy.
[2015.03.24-22.52.41:883][  0]LogDerivedDataCache:Display: Pak cache opened for reading ../../../Engine/DerivedDataCache/DDC.ddp.
[2015.03.24-22.52.41:900][  0]LogDerivedDataCache: Using Local data cache path C:/Users/Miryam/AppData/Local/UnrealEngine/Common/DerivedDataCache: Writable
[2015.03.24-22.52.42:416][  0]LogCollisionProfile:Warning: Profile (UI) - Custom Channel Name = 'Weapon' hasn't been found
[2015.03.24-22.52.43:005][  0]LogMeshUtilities: No automatic mesh reduction module available
[2015.03.24-22.52.43:005][  0]LogMeshUtilities: No automatic mesh merging module available
[2015.03.24-22.52.44:460][  0]LogInit: WinSock: version 1.1 (2.2), MaxSocks=32767, MaxUdp=65467
[2015.03.24-22.52.45:002][  0]LogSlate:Warning: Failed to load font data from '../../../Engine/Content/Slate/Fonts/Roboto-Italic.ttf'
[2015.03.24-22.52.50:107][  0]UdpMessaging: Initializing bridge on interface 0.0.0.0:0 to multicast group 230.0.0.1:6666.
[2015.03.24-22.52.51:793][  0]LogDirectoryWatcher:Warning: Failed to begin reading directory changes for C:/Users/Miryam/Documents/Unreal Projects/MyProject/Binaries/Win64. Error: 0
[2015.03.24-22.52.52:692][  0]SourceControl: Información El control de código fuente está desactivado
[2015.03.24-22.52.52:692][  0]SourceControl: Información El control de código fuente está desactivado
[2015.03.24-22.52.52:727][  0]SourceControl: Información El control de código fuente está desactivado
[2015.03.24-22.52.54:177][  0]LogObj: 23754 objects as part of root set at end of initial load.
[2015.03.24-22.52.54:177][  0]LogUObjectAllocator: 5168128 out of 0 bytes used by permanent object pool.
[2015.03.24-22.52.54:508][  0]LogEngine: Initializing Engine...
[2015.03.24-22.52.54:887][  0]LogInit: XAudio2 using 'Altavoces (Realtek High Definition Audio)' : 2 channels at 48 kHz using 32 bits per sample (channel mask 0x3)
[2015.03.24-22.52.54:913][  0]LogInit: FAudioDevice initialized.
[2015.03.24-22.52.55:056][  0]LogAIModule: Creating AISystem for world NewWorld
[2015.03.24-22.52.55:101][  0]LogDerivedDataCache: Saved boot cache 0.04s 39MB C:/Users/Miryam/AppData/Local/UnrealEngine/4.6/DerivedDataCache/Boot.ddc.
[2015.03.24-22.52.55:107][  0]LogInit: Texture streaming: Enabled
[2015.03.24-22.52.55:395][  0]LogAnalytics: Creating configured Analytics provider AnalyticsET
[2015.03.24-22.52.55:395][  0]LogAnalytics: ET APIKey = Rocket.Release. APIServer = http://et2.epicgames.com/ET2/. AppVersion = 4.6.1-2386410+++depot+UE4-Releases+4.6
[2015.03.24-22.52.55:398][  0]LogAnalytics: SetUserId cc2da9029b1435b39fd32981c4d04f44
[2015.03.24-22.52.55:398][  0]LogAnalytics: AnalyticsET::StartSession [Rocket.Release]
[2015.03.24-22.52.55:628][  0]LogInit: Transaction tracking system initialized
[2015.03.24-22.52.56:566][  0]BlueprintLog: New page: Cargar el editor
[2015.03.24-22.52.56:860][  0]LogAssetRegistry: FAssetRegistry took 0.0105 seconds to start up
[2015.03.24-22.52.56:863][  0]LogDirectoryWatcher:Warning: Failed to begin reading directory changes for ../../../Engine/Plugins/Experimental/CharacterAI/Content/. Error: 0
[2015.03.24-22.53.00:501][  0]LogTargetPlatformManager:Display: Building Assets For Windows
[2015.03.24-22.53.02:024][  0]LogTargetPlatformManager:Display: Building Assets For Windows
[2015.03.24-22.53.04:199][  0]LogConsoleResponse:Display: 
[2015.03.24-22.53.04:390][  0]LogLinker:Warning: Asset '../../../Engine/Content/Functions/Engine_MaterialFunctions03/Procedurals/ComputeFilterWidth.uasset' has been saved with empty engine version. The asset will be loaded but may be incompatible.
[2015.03.24-22.53.06:280][  0]SourceControl: Información El control de código fuente está desactivado
[2015.03.24-22.53.06:280][  0]Cmd: MAP LOAD FILE="../../../../../../Users/Miryam/Documents/Unreal Projects/MyProject/Content/Maps/Example_Map.umap" TEMPLATE=0 SHOWPROGRESS=1
[2015.03.24-22.53.06:284][  0]LightingResults: New page: Diseñar la iluminación
[2015.03.24-22.53.06:354][  0]MapCheck: New page: Revisión del mapa
[2015.03.24-22.53.06:354][  0]LightingResults: New page: Diseñar la iluminación
[2015.03.24-22.53.06:400][  0]LogParticles: Destroying 0 GPU particle simulations for FXSystem 0x0000004256292AC0
[2015.03.24-22.53.07:972][  0]LogEditorServer: Finished looking for orphan Actors (0.000 secs)
[2015.03.24-22.53.07:972][  0]LogAIModule: Creating AISystem for world Example_Map
[2015.03.24-22.53.07:973][  0]Cmd: MAP CHECKDEP
[2015.03.24-22.53.07:973][  0]MapCheck: New page: Example_Map - 24/03/2015 10:53:07
[2015.03.24-22.53.08:538][  0]MapCheck: Información Map check complete: 0 Error(s), 0 Warning(s), took 564.032ms to complete.
[2015.03.24-22.53.08:539][  0]LogFileHelpers: Loading map 'Example_Map' took 2.258
[2015.03.24-22.53.08:762][  0]LogCollectionManager: Loaded 0 collections in 0.004627 seconds
[2015.03.24-22.53.09:508][  0]LogCrashTracker: Crashtracker disabled due to settings.
[2015.03.24-22.53.09:527][  0]LogUObjectGlobals:Warning: Error al encontrar el objeto 'Class Ninguno.'
[2015.03.24-22.53.09:574][  0]LogLoad: Full Startup: 54.56 seconds (BP compile: 0.18 seconds)
[2015.03.24-22.53.09:928][  0]LogContentBrowser:Verbose: The content browser source was changed by the sources view to '/Game/Character/Clase'
[2015.03.24-22.53.10:693][  1]LogRenderer:Warning: Reallocating scene render targets to support 760x568.
[2015.03.24-22.53.12:179][  7]LogAssetRegistry: Asset discovery search completed in 15.3296 seconds
[2015.03.24-22.53.13:442][ 62]LogEditorViewport: Clicking on Actor (LMB): DestructibleActor (Monster_DM)
[2015.03.24-22.54.11:135][843]LogContentBrowser:Verbose: The content browser source was changed by the sources view to '/Game/Blueprints'
[2015.03.24-22.54.35:354][468]LogRenderer:Warning: Reallocating scene render targets to support 944x584.
[2015.03.24-22.54.37:141][511]LogPropertyNode:Warning: UI Min (0.001) >= UI Max () for Ranged Numeric
[2015.03.24-22.54.43:179][702]LogPropertyNode:Warning: UI Min (0.001) >= UI Max () for Ranged Numeric
[2015.03.24-22.55.43:474][614]LogEditorViewport: Clicking on Actor (LMB): DM_C (DM)
[2015.03.24-23.06.02:143][933]LogPropertyNode:Warning: UI Min (0.0) >= UI Max () for Ranged Numeric
[2015.03.24-23.06.06:694][ 88]LogActorComponent: UnregisterComponent: (/Engine/Transient.ProjectileMovementComponent_0) Not registered. Aborting.
[2015.03.24-23.06.08:450][134]BlueprintLog: New page: Compilar DM
[2015.03.24-23.06.08:616][134]LogParticles: Destroying 0 GPU particle simulations for FXSystem 0x0000004268A3E520
[2015.03.24-23.06.08:617][134]LogParticles: Destroying 0 GPU particle simulations for FXSystem 0x0000004268C84AE0
[2015.03.24-23.06.08:617][134]LogParticles: Destroying 0 GPU particle simulations for FXSystem 0x0000004268C845E0
[2015.03.24-23.06.08:672][134]BlueprintEditorCompileResults: Información [0833.66] Compile of DM successful! [in 197 ms]
[2015.03.24-23.06.09:660][155]Cmd: OBJ SAVEPACKAGE PACKAGE="/Game/Blueprints/Assets/DM" FILE="../../../../../../Users/Miryam/Documents/Unreal Projects/MyProject/Content/Blueprints/Assets/DM.uasset" SILENT=true
[2015.03.24-23.06.10:676][155]LogSavePackage: Save=384.197998ms
[2015.03.24-23.06.10:676][155]LogSavePackage: Moving '../../../../../../Users/Miryam/Documents/Unreal Projects/MyProject/Saved/DM02A830EA4AC9DF22B4B9F3B3D064EDDE.tmp' to '../../../../../../Users/Miryam/Documents/Unreal Projects/MyProject/Content/Blueprints/Assets/DM.uasset'
[2015.03.24-23.06.13:246][236]BlueprintLog: New page: Volver a compilar automáticamente la reproducción en el editor (PIE) anterior
[2015.03.24-23.06.13:256][236]LogPlayLevel: [PIE] Compiling Tutorial_BP_MacroLib before PIE...
[2015.03.24-23.06.13:456][236]LogParticles: Destroying 0 GPU particle simulations for FXSystem 0x000000424E299BC0
[2015.03.24-23.06.13:460][236]LogPlayLevel: PIE:  Blueprint regeneration took 213 ms (1 blueprints)
[2015.03.24-23.06.13:460][236]PIE: New page: Sesión PIE (reproducción en el editor): Example_Map (24/03/2015 11:06:13)
[2015.03.24-23.06.13:524][236]LogPlayLevel: PIE: StaticDuplicateObject took: (0.063115s)
[2015.03.24-23.06.13:525][236]LogPlayLevel: PIE: World Init took: (0.001055s)
[2015.03.24-23.06.13:526][236]LogPlayLevel: PIE: Created PIE world by copying editor world from /Game/Maps/Example_Map.Example_Map to /Game/Maps/UEDPIE_0_Example_Map.Example_Map (0.064546s)
[2015.03.24-23.06.14:308][236]LogAnimation:Warning: UAnimMontage::PostLoad: The actual sequence length for montage FPP_Fire_Montage does not match the length stored in the asset, please resave the montage asset.
[2015.03.24-23.06.14:333][236]BlueprintLog:Warning: Aviso El Blueprint MyHUD se ha migrado y necesita volver a guardarse para evitar errores de importación
[2015.03.24-23.06.14:335][236]BlueprintLog:Warning: Aviso El Blueprint MyGame se ha migrado y necesita volver a guardarse para evitar errores de importación
[2015.03.24-23.06.14:426][236]LogWorld: Game class is 'MyGame_C'
[2015.03.24-23.06.14:429][236]LogAIModule: Creating AISystem for world Example_Map
[2015.03.24-23.06.14:487][236]LogWorld: Bringing World /Game/Maps/UEDPIE_0_Example_Map.Example_Map up for play (max tick rate 60) at 2015.03.24-17.06.14
[2015.03.24-23.06.14:488][236]LogWorld: Bringing up level for play took: 0.058405
[2015.03.24-23.06.14:498][236]PIE: Información Tiempo de inicio de la reproducción en el editor para  /Game/Maps/UEDPIE_0_Example_Map 1.746
[2015.03.24-23.06.21:036][457]LogActorComponent: UnregisterComponent: (/Engine/Transient.CharacterMovementComponent_0) Not registered. Aborting.
[2015.03.24-23.06.21:130][457]LogParticles: Destroying 0 GPU particle simulations for FXSystem 0x00000042638959E0
[2015.03.24-23.06.32:009][523]LogSavePackage: Save=200.520676ms
[2015.03.24-23.06.32:009][523]LogSavePackage: Moving '../../../../../../Users/Miryam/Documents/Unreal Projects/MyProject/Saved/Example_Map_Auto1CD18CEA14BD3BD84CAE4AD8367E7B4EC.tmp' to '../../../../../../Users/Miryam/Documents/Unreal Projects/MyProject/Saved/Autosaves/Game/Maps/Example_Map_Auto1.umap'
[2015.03.24-23.06.32:076][523]LogFileHelpers: Editor autosave (incl. sublevels) for '/Game/Maps/Example_Map' took 0.552
[2015.03.24-23.06.32:076][523]LogFileHelpers: Editor autosave (incl. sublevels) for all levels took 0.552
[2015.03.24-23.10.48:410][419]LogEditorViewport: Clicking on Actor (LMB): StaticMeshActor (Cube06)
[2015.03.24-23.10.48:448][419]LogPropertyNode:Warning: UI Min (0.001) >= UI Max () for Ranged Numeric
[2015.03.24-23.10.55:937][770]LogEditorViewport: Clicking on Actor (LMB): DM_C (DM)
[2015.03.24-23.11.10:332][306]LogContentBrowser:Verbose: The content browser source was changed by the sources view to '/Game/Blueprints/Assets'
[2015.03.24-23.11.11:469][345]LogContentBrowser:Verbose: The content browser source was changed by the sources view to '/Game/Character/Clase'
[2015.03.24-23.11.13:084][372]LogPropertyNode:Warning: UI Min (0) >= UI Max () for Ranged Numeric
[2015.03.24-23.11.13:086][372]LogPropertyNode:Warning: UI Min (0) >= UI Max () for Ranged Numeric
[2015.03.24-23.11.13:093][372]LogPropertyNode:Warning: UI Min (1) >= UI Max () for Ranged Numeric
[2015.03.24-23.11.13:139][372]LogRenderer:Warning: Reallocating scene render targets to support 944x592.
[2015.03.24-23.11.16:696][478]LogPropertyNode:Warning: UI Min (0) >= UI Max () for Ranged Numeric
[2015.03.24-23.11.17:493][512]LogPropertyNode:Warning: UI Min (0) >= UI Max () for Ranged Numeric
[2015.03.24-23.11.17:600][515]LogPropertyNode:Warning: UI Min (0) >= UI Max () for Ranged Numeric
[2015.03.24-23.11.17:602][515]LogPropertyNode:Warning: UI Min (0) >= UI Max () for Ranged Numeric
[2015.03.24-23.11.30:226][874]LogPlayLevel: PIE:  No blueprints needed recompiling
[2015.03.24-23.11.30:226][874]PIE: New page: Sesión PIE (reproducción en el editor): Example_Map (24/03/2015 11:11:30)
[2015.03.24-23.11.30:276][874]LogPlayLevel: PIE: StaticDuplicateObject took: (0.049555s)
[2015.03.24-23.11.30:277][874]LogPlayLevel: PIE: World Init took: (0.001010s)
[2015.03.24-23.11.30:277][874]LogPlayLevel: PIE: Created PIE world by copying editor world from /Game/Maps/Example_Map.Example_Map to /Game/Maps/UEDPIE_0_Example_Map.Example_Map (0.050899s)
[2015.03.24-23.11.30:326][874]LogWorld: Game class is 'MyGame_C'
[2015.03.24-23.11.30:329][874]LogAIModule: Creating AISystem for world Example_Map
[2015.03.24-23.11.30:333][874]LogWorld: Bringing World /Game/Maps/UEDPIE_0_Example_Map.Example_Map up for play (max tick rate 60) at 2015.03.24-17.11.30
[2015.03.24-23.11.30:334][874]LogWorld: Bringing up level for play took: 0.004867
[2015.03.24-23.11.30:346][874]PIE: Información Tiempo de inicio de la reproducción en el editor para  /Game/Maps/UEDPIE_0_Example_Map -0.407
[2015.03.24-23.11.46:929][537]LogActorComponent: UnregisterComponent: (/Engine/Transient.ProjectileMovementComponent_1) Not registered. Aborting.
[2015.03.24-23.11.46:929][537]LogActorComponent: UnregisterComponent: (/Engine/Transient.CharacterMovementComponent_1) Not registered. Aborting.
[2015.03.24-23.11.46:982][537]LogParticles: Destroying 0 GPU particle simulations for FXSystem 0x000000426564A0C0
[2015.03.24-23.11.46:983][537]LogParticles: Destroying 0 GPU particle simulations for FXSystem 0x0000004263CA65C0
[2015.03.24-23.11.46:983][537]LogParticles: Destroying 0 GPU particle simulations for FXSystem 0x000000424EF804A0
[2015.03.24-23.12.57:528][848]LogContentBrowser:Verbose: The content browser source was changed by the sources view to '/Game/Blueprints'
[2015.03.24-23.13.29:999][589]LogPlayLevel: PIE:  No blueprints needed recompiling
[2015.03.24-23.13.29:999][589]PIE: New page: Sesión PIE (reproducción en el editor): Example_Map (24/03/2015 11:13:29)
[2015.03.24-23.13.30:061][589]LogPlayLevel: PIE: StaticDuplicateObject took: (0.060804s)
[2015.03.24-23.13.30:062][589]LogPlayLevel: PIE: World Init took: (0.001178s)
[2015.03.24-23.13.30:062][589]LogPlayLevel: PIE: Created PIE world by copying editor world from /Game/Maps/Example_Map.Example_Map to /Game/Maps/UEDPIE_0_Example_Map.Example_Map (0.062335s)
[2015.03.24-23.13.30:115][589]LogWorld: Game class is 'MyGame_C'
[2015.03.24-23.13.30:118][589]LogAIModule: Creating AISystem for world Example_Map
[2015.03.24-23.13.30:123][589]LogWorld: Bringing World /Game/Maps/UEDPIE_0_Example_Map.Example_Map up for play (max tick rate 0) at 2015.03.24-17.13.30
[2015.03.24-23.13.30:124][589]LogWorld: Bringing up level for play took: 0.006002
[2015.03.24-23.13.30:146][589]PIE: Información Tiempo de inicio de la reproducción en el editor para  /Game/Maps/UEDPIE_0_Example_Map -0.607
[2015.03.24-23.13.47:731][ 74]LogCharacterMovement: MyCharacter_C_2 is stuck and failed to move!
[2015.03.24-23.13.47:759][ 75]LogCharacterMovement: MyCharacter_C_2 is stuck and failed to move!
[2015.03.24-23.13.47:789][ 76]LogCharacterMovement: MyCharacter_C_2 is stuck and failed to move!
[2015.03.24-23.13.47:852][ 78]LogCharacterMovement: MyCharacter_C_2 is stuck and failed to move!
[2015.03.24-23.13.53:614][259]Set new viewmode: Wireframe
[2015.03.24-23.13.58:647][434]LogActorComponent: UnregisterComponent: (/Engine/Transient.ProjectileMovementComponent_2) Not registered. Aborting.
[2015.03.24-23.13.58:647][434]LogActorComponent: UnregisterComponent: (/Engine/Transient.CharacterMovementComponent_2) Not registered. Aborting.
[2015.03.24-23.13.58:703][434]LogParticles: Destroying 0 GPU particle simulations for FXSystem 0x00000042674D05E0
[2015.03.24-23.13.59:920][466]LogPlayLevel: PIE:  No blueprints needed recompiling
[2015.03.24-23.13.59:920][466]PIE: New page: Sesión PIE (reproducción en el editor): Example_Map (24/03/2015 11:13:59)
[2015.03.24-23.13.59:971][466]LogPlayLevel: PIE: StaticDuplicateObject took: (0.051283s)
[2015.03.24-23.13.59:973][466]LogPlayLevel: PIE: World Init took: (0.001015s)
[2015.03.24-23.13.59:973][466]LogPlayLevel: PIE: Created PIE world by copying editor world from /Game/Maps/Example_Map.Example_Map to /Game/Maps/UEDPIE_0_Example_Map.Example_Map (0.052737s)
[2015.03.24-23.14.00:024][466]LogWorld: Game class is 'MyGame_C'
[2015.03.24-23.14.00:026][466]LogAIModule: Creating AISystem for world Example_Map
[2015.03.24-23.14.00:029][466]LogWorld: Bringing World /Game/Maps/UEDPIE_0_Example_Map.Example_Map up for play (max tick rate 0) at 2015.03.24-17.14.00
[2015.03.24-23.14.00:030][466]LogWorld: Bringing up level for play took: 0.003525
[2015.03.24-23.14.00:042][466]PIE: Información Tiempo de inicio de la reproducción en el editor para  /Game/Maps/UEDPIE_0_Example_Map -0.71
[2015.03.24-23.14.18:792][994]LogParticles: Destroying 0 GPU particle simulations for FXSystem 0x0000004268A3F4C0
[2015.03.24-23.17.37:007][718]LogParticles: Destroying 0 GPU particle simulations for FXSystem 0x0000004269EC94E0
[2015.03.24-23.17.37:007][718]LogFileHelpers: Editor autosave (incl. sublevels) for '/Game/Maps/Example_Map' took 0.145
[2015.03.25-00.27.03:777][ 40]LogD3D11RHI: Timed out while waiting for GPU to catch up. (500 ms)
[2015.03.25-00.28.41:277][511]LogEditorViewport: Clicking on Actor (LMB): DestructibleActor (Monster_DM)
[2015.03.25-00.28.43:375][514]LogEditorViewport: Clicking on Actor (LMB): DestructibleActor (Monster_DM)
[2015.03.25-00.28.43:427][514]LogEditorViewport: Clicking on Actor (LMB): DestructibleActor (Monster_DM)
[2015.03.25-00.28.45:317][577]Cmd: DELETE
[2015.03.25-00.28.45:317][577]Cmd: ACTOR DELETE
[2015.03.25-00.28.45:319][577]LogEditorActor: Deleted Actor: DestructibleActor
[2015.03.25-00.28.45:399][577]LogEditorActor: Deleted 1 Actors (0.083 secs)
[2015.03.25-00.28.49:134][724]Cmd: OBJ SAVEPACKAGE PACKAGE="/Game/Maps/Example_Map" FILE="../../../../../../Users/Miryam/Documents/Unreal Projects/MyProject/Content/Maps/Example_Map.umap" SILENT=true AUTOSAVING=false KEEPDIRTY=false
[2015.03.25-00.28.49:320][724]LogSavePackage: Save=73.614868ms
[2015.03.25-00.28.49:320][724]LogSavePackage: Moving '../../../../../../Users/Miryam/Documents/Unreal Projects/MyProject/Saved/Example_Map23AE7BB0400CFFEBB263B5A7750AE50C.tmp' to '../../../../../../Users/Miryam/Documents/Unreal Projects/MyProject/Content/Maps/Example_Map.umap'
[2015.03.25-00.29.17:244][568]LogContentBrowser:Verbose: The content browser source was changed by the sources view to '/Game/Character/Clase'
[2015.03.25-00.29.20:661][633]LogContentBrowser:Verbose: The content browser source was changed by the sources view to '/Game/Blueprints'
[2015.03.25-00.29.22:796][707]LogContentBrowser:Verbose: The content browser source was changed by the sources view to '/Game/Blueprints/Assets'
[2015.03.25-00.29.35:238][124]LogActorComponent: UnregisterComponent: (/Engine/Transient.ProjectileMovementComponent_3) Not registered. Aborting.
[2015.03.25-00.29.35:238][124]LogActorComponent: UnregisterComponent: (/Engine/Transient.CharacterMovementComponent_3) Not registered. Aborting.
[2015.03.25-00.29.35:309][124]LogParticles: Destroying 0 GPU particle simulations for FXSystem 0x0000004263895940
[2015.03.25-00.29.36:424][125]Cmd: QUIT_EDITOR
[2015.03.25-00.29.37:282][125]LogExit: Preparing to exit.
[2015.03.25-00.29.38:485][125]LogExit: Editor shut down
[2015.03.25-00.29.38:487][125]LogExit: Transaction tracking system shut down
[2015.03.25-00.29.38:488][125]LogParticles: Destroying 0 GPU particle simulations for FXSystem 0x000000424D0A3100
[2015.03.25-00.29.38:489][125]LogParticles: Destroying 0 GPU particle simulations for FXSystem 0x000000426228B380
[2015.03.25-00.29.38:490][125]LogParticles: Destroying 0 GPU particle simulations for FXSystem 0x00000042622896C0
[2015.03.25-00.29.38:490][125]LogParticles: Destroying 0 GPU particle simulations for FXSystem 0x0000004262288EA0
[2015.03.25-00.29.38:490][125]LogParticles: Destroying 0 GPU particle simulations for FXSystem 0x0000004262288B80
[2015.03.25-00.29.38:603][125]LogExit: Object subsystem successfully closed.
[2015.03.25-00.29.38:814][125]LogModuleManager: Shutting down and abandoning module DestructibleMeshEditor (173)
[2015.03.25-00.29.38:814][125]LogModuleManager: Shutting down and abandoning module AndroidDeviceDetection (172)
[2015.03.25-00.29.38:814][125]LogModuleManager: Shutting down and abandoning module CrashTracker (171)
[2015.03.25-00.29.38:814][125]LogModuleManager: Shutting down and abandoning module SuperSearch (170)
[2015.03.25-00.29.38:814][125]LogModuleManager: Shutting down and abandoning module SceneOutliner (169)
[2015.03.25-00.29.38:814][125]LogModuleManager: Shutting down and abandoning module EditorWidgets (168)
[2015.03.25-00.29.38:814][125]LogModuleManager: Shutting down and abandoning module CollectionManager (167)
[2015.03.25-00.29.38:814][125]LogModuleManager: Shutting down and abandoning module StatsViewer (166)
[2015.03.25-00.29.38:814][125]LogModuleManager: Shutting down and abandoning module FoliageEdit (165)
[2015.03.25-00.29.38:814][125]LogModuleManager: Shutting down and abandoning module LandscapeEditor (164)
[2015.03.25-00.29.38:815][125]LogModuleManager: Shutting down and abandoning module MeshPaint (163)
[2015.03.25-00.29.38:815][125]LogModuleManager: Shutting down and abandoning module ActorPickerMode (162)
[2015.03.25-00.29.38:815][125]LogModuleManager: Shutting down and abandoning module GeometryMode (161)
[2015.03.25-00.29.38:815][125]LogModuleManager: Shutting down and abandoning module TextureAlignMode (160)
[2015.03.25-00.29.38:815][125]LogModuleManager: Shutting down and abandoning module BspMode (159)
[2015.03.25-00.29.38:815][125]LogModuleManager: Shutting down and abandoning module PlacementMode (158)
[2015.03.25-00.29.38:815][125]LogModuleManager: Shutting down and abandoning module AutomationWorker (157)
[2015.03.25-00.29.38:815][125]LogModuleManager: Shutting down and abandoning module CharacterAI (156)
[2015.03.25-00.29.38:815][125]LogModuleManager: Shutting down and abandoning module GameProjectGeneration (155)
[2015.03.25-00.29.38:815][125]LogModuleManager: Shutting down and abandoning module IntroTutorials (154)
[2015.03.25-00.29.38:815][125]LogModuleManager: Shutting down and abandoning module EditorLiveStreaming (153)
[2015.03.25-00.29.38:815][125]LogModuleManager: Shutting down and abandoning module HardwareTargeting (152)
[2015.03.25-00.29.38:815][125]LogModuleManager: Shutting down and abandoning module DeviceProfileEditor (151)
[2015.03.25-00.29.38:815][125]LogModuleManager: Shutting down and abandoning module UndoHistory (150)
[2015.03.25-00.29.38:815][125]LogModuleManager: Shutting down and abandoning module GameplayTagsEditor (149)
[2015.03.25-00.29.38:815][125]LogModuleManager: Shutting down and abandoning module UserFeedback (148)
[2015.03.25-00.29.38:815][125]LogModuleManager: Shutting down and abandoning module XmlParser (147)
[2015.03.25-00.29.38:815][125]LogModuleManager: Shutting down and abandoning module Blutility (146)
[2015.03.25-00.29.38:815][125]LogModuleManager: Shutting down and abandoning module IOSPlatformEditor (145)
[2015.03.25-00.29.38:815][125]LogModuleManager: Shutting down and abandoning module IOSRuntimeSettings (144)
[2015.03.25-00.29.38:815][125]LogModuleManager: Shutting down and abandoning module AndroidPlatformEditor (143)
[2015.03.25-00.29.38:815][125]LogModuleManager: Shutting down and abandoning module AndroidRuntimeSettings (142)
[2015.03.25-00.29.38:815][125]LogModuleManager: Shutting down and abandoning module ProjectTargetPlatformEditor (141)
[2015.03.25-00.29.38:816][125]LogModuleManager: Shutting down and abandoning module ProjectSettingsViewer (140)
[2015.03.25-00.29.38:816][125]LogModuleManager: Shutting down and abandoning module InputBindingEditor (139)
[2015.03.25-00.29.38:816][125]LogModuleManager: Shutting down and abandoning module EditorSettingsViewer (138)
[2015.03.25-00.29.38:816][125]LogModuleManager: Shutting down and abandoning module SettingsEditor (137)
[2015.03.25-00.29.38:816][125]LogModuleManager: Shutting down and abandoning module ProjectLauncher (136)
[2015.03.25-00.29.38:817][125]LogModuleManager: Shutting down and abandoning module SessionFrontend (135)
[2015.03.25-00.29.38:817][125]LogModuleManager: Shutting down and abandoning module ProfilerClient (134)
[2015.03.25-00.29.38:817][125]LogModuleManager: Shutting down and abandoning module TargetDeviceServices (133)
[2015.03.25-00.29.38:817][125]LogModuleManager: Shutting down and abandoning module DeviceManager (132)
[2015.03.25-00.29.38:817][125]LogModuleManager: Shutting down and abandoning module AutomationController (131)
[2015.03.25-00.29.38:817][125]LogModuleManager: Shutting down and abandoning module AutomationWindow (130)
[2015.03.25-00.29.38:817][125]LogModuleManager: Shutting down and abandoning module Layers (129)
[2015.03.25-00.29.38:817][125]LogModuleManager: Shutting down and abandoning module ComponentVisualizers (128)
[2015.03.25-00.29.38:817][125]LogModuleManager: Shutting down and abandoning module DetailCustomizations (127)
[2015.03.25-00.29.38:817][125]LogModuleManager: Shutting down and abandoning module PackagesDialog (126)
[2015.03.25-00.29.38:819][125]LogModuleManager: Shutting down and abandoning module AssetRegistry (125)
[2015.03.25-00.29.38:946][125]LogModuleManager: Shutting down and abandoning module Persona (124)
[2015.03.25-00.29.38:946][125]LogModuleManager: Shutting down and abandoning module Kismet (123)
[2015.03.25-00.29.38:946][125]LogModuleManager: Shutting down and abandoning module GraphEditor (122)
[2015.03.25-00.29.38:946][125]LogModuleManager: Shutting down and abandoning module ClassViewer (121)
[2015.03.25-00.29.38:946][125]LogModuleManager: Shutting down and abandoning module Toolbox (120)
[2015.03.25-00.29.38:946][125]LogModuleManager: Shutting down and abandoning module ModuleUI (119)
[2015.03.25-00.29.38:946][125]LogModuleManager: Shutting down and abandoning module MovieSceneTools (118)
[2015.03.25-00.29.38:946][125]LogModuleManager: Shutting down and abandoning module OutputLog (117)
[2015.03.25-00.29.38:946][125]LogModuleManager: Shutting down and abandoning module GammaUI (116)
[2015.03.25-00.29.38:946][125]LogModuleManager: Shutting down and abandoning module Documentation (115)
[2015.03.25-00.29.38:946][125]LogModuleManager: Shutting down and abandoning module GameLiveStreaming (114)
[2015.03.25-00.29.38:946][125]LogModuleManager: Shutting down and abandoning module StreamingPauseRendering (113)
[2015.03.25-00.29.38:946][125]LogModuleManager: Shutting down and abandoning module HTTP (112)
[2015.03.25-00.29.38:946][125]LogModuleManager: Shutting down and abandoning module AnalyticsET (111)
[2015.03.25-00.29.38:946][125]LogModuleManager: Shutting down and abandoning module Analytics (110)
[2015.03.25-00.29.38:946][125]LogModuleManager: Shutting down and abandoning module AITestSuite (109)
[2015.03.25-00.29.38:946][125]LogModuleManager: Shutting down and abandoning module AIModule (108)
[2015.03.25-00.29.38:946][125]LogModuleManager: Shutting down and abandoning module ProfilerService (107)
[2015.03.25-00.29.39:161][125]LogModuleManager: Shutting down and abandoning module TaskGraph (106)
[2015.03.25-00.29.39:161][125]LogModuleManager: Shutting down and abandoning module GameplayDebugger (105)
[2015.03.25-00.29.39:161][125]LogModuleManager: Shutting down and abandoning module SlateRemote (104)
[2015.03.25-00.29.39:161][125]LogModuleManager: Shutting down and abandoning module ScriptEditorPlugin (103)
[2015.03.25-00.29.39:161][125]LogModuleManager: Shutting down and abandoning module CustomMeshComponent (102)
[2015.03.25-00.29.39:161][125]LogModuleManager: Shutting down and abandoning module CableComponent (101)
[2015.03.25-00.29.39:161][125]LogModuleManager: Shutting down and abandoning module MessagingDebugger (100)
[2015.03.25-00.29.39:161][125]LogModuleManager: Shutting down and abandoning module MediaPlayerEditor (99)
[2015.03.25-00.29.39:161][125]LogModuleManager: Shutting down and abandoning module SpeedTreeImporter (98)
[2015.03.25-00.29.39:161][125]LogModuleManager: Shutting down and abandoning module PluginsEditor (97)
[2015.03.25-00.29.39:161][125]LogModuleManager: Shutting down and abandoning module EpicSurvey (96)
[2015.03.25-00.29.39:162][125]LogModuleManager: Shutting down and abandoning module DesktopPlatform (95)
[2015.03.25-00.29.39:162][125]LogModuleManager: Shutting down and abandoning module VisualStudioSourceCodeAccess (94)
[2015.03.25-00.29.39:162][125]LogModuleManager: Shutting down and abandoning module UObjectPlugin (93)
[2015.03.25-00.29.39:162][125]LogModuleManager: Shutting down and abandoning module SubversionSourceControl (92)
[2015.03.25-00.29.39:162][125]LogModuleManager: Shutting down and abandoning module SourceControl (91)
[2015.03.25-00.29.39:162][125]LogModuleManager: Shutting down and abandoning module PerforceSourceControl (90)
[2015.03.25-00.29.39:162][125]LogModuleManager: Shutting down and abandoning module BlankPlugin (89)
[2015.03.25-00.29.39:162][125]LogModuleManager: Shutting down and abandoning module SlateReflector (88)
[2015.03.25-00.29.39:162][125]LogModuleManager: Shutting down and abandoning module DirectoryWatcher (87)
[2015.03.25-00.29.39:164][125]LogModuleManager: Shutting down and abandoning module HotReload (86)
[2015.03.25-00.29.39:164][125]LogModuleManager: Shutting down and abandoning module MainFrame (85)
[2015.03.25-00.29.39:164][125]LogModuleManager: Shutting down and abandoning module LevelEditor (84)
[2015.03.25-00.29.39:166][125]LogModuleManager: Shutting down and abandoning module ViewportSnapping (83)
[2015.03.25-00.29.39:166][125]LogModuleManager: Shutting down and abandoning module SmartSnapping (82)
[2015.03.25-00.29.39:166][125]LogModuleManager: Shutting down and abandoning module PaperTiledImporter (81)
[2015.03.25-00.29.39:166][125]LogModuleManager: Shutting down and abandoning module PaperJsonImporter (80)
[2015.03.25-00.29.39:166][125]LogModuleManager: Shutting down and abandoning module ContentBrowser (79)
[2015.03.25-00.29.39:166][125]LogModuleManager: Shutting down and abandoning module Paper2DEditor (78)
[2015.03.25-00.29.39:166][125]LogModuleManager: Shutting down and abandoning module ScriptPlugin (77)
[2015.03.25-00.29.39:166][125]LogModuleManager: Shutting down and abandoning module UdpMessaging (76)
[2015.03.25-00.29.39:268][125]LogModuleManager: Shutting down and abandoning module Paper2D (75)
[2015.03.25-00.29.39:268][125]LogModuleManager: Shutting down and abandoning module UE4Game (74)
[2015.03.25-00.29.39:268][125]LogModuleManager: Shutting down and abandoning module WindowsMoviePlayer (73)
[2015.03.25-00.29.39:274][125]LogModuleManager: Shutting down and abandoning module Media (72)
[2015.03.25-00.29.39:275][125]LogModuleManager: Shutting down and abandoning module WmfMedia (71)
[2015.03.25-00.29.39:298][125]LogModuleManager: Shutting down and abandoning module OnlineBlueprintSupport (70)
[2015.03.25-00.29.39:298][125]LogModuleManager: Shutting down and abandoning module PropertyEditor (69)
[2015.03.25-00.29.39:298][125]LogModuleManager: Shutting down and abandoning module BehaviorTreeEditor (68)
[2015.03.25-00.29.39:298][125]LogModuleManager: Shutting down and abandoning module FunctionalTesting (67)
[2015.03.25-00.29.39:298][125]LogModuleManager: Shutting down and abandoning module CollisionAnalyzer (66)
[2015.03.25-00.29.39:298][125]LogModuleManager: Shutting down and abandoning module WorkspaceMenuStructure (65)
[2015.03.25-00.29.39:298][125]LogModuleManager: Shutting down and abandoning module MessageLog (64)
[2015.03.25-00.29.39:298][125]LogModuleManager: Shutting down and abandoning module Sequencer (63)
[2015.03.25-00.29.39:298][125]LogModuleManager: Shutting down and abandoning module AssetTools (62)
[2015.03.25-00.29.39:299][125]LogModuleManager: Shutting down and abandoning module UMGEditor (61)
[2015.03.25-00.29.39:299][125]LogModuleManager: Shutting down and abandoning module UMG (60)
[2015.03.25-00.29.39:299][125]LogModuleManager: Shutting down and abandoning module Slate (59)
[2015.03.25-00.29.39:299][125]LogModuleManager: Shutting down and abandoning module EditorStyle (58)
[2015.03.25-00.29.39:316][125]LogModuleManager: Shutting down and abandoning module SessionServices (57)
[2015.03.25-00.29.39:316][125]LogModuleManager: Shutting down and abandoning module SourceCodeAccess (56)
[2015.03.25-00.29.39:316][125]LogModuleManager: Shutting down and abandoning module HeadMountedDisplay (55)
[2015.03.25-00.29.39:316][125]LogModuleManager: Shutting down and abandoning module XAudio2 (54)
[2015.03.25-00.29.39:316][125]LogModuleManager: Shutting down and abandoning module Networking (52)
[2015.03.25-00.29.39:316][125]LogModuleManager: Shutting down and abandoning module Core (51)
[2015.03.25-00.29.39:316][125]LogModuleManager: Shutting down and abandoning module KismetCompiler (50)
[2015.03.25-00.29.39:316][125]LogModuleManager: Shutting down and abandoning module PhysXFormats (49)
[2015.03.25-00.29.39:316][125]LogModuleManager: Shutting down and abandoning module MeshUtilities (48)
[2015.03.25-00.29.39:316][125]LogModuleManager: Shutting down and abandoning module DerivedDataCache (47)
[2015.03.25-00.29.39:382][125]LogDerivedDataCache: Shutdown
[2015.03.25-00.29.39:382][125]LogModuleManager: Shutting down and abandoning module ShaderFormatOpenGL (46)
[2015.03.25-00.29.39:382][125]LogModuleManager: Shutting down and abandoning module ShaderFormatD3D (45)
[2015.03.25-00.29.39:382][125]LogModuleManager: Shutting down and abandoning module MetalShaderFormat (44)
[2015.03.25-00.29.39:382][125]LogModuleManager: Shutting down and abandoning module TextureFormatUncompressed (43)
[2015.03.25-00.29.39:382][125]LogModuleManager: Shutting down and abandoning module TextureFormatPVR (42)
[2015.03.25-00.29.39:382][125]LogModuleManager: Shutting down and abandoning module TextureFormatDXT (41)
[2015.03.25-00.29.39:382][125]LogModuleManager: Shutting down and abandoning module TextureFormatAndroid (40)
[2015.03.25-00.29.39:382][125]LogModuleManager: Shutting down and abandoning module AudioFormatOpus (39)
[2015.03.25-00.29.39:382][125]LogModuleManager: Shutting down and abandoning module AudioFormatOgg (38)
[2015.03.25-00.29.39:382][125]LogModuleManager: Shutting down and abandoning module AudioFormatADPCM (37)
[2015.03.25-00.29.39:382][125]LogModuleManager: Shutting down and abandoning module LinuxTargetPlatform (36)
[2015.03.25-00.29.39:382][125]LogModuleManager: Shutting down and abandoning module LinuxServerTargetPlatform (35)
[2015.03.25-00.29.39:382][125]LogModuleManager: Shutting down and abandoning module LinuxNoEditorTargetPlatform (34)
[2015.03.25-00.29.39:382][125]LogModuleManager: Shutting down and abandoning module Messaging (33)
[2015.03.25-00.29.39:382][125]LogModuleManager: Shutting down and abandoning module IOSTargetPlatform (32)
[2015.03.25-00.29.39:382][125]LogModuleManager: Shutting down and abandoning module Android_PVRTCTargetPlatform (31)
[2015.03.25-00.29.39:382][125]LogModuleManager: Shutting down and abandoning module Android_ETC2TargetPlatform (30)
[2015.03.25-00.29.39:382][125]LogModuleManager: Shutting down and abandoning module Android_ETC1TargetPlatform (29)
[2015.03.25-00.29.39:382][125]LogModuleManager: Shutting down and abandoning module Android_DXTTargetPlatform (28)
[2015.03.25-00.29.39:382][125]LogModuleManager: Shutting down and abandoning module Android_ATCTargetPlatform (27)
[2015.03.25-00.29.39:382][125]LogModuleManager: Shutting down and abandoning module AndroidTargetPlatform (26)
[2015.03.25-00.29.39:382][125]LogModuleManager: Shutting down and abandoning module WindowsTargetPlatform (25)
[2015.03.25-00.29.39:382][125]LogModuleManager: Shutting down and abandoning module WindowsServerTargetPlatform (24)
[2015.03.25-00.29.39:382][125]LogModuleManager: Shutting down and abandoning module WindowsNoEditorTargetPlatform (23)
[2015.03.25-00.29.39:382][125]LogModuleManager: Shutting down and abandoning module WindowsClientTargetPlatform (22)
[2015.03.25-00.29.39:382][125]LogModuleManager: Shutting down and abandoning module TargetPlatform (21)
[2015.03.25-00.29.39:382][125]LogModuleManager: Shutting down and abandoning module InputCore (20)
[2015.03.25-00.29.39:382][125]LogModuleManager: Shutting down and abandoning module Settings (19)
[2015.03.25-00.29.39:382][125]LogModuleManager: Shutting down and abandoning module ImageWrapper (18)
[2015.03.25-00.29.39:382][125]LogModuleManager: Shutting down and abandoning module OculusRift (15)
[2015.03.25-00.29.39:382][125]LogModuleManager: Shutting down and abandoning module ExampleDeviceProfileSelector (14)
[2015.03.25-00.29.39:382][125]LogModuleManager: Shutting down and abandoning module TextureCompressor (13)
[2015.03.25-00.29.39:382][125]LogModuleManager: Shutting down and abandoning module ShaderCore (12)
[2015.03.25-00.29.39:382][125]LogModuleManager: Shutting down and abandoning module Landscape (11)
[2015.03.25-00.29.39:383][125]LogModuleManager: Shutting down and abandoning module SlateRHIRenderer (10)
[2015.03.25-00.29.39:386][125]LogModuleManager: Shutting down and abandoning module OpenGLDrv (9)
[2015.03.25-00.29.39:386][125]LogModuleManager: Shutting down and abandoning module D3D11RHI (8)
[2015.03.25-00.29.39:386][125]LogModuleManager: Shutting down and abandoning module Renderer (7)
[2015.03.25-00.29.39:386][125]LogModuleManager: Shutting down and abandoning module Engine (6)
[2015.03.25-00.29.39:386][125]LogModuleManager: Shutting down and abandoning module CoreUObject (5)
[2015.03.25-00.29.39:386][125]LogModuleManager: Shutting down and abandoning module NetworkFile (4)
[2015.03.25-00.29.39:386][125]LogModuleManager: Shutting down and abandoning module StreamingFile (3)
[2015.03.25-00.29.39:386][125]LogModuleManager: Shutting down and abandoning module SandboxFile (2)
[2015.03.25-00.29.39:386][125]LogModuleManager: Shutting down and abandoning module PakFile (1)
[2015.03.25-00.29.39:406][125]LogExit: Exiting.
[2015.03.25-00.29.39:417][125]Log file closed, 03/24/15 18:29:39
