Log file open, 03/22/15 14:57:00
LogInit:Display: Running engine for game: MyProject
LogInit: Version: 4.6.1-2386410+++depot+UE4-Releases+4.6
LogInit: API Version: 2369412
LogInit: Compiled (64-bit): Dec 11 2014 21:31:39
LogInit: Compiled with Visual C++: 18.00.21005.01
LogInit: Build Configuration: Development
LogInit: Branch Name: ++depot+UE4-Releases+4.6
LogInit: Command line:  
LogInit: Base directory: C:/Program Files/Epic Games/4.6/Engine/Binaries/Win64/
LogInit: Rocket: 1
[2015.03.22-20.57.00:610][  0]LogTaskGraph: Started task graph with 3 named threads and 4 total threads.
[2015.03.22-20.57.00:672][  0]LogOnline:Warning: No default platform service specified for OnlineSubsystem
[2015.03.22-20.57.00:735][  0]LogInit: Presizing for 0 objects not considered by GC, pre-allocating 0 bytes.
[2015.03.22-20.57.00:748][  0]LogInit: Object subsystem initialized
[2015.03.22-20.57.00:751][  0]LogConsoleResponse:Warning: Skipping Unknown console variable: 'UIScaleRule = ShortestSide'
[2015.03.22-20.57.00:751][  0]LogConsoleResponse:Warning:   Found in ini file 'C:/Users/Miryam/Documents/Unreal Projects/MyProject/Saved/Config/Windows/Engine.ini', in section '[/Script/Engine.RendererSettings]'
[2015.03.22-20.57.00:751][  0]LogConsoleResponse:Warning: Skipping Unknown console variable: 'UIScaleCurve = (EditorCurveData=(Keys=),ExternalCurve=None)'
[2015.03.22-20.57.00:751][  0]LogConsoleResponse:Warning:   Found in ini file 'C:/Users/Miryam/Documents/Unreal Projects/MyProject/Saved/Config/Windows/Engine.ini', in section '[/Script/Engine.RendererSettings]'
[2015.03.22-20.57.00:752][  0]LogConsoleManager:Warning: Console variable 'r.MSAA.CompositingSampleCount' wasn't set (Priority ProjectSetting < Scalability)
[2015.03.22-20.57.00:752][  0]LogInit: Selected Device Profile: [Windows]
[2015.03.22-20.57.00:752][  0]LogInit: Applying CVar settings loaded from the selected device profile: [Windows]
[2015.03.22-20.57.00:768][  0]LogInit: Computer: MIEL
[2015.03.22-20.57.00:768][  0]LogInit: User: MieL
[2015.03.22-20.57.00:768][  0]LogInit: CPU Page size=4096, Cores=2
[2015.03.22-20.57.00:768][  0]LogInit: High frequency timer resolution =1.656323 MHz
[2015.03.22-20.57.00:769][  0]LogMemory: Memory total: Physical=5.9GB (6GB approx) Virtual=131072.0GB
[2015.03.22-20.57.00:770][  0]LogMemory: Platform Memory Stats for Windows
[2015.03.22-20.57.00:770][  0]LogMemory: Process Physical Memory: 47.91 MB used, 47.91 MB peak
[2015.03.22-20.57.00:770][  0]LogMemory: Process Virtual Memory: 23.98 MB used, 23.99 MB peak
[2015.03.22-20.57.00:770][  0]LogMemory: Physical Memory: 3746.52 MB used, 6024.27 MB total
[2015.03.22-20.57.00:770][  0]LogMemory: Virtual Memory: 270.13 MB used, 134217728.00 MB total
[2015.03.22-20.57.00:805][  0]LogD3D11RHI: Found D3D11 adapter 0: Intel(R) HD Graphics Family (Feature Level 11_0)
[2015.03.22-20.57.00:805][  0]LogD3D11RHI: Adapter has 32MB of dedicated video memory, 0MB of dedicated system memory, and 1760MB of shared system memory, 1 output[s]
[2015.03.22-20.57.00:809][  0]LogD3D11RHI: Found D3D11 adapter 1: Microsoft Basic Render Driver (Feature Level 11_0)
[2015.03.22-20.57.00:809][  0]LogD3D11RHI: Adapter has 0MB of dedicated video memory, 0MB of dedicated system memory, and 256MB of shared system memory, 0 output[s]
[2015.03.22-20.57.00:809][  0]LogD3D11RHI: Chosen D3D11 Adapter Id = 0
[2015.03.22-20.57.00:817][  0]LogRHI: Texture pool is 638 MB (70% of 912 MB)
[2015.03.22-20.57.00:828][  0]LogD3D11RHI: Async texture creation enabled
[2015.03.22-20.57.00:930][  0]LogTextLocalizationManager: The requested culture ('es_MX') has no localization data; parent culture's ('es') localization data will be used.
[2015.03.22-20.57.01:160][  0]LogContentStreaming: Texture pool size is 0.000000MB
[2015.03.22-20.57.12:317][  0]LogTargetPlatformManager:Display: Building Assets For Windows
[2015.03.22-20.57.13:692][  0]LogTargetPlatformManager:Display: Building Assets For Windows
[2015.03.22-20.57.13:917][  0]LogDerivedDataCache:Display: Max Cache Size: 512 MB
[2015.03.22-20.57.14:010][  0]LogDerivedDataCache: Loaded boot cache 0.09s 39MB C:/Users/Miryam/AppData/Local/UnrealEngine/4.6/DerivedDataCache/Boot.ddc.
[2015.03.22-20.57.14:010][  0]LogDerivedDataCache:Display: Loaded Boot cache: C:/Users/Miryam/AppData/Local/UnrealEngine/4.6/DerivedDataCache/Boot.ddc
[2015.03.22-20.57.14:010][  0]LogDerivedDataCache: FDerivedDataBackendGraph:  Pak pak cache file ../../../../../../Users/Miryam/Documents/Unreal Projects/MyProject/DerivedDataCache/DDC.ddp not found, will not use a pak cache.
[2015.03.22-20.57.14:010][  0]LogDerivedDataCache: Unable to find inner node Pak for hierarchical cache Hierarchy.
[2015.03.22-20.57.14:161][  0]LogDerivedDataCache:Display: Pak cache opened for reading ../../../Engine/DerivedDataCache/DDC.ddp.
[2015.03.22-20.57.14:177][  0]LogDerivedDataCache: Using Local data cache path C:/Users/Miryam/AppData/Local/UnrealEngine/Common/DerivedDataCache: Writable
[2015.03.22-20.57.14:608][  0]LogCollisionProfile:Warning: Profile (UI) - Custom Channel Name = 'Weapon' hasn't been found
[2015.03.22-20.57.15:056][  0]LogMeshUtilities: No automatic mesh reduction module available
[2015.03.22-20.57.15:056][  0]LogMeshUtilities: No automatic mesh merging module available
[2015.03.22-20.57.16:202][  0]LogInit: WinSock: version 1.1 (2.2), MaxSocks=32767, MaxUdp=65467
[2015.03.22-20.57.16:433][  0]LogSlate:Warning: Failed to load font data from '../../../Engine/Content/Slate/Fonts/Roboto-Italic.ttf'
[2015.03.22-20.57.18:794][  0]UdpMessaging: Initializing bridge on interface 0.0.0.0:0 to multicast group 230.0.0.1:6666.
[2015.03.22-20.57.19:183][  0]LogDirectoryWatcher:Warning: Failed to begin reading directory changes for C:/Users/Miryam/Documents/Unreal Projects/MyProject/Binaries/Win64. Error: 0
[2015.03.22-20.57.19:596][  0]SourceControl: Información El control de código fuente está desactivado
[2015.03.22-20.57.19:596][  0]SourceControl: Información El control de código fuente está desactivado
[2015.03.22-20.57.19:620][  0]SourceControl: Información El control de código fuente está desactivado
[2015.03.22-20.57.20:073][  0]LogObj: 23754 objects as part of root set at end of initial load.
[2015.03.22-20.57.20:073][  0]LogUObjectAllocator: 5168136 out of 0 bytes used by permanent object pool.
[2015.03.22-20.57.20:188][  0]LogEngine: Initializing Engine...
[2015.03.22-20.57.20:551][  0]LogInit: XAudio2 using 'Altavoces (Realtek High Definition Audio)' : 2 channels at 48 kHz using 32 bits per sample (channel mask 0x3)
[2015.03.22-20.57.20:576][  0]LogInit: FAudioDevice initialized.
[2015.03.22-20.57.20:674][  0]LogAIModule: Creating AISystem for world NewWorld
[2015.03.22-20.57.20:736][  0]LogDerivedDataCache: Saved boot cache 0.06s 39MB C:/Users/Miryam/AppData/Local/UnrealEngine/4.6/DerivedDataCache/Boot.ddc.
[2015.03.22-20.57.20:746][  0]LogInit: Texture streaming: Enabled
[2015.03.22-20.57.20:929][  0]LogAnalytics: Creating configured Analytics provider AnalyticsET
[2015.03.22-20.57.20:930][  0]LogAnalytics: ET APIKey = Rocket.Release. APIServer = http://et2.epicgames.com/ET2/. AppVersion = 4.6.1-2386410+++depot+UE4-Releases+4.6
[2015.03.22-20.57.20:931][  0]LogAnalytics: SetUserId cc2da9029b1435b39fd32981c4d04f44
[2015.03.22-20.57.20:931][  0]LogAnalytics: AnalyticsET::StartSession [Rocket.Release]
[2015.03.22-20.57.21:039][  0]LogInit: Transaction tracking system initialized
[2015.03.22-20.57.21:362][  0]BlueprintLog: New page: Cargar el editor
[2015.03.22-20.57.21:431][  0]LogAssetRegistry: FAssetRegistry took 0.0111 seconds to start up
[2015.03.22-20.57.21:432][  0]LogDirectoryWatcher:Warning: Failed to begin reading directory changes for ../../../Engine/Plugins/Experimental/CharacterAI/Content/. Error: 0
[2015.03.22-20.57.22:913][  0]LogTargetPlatformManager:Display: Building Assets For Windows
[2015.03.22-20.57.23:969][  0]LogTargetPlatformManager:Display: Building Assets For Windows
[2015.03.22-20.57.24:655][  0]LogConsoleResponse:Display: 
[2015.03.22-20.57.24:776][  0]LogLinker:Warning: Asset '../../../Engine/Content/Functions/Engine_MaterialFunctions03/Procedurals/ComputeFilterWidth.uasset' has been saved with empty engine version. The asset will be loaded but may be incompatible.
[2015.03.22-20.57.25:335][  0]SourceControl: Información El control de código fuente está desactivado
[2015.03.22-20.57.25:336][  0]Cmd: MAP LOAD FILE="../../../../../../Users/Miryam/Documents/Unreal Projects/MyProject/Content/Maps/Example_Map.umap" TEMPLATE=0 SHOWPROGRESS=1
[2015.03.22-20.57.25:337][  0]LightingResults: New page: Diseñar la iluminación
[2015.03.22-20.57.25:368][  0]MapCheck: New page: Revisión del mapa
[2015.03.22-20.57.25:368][  0]LightingResults: New page: Diseñar la iluminación
[2015.03.22-20.57.25:392][  0]LogParticles: Destroying 0 GPU particle simulations for FXSystem 0x0000009A2A7D7600
[2015.03.22-20.57.26:130][  0]LogEditorServer: Finished looking for orphan Actors (0.000 secs)
[2015.03.22-20.57.26:130][  0]LogAIModule: Creating AISystem for world Example_Map
[2015.03.22-20.57.26:131][  0]Cmd: MAP CHECKDEP
[2015.03.22-20.57.26:132][  0]MapCheck: New page: Example_Map - 22/03/2015 08:57:26
[2015.03.22-20.57.26:577][  0]MapCheck: Información Map check complete: 0 Error(s), 0 Warning(s), took 444.459ms to complete.
[2015.03.22-20.57.26:577][  0]LogFileHelpers: Loading map 'Example_Map' took 1.241
[2015.03.22-20.57.26:742][  0]LogCollectionManager: Loaded 0 collections in 0.003661 seconds
[2015.03.22-20.57.26:980][  0]LogCrashTracker: Crashtracker disabled due to settings.
[2015.03.22-20.57.26:997][  0]LogUObjectGlobals:Warning: Error al encontrar el objeto 'Class Ninguno.'
[2015.03.22-20.57.27:034][  0]LogLoad: Full Startup: 30.05 seconds (BP compile: 0.10 seconds)
[2015.03.22-20.57.27:379][  0]LogContentBrowser:Verbose: The content browser source was changed by the sources view to '/Game/Character/Clase'
[2015.03.22-20.57.27:585][  0]LogRenderer:Warning: Reallocating scene render targets to support 704x592.
[2015.03.22-20.57.29:619][  5]LogAssetRegistry: Asset discovery search completed in 8.1997 seconds
[2015.03.22-20.57.36:269][207]Cmd: MAP LOAD FILE="../../../../../../Users/Miryam/Documents/Unreal Projects/MyProject/Content/Maps/NivelCasa.umap" TEMPLATE=0 SHOWPROGRESS=1
[2015.03.22-20.57.36:282][207]LightingResults: New page: Diseñar la iluminación
[2015.03.22-20.57.36:373][207]LoadErrors: New page: Cargando mapa: NivelCasa.umap
[2015.03.22-20.57.36:376][207]MapCheck: New page: Revisión del mapa
[2015.03.22-20.57.36:376][207]LightingResults: New page: Diseñar la iluminación
[2015.03.22-20.57.36:405][207]LogParticles: Destroying 0 GPU particle simulations for FXSystem 0x0000009A26912AC0
[2015.03.22-20.57.37:470][207]LogEditorServer: Finished looking for orphan Actors (0.000 secs)
[2015.03.22-20.57.37:471][207]LogAIModule: Creating AISystem for world NivelCasa
[2015.03.22-20.57.37:604][207]Cmd: MAP CHECKDEP
[2015.03.22-20.57.37:605][207]MapCheck: New page: NivelCasa - 22/03/2015 08:57:37
[2015.03.22-20.57.38:126][207]MapCheck: Información Map check complete: 0 Error(s), 0 Warning(s), took 521.864ms to complete.
[2015.03.22-20.57.38:126][207]LogFileHelpers: Loading map 'NivelCasa' took 1.859
[2015.03.22-20.57.40:807][273]LogEditorViewport: Clicking on Actor (LMB): StaticMeshActor (SlidingDoorGlass)
[2015.03.22-20.57.40:838][273]LogPropertyNode:Warning: UI Min (0.001) >= UI Max () for Ranged Numeric
[2015.03.22-21.01.00:451][648]LogEditorViewport: Clicking on Actor (LMB): StaticMeshActor (SlidingDoorGlass)
[2015.03.22-21.01.00:473][648]LogPropertyNode:Warning: UI Min (0.001) >= UI Max () for Ranged Numeric
[2015.03.22-21.01.07:796][838]LogPropertyNode:Warning: UI Min (0) >= UI Max () for Ranged Numeric
[2015.03.22-21.01.07:800][838]LogPropertyNode:Warning: UI Min (0) >= UI Max () for Ranged Numeric
[2015.03.22-21.01.07:812][838]LogPropertyNode:Warning: UI Min (1) >= UI Max () for Ranged Numeric
[2015.03.22-21.01.07:869][838]LogRenderer:Warning: Reallocating scene render targets to support 840x592.
[2015.03.22-21.06.05:639][217]LogEditorViewport: Clicking on Actor (LMB): StaticMeshActor (SlidingDoorGlass)
[2015.03.22-21.06.05:662][217]LogPropertyNode:Warning: UI Min (0.001) >= UI Max () for Ranged Numeric
[2015.03.22-21.06.11:417][410]LogEditorViewport: Clicking on Actor (LMB): DestructibleActor (Monster_DM)
[2015.03.22-21.10.27:724][139]LogEditorViewport: Clicking on Actor (LMB): BP_Sky_Sphere_C (BP_Sky_Shere)
[2015.03.22-21.10.32:155][299]Cmd: TRANSACTION UNDO
[2015.03.22-21.10.32:155][299]LogEditorTransaction: Undo Aplicar material a la superficie
[2015.03.22-21.10.35:008][384]Cmd: TRANSACTION UNDO
[2015.03.22-21.10.35:008][384]LogEditorTransaction: Undo Seleccionar superficies
[2015.03.22-21.10.41:757][619]LogParticles: Destroying 0 GPU particle simulations for FXSystem 0x0000009A3B462480
[2015.03.22-21.10.44:348][619]LogSavePackage: Save=1796.755859ms
[2015.03.22-21.10.44:348][619]LogSavePackage: Moving '../../../../../../Users/Miryam/Documents/Unreal Projects/MyProject/Saved/NivelCasa_Auto1DBE0965F425CD4524134F18CC982BC43.tmp' to '../../../../../../Users/Miryam/Documents/Unreal Projects/MyProject/Saved/Autosaves/Game/Maps/NivelCasa_Auto1.umap'
[2015.03.22-21.10.44:517][619]LogFileHelpers: Editor autosave (incl. sublevels) for '/Game/Maps/NivelCasa' took 2.793
[2015.03.22-21.10.44:517][619]LogFileHelpers: Editor autosave (incl. sublevels) for all levels took 2.793
[2015.03.22-21.10.49:796][772]LogContentBrowser:Verbose: The content browser source was changed by the sources view to '/Game/StarterContent'
[2015.03.22-21.10.52:351][867]LogContentBrowser:Verbose: The content browser source was changed by the sources view to '/Game/StarterContent/Textures'
[2015.03.22-21.11.03:851][233]LogContentBrowser:Verbose: The content browser source was changed by the sources view to '/Game/StarterContent/Materials'
[2015.03.22-21.11.36:922][362]BlueprintLog: New page: Volver a compilar automáticamente la reproducción en el editor (PIE) anterior
[2015.03.22-21.11.36:922][362]LogPlayLevel: [PIE] Compiling NivelCasa before PIE...
[2015.03.22-21.11.37:048][362]LogPlayLevel: PIE:  Blueprint regeneration took 125 ms (1 blueprints)
[2015.03.22-21.11.37:048][362]PIE: New page: Sesión PIE (reproducción en el editor): NivelCasa (22/03/2015 09:11:37)
[2015.03.22-21.11.37:103][362]LogPlayLevel: PIE: StaticDuplicateObject took: (0.055226s)
[2015.03.22-21.11.37:104][362]LogPlayLevel: PIE: World Init took: (0.000853s)
[2015.03.22-21.11.37:105][362]LogPlayLevel: PIE: Created PIE world by copying editor world from /Game/Maps/NivelCasa.NivelCasa to /Game/Maps/UEDPIE_0_NivelCasa.NivelCasa (0.056466s)
[2015.03.22-21.11.37:566][362]LogLinker:Warning: Asset '../../../../../../Users/Miryam/Documents/Unreal Projects/MyProject/Content/Blueprints/MyProjectile.uasset' has been saved with empty engine version. The asset will be loaded but may be incompatible.
[2015.03.22-21.11.37:985][362]LogAnimation:Warning: UAnimMontage::PostLoad: The actual sequence length for montage FPP_Fire_Montage does not match the length stored in the asset, please resave the montage asset.
[2015.03.22-21.11.37:997][362]BlueprintLog:Warning: Aviso El Blueprint MyHUD se ha migrado y necesita volver a guardarse para evitar errores de importación
[2015.03.22-21.11.37:999][362]BlueprintLog:Warning: Aviso El Blueprint MyGame se ha migrado y necesita volver a guardarse para evitar errores de importación
[2015.03.22-21.11.38:002][362]LogWorld: Game class is 'MyGame_C'
[2015.03.22-21.11.38:004][362]LogAIModule: Creating AISystem for world NivelCasa
[2015.03.22-21.11.38:036][362]LogWorld: Bringing World /Game/Maps/UEDPIE_0_NivelCasa.NivelCasa up for play (max tick rate 0) at 2015.03.22-15.11.38
[2015.03.22-21.11.38:038][362]LogWorld: Bringing up level for play took: 0.032991
[2015.03.22-21.11.38:041][362]PIE: Información Tiempo de inicio de la reproducción en el editor para  /Game/Maps/UEDPIE_0_NivelCasa 1.648
[2015.03.22-21.12.02:762][434]LogParticles: Destroying 0 GPU particle simulations for FXSystem 0x0000009A220B7E20
[2015.03.22-21.12.06:839][572]BlueprintLog: New page: Volver a compilar automáticamente la reproducción en el editor (PIE) anterior
[2015.03.22-21.12.06:839][572]LogPlayLevel: [PIE] Compiling NivelCasa before PIE...
[2015.03.22-21.12.06:972][572]LogPlayLevel: PIE:  Blueprint regeneration took 132 ms (1 blueprints)
[2015.03.22-21.12.06:972][572]PIE: New page: Sesión PIE (reproducción en el editor): NivelCasa (22/03/2015 09:12:06)
[2015.03.22-21.12.07:001][572]LogPlayLevel: PIE: StaticDuplicateObject took: (0.028938s)
[2015.03.22-21.12.07:002][572]LogPlayLevel: PIE: World Init took: (0.000792s)
[2015.03.22-21.12.07:002][572]LogPlayLevel: PIE: Created PIE world by copying editor world from /Game/Maps/NivelCasa.NivelCasa to /Game/Maps/UEDPIE_0_NivelCasa.NivelCasa (0.029982s)
[2015.03.22-21.12.07:036][572]LogWorld: Game class is 'MyGame_C'
[2015.03.22-21.12.07:038][572]LogAIModule: Creating AISystem for world NivelCasa
[2015.03.22-21.12.07:047][572]LogWorld: Bringing World /Game/Maps/UEDPIE_0_NivelCasa.NivelCasa up for play (max tick rate 0) at 2015.03.22-15.12.07
[2015.03.22-21.12.07:049][572]LogWorld: Bringing up level for play took: 0.011464
[2015.03.22-21.12.07:052][572]PIE: Información Tiempo de inicio de la reproducción en el editor para  /Game/Maps/UEDPIE_0_NivelCasa 0.66
[2015.03.22-21.12.30:669][757]LogParticles: Destroying 0 GPU particle simulations for FXSystem 0x0000009A39741800
[2015.03.22-21.14.00:652][490]LogEditorViewport: Clicking on Actor (LMB): StaticMeshActor (SM_Rock)
[2015.03.22-21.14.00:678][490]LogPropertyNode:Warning: UI Min (0.001) >= UI Max () for Ranged Numeric
[2015.03.22-21.14.08:400][761]Cmd: TRANSACTION UNDO
[2015.03.22-21.14.08:400][761]LogEditorTransaction: Undo Escalar actores
[2015.03.22-21.14.08:420][761]LogPropertyNode:Warning: UI Min (0.001) >= UI Max () for Ranged Numeric
[2015.03.22-21.14.35:955][749]Cmd: TRANSACTION UNDO
[2015.03.22-21.14.35:955][749]LogEditorTransaction: Undo Aplicar material a la superficie
[2015.03.22-21.14.37:765][802]Cmd: SELECT NONE
[2015.03.22-21.14.38:896][831]LogEditorViewport: Clicking on Actor (LMB): DestructibleActor (Monster_DM)
[2015.03.22-21.14.51:346][359]LogEditorViewport: Clicking on Actor (LMB): StaticMeshActor (MaterialSphere)
[2015.03.22-21.14.51:367][359]LogPropertyNode:Warning: UI Min (0.001) >= UI Max () for Ranged Numeric
[2015.03.22-21.15.10:052][ 55]Cmd: TRANSACTION UNDO
[2015.03.22-21.15.10:052][ 55]LogEditorTransaction: Undo Aplicar material a la superficie
[2015.03.22-21.15.10:071][ 55]LogPropertyNode:Warning: UI Min (0.001) >= UI Max () for Ranged Numeric
[2015.03.22-21.15.12:616][137]LogContentBrowser:Verbose: The content browser source was changed by the sources view to '/Game/StarterContent/Textures'
[2015.03.22-21.15.17:885][339]LogContentBrowser:Verbose: The content browser source was changed by the sources view to '/Game/StarterContent/Materials'
[2015.03.22-21.15.22:135][470]LogContentBrowser:Verbose: The content browser source was changed by the sources view to '/Game/StarterContent/Particles'
[2015.03.22-21.15.24:326][558]LogContentBrowser:Verbose: The content browser source was changed by the sources view to '/Game/StarterContent/Particles/Materials'
[2015.03.22-21.15.26:951][662]LogContentBrowser:Verbose: The content browser source was changed by the sources view to '/Game/StarterContent/Props/Materials'
[2015.03.22-21.15.28:002][701]LogContentBrowser:Verbose: The content browser source was changed by the sources view to '/Game/StarterContent/Props'
[2015.03.22-21.15.37:765][ 49]LogContentBrowser:Verbose: The content browser source was changed by the sources view to '/Game/StarterContent/Props/Materials'
[2015.03.22-21.15.42:195][200]LogContentBrowser:Verbose: The content browser source was changed by the sources view to '/Game/StarterContent/Particles/Materials'
[2015.03.22-21.15.44:927][282]LogContentBrowser:Verbose: The content browser source was changed by the sources view to '/Game/StarterContent/Materials'
[2015.03.22-21.15.49:678][453]LogEditorViewport: Clicking on Actor (LMB): SphereReflectionCapture (SphereReflectionCapture4)
[2015.03.22-21.15.49:716][453]LogEditorViewport: Clicking on Actor (dou